[2024-05-31T04:05:12.289+0000] {processor.py:154} INFO - Started process (PID=73) to work on /home/airflow/.local/lib/python3.7/site-packages/airflow/example_dags/example_task_group_decorator.py
[2024-05-31T04:05:12.290+0000] {processor.py:756} INFO - Processing file /home/airflow/.local/lib/python3.7/site-packages/airflow/example_dags/example_task_group_decorator.py for tasks to queue
[2024-05-31T04:05:12.292+0000] {logging_mixin.py:120} INFO - [2024-05-31T04:05:12.291+0000] {dagbag.py:537} INFO - Filling up the DagBag from /home/airflow/.local/lib/python3.7/site-packages/airflow/example_dags/example_task_group_decorator.py
[2024-05-31T04:05:12.347+0000] {processor.py:766} INFO - DAG(s) dict_keys(['example_task_group_decorator']) retrieved from /home/airflow/.local/lib/python3.7/site-packages/airflow/example_dags/example_task_group_decorator.py
[2024-05-31T04:05:12.586+0000] {logging_mixin.py:120} INFO - [2024-05-31T04:05:12.586+0000] {manager.py:507} INFO - Created Permission View: can read on DAG:example_task_group_decorator
[2024-05-31T04:05:12.604+0000] {logging_mixin.py:120} INFO - [2024-05-31T04:05:12.604+0000] {manager.py:507} INFO - Created Permission View: can edit on DAG:example_task_group_decorator
[2024-05-31T04:05:12.615+0000] {logging_mixin.py:120} INFO - [2024-05-31T04:05:12.614+0000] {manager.py:507} INFO - Created Permission View: can delete on DAG:example_task_group_decorator
[2024-05-31T04:05:12.615+0000] {logging_mixin.py:120} INFO - [2024-05-31T04:05:12.615+0000] {dag.py:2585} INFO - Sync 1 DAGs
[2024-05-31T04:05:12.640+0000] {logging_mixin.py:120} INFO - [2024-05-31T04:05:12.639+0000] {dag.py:2606} INFO - Creating ORM DAG for example_task_group_decorator
[2024-05-31T04:05:12.663+0000] {logging_mixin.py:120} INFO - [2024-05-31T04:05:12.661+0000] {dag.py:3340} INFO - Setting next_dagrun for example_task_group_decorator to 2024-05-30T04:05:12.660797+00:00, run_after=2024-05-31T04:05:12.660797+00:00
[2024-05-31T04:05:12.711+0000] {processor.py:176} INFO - Processing /home/airflow/.local/lib/python3.7/site-packages/airflow/example_dags/example_task_group_decorator.py took 0.427 seconds
[2024-05-31T04:05:43.295+0000] {processor.py:154} INFO - Started process (PID=136) to work on /home/airflow/.local/lib/python3.7/site-packages/airflow/example_dags/example_task_group_decorator.py
[2024-05-31T04:05:43.296+0000] {processor.py:756} INFO - Processing file /home/airflow/.local/lib/python3.7/site-packages/airflow/example_dags/example_task_group_decorator.py for tasks to queue
[2024-05-31T04:05:43.296+0000] {logging_mixin.py:120} INFO - [2024-05-31T04:05:43.296+0000] {dagbag.py:537} INFO - Filling up the DagBag from /home/airflow/.local/lib/python3.7/site-packages/airflow/example_dags/example_task_group_decorator.py
[2024-05-31T04:05:43.319+0000] {processor.py:766} INFO - DAG(s) dict_keys(['example_task_group_decorator']) retrieved from /home/airflow/.local/lib/python3.7/site-packages/airflow/example_dags/example_task_group_decorator.py
[2024-05-31T04:05:43.354+0000] {logging_mixin.py:120} INFO - [2024-05-31T04:05:43.354+0000] {dag.py:2585} INFO - Sync 1 DAGs
[2024-05-31T04:05:43.377+0000] {logging_mixin.py:120} INFO - [2024-05-31T04:05:43.376+0000] {dag.py:3340} INFO - Setting next_dagrun for example_task_group_decorator to 2024-05-30T04:05:43.376728+00:00, run_after=2024-05-31T04:05:43.376728+00:00
[2024-05-31T04:05:43.401+0000] {processor.py:176} INFO - Processing /home/airflow/.local/lib/python3.7/site-packages/airflow/example_dags/example_task_group_decorator.py took 0.109 seconds
[2024-05-31T04:06:13.725+0000] {processor.py:154} INFO - Started process (PID=200) to work on /home/airflow/.local/lib/python3.7/site-packages/airflow/example_dags/example_task_group_decorator.py
[2024-05-31T04:06:13.726+0000] {processor.py:756} INFO - Processing file /home/airflow/.local/lib/python3.7/site-packages/airflow/example_dags/example_task_group_decorator.py for tasks to queue
[2024-05-31T04:06:13.727+0000] {logging_mixin.py:120} INFO - [2024-05-31T04:06:13.727+0000] {dagbag.py:537} INFO - Filling up the DagBag from /home/airflow/.local/lib/python3.7/site-packages/airflow/example_dags/example_task_group_decorator.py
[2024-05-31T04:06:13.751+0000] {processor.py:766} INFO - DAG(s) dict_keys(['example_task_group_decorator']) retrieved from /home/airflow/.local/lib/python3.7/site-packages/airflow/example_dags/example_task_group_decorator.py
[2024-05-31T04:06:13.799+0000] {logging_mixin.py:120} INFO - [2024-05-31T04:06:13.799+0000] {dag.py:2585} INFO - Sync 1 DAGs
[2024-05-31T04:06:13.825+0000] {logging_mixin.py:120} INFO - [2024-05-31T04:06:13.825+0000] {dag.py:3340} INFO - Setting next_dagrun for example_task_group_decorator to 2024-05-30T04:06:13.824967+00:00, run_after=2024-05-31T04:06:13.824967+00:00
[2024-05-31T04:06:13.847+0000] {processor.py:176} INFO - Processing /home/airflow/.local/lib/python3.7/site-packages/airflow/example_dags/example_task_group_decorator.py took 0.124 seconds
[2024-05-31T04:06:44.280+0000] {processor.py:154} INFO - Started process (PID=254) to work on /home/airflow/.local/lib/python3.7/site-packages/airflow/example_dags/example_task_group_decorator.py
[2024-05-31T04:06:44.281+0000] {processor.py:756} INFO - Processing file /home/airflow/.local/lib/python3.7/site-packages/airflow/example_dags/example_task_group_decorator.py for tasks to queue
[2024-05-31T04:06:44.282+0000] {logging_mixin.py:120} INFO - [2024-05-31T04:06:44.282+0000] {dagbag.py:537} INFO - Filling up the DagBag from /home/airflow/.local/lib/python3.7/site-packages/airflow/example_dags/example_task_group_decorator.py
[2024-05-31T04:06:44.312+0000] {processor.py:766} INFO - DAG(s) dict_keys(['example_task_group_decorator']) retrieved from /home/airflow/.local/lib/python3.7/site-packages/airflow/example_dags/example_task_group_decorator.py
[2024-05-31T04:06:44.365+0000] {logging_mixin.py:120} INFO - [2024-05-31T04:06:44.365+0000] {dag.py:2585} INFO - Sync 1 DAGs
[2024-05-31T04:06:44.396+0000] {logging_mixin.py:120} INFO - [2024-05-31T04:06:44.396+0000] {dag.py:3340} INFO - Setting next_dagrun for example_task_group_decorator to 2024-05-30T04:06:44.395973+00:00, run_after=2024-05-31T04:06:44.395973+00:00
[2024-05-31T04:06:44.419+0000] {processor.py:176} INFO - Processing /home/airflow/.local/lib/python3.7/site-packages/airflow/example_dags/example_task_group_decorator.py took 0.142 seconds
[2024-05-31T04:07:14.931+0000] {processor.py:154} INFO - Started process (PID=317) to work on /home/airflow/.local/lib/python3.7/site-packages/airflow/example_dags/example_task_group_decorator.py
[2024-05-31T04:07:14.933+0000] {processor.py:756} INFO - Processing file /home/airflow/.local/lib/python3.7/site-packages/airflow/example_dags/example_task_group_decorator.py for tasks to queue
[2024-05-31T04:07:14.934+0000] {logging_mixin.py:120} INFO - [2024-05-31T04:07:14.934+0000] {dagbag.py:537} INFO - Filling up the DagBag from /home/airflow/.local/lib/python3.7/site-packages/airflow/example_dags/example_task_group_decorator.py
[2024-05-31T04:07:14.960+0000] {processor.py:766} INFO - DAG(s) dict_keys(['example_task_group_decorator']) retrieved from /home/airflow/.local/lib/python3.7/site-packages/airflow/example_dags/example_task_group_decorator.py
[2024-05-31T04:07:14.998+0000] {logging_mixin.py:120} INFO - [2024-05-31T04:07:14.998+0000] {dag.py:2585} INFO - Sync 1 DAGs
[2024-05-31T04:07:15.025+0000] {logging_mixin.py:120} INFO - [2024-05-31T04:07:15.025+0000] {dag.py:3340} INFO - Setting next_dagrun for example_task_group_decorator to 2024-05-30T04:07:15.024858+00:00, run_after=2024-05-31T04:07:15.024858+00:00
[2024-05-31T04:07:15.054+0000] {processor.py:176} INFO - Processing /home/airflow/.local/lib/python3.7/site-packages/airflow/example_dags/example_task_group_decorator.py took 0.126 seconds
[2024-05-31T04:07:45.737+0000] {processor.py:154} INFO - Started process (PID=380) to work on /home/airflow/.local/lib/python3.7/site-packages/airflow/example_dags/example_task_group_decorator.py
[2024-05-31T04:07:45.738+0000] {processor.py:756} INFO - Processing file /home/airflow/.local/lib/python3.7/site-packages/airflow/example_dags/example_task_group_decorator.py for tasks to queue
[2024-05-31T04:07:45.739+0000] {logging_mixin.py:120} INFO - [2024-05-31T04:07:45.739+0000] {dagbag.py:537} INFO - Filling up the DagBag from /home/airflow/.local/lib/python3.7/site-packages/airflow/example_dags/example_task_group_decorator.py
[2024-05-31T04:07:45.772+0000] {processor.py:766} INFO - DAG(s) dict_keys(['example_task_group_decorator']) retrieved from /home/airflow/.local/lib/python3.7/site-packages/airflow/example_dags/example_task_group_decorator.py
[2024-05-31T04:07:45.807+0000] {logging_mixin.py:120} INFO - [2024-05-31T04:07:45.807+0000] {dag.py:2585} INFO - Sync 1 DAGs
[2024-05-31T04:07:45.837+0000] {logging_mixin.py:120} INFO - [2024-05-31T04:07:45.837+0000] {dag.py:3340} INFO - Setting next_dagrun for example_task_group_decorator to 2024-05-30T04:07:45.837532+00:00, run_after=2024-05-31T04:07:45.837532+00:00
[2024-05-31T04:07:45.855+0000] {processor.py:176} INFO - Processing /home/airflow/.local/lib/python3.7/site-packages/airflow/example_dags/example_task_group_decorator.py took 0.121 seconds
[2024-05-31T04:08:16.132+0000] {processor.py:154} INFO - Started process (PID=443) to work on /home/airflow/.local/lib/python3.7/site-packages/airflow/example_dags/example_task_group_decorator.py
[2024-05-31T04:08:16.133+0000] {processor.py:756} INFO - Processing file /home/airflow/.local/lib/python3.7/site-packages/airflow/example_dags/example_task_group_decorator.py for tasks to queue
[2024-05-31T04:08:16.134+0000] {logging_mixin.py:120} INFO - [2024-05-31T04:08:16.134+0000] {dagbag.py:537} INFO - Filling up the DagBag from /home/airflow/.local/lib/python3.7/site-packages/airflow/example_dags/example_task_group_decorator.py
[2024-05-31T04:08:16.156+0000] {processor.py:766} INFO - DAG(s) dict_keys(['example_task_group_decorator']) retrieved from /home/airflow/.local/lib/python3.7/site-packages/airflow/example_dags/example_task_group_decorator.py
[2024-05-31T04:08:16.197+0000] {logging_mixin.py:120} INFO - [2024-05-31T04:08:16.197+0000] {dag.py:2585} INFO - Sync 1 DAGs
[2024-05-31T04:08:16.221+0000] {logging_mixin.py:120} INFO - [2024-05-31T04:08:16.221+0000] {dag.py:3340} INFO - Setting next_dagrun for example_task_group_decorator to 2024-05-30T04:08:16.221214+00:00, run_after=2024-05-31T04:08:16.221214+00:00
[2024-05-31T04:08:16.241+0000] {processor.py:176} INFO - Processing /home/airflow/.local/lib/python3.7/site-packages/airflow/example_dags/example_task_group_decorator.py took 0.111 seconds
[2024-05-31T04:08:46.851+0000] {processor.py:154} INFO - Started process (PID=497) to work on /home/airflow/.local/lib/python3.7/site-packages/airflow/example_dags/example_task_group_decorator.py
[2024-05-31T04:08:46.852+0000] {processor.py:756} INFO - Processing file /home/airflow/.local/lib/python3.7/site-packages/airflow/example_dags/example_task_group_decorator.py for tasks to queue
[2024-05-31T04:08:46.853+0000] {logging_mixin.py:120} INFO - [2024-05-31T04:08:46.853+0000] {dagbag.py:537} INFO - Filling up the DagBag from /home/airflow/.local/lib/python3.7/site-packages/airflow/example_dags/example_task_group_decorator.py
[2024-05-31T04:08:46.881+0000] {processor.py:766} INFO - DAG(s) dict_keys(['example_task_group_decorator']) retrieved from /home/airflow/.local/lib/python3.7/site-packages/airflow/example_dags/example_task_group_decorator.py
[2024-05-31T04:08:46.916+0000] {logging_mixin.py:120} INFO - [2024-05-31T04:08:46.916+0000] {dag.py:2585} INFO - Sync 1 DAGs
[2024-05-31T04:08:46.938+0000] {logging_mixin.py:120} INFO - [2024-05-31T04:08:46.938+0000] {dag.py:3340} INFO - Setting next_dagrun for example_task_group_decorator to 2024-05-30T04:08:46.937834+00:00, run_after=2024-05-31T04:08:46.937834+00:00
[2024-05-31T04:08:46.955+0000] {processor.py:176} INFO - Processing /home/airflow/.local/lib/python3.7/site-packages/airflow/example_dags/example_task_group_decorator.py took 0.106 seconds
[2024-05-31T04:09:17.474+0000] {processor.py:154} INFO - Started process (PID=560) to work on /home/airflow/.local/lib/python3.7/site-packages/airflow/example_dags/example_task_group_decorator.py
[2024-05-31T04:09:17.474+0000] {processor.py:756} INFO - Processing file /home/airflow/.local/lib/python3.7/site-packages/airflow/example_dags/example_task_group_decorator.py for tasks to queue
[2024-05-31T04:09:17.475+0000] {logging_mixin.py:120} INFO - [2024-05-31T04:09:17.475+0000] {dagbag.py:537} INFO - Filling up the DagBag from /home/airflow/.local/lib/python3.7/site-packages/airflow/example_dags/example_task_group_decorator.py
[2024-05-31T04:09:17.499+0000] {processor.py:766} INFO - DAG(s) dict_keys(['example_task_group_decorator']) retrieved from /home/airflow/.local/lib/python3.7/site-packages/airflow/example_dags/example_task_group_decorator.py
[2024-05-31T04:09:17.533+0000] {logging_mixin.py:120} INFO - [2024-05-31T04:09:17.533+0000] {dag.py:2585} INFO - Sync 1 DAGs
[2024-05-31T04:09:17.555+0000] {logging_mixin.py:120} INFO - [2024-05-31T04:09:17.555+0000] {dag.py:3340} INFO - Setting next_dagrun for example_task_group_decorator to 2024-05-30T04:09:17.555012+00:00, run_after=2024-05-31T04:09:17.555012+00:00
[2024-05-31T04:09:17.576+0000] {processor.py:176} INFO - Processing /home/airflow/.local/lib/python3.7/site-packages/airflow/example_dags/example_task_group_decorator.py took 0.105 seconds
[2024-05-31T04:24:38.257+0000] {processor.py:154} INFO - Started process (PID=2410) to work on /home/airflow/.local/lib/python3.7/site-packages/airflow/example_dags/example_task_group_decorator.py
[2024-05-31T04:24:38.258+0000] {processor.py:756} INFO - Processing file /home/airflow/.local/lib/python3.7/site-packages/airflow/example_dags/example_task_group_decorator.py for tasks to queue
[2024-05-31T04:24:38.259+0000] {logging_mixin.py:120} INFO - [2024-05-31T04:24:38.259+0000] {dagbag.py:537} INFO - Filling up the DagBag from /home/airflow/.local/lib/python3.7/site-packages/airflow/example_dags/example_task_group_decorator.py
[2024-05-31T04:24:38.282+0000] {processor.py:766} INFO - DAG(s) dict_keys(['example_task_group_decorator']) retrieved from /home/airflow/.local/lib/python3.7/site-packages/airflow/example_dags/example_task_group_decorator.py
[2024-05-31T04:24:38.316+0000] {logging_mixin.py:120} INFO - [2024-05-31T04:24:38.316+0000] {dag.py:2585} INFO - Sync 1 DAGs
[2024-05-31T04:24:38.337+0000] {logging_mixin.py:120} INFO - [2024-05-31T04:24:38.337+0000] {dag.py:3340} INFO - Setting next_dagrun for example_task_group_decorator to 2024-05-30T04:24:38.337602+00:00, run_after=2024-05-31T04:24:38.337602+00:00
[2024-05-31T04:24:38.354+0000] {processor.py:176} INFO - Processing /home/airflow/.local/lib/python3.7/site-packages/airflow/example_dags/example_task_group_decorator.py took 0.099 seconds
[2024-05-31T04:25:08.820+0000] {processor.py:154} INFO - Started process (PID=2474) to work on /home/airflow/.local/lib/python3.7/site-packages/airflow/example_dags/example_task_group_decorator.py
[2024-05-31T04:25:08.821+0000] {processor.py:756} INFO - Processing file /home/airflow/.local/lib/python3.7/site-packages/airflow/example_dags/example_task_group_decorator.py for tasks to queue
[2024-05-31T04:25:08.822+0000] {logging_mixin.py:120} INFO - [2024-05-31T04:25:08.822+0000] {dagbag.py:537} INFO - Filling up the DagBag from /home/airflow/.local/lib/python3.7/site-packages/airflow/example_dags/example_task_group_decorator.py
[2024-05-31T04:25:08.851+0000] {processor.py:766} INFO - DAG(s) dict_keys(['example_task_group_decorator']) retrieved from /home/airflow/.local/lib/python3.7/site-packages/airflow/example_dags/example_task_group_decorator.py
[2024-05-31T04:25:08.892+0000] {logging_mixin.py:120} INFO - [2024-05-31T04:25:08.892+0000] {dag.py:2585} INFO - Sync 1 DAGs
[2024-05-31T04:25:08.915+0000] {logging_mixin.py:120} INFO - [2024-05-31T04:25:08.915+0000] {dag.py:3340} INFO - Setting next_dagrun for example_task_group_decorator to 2024-05-30T04:25:08.915635+00:00, run_after=2024-05-31T04:25:08.915635+00:00
[2024-05-31T04:25:08.937+0000] {processor.py:176} INFO - Processing /home/airflow/.local/lib/python3.7/site-packages/airflow/example_dags/example_task_group_decorator.py took 0.120 seconds
