[2024-05-31T04:05:08.433+0000] {processor.py:154} INFO - Started process (PID=59) to work on /home/airflow/.local/lib/python3.7/site-packages/airflow/example_dags/example_branch_operator_decorator.py
[2024-05-31T04:05:08.435+0000] {processor.py:756} INFO - Processing file /home/airflow/.local/lib/python3.7/site-packages/airflow/example_dags/example_branch_operator_decorator.py for tasks to queue
[2024-05-31T04:05:08.439+0000] {logging_mixin.py:120} INFO - [2024-05-31T04:05:08.438+0000] {dagbag.py:537} INFO - Filling up the DagBag from /home/airflow/.local/lib/python3.7/site-packages/airflow/example_dags/example_branch_operator_decorator.py
[2024-05-31T04:05:08.495+0000] {processor.py:766} INFO - DAG(s) dict_keys(['example_branch_python_operator_decorator']) retrieved from /home/airflow/.local/lib/python3.7/site-packages/airflow/example_dags/example_branch_operator_decorator.py
[2024-05-31T04:05:08.894+0000] {logging_mixin.py:120} INFO - [2024-05-31T04:05:08.894+0000] {manager.py:507} INFO - Created Permission View: can read on DAG:example_branch_python_operator_decorator
[2024-05-31T04:05:08.917+0000] {logging_mixin.py:120} INFO - [2024-05-31T04:05:08.916+0000] {manager.py:507} INFO - Created Permission View: can edit on DAG:example_branch_python_operator_decorator
[2024-05-31T04:05:08.936+0000] {logging_mixin.py:120} INFO - [2024-05-31T04:05:08.933+0000] {manager.py:507} INFO - Created Permission View: can delete on DAG:example_branch_python_operator_decorator
[2024-05-31T04:05:08.937+0000] {logging_mixin.py:120} INFO - [2024-05-31T04:05:08.937+0000] {dag.py:2585} INFO - Sync 1 DAGs
[2024-05-31T04:05:08.963+0000] {logging_mixin.py:120} INFO - [2024-05-31T04:05:08.962+0000] {dag.py:2606} INFO - Creating ORM DAG for example_branch_python_operator_decorator
[2024-05-31T04:05:08.983+0000] {logging_mixin.py:120} INFO - [2024-05-31T04:05:08.982+0000] {dag.py:3340} INFO - Setting next_dagrun for example_branch_python_operator_decorator to 2024-05-30T00:00:00+00:00, run_after=2024-05-31T00:00:00+00:00
[2024-05-31T04:05:09.011+0000] {processor.py:176} INFO - Processing /home/airflow/.local/lib/python3.7/site-packages/airflow/example_dags/example_branch_operator_decorator.py took 0.581 seconds
[2024-05-31T04:05:39.465+0000] {processor.py:154} INFO - Started process (PID=122) to work on /home/airflow/.local/lib/python3.7/site-packages/airflow/example_dags/example_branch_operator_decorator.py
[2024-05-31T04:05:39.466+0000] {processor.py:756} INFO - Processing file /home/airflow/.local/lib/python3.7/site-packages/airflow/example_dags/example_branch_operator_decorator.py for tasks to queue
[2024-05-31T04:05:39.467+0000] {logging_mixin.py:120} INFO - [2024-05-31T04:05:39.467+0000] {dagbag.py:537} INFO - Filling up the DagBag from /home/airflow/.local/lib/python3.7/site-packages/airflow/example_dags/example_branch_operator_decorator.py
[2024-05-31T04:05:39.493+0000] {processor.py:766} INFO - DAG(s) dict_keys(['example_branch_python_operator_decorator']) retrieved from /home/airflow/.local/lib/python3.7/site-packages/airflow/example_dags/example_branch_operator_decorator.py
[2024-05-31T04:05:39.525+0000] {logging_mixin.py:120} INFO - [2024-05-31T04:05:39.525+0000] {dag.py:2585} INFO - Sync 1 DAGs
[2024-05-31T04:05:39.549+0000] {logging_mixin.py:120} INFO - [2024-05-31T04:05:39.549+0000] {dag.py:3340} INFO - Setting next_dagrun for example_branch_python_operator_decorator to 2024-05-30T00:00:00+00:00, run_after=2024-05-31T00:00:00+00:00
[2024-05-31T04:05:39.567+0000] {processor.py:176} INFO - Processing /home/airflow/.local/lib/python3.7/site-packages/airflow/example_dags/example_branch_operator_decorator.py took 0.105 seconds
[2024-05-31T04:06:09.958+0000] {processor.py:154} INFO - Started process (PID=177) to work on /home/airflow/.local/lib/python3.7/site-packages/airflow/example_dags/example_branch_operator_decorator.py
[2024-05-31T04:06:09.959+0000] {processor.py:756} INFO - Processing file /home/airflow/.local/lib/python3.7/site-packages/airflow/example_dags/example_branch_operator_decorator.py for tasks to queue
[2024-05-31T04:06:09.960+0000] {logging_mixin.py:120} INFO - [2024-05-31T04:06:09.960+0000] {dagbag.py:537} INFO - Filling up the DagBag from /home/airflow/.local/lib/python3.7/site-packages/airflow/example_dags/example_branch_operator_decorator.py
[2024-05-31T04:06:09.982+0000] {processor.py:766} INFO - DAG(s) dict_keys(['example_branch_python_operator_decorator']) retrieved from /home/airflow/.local/lib/python3.7/site-packages/airflow/example_dags/example_branch_operator_decorator.py
[2024-05-31T04:06:10.025+0000] {logging_mixin.py:120} INFO - [2024-05-31T04:06:10.025+0000] {dag.py:2585} INFO - Sync 1 DAGs
[2024-05-31T04:06:10.056+0000] {logging_mixin.py:120} INFO - [2024-05-31T04:06:10.056+0000] {dag.py:3340} INFO - Setting next_dagrun for example_branch_python_operator_decorator to 2024-05-30T00:00:00+00:00, run_after=2024-05-31T00:00:00+00:00
[2024-05-31T04:06:10.086+0000] {processor.py:176} INFO - Processing /home/airflow/.local/lib/python3.7/site-packages/airflow/example_dags/example_branch_operator_decorator.py took 0.131 seconds
[2024-05-31T04:06:40.409+0000] {processor.py:154} INFO - Started process (PID=240) to work on /home/airflow/.local/lib/python3.7/site-packages/airflow/example_dags/example_branch_operator_decorator.py
[2024-05-31T04:06:40.411+0000] {processor.py:756} INFO - Processing file /home/airflow/.local/lib/python3.7/site-packages/airflow/example_dags/example_branch_operator_decorator.py for tasks to queue
[2024-05-31T04:06:40.412+0000] {logging_mixin.py:120} INFO - [2024-05-31T04:06:40.412+0000] {dagbag.py:537} INFO - Filling up the DagBag from /home/airflow/.local/lib/python3.7/site-packages/airflow/example_dags/example_branch_operator_decorator.py
[2024-05-31T04:06:40.439+0000] {processor.py:766} INFO - DAG(s) dict_keys(['example_branch_python_operator_decorator']) retrieved from /home/airflow/.local/lib/python3.7/site-packages/airflow/example_dags/example_branch_operator_decorator.py
[2024-05-31T04:06:40.480+0000] {logging_mixin.py:120} INFO - [2024-05-31T04:06:40.480+0000] {dag.py:2585} INFO - Sync 1 DAGs
[2024-05-31T04:06:40.505+0000] {logging_mixin.py:120} INFO - [2024-05-31T04:06:40.505+0000] {dag.py:3340} INFO - Setting next_dagrun for example_branch_python_operator_decorator to 2024-05-30T00:00:00+00:00, run_after=2024-05-31T00:00:00+00:00
[2024-05-31T04:06:40.525+0000] {processor.py:176} INFO - Processing /home/airflow/.local/lib/python3.7/site-packages/airflow/example_dags/example_branch_operator_decorator.py took 0.119 seconds
[2024-05-31T04:07:10.960+0000] {processor.py:154} INFO - Started process (PID=303) to work on /home/airflow/.local/lib/python3.7/site-packages/airflow/example_dags/example_branch_operator_decorator.py
[2024-05-31T04:07:10.961+0000] {processor.py:756} INFO - Processing file /home/airflow/.local/lib/python3.7/site-packages/airflow/example_dags/example_branch_operator_decorator.py for tasks to queue
[2024-05-31T04:07:10.961+0000] {logging_mixin.py:120} INFO - [2024-05-31T04:07:10.961+0000] {dagbag.py:537} INFO - Filling up the DagBag from /home/airflow/.local/lib/python3.7/site-packages/airflow/example_dags/example_branch_operator_decorator.py
[2024-05-31T04:07:10.987+0000] {processor.py:766} INFO - DAG(s) dict_keys(['example_branch_python_operator_decorator']) retrieved from /home/airflow/.local/lib/python3.7/site-packages/airflow/example_dags/example_branch_operator_decorator.py
[2024-05-31T04:07:11.034+0000] {logging_mixin.py:120} INFO - [2024-05-31T04:07:11.034+0000] {dag.py:2585} INFO - Sync 1 DAGs
[2024-05-31T04:07:11.059+0000] {logging_mixin.py:120} INFO - [2024-05-31T04:07:11.059+0000] {dag.py:3340} INFO - Setting next_dagrun for example_branch_python_operator_decorator to 2024-05-30T00:00:00+00:00, run_after=2024-05-31T00:00:00+00:00
[2024-05-31T04:07:11.083+0000] {processor.py:176} INFO - Processing /home/airflow/.local/lib/python3.7/site-packages/airflow/example_dags/example_branch_operator_decorator.py took 0.126 seconds
[2024-05-31T04:07:41.704+0000] {processor.py:154} INFO - Started process (PID=366) to work on /home/airflow/.local/lib/python3.7/site-packages/airflow/example_dags/example_branch_operator_decorator.py
[2024-05-31T04:07:41.705+0000] {processor.py:756} INFO - Processing file /home/airflow/.local/lib/python3.7/site-packages/airflow/example_dags/example_branch_operator_decorator.py for tasks to queue
[2024-05-31T04:07:41.706+0000] {logging_mixin.py:120} INFO - [2024-05-31T04:07:41.706+0000] {dagbag.py:537} INFO - Filling up the DagBag from /home/airflow/.local/lib/python3.7/site-packages/airflow/example_dags/example_branch_operator_decorator.py
[2024-05-31T04:07:41.734+0000] {processor.py:766} INFO - DAG(s) dict_keys(['example_branch_python_operator_decorator']) retrieved from /home/airflow/.local/lib/python3.7/site-packages/airflow/example_dags/example_branch_operator_decorator.py
[2024-05-31T04:07:41.779+0000] {logging_mixin.py:120} INFO - [2024-05-31T04:07:41.779+0000] {dag.py:2585} INFO - Sync 1 DAGs
[2024-05-31T04:07:41.820+0000] {logging_mixin.py:120} INFO - [2024-05-31T04:07:41.819+0000] {dag.py:3340} INFO - Setting next_dagrun for example_branch_python_operator_decorator to 2024-05-30T00:00:00+00:00, run_after=2024-05-31T00:00:00+00:00
[2024-05-31T04:07:41.851+0000] {processor.py:176} INFO - Processing /home/airflow/.local/lib/python3.7/site-packages/airflow/example_dags/example_branch_operator_decorator.py took 0.150 seconds
[2024-05-31T04:08:12.233+0000] {processor.py:154} INFO - Started process (PID=420) to work on /home/airflow/.local/lib/python3.7/site-packages/airflow/example_dags/example_branch_operator_decorator.py
[2024-05-31T04:08:12.234+0000] {processor.py:756} INFO - Processing file /home/airflow/.local/lib/python3.7/site-packages/airflow/example_dags/example_branch_operator_decorator.py for tasks to queue
[2024-05-31T04:08:12.234+0000] {logging_mixin.py:120} INFO - [2024-05-31T04:08:12.234+0000] {dagbag.py:537} INFO - Filling up the DagBag from /home/airflow/.local/lib/python3.7/site-packages/airflow/example_dags/example_branch_operator_decorator.py
[2024-05-31T04:08:12.257+0000] {processor.py:766} INFO - DAG(s) dict_keys(['example_branch_python_operator_decorator']) retrieved from /home/airflow/.local/lib/python3.7/site-packages/airflow/example_dags/example_branch_operator_decorator.py
[2024-05-31T04:08:12.291+0000] {logging_mixin.py:120} INFO - [2024-05-31T04:08:12.291+0000] {dag.py:2585} INFO - Sync 1 DAGs
[2024-05-31T04:08:12.316+0000] {logging_mixin.py:120} INFO - [2024-05-31T04:08:12.316+0000] {dag.py:3340} INFO - Setting next_dagrun for example_branch_python_operator_decorator to 2024-05-30T00:00:00+00:00, run_after=2024-05-31T00:00:00+00:00
[2024-05-31T04:08:12.332+0000] {processor.py:176} INFO - Processing /home/airflow/.local/lib/python3.7/site-packages/airflow/example_dags/example_branch_operator_decorator.py took 0.102 seconds
[2024-05-31T04:08:42.787+0000] {processor.py:154} INFO - Started process (PID=483) to work on /home/airflow/.local/lib/python3.7/site-packages/airflow/example_dags/example_branch_operator_decorator.py
[2024-05-31T04:08:42.787+0000] {processor.py:756} INFO - Processing file /home/airflow/.local/lib/python3.7/site-packages/airflow/example_dags/example_branch_operator_decorator.py for tasks to queue
[2024-05-31T04:08:42.788+0000] {logging_mixin.py:120} INFO - [2024-05-31T04:08:42.788+0000] {dagbag.py:537} INFO - Filling up the DagBag from /home/airflow/.local/lib/python3.7/site-packages/airflow/example_dags/example_branch_operator_decorator.py
[2024-05-31T04:08:42.810+0000] {processor.py:766} INFO - DAG(s) dict_keys(['example_branch_python_operator_decorator']) retrieved from /home/airflow/.local/lib/python3.7/site-packages/airflow/example_dags/example_branch_operator_decorator.py
[2024-05-31T04:08:42.849+0000] {logging_mixin.py:120} INFO - [2024-05-31T04:08:42.849+0000] {dag.py:2585} INFO - Sync 1 DAGs
[2024-05-31T04:08:42.873+0000] {logging_mixin.py:120} INFO - [2024-05-31T04:08:42.872+0000] {dag.py:3340} INFO - Setting next_dagrun for example_branch_python_operator_decorator to 2024-05-30T00:00:00+00:00, run_after=2024-05-31T00:00:00+00:00
[2024-05-31T04:08:42.895+0000] {processor.py:176} INFO - Processing /home/airflow/.local/lib/python3.7/site-packages/airflow/example_dags/example_branch_operator_decorator.py took 0.111 seconds
[2024-05-31T04:09:13.581+0000] {processor.py:154} INFO - Started process (PID=546) to work on /home/airflow/.local/lib/python3.7/site-packages/airflow/example_dags/example_branch_operator_decorator.py
[2024-05-31T04:09:13.582+0000] {processor.py:756} INFO - Processing file /home/airflow/.local/lib/python3.7/site-packages/airflow/example_dags/example_branch_operator_decorator.py for tasks to queue
[2024-05-31T04:09:13.583+0000] {logging_mixin.py:120} INFO - [2024-05-31T04:09:13.583+0000] {dagbag.py:537} INFO - Filling up the DagBag from /home/airflow/.local/lib/python3.7/site-packages/airflow/example_dags/example_branch_operator_decorator.py
[2024-05-31T04:09:13.602+0000] {processor.py:766} INFO - DAG(s) dict_keys(['example_branch_python_operator_decorator']) retrieved from /home/airflow/.local/lib/python3.7/site-packages/airflow/example_dags/example_branch_operator_decorator.py
[2024-05-31T04:09:13.635+0000] {logging_mixin.py:120} INFO - [2024-05-31T04:09:13.634+0000] {dag.py:2585} INFO - Sync 1 DAGs
[2024-05-31T04:09:13.658+0000] {logging_mixin.py:120} INFO - [2024-05-31T04:09:13.658+0000] {dag.py:3340} INFO - Setting next_dagrun for example_branch_python_operator_decorator to 2024-05-30T00:00:00+00:00, run_after=2024-05-31T00:00:00+00:00
[2024-05-31T04:09:13.677+0000] {processor.py:176} INFO - Processing /home/airflow/.local/lib/python3.7/site-packages/airflow/example_dags/example_branch_operator_decorator.py took 0.098 seconds
[2024-05-31T04:24:32.551+0000] {processor.py:154} INFO - Started process (PID=2396) to work on /home/airflow/.local/lib/python3.7/site-packages/airflow/example_dags/example_branch_operator_decorator.py
[2024-05-31T04:24:32.552+0000] {processor.py:756} INFO - Processing file /home/airflow/.local/lib/python3.7/site-packages/airflow/example_dags/example_branch_operator_decorator.py for tasks to queue
[2024-05-31T04:24:32.553+0000] {logging_mixin.py:120} INFO - [2024-05-31T04:24:32.553+0000] {dagbag.py:537} INFO - Filling up the DagBag from /home/airflow/.local/lib/python3.7/site-packages/airflow/example_dags/example_branch_operator_decorator.py
[2024-05-31T04:24:32.580+0000] {processor.py:766} INFO - DAG(s) dict_keys(['example_branch_python_operator_decorator']) retrieved from /home/airflow/.local/lib/python3.7/site-packages/airflow/example_dags/example_branch_operator_decorator.py
[2024-05-31T04:24:32.615+0000] {logging_mixin.py:120} INFO - [2024-05-31T04:24:32.614+0000] {dag.py:2585} INFO - Sync 1 DAGs
[2024-05-31T04:24:32.641+0000] {logging_mixin.py:120} INFO - [2024-05-31T04:24:32.641+0000] {dag.py:3340} INFO - Setting next_dagrun for example_branch_python_operator_decorator to 2024-05-30T00:00:00+00:00, run_after=2024-05-31T00:00:00+00:00
[2024-05-31T04:24:32.660+0000] {processor.py:176} INFO - Processing /home/airflow/.local/lib/python3.7/site-packages/airflow/example_dags/example_branch_operator_decorator.py took 0.111 seconds
[2024-05-31T04:25:03.036+0000] {processor.py:154} INFO - Started process (PID=2451) to work on /home/airflow/.local/lib/python3.7/site-packages/airflow/example_dags/example_branch_operator_decorator.py
[2024-05-31T04:25:03.036+0000] {processor.py:756} INFO - Processing file /home/airflow/.local/lib/python3.7/site-packages/airflow/example_dags/example_branch_operator_decorator.py for tasks to queue
[2024-05-31T04:25:03.037+0000] {logging_mixin.py:120} INFO - [2024-05-31T04:25:03.037+0000] {dagbag.py:537} INFO - Filling up the DagBag from /home/airflow/.local/lib/python3.7/site-packages/airflow/example_dags/example_branch_operator_decorator.py
[2024-05-31T04:25:03.059+0000] {processor.py:766} INFO - DAG(s) dict_keys(['example_branch_python_operator_decorator']) retrieved from /home/airflow/.local/lib/python3.7/site-packages/airflow/example_dags/example_branch_operator_decorator.py
[2024-05-31T04:25:03.095+0000] {logging_mixin.py:120} INFO - [2024-05-31T04:25:03.094+0000] {dag.py:2585} INFO - Sync 1 DAGs
[2024-05-31T04:25:03.117+0000] {logging_mixin.py:120} INFO - [2024-05-31T04:25:03.117+0000] {dag.py:3340} INFO - Setting next_dagrun for example_branch_python_operator_decorator to 2024-05-30T00:00:00+00:00, run_after=2024-05-31T00:00:00+00:00
[2024-05-31T04:25:03.135+0000] {processor.py:176} INFO - Processing /home/airflow/.local/lib/python3.7/site-packages/airflow/example_dags/example_branch_operator_decorator.py took 0.101 seconds
