[2024-05-31T04:05:12.417+0000] {processor.py:154} INFO - Started process (PID=74) to work on /home/airflow/.local/lib/python3.7/site-packages/airflow/example_dags/example_branch_operator.py
[2024-05-31T04:05:12.420+0000] {processor.py:756} INFO - Processing file /home/airflow/.local/lib/python3.7/site-packages/airflow/example_dags/example_branch_operator.py for tasks to queue
[2024-05-31T04:05:12.422+0000] {logging_mixin.py:120} INFO - [2024-05-31T04:05:12.422+0000] {dagbag.py:537} INFO - Filling up the DagBag from /home/airflow/.local/lib/python3.7/site-packages/airflow/example_dags/example_branch_operator.py
[2024-05-31T04:05:12.456+0000] {processor.py:766} INFO - DAG(s) dict_keys(['example_branch_operator']) retrieved from /home/airflow/.local/lib/python3.7/site-packages/airflow/example_dags/example_branch_operator.py
[2024-05-31T04:05:12.684+0000] {logging_mixin.py:120} INFO - [2024-05-31T04:05:12.684+0000] {manager.py:507} INFO - Created Permission View: can read on DAG:example_branch_operator
[2024-05-31T04:05:12.702+0000] {logging_mixin.py:120} INFO - [2024-05-31T04:05:12.702+0000] {manager.py:507} INFO - Created Permission View: can edit on DAG:example_branch_operator
[2024-05-31T04:05:12.717+0000] {logging_mixin.py:120} INFO - [2024-05-31T04:05:12.717+0000] {manager.py:507} INFO - Created Permission View: can delete on DAG:example_branch_operator
[2024-05-31T04:05:12.718+0000] {logging_mixin.py:120} INFO - [2024-05-31T04:05:12.718+0000] {dag.py:2585} INFO - Sync 1 DAGs
[2024-05-31T04:05:12.742+0000] {logging_mixin.py:120} INFO - [2024-05-31T04:05:12.742+0000] {dag.py:2606} INFO - Creating ORM DAG for example_branch_operator
[2024-05-31T04:05:12.770+0000] {logging_mixin.py:120} INFO - [2024-05-31T04:05:12.770+0000] {dag.py:3340} INFO - Setting next_dagrun for example_branch_operator to 2024-05-30T00:00:00+00:00, run_after=2024-05-31T00:00:00+00:00
[2024-05-31T04:05:12.805+0000] {processor.py:176} INFO - Processing /home/airflow/.local/lib/python3.7/site-packages/airflow/example_dags/example_branch_operator.py took 0.392 seconds
[2024-05-31T04:05:43.432+0000] {processor.py:154} INFO - Started process (PID=137) to work on /home/airflow/.local/lib/python3.7/site-packages/airflow/example_dags/example_branch_operator.py
[2024-05-31T04:05:43.433+0000] {processor.py:756} INFO - Processing file /home/airflow/.local/lib/python3.7/site-packages/airflow/example_dags/example_branch_operator.py for tasks to queue
[2024-05-31T04:05:43.434+0000] {logging_mixin.py:120} INFO - [2024-05-31T04:05:43.434+0000] {dagbag.py:537} INFO - Filling up the DagBag from /home/airflow/.local/lib/python3.7/site-packages/airflow/example_dags/example_branch_operator.py
[2024-05-31T04:05:43.448+0000] {processor.py:766} INFO - DAG(s) dict_keys(['example_branch_operator']) retrieved from /home/airflow/.local/lib/python3.7/site-packages/airflow/example_dags/example_branch_operator.py
[2024-05-31T04:05:43.485+0000] {logging_mixin.py:120} INFO - [2024-05-31T04:05:43.485+0000] {dag.py:2585} INFO - Sync 1 DAGs
[2024-05-31T04:05:43.512+0000] {logging_mixin.py:120} INFO - [2024-05-31T04:05:43.512+0000] {dag.py:3340} INFO - Setting next_dagrun for example_branch_operator to 2024-05-30T00:00:00+00:00, run_after=2024-05-31T00:00:00+00:00
[2024-05-31T04:05:43.531+0000] {processor.py:176} INFO - Processing /home/airflow/.local/lib/python3.7/site-packages/airflow/example_dags/example_branch_operator.py took 0.101 seconds
[2024-05-31T04:06:13.878+0000] {processor.py:154} INFO - Started process (PID=201) to work on /home/airflow/.local/lib/python3.7/site-packages/airflow/example_dags/example_branch_operator.py
[2024-05-31T04:06:13.879+0000] {processor.py:756} INFO - Processing file /home/airflow/.local/lib/python3.7/site-packages/airflow/example_dags/example_branch_operator.py for tasks to queue
[2024-05-31T04:06:13.880+0000] {logging_mixin.py:120} INFO - [2024-05-31T04:06:13.880+0000] {dagbag.py:537} INFO - Filling up the DagBag from /home/airflow/.local/lib/python3.7/site-packages/airflow/example_dags/example_branch_operator.py
[2024-05-31T04:06:13.895+0000] {processor.py:766} INFO - DAG(s) dict_keys(['example_branch_operator']) retrieved from /home/airflow/.local/lib/python3.7/site-packages/airflow/example_dags/example_branch_operator.py
[2024-05-31T04:06:13.933+0000] {logging_mixin.py:120} INFO - [2024-05-31T04:06:13.932+0000] {dag.py:2585} INFO - Sync 1 DAGs
[2024-05-31T04:06:13.968+0000] {logging_mixin.py:120} INFO - [2024-05-31T04:06:13.967+0000] {dag.py:3340} INFO - Setting next_dagrun for example_branch_operator to 2024-05-30T00:00:00+00:00, run_after=2024-05-31T00:00:00+00:00
[2024-05-31T04:06:13.989+0000] {processor.py:176} INFO - Processing /home/airflow/.local/lib/python3.7/site-packages/airflow/example_dags/example_branch_operator.py took 0.115 seconds
[2024-05-31T04:06:44.449+0000] {processor.py:154} INFO - Started process (PID=255) to work on /home/airflow/.local/lib/python3.7/site-packages/airflow/example_dags/example_branch_operator.py
[2024-05-31T04:06:44.450+0000] {processor.py:756} INFO - Processing file /home/airflow/.local/lib/python3.7/site-packages/airflow/example_dags/example_branch_operator.py for tasks to queue
[2024-05-31T04:06:44.451+0000] {logging_mixin.py:120} INFO - [2024-05-31T04:06:44.451+0000] {dagbag.py:537} INFO - Filling up the DagBag from /home/airflow/.local/lib/python3.7/site-packages/airflow/example_dags/example_branch_operator.py
[2024-05-31T04:06:44.468+0000] {processor.py:766} INFO - DAG(s) dict_keys(['example_branch_operator']) retrieved from /home/airflow/.local/lib/python3.7/site-packages/airflow/example_dags/example_branch_operator.py
[2024-05-31T04:06:44.513+0000] {logging_mixin.py:120} INFO - [2024-05-31T04:06:44.512+0000] {dag.py:2585} INFO - Sync 1 DAGs
[2024-05-31T04:06:44.541+0000] {logging_mixin.py:120} INFO - [2024-05-31T04:06:44.541+0000] {dag.py:3340} INFO - Setting next_dagrun for example_branch_operator to 2024-05-30T00:00:00+00:00, run_after=2024-05-31T00:00:00+00:00
[2024-05-31T04:06:44.563+0000] {processor.py:176} INFO - Processing /home/airflow/.local/lib/python3.7/site-packages/airflow/example_dags/example_branch_operator.py took 0.117 seconds
[2024-05-31T04:07:15.082+0000] {processor.py:154} INFO - Started process (PID=318) to work on /home/airflow/.local/lib/python3.7/site-packages/airflow/example_dags/example_branch_operator.py
[2024-05-31T04:07:15.083+0000] {processor.py:756} INFO - Processing file /home/airflow/.local/lib/python3.7/site-packages/airflow/example_dags/example_branch_operator.py for tasks to queue
[2024-05-31T04:07:15.084+0000] {logging_mixin.py:120} INFO - [2024-05-31T04:07:15.084+0000] {dagbag.py:537} INFO - Filling up the DagBag from /home/airflow/.local/lib/python3.7/site-packages/airflow/example_dags/example_branch_operator.py
[2024-05-31T04:07:15.101+0000] {processor.py:766} INFO - DAG(s) dict_keys(['example_branch_operator']) retrieved from /home/airflow/.local/lib/python3.7/site-packages/airflow/example_dags/example_branch_operator.py
[2024-05-31T04:07:15.136+0000] {logging_mixin.py:120} INFO - [2024-05-31T04:07:15.136+0000] {dag.py:2585} INFO - Sync 1 DAGs
[2024-05-31T04:07:15.160+0000] {logging_mixin.py:120} INFO - [2024-05-31T04:07:15.159+0000] {dag.py:3340} INFO - Setting next_dagrun for example_branch_operator to 2024-05-30T00:00:00+00:00, run_after=2024-05-31T00:00:00+00:00
[2024-05-31T04:07:15.177+0000] {processor.py:176} INFO - Processing /home/airflow/.local/lib/python3.7/site-packages/airflow/example_dags/example_branch_operator.py took 0.097 seconds
[2024-05-31T04:07:45.878+0000] {processor.py:154} INFO - Started process (PID=381) to work on /home/airflow/.local/lib/python3.7/site-packages/airflow/example_dags/example_branch_operator.py
[2024-05-31T04:07:45.879+0000] {processor.py:756} INFO - Processing file /home/airflow/.local/lib/python3.7/site-packages/airflow/example_dags/example_branch_operator.py for tasks to queue
[2024-05-31T04:07:45.879+0000] {logging_mixin.py:120} INFO - [2024-05-31T04:07:45.879+0000] {dagbag.py:537} INFO - Filling up the DagBag from /home/airflow/.local/lib/python3.7/site-packages/airflow/example_dags/example_branch_operator.py
[2024-05-31T04:07:45.897+0000] {processor.py:766} INFO - DAG(s) dict_keys(['example_branch_operator']) retrieved from /home/airflow/.local/lib/python3.7/site-packages/airflow/example_dags/example_branch_operator.py
[2024-05-31T04:07:45.933+0000] {logging_mixin.py:120} INFO - [2024-05-31T04:07:45.932+0000] {dag.py:2585} INFO - Sync 1 DAGs
[2024-05-31T04:07:45.958+0000] {logging_mixin.py:120} INFO - [2024-05-31T04:07:45.958+0000] {dag.py:3340} INFO - Setting next_dagrun for example_branch_operator to 2024-05-30T00:00:00+00:00, run_after=2024-05-31T00:00:00+00:00
[2024-05-31T04:07:45.975+0000] {processor.py:176} INFO - Processing /home/airflow/.local/lib/python3.7/site-packages/airflow/example_dags/example_branch_operator.py took 0.099 seconds
[2024-05-31T04:08:16.264+0000] {processor.py:154} INFO - Started process (PID=444) to work on /home/airflow/.local/lib/python3.7/site-packages/airflow/example_dags/example_branch_operator.py
[2024-05-31T04:08:16.266+0000] {processor.py:756} INFO - Processing file /home/airflow/.local/lib/python3.7/site-packages/airflow/example_dags/example_branch_operator.py for tasks to queue
[2024-05-31T04:08:16.266+0000] {logging_mixin.py:120} INFO - [2024-05-31T04:08:16.266+0000] {dagbag.py:537} INFO - Filling up the DagBag from /home/airflow/.local/lib/python3.7/site-packages/airflow/example_dags/example_branch_operator.py
[2024-05-31T04:08:16.280+0000] {processor.py:766} INFO - DAG(s) dict_keys(['example_branch_operator']) retrieved from /home/airflow/.local/lib/python3.7/site-packages/airflow/example_dags/example_branch_operator.py
[2024-05-31T04:08:16.316+0000] {logging_mixin.py:120} INFO - [2024-05-31T04:08:16.316+0000] {dag.py:2585} INFO - Sync 1 DAGs
[2024-05-31T04:08:16.341+0000] {logging_mixin.py:120} INFO - [2024-05-31T04:08:16.341+0000] {dag.py:3340} INFO - Setting next_dagrun for example_branch_operator to 2024-05-30T00:00:00+00:00, run_after=2024-05-31T00:00:00+00:00
[2024-05-31T04:08:16.358+0000] {processor.py:176} INFO - Processing /home/airflow/.local/lib/python3.7/site-packages/airflow/example_dags/example_branch_operator.py took 0.096 seconds
[2024-05-31T04:08:46.987+0000] {processor.py:154} INFO - Started process (PID=498) to work on /home/airflow/.local/lib/python3.7/site-packages/airflow/example_dags/example_branch_operator.py
[2024-05-31T04:08:46.988+0000] {processor.py:756} INFO - Processing file /home/airflow/.local/lib/python3.7/site-packages/airflow/example_dags/example_branch_operator.py for tasks to queue
[2024-05-31T04:08:46.989+0000] {logging_mixin.py:120} INFO - [2024-05-31T04:08:46.989+0000] {dagbag.py:537} INFO - Filling up the DagBag from /home/airflow/.local/lib/python3.7/site-packages/airflow/example_dags/example_branch_operator.py
[2024-05-31T04:08:47.006+0000] {processor.py:766} INFO - DAG(s) dict_keys(['example_branch_operator']) retrieved from /home/airflow/.local/lib/python3.7/site-packages/airflow/example_dags/example_branch_operator.py
[2024-05-31T04:08:47.048+0000] {logging_mixin.py:120} INFO - [2024-05-31T04:08:47.048+0000] {dag.py:2585} INFO - Sync 1 DAGs
[2024-05-31T04:08:47.076+0000] {logging_mixin.py:120} INFO - [2024-05-31T04:08:47.076+0000] {dag.py:3340} INFO - Setting next_dagrun for example_branch_operator to 2024-05-30T00:00:00+00:00, run_after=2024-05-31T00:00:00+00:00
[2024-05-31T04:08:47.100+0000] {processor.py:176} INFO - Processing /home/airflow/.local/lib/python3.7/site-packages/airflow/example_dags/example_branch_operator.py took 0.116 seconds
[2024-05-31T04:09:17.606+0000] {processor.py:154} INFO - Started process (PID=561) to work on /home/airflow/.local/lib/python3.7/site-packages/airflow/example_dags/example_branch_operator.py
[2024-05-31T04:09:17.606+0000] {processor.py:756} INFO - Processing file /home/airflow/.local/lib/python3.7/site-packages/airflow/example_dags/example_branch_operator.py for tasks to queue
[2024-05-31T04:09:17.607+0000] {logging_mixin.py:120} INFO - [2024-05-31T04:09:17.607+0000] {dagbag.py:537} INFO - Filling up the DagBag from /home/airflow/.local/lib/python3.7/site-packages/airflow/example_dags/example_branch_operator.py
[2024-05-31T04:09:17.620+0000] {processor.py:766} INFO - DAG(s) dict_keys(['example_branch_operator']) retrieved from /home/airflow/.local/lib/python3.7/site-packages/airflow/example_dags/example_branch_operator.py
[2024-05-31T04:09:17.656+0000] {logging_mixin.py:120} INFO - [2024-05-31T04:09:17.655+0000] {dag.py:2585} INFO - Sync 1 DAGs
[2024-05-31T04:09:17.678+0000] {logging_mixin.py:120} INFO - [2024-05-31T04:09:17.678+0000] {dag.py:3340} INFO - Setting next_dagrun for example_branch_operator to 2024-05-30T00:00:00+00:00, run_after=2024-05-31T00:00:00+00:00
[2024-05-31T04:09:17.694+0000] {processor.py:176} INFO - Processing /home/airflow/.local/lib/python3.7/site-packages/airflow/example_dags/example_branch_operator.py took 0.091 seconds
[2024-05-31T04:24:38.381+0000] {processor.py:154} INFO - Started process (PID=2411) to work on /home/airflow/.local/lib/python3.7/site-packages/airflow/example_dags/example_branch_operator.py
[2024-05-31T04:24:38.382+0000] {processor.py:756} INFO - Processing file /home/airflow/.local/lib/python3.7/site-packages/airflow/example_dags/example_branch_operator.py for tasks to queue
[2024-05-31T04:24:38.383+0000] {logging_mixin.py:120} INFO - [2024-05-31T04:24:38.382+0000] {dagbag.py:537} INFO - Filling up the DagBag from /home/airflow/.local/lib/python3.7/site-packages/airflow/example_dags/example_branch_operator.py
[2024-05-31T04:24:38.397+0000] {processor.py:766} INFO - DAG(s) dict_keys(['example_branch_operator']) retrieved from /home/airflow/.local/lib/python3.7/site-packages/airflow/example_dags/example_branch_operator.py
[2024-05-31T04:24:38.430+0000] {logging_mixin.py:120} INFO - [2024-05-31T04:24:38.430+0000] {dag.py:2585} INFO - Sync 1 DAGs
[2024-05-31T04:24:38.453+0000] {logging_mixin.py:120} INFO - [2024-05-31T04:24:38.453+0000] {dag.py:3340} INFO - Setting next_dagrun for example_branch_operator to 2024-05-30T00:00:00+00:00, run_after=2024-05-31T00:00:00+00:00
[2024-05-31T04:24:38.470+0000] {processor.py:176} INFO - Processing /home/airflow/.local/lib/python3.7/site-packages/airflow/example_dags/example_branch_operator.py took 0.091 seconds
[2024-05-31T04:25:08.964+0000] {processor.py:154} INFO - Started process (PID=2475) to work on /home/airflow/.local/lib/python3.7/site-packages/airflow/example_dags/example_branch_operator.py
[2024-05-31T04:25:08.965+0000] {processor.py:756} INFO - Processing file /home/airflow/.local/lib/python3.7/site-packages/airflow/example_dags/example_branch_operator.py for tasks to queue
[2024-05-31T04:25:08.965+0000] {logging_mixin.py:120} INFO - [2024-05-31T04:25:08.965+0000] {dagbag.py:537} INFO - Filling up the DagBag from /home/airflow/.local/lib/python3.7/site-packages/airflow/example_dags/example_branch_operator.py
[2024-05-31T04:25:08.979+0000] {processor.py:766} INFO - DAG(s) dict_keys(['example_branch_operator']) retrieved from /home/airflow/.local/lib/python3.7/site-packages/airflow/example_dags/example_branch_operator.py
[2024-05-31T04:25:09.014+0000] {logging_mixin.py:120} INFO - [2024-05-31T04:25:09.014+0000] {dag.py:2585} INFO - Sync 1 DAGs
[2024-05-31T04:25:09.038+0000] {logging_mixin.py:120} INFO - [2024-05-31T04:25:09.038+0000] {dag.py:3340} INFO - Setting next_dagrun for example_branch_operator to 2024-05-30T00:00:00+00:00, run_after=2024-05-31T00:00:00+00:00
[2024-05-31T04:25:09.055+0000] {processor.py:176} INFO - Processing /home/airflow/.local/lib/python3.7/site-packages/airflow/example_dags/example_branch_operator.py took 0.094 seconds
