[2024-05-31T04:05:11.450+0000] {processor.py:154} INFO - Started process (PID=70) to work on /home/airflow/.local/lib/python3.7/site-packages/airflow/example_dags/example_branch_labels.py
[2024-05-31T04:05:11.452+0000] {processor.py:756} INFO - Processing file /home/airflow/.local/lib/python3.7/site-packages/airflow/example_dags/example_branch_labels.py for tasks to queue
[2024-05-31T04:05:11.453+0000] {logging_mixin.py:120} INFO - [2024-05-31T04:05:11.453+0000] {dagbag.py:537} INFO - Filling up the DagBag from /home/airflow/.local/lib/python3.7/site-packages/airflow/example_dags/example_branch_labels.py
[2024-05-31T04:05:11.490+0000] {processor.py:766} INFO - DAG(s) dict_keys(['example_branch_labels']) retrieved from /home/airflow/.local/lib/python3.7/site-packages/airflow/example_dags/example_branch_labels.py
[2024-05-31T04:05:11.732+0000] {logging_mixin.py:120} INFO - [2024-05-31T04:05:11.732+0000] {manager.py:507} INFO - Created Permission View: can read on DAG:example_branch_labels
[2024-05-31T04:05:11.747+0000] {logging_mixin.py:120} INFO - [2024-05-31T04:05:11.747+0000] {manager.py:507} INFO - Created Permission View: can edit on DAG:example_branch_labels
[2024-05-31T04:05:11.760+0000] {logging_mixin.py:120} INFO - [2024-05-31T04:05:11.760+0000] {manager.py:507} INFO - Created Permission View: can delete on DAG:example_branch_labels
[2024-05-31T04:05:11.761+0000] {logging_mixin.py:120} INFO - [2024-05-31T04:05:11.761+0000] {dag.py:2585} INFO - Sync 1 DAGs
[2024-05-31T04:05:11.788+0000] {logging_mixin.py:120} INFO - [2024-05-31T04:05:11.787+0000] {dag.py:2606} INFO - Creating ORM DAG for example_branch_labels
[2024-05-31T04:05:11.808+0000] {logging_mixin.py:120} INFO - [2024-05-31T04:05:11.808+0000] {dag.py:3340} INFO - Setting next_dagrun for example_branch_labels to 2024-05-30T00:00:00+00:00, run_after=2024-05-31T00:00:00+00:00
[2024-05-31T04:05:11.839+0000] {processor.py:176} INFO - Processing /home/airflow/.local/lib/python3.7/site-packages/airflow/example_dags/example_branch_labels.py took 0.398 seconds
[2024-05-31T04:05:42.151+0000] {processor.py:154} INFO - Started process (PID=133) to work on /home/airflow/.local/lib/python3.7/site-packages/airflow/example_dags/example_branch_labels.py
[2024-05-31T04:05:42.151+0000] {processor.py:756} INFO - Processing file /home/airflow/.local/lib/python3.7/site-packages/airflow/example_dags/example_branch_labels.py for tasks to queue
[2024-05-31T04:05:42.152+0000] {logging_mixin.py:120} INFO - [2024-05-31T04:05:42.152+0000] {dagbag.py:537} INFO - Filling up the DagBag from /home/airflow/.local/lib/python3.7/site-packages/airflow/example_dags/example_branch_labels.py
[2024-05-31T04:05:42.164+0000] {processor.py:766} INFO - DAG(s) dict_keys(['example_branch_labels']) retrieved from /home/airflow/.local/lib/python3.7/site-packages/airflow/example_dags/example_branch_labels.py
[2024-05-31T04:05:42.197+0000] {logging_mixin.py:120} INFO - [2024-05-31T04:05:42.197+0000] {dag.py:2585} INFO - Sync 1 DAGs
[2024-05-31T04:05:42.222+0000] {logging_mixin.py:120} INFO - [2024-05-31T04:05:42.222+0000] {dag.py:3340} INFO - Setting next_dagrun for example_branch_labels to 2024-05-30T00:00:00+00:00, run_after=2024-05-31T00:00:00+00:00
[2024-05-31T04:05:42.239+0000] {processor.py:176} INFO - Processing /home/airflow/.local/lib/python3.7/site-packages/airflow/example_dags/example_branch_labels.py took 0.090 seconds
[2024-05-31T04:06:12.710+0000] {processor.py:154} INFO - Started process (PID=197) to work on /home/airflow/.local/lib/python3.7/site-packages/airflow/example_dags/example_branch_labels.py
[2024-05-31T04:06:12.711+0000] {processor.py:756} INFO - Processing file /home/airflow/.local/lib/python3.7/site-packages/airflow/example_dags/example_branch_labels.py for tasks to queue
[2024-05-31T04:06:12.712+0000] {logging_mixin.py:120} INFO - [2024-05-31T04:06:12.711+0000] {dagbag.py:537} INFO - Filling up the DagBag from /home/airflow/.local/lib/python3.7/site-packages/airflow/example_dags/example_branch_labels.py
[2024-05-31T04:06:12.724+0000] {processor.py:766} INFO - DAG(s) dict_keys(['example_branch_labels']) retrieved from /home/airflow/.local/lib/python3.7/site-packages/airflow/example_dags/example_branch_labels.py
[2024-05-31T04:06:12.757+0000] {logging_mixin.py:120} INFO - [2024-05-31T04:06:12.757+0000] {dag.py:2585} INFO - Sync 1 DAGs
[2024-05-31T04:06:12.781+0000] {logging_mixin.py:120} INFO - [2024-05-31T04:06:12.781+0000] {dag.py:3340} INFO - Setting next_dagrun for example_branch_labels to 2024-05-30T00:00:00+00:00, run_after=2024-05-31T00:00:00+00:00
[2024-05-31T04:06:12.800+0000] {processor.py:176} INFO - Processing /home/airflow/.local/lib/python3.7/site-packages/airflow/example_dags/example_branch_labels.py took 0.093 seconds
[2024-05-31T04:06:43.267+0000] {processor.py:154} INFO - Started process (PID=251) to work on /home/airflow/.local/lib/python3.7/site-packages/airflow/example_dags/example_branch_labels.py
[2024-05-31T04:06:43.268+0000] {processor.py:756} INFO - Processing file /home/airflow/.local/lib/python3.7/site-packages/airflow/example_dags/example_branch_labels.py for tasks to queue
[2024-05-31T04:06:43.268+0000] {logging_mixin.py:120} INFO - [2024-05-31T04:06:43.268+0000] {dagbag.py:537} INFO - Filling up the DagBag from /home/airflow/.local/lib/python3.7/site-packages/airflow/example_dags/example_branch_labels.py
[2024-05-31T04:06:43.280+0000] {processor.py:766} INFO - DAG(s) dict_keys(['example_branch_labels']) retrieved from /home/airflow/.local/lib/python3.7/site-packages/airflow/example_dags/example_branch_labels.py
[2024-05-31T04:06:43.317+0000] {logging_mixin.py:120} INFO - [2024-05-31T04:06:43.316+0000] {dag.py:2585} INFO - Sync 1 DAGs
[2024-05-31T04:06:43.343+0000] {logging_mixin.py:120} INFO - [2024-05-31T04:06:43.343+0000] {dag.py:3340} INFO - Setting next_dagrun for example_branch_labels to 2024-05-30T00:00:00+00:00, run_after=2024-05-31T00:00:00+00:00
[2024-05-31T04:06:43.367+0000] {processor.py:176} INFO - Processing /home/airflow/.local/lib/python3.7/site-packages/airflow/example_dags/example_branch_labels.py took 0.103 seconds
[2024-05-31T04:07:13.807+0000] {processor.py:154} INFO - Started process (PID=314) to work on /home/airflow/.local/lib/python3.7/site-packages/airflow/example_dags/example_branch_labels.py
[2024-05-31T04:07:13.808+0000] {processor.py:756} INFO - Processing file /home/airflow/.local/lib/python3.7/site-packages/airflow/example_dags/example_branch_labels.py for tasks to queue
[2024-05-31T04:07:13.809+0000] {logging_mixin.py:120} INFO - [2024-05-31T04:07:13.809+0000] {dagbag.py:537} INFO - Filling up the DagBag from /home/airflow/.local/lib/python3.7/site-packages/airflow/example_dags/example_branch_labels.py
[2024-05-31T04:07:13.821+0000] {processor.py:766} INFO - DAG(s) dict_keys(['example_branch_labels']) retrieved from /home/airflow/.local/lib/python3.7/site-packages/airflow/example_dags/example_branch_labels.py
[2024-05-31T04:07:13.856+0000] {logging_mixin.py:120} INFO - [2024-05-31T04:07:13.856+0000] {dag.py:2585} INFO - Sync 1 DAGs
[2024-05-31T04:07:13.881+0000] {logging_mixin.py:120} INFO - [2024-05-31T04:07:13.880+0000] {dag.py:3340} INFO - Setting next_dagrun for example_branch_labels to 2024-05-30T00:00:00+00:00, run_after=2024-05-31T00:00:00+00:00
[2024-05-31T04:07:13.898+0000] {processor.py:176} INFO - Processing /home/airflow/.local/lib/python3.7/site-packages/airflow/example_dags/example_branch_labels.py took 0.093 seconds
[2024-05-31T04:07:44.723+0000] {processor.py:154} INFO - Started process (PID=377) to work on /home/airflow/.local/lib/python3.7/site-packages/airflow/example_dags/example_branch_labels.py
[2024-05-31T04:07:44.724+0000] {processor.py:756} INFO - Processing file /home/airflow/.local/lib/python3.7/site-packages/airflow/example_dags/example_branch_labels.py for tasks to queue
[2024-05-31T04:07:44.725+0000] {logging_mixin.py:120} INFO - [2024-05-31T04:07:44.725+0000] {dagbag.py:537} INFO - Filling up the DagBag from /home/airflow/.local/lib/python3.7/site-packages/airflow/example_dags/example_branch_labels.py
[2024-05-31T04:07:44.740+0000] {processor.py:766} INFO - DAG(s) dict_keys(['example_branch_labels']) retrieved from /home/airflow/.local/lib/python3.7/site-packages/airflow/example_dags/example_branch_labels.py
[2024-05-31T04:07:44.781+0000] {logging_mixin.py:120} INFO - [2024-05-31T04:07:44.781+0000] {dag.py:2585} INFO - Sync 1 DAGs
[2024-05-31T04:07:44.808+0000] {logging_mixin.py:120} INFO - [2024-05-31T04:07:44.808+0000] {dag.py:3340} INFO - Setting next_dagrun for example_branch_labels to 2024-05-30T00:00:00+00:00, run_after=2024-05-31T00:00:00+00:00
[2024-05-31T04:07:44.828+0000] {processor.py:176} INFO - Processing /home/airflow/.local/lib/python3.7/site-packages/airflow/example_dags/example_branch_labels.py took 0.107 seconds
[2024-05-31T04:08:15.119+0000] {processor.py:154} INFO - Started process (PID=440) to work on /home/airflow/.local/lib/python3.7/site-packages/airflow/example_dags/example_branch_labels.py
[2024-05-31T04:08:15.120+0000] {processor.py:756} INFO - Processing file /home/airflow/.local/lib/python3.7/site-packages/airflow/example_dags/example_branch_labels.py for tasks to queue
[2024-05-31T04:08:15.120+0000] {logging_mixin.py:120} INFO - [2024-05-31T04:08:15.120+0000] {dagbag.py:537} INFO - Filling up the DagBag from /home/airflow/.local/lib/python3.7/site-packages/airflow/example_dags/example_branch_labels.py
[2024-05-31T04:08:15.133+0000] {processor.py:766} INFO - DAG(s) dict_keys(['example_branch_labels']) retrieved from /home/airflow/.local/lib/python3.7/site-packages/airflow/example_dags/example_branch_labels.py
[2024-05-31T04:08:15.165+0000] {logging_mixin.py:120} INFO - [2024-05-31T04:08:15.165+0000] {dag.py:2585} INFO - Sync 1 DAGs
[2024-05-31T04:08:15.195+0000] {logging_mixin.py:120} INFO - [2024-05-31T04:08:15.195+0000] {dag.py:3340} INFO - Setting next_dagrun for example_branch_labels to 2024-05-30T00:00:00+00:00, run_after=2024-05-31T00:00:00+00:00
[2024-05-31T04:08:15.214+0000] {processor.py:176} INFO - Processing /home/airflow/.local/lib/python3.7/site-packages/airflow/example_dags/example_branch_labels.py took 0.098 seconds
[2024-05-31T04:08:45.702+0000] {processor.py:154} INFO - Started process (PID=494) to work on /home/airflow/.local/lib/python3.7/site-packages/airflow/example_dags/example_branch_labels.py
[2024-05-31T04:08:45.703+0000] {processor.py:756} INFO - Processing file /home/airflow/.local/lib/python3.7/site-packages/airflow/example_dags/example_branch_labels.py for tasks to queue
[2024-05-31T04:08:45.704+0000] {logging_mixin.py:120} INFO - [2024-05-31T04:08:45.704+0000] {dagbag.py:537} INFO - Filling up the DagBag from /home/airflow/.local/lib/python3.7/site-packages/airflow/example_dags/example_branch_labels.py
[2024-05-31T04:08:45.719+0000] {processor.py:766} INFO - DAG(s) dict_keys(['example_branch_labels']) retrieved from /home/airflow/.local/lib/python3.7/site-packages/airflow/example_dags/example_branch_labels.py
[2024-05-31T04:08:45.768+0000] {logging_mixin.py:120} INFO - [2024-05-31T04:08:45.768+0000] {dag.py:2585} INFO - Sync 1 DAGs
[2024-05-31T04:08:45.796+0000] {logging_mixin.py:120} INFO - [2024-05-31T04:08:45.796+0000] {dag.py:3340} INFO - Setting next_dagrun for example_branch_labels to 2024-05-30T00:00:00+00:00, run_after=2024-05-31T00:00:00+00:00
[2024-05-31T04:08:45.816+0000] {processor.py:176} INFO - Processing /home/airflow/.local/lib/python3.7/site-packages/airflow/example_dags/example_branch_labels.py took 0.116 seconds
[2024-05-31T04:09:16.326+0000] {processor.py:154} INFO - Started process (PID=557) to work on /home/airflow/.local/lib/python3.7/site-packages/airflow/example_dags/example_branch_labels.py
[2024-05-31T04:09:16.327+0000] {processor.py:756} INFO - Processing file /home/airflow/.local/lib/python3.7/site-packages/airflow/example_dags/example_branch_labels.py for tasks to queue
[2024-05-31T04:09:16.328+0000] {logging_mixin.py:120} INFO - [2024-05-31T04:09:16.328+0000] {dagbag.py:537} INFO - Filling up the DagBag from /home/airflow/.local/lib/python3.7/site-packages/airflow/example_dags/example_branch_labels.py
[2024-05-31T04:09:16.341+0000] {processor.py:766} INFO - DAG(s) dict_keys(['example_branch_labels']) retrieved from /home/airflow/.local/lib/python3.7/site-packages/airflow/example_dags/example_branch_labels.py
[2024-05-31T04:09:16.381+0000] {logging_mixin.py:120} INFO - [2024-05-31T04:09:16.380+0000] {dag.py:2585} INFO - Sync 1 DAGs
[2024-05-31T04:09:16.405+0000] {logging_mixin.py:120} INFO - [2024-05-31T04:09:16.405+0000] {dag.py:3340} INFO - Setting next_dagrun for example_branch_labels to 2024-05-30T00:00:00+00:00, run_after=2024-05-31T00:00:00+00:00
[2024-05-31T04:09:16.422+0000] {processor.py:176} INFO - Processing /home/airflow/.local/lib/python3.7/site-packages/airflow/example_dags/example_branch_labels.py took 0.098 seconds
