[2024-05-31T04:05:12.753+0000] {processor.py:154} INFO - Started process (PID=75) to work on /home/airflow/.local/lib/python3.7/site-packages/airflow/example_dags/example_external_task_marker_dag.py
[2024-05-31T04:05:12.755+0000] {processor.py:756} INFO - Processing file /home/airflow/.local/lib/python3.7/site-packages/airflow/example_dags/example_external_task_marker_dag.py for tasks to queue
[2024-05-31T04:05:12.756+0000] {logging_mixin.py:120} INFO - [2024-05-31T04:05:12.756+0000] {dagbag.py:537} INFO - Filling up the DagBag from /home/airflow/.local/lib/python3.7/site-packages/airflow/example_dags/example_external_task_marker_dag.py
[2024-05-31T04:05:12.782+0000] {processor.py:766} INFO - DAG(s) dict_keys(['example_external_task_marker_child', 'example_external_task_marker_parent']) retrieved from /home/airflow/.local/lib/python3.7/site-packages/airflow/example_dags/example_external_task_marker_dag.py
[2024-05-31T04:05:13.330+0000] {logging_mixin.py:120} INFO - [2024-05-31T04:05:13.330+0000] {manager.py:507} INFO - Created Permission View: can read on DAG:example_external_task_marker_child
[2024-05-31T04:05:13.355+0000] {logging_mixin.py:120} INFO - [2024-05-31T04:05:13.354+0000] {manager.py:507} INFO - Created Permission View: can edit on DAG:example_external_task_marker_child
[2024-05-31T04:05:13.374+0000] {logging_mixin.py:120} INFO - [2024-05-31T04:05:13.374+0000] {manager.py:507} INFO - Created Permission View: can delete on DAG:example_external_task_marker_child
[2024-05-31T04:05:13.405+0000] {logging_mixin.py:120} INFO - [2024-05-31T04:05:13.405+0000] {manager.py:507} INFO - Created Permission View: can read on DAG:example_external_task_marker_parent
[2024-05-31T04:05:13.418+0000] {logging_mixin.py:120} INFO - [2024-05-31T04:05:13.418+0000] {manager.py:507} INFO - Created Permission View: can edit on DAG:example_external_task_marker_parent
[2024-05-31T04:05:13.437+0000] {logging_mixin.py:120} INFO - [2024-05-31T04:05:13.437+0000] {manager.py:507} INFO - Created Permission View: can delete on DAG:example_external_task_marker_parent
[2024-05-31T04:05:13.438+0000] {logging_mixin.py:120} INFO - [2024-05-31T04:05:13.438+0000] {dag.py:2585} INFO - Sync 2 DAGs
[2024-05-31T04:05:13.462+0000] {logging_mixin.py:120} INFO - [2024-05-31T04:05:13.462+0000] {dag.py:2606} INFO - Creating ORM DAG for example_external_task_marker_parent
[2024-05-31T04:05:13.463+0000] {logging_mixin.py:120} INFO - [2024-05-31T04:05:13.463+0000] {dag.py:2606} INFO - Creating ORM DAG for example_external_task_marker_child
[2024-05-31T04:05:13.483+0000] {logging_mixin.py:120} INFO - [2024-05-31T04:05:13.483+0000] {dag.py:3340} INFO - Setting next_dagrun for example_external_task_marker_child to None, run_after=None
[2024-05-31T04:05:13.485+0000] {logging_mixin.py:120} INFO - [2024-05-31T04:05:13.484+0000] {dag.py:3340} INFO - Setting next_dagrun for example_external_task_marker_parent to None, run_after=None
[2024-05-31T04:05:13.519+0000] {processor.py:176} INFO - Processing /home/airflow/.local/lib/python3.7/site-packages/airflow/example_dags/example_external_task_marker_dag.py took 0.770 seconds
[2024-05-31T04:05:43.563+0000] {processor.py:154} INFO - Started process (PID=138) to work on /home/airflow/.local/lib/python3.7/site-packages/airflow/example_dags/example_external_task_marker_dag.py
[2024-05-31T04:05:43.564+0000] {processor.py:756} INFO - Processing file /home/airflow/.local/lib/python3.7/site-packages/airflow/example_dags/example_external_task_marker_dag.py for tasks to queue
[2024-05-31T04:05:43.565+0000] {logging_mixin.py:120} INFO - [2024-05-31T04:05:43.565+0000] {dagbag.py:537} INFO - Filling up the DagBag from /home/airflow/.local/lib/python3.7/site-packages/airflow/example_dags/example_external_task_marker_dag.py
[2024-05-31T04:05:43.576+0000] {processor.py:766} INFO - DAG(s) dict_keys(['example_external_task_marker_parent', 'example_external_task_marker_child']) retrieved from /home/airflow/.local/lib/python3.7/site-packages/airflow/example_dags/example_external_task_marker_dag.py
[2024-05-31T04:05:43.746+0000] {logging_mixin.py:120} INFO - [2024-05-31T04:05:43.746+0000] {dag.py:2585} INFO - Sync 2 DAGs
[2024-05-31T04:05:43.771+0000] {logging_mixin.py:120} INFO - [2024-05-31T04:05:43.771+0000] {dag.py:3340} INFO - Setting next_dagrun for example_external_task_marker_child to None, run_after=None
[2024-05-31T04:05:43.775+0000] {logging_mixin.py:120} INFO - [2024-05-31T04:05:43.774+0000] {dag.py:3340} INFO - Setting next_dagrun for example_external_task_marker_parent to None, run_after=None
[2024-05-31T04:05:43.791+0000] {processor.py:176} INFO - Processing /home/airflow/.local/lib/python3.7/site-packages/airflow/example_dags/example_external_task_marker_dag.py took 0.231 seconds
[2024-05-31T04:06:14.023+0000] {processor.py:154} INFO - Started process (PID=202) to work on /home/airflow/.local/lib/python3.7/site-packages/airflow/example_dags/example_external_task_marker_dag.py
[2024-05-31T04:06:14.024+0000] {processor.py:756} INFO - Processing file /home/airflow/.local/lib/python3.7/site-packages/airflow/example_dags/example_external_task_marker_dag.py for tasks to queue
[2024-05-31T04:06:14.025+0000] {logging_mixin.py:120} INFO - [2024-05-31T04:06:14.025+0000] {dagbag.py:537} INFO - Filling up the DagBag from /home/airflow/.local/lib/python3.7/site-packages/airflow/example_dags/example_external_task_marker_dag.py
[2024-05-31T04:06:14.036+0000] {processor.py:766} INFO - DAG(s) dict_keys(['example_external_task_marker_child', 'example_external_task_marker_parent']) retrieved from /home/airflow/.local/lib/python3.7/site-packages/airflow/example_dags/example_external_task_marker_dag.py
[2024-05-31T04:06:14.243+0000] {logging_mixin.py:120} INFO - [2024-05-31T04:06:14.243+0000] {dag.py:2585} INFO - Sync 2 DAGs
[2024-05-31T04:06:14.268+0000] {logging_mixin.py:120} INFO - [2024-05-31T04:06:14.268+0000] {dag.py:3340} INFO - Setting next_dagrun for example_external_task_marker_child to None, run_after=None
[2024-05-31T04:06:14.272+0000] {logging_mixin.py:120} INFO - [2024-05-31T04:06:14.272+0000] {dag.py:3340} INFO - Setting next_dagrun for example_external_task_marker_parent to None, run_after=None
[2024-05-31T04:06:14.288+0000] {processor.py:176} INFO - Processing /home/airflow/.local/lib/python3.7/site-packages/airflow/example_dags/example_external_task_marker_dag.py took 0.268 seconds
[2024-05-31T04:06:44.597+0000] {processor.py:154} INFO - Started process (PID=263) to work on /home/airflow/.local/lib/python3.7/site-packages/airflow/example_dags/example_external_task_marker_dag.py
[2024-05-31T04:06:44.598+0000] {processor.py:756} INFO - Processing file /home/airflow/.local/lib/python3.7/site-packages/airflow/example_dags/example_external_task_marker_dag.py for tasks to queue
[2024-05-31T04:06:44.598+0000] {logging_mixin.py:120} INFO - [2024-05-31T04:06:44.598+0000] {dagbag.py:537} INFO - Filling up the DagBag from /home/airflow/.local/lib/python3.7/site-packages/airflow/example_dags/example_external_task_marker_dag.py
[2024-05-31T04:06:44.610+0000] {processor.py:766} INFO - DAG(s) dict_keys(['example_external_task_marker_child', 'example_external_task_marker_parent']) retrieved from /home/airflow/.local/lib/python3.7/site-packages/airflow/example_dags/example_external_task_marker_dag.py
[2024-05-31T04:06:44.792+0000] {logging_mixin.py:120} INFO - [2024-05-31T04:06:44.791+0000] {dag.py:2585} INFO - Sync 2 DAGs
[2024-05-31T04:06:44.815+0000] {logging_mixin.py:120} INFO - [2024-05-31T04:06:44.815+0000] {dag.py:3340} INFO - Setting next_dagrun for example_external_task_marker_child to None, run_after=None
[2024-05-31T04:06:44.818+0000] {logging_mixin.py:120} INFO - [2024-05-31T04:06:44.818+0000] {dag.py:3340} INFO - Setting next_dagrun for example_external_task_marker_parent to None, run_after=None
[2024-05-31T04:06:44.834+0000] {processor.py:176} INFO - Processing /home/airflow/.local/lib/python3.7/site-packages/airflow/example_dags/example_external_task_marker_dag.py took 0.241 seconds
[2024-05-31T04:07:15.205+0000] {processor.py:154} INFO - Started process (PID=319) to work on /home/airflow/.local/lib/python3.7/site-packages/airflow/example_dags/example_external_task_marker_dag.py
[2024-05-31T04:07:15.206+0000] {processor.py:756} INFO - Processing file /home/airflow/.local/lib/python3.7/site-packages/airflow/example_dags/example_external_task_marker_dag.py for tasks to queue
[2024-05-31T04:07:15.207+0000] {logging_mixin.py:120} INFO - [2024-05-31T04:07:15.207+0000] {dagbag.py:537} INFO - Filling up the DagBag from /home/airflow/.local/lib/python3.7/site-packages/airflow/example_dags/example_external_task_marker_dag.py
[2024-05-31T04:07:15.218+0000] {processor.py:766} INFO - DAG(s) dict_keys(['example_external_task_marker_parent', 'example_external_task_marker_child']) retrieved from /home/airflow/.local/lib/python3.7/site-packages/airflow/example_dags/example_external_task_marker_dag.py
[2024-05-31T04:07:15.411+0000] {logging_mixin.py:120} INFO - [2024-05-31T04:07:15.411+0000] {dag.py:2585} INFO - Sync 2 DAGs
[2024-05-31T04:07:15.433+0000] {logging_mixin.py:120} INFO - [2024-05-31T04:07:15.433+0000] {dag.py:3340} INFO - Setting next_dagrun for example_external_task_marker_child to None, run_after=None
[2024-05-31T04:07:15.437+0000] {logging_mixin.py:120} INFO - [2024-05-31T04:07:15.437+0000] {dag.py:3340} INFO - Setting next_dagrun for example_external_task_marker_parent to None, run_after=None
[2024-05-31T04:07:15.451+0000] {processor.py:176} INFO - Processing /home/airflow/.local/lib/python3.7/site-packages/airflow/example_dags/example_external_task_marker_dag.py took 0.249 seconds
[2024-05-31T04:07:45.888+0000] {processor.py:154} INFO - Started process (PID=382) to work on /home/airflow/.local/lib/python3.7/site-packages/airflow/example_dags/example_external_task_marker_dag.py
[2024-05-31T04:07:45.888+0000] {processor.py:756} INFO - Processing file /home/airflow/.local/lib/python3.7/site-packages/airflow/example_dags/example_external_task_marker_dag.py for tasks to queue
[2024-05-31T04:07:45.889+0000] {logging_mixin.py:120} INFO - [2024-05-31T04:07:45.889+0000] {dagbag.py:537} INFO - Filling up the DagBag from /home/airflow/.local/lib/python3.7/site-packages/airflow/example_dags/example_external_task_marker_dag.py
[2024-05-31T04:07:45.902+0000] {processor.py:766} INFO - DAG(s) dict_keys(['example_external_task_marker_parent', 'example_external_task_marker_child']) retrieved from /home/airflow/.local/lib/python3.7/site-packages/airflow/example_dags/example_external_task_marker_dag.py
[2024-05-31T04:07:46.093+0000] {logging_mixin.py:120} INFO - [2024-05-31T04:07:46.093+0000] {dag.py:2585} INFO - Sync 2 DAGs
[2024-05-31T04:07:46.120+0000] {logging_mixin.py:120} INFO - [2024-05-31T04:07:46.120+0000] {dag.py:3340} INFO - Setting next_dagrun for example_external_task_marker_child to None, run_after=None
[2024-05-31T04:07:46.124+0000] {logging_mixin.py:120} INFO - [2024-05-31T04:07:46.124+0000] {dag.py:3340} INFO - Setting next_dagrun for example_external_task_marker_parent to None, run_after=None
[2024-05-31T04:07:46.142+0000] {processor.py:176} INFO - Processing /home/airflow/.local/lib/python3.7/site-packages/airflow/example_dags/example_external_task_marker_dag.py took 0.257 seconds
[2024-05-31T04:08:16.384+0000] {processor.py:154} INFO - Started process (PID=445) to work on /home/airflow/.local/lib/python3.7/site-packages/airflow/example_dags/example_external_task_marker_dag.py
[2024-05-31T04:08:16.385+0000] {processor.py:756} INFO - Processing file /home/airflow/.local/lib/python3.7/site-packages/airflow/example_dags/example_external_task_marker_dag.py for tasks to queue
[2024-05-31T04:08:16.386+0000] {logging_mixin.py:120} INFO - [2024-05-31T04:08:16.386+0000] {dagbag.py:537} INFO - Filling up the DagBag from /home/airflow/.local/lib/python3.7/site-packages/airflow/example_dags/example_external_task_marker_dag.py
[2024-05-31T04:08:16.397+0000] {processor.py:766} INFO - DAG(s) dict_keys(['example_external_task_marker_child', 'example_external_task_marker_parent']) retrieved from /home/airflow/.local/lib/python3.7/site-packages/airflow/example_dags/example_external_task_marker_dag.py
[2024-05-31T04:08:16.589+0000] {logging_mixin.py:120} INFO - [2024-05-31T04:08:16.589+0000] {dag.py:2585} INFO - Sync 2 DAGs
[2024-05-31T04:08:16.611+0000] {logging_mixin.py:120} INFO - [2024-05-31T04:08:16.610+0000] {dag.py:3340} INFO - Setting next_dagrun for example_external_task_marker_child to None, run_after=None
[2024-05-31T04:08:16.614+0000] {logging_mixin.py:120} INFO - [2024-05-31T04:08:16.614+0000] {dag.py:3340} INFO - Setting next_dagrun for example_external_task_marker_parent to None, run_after=None
[2024-05-31T04:08:16.631+0000] {processor.py:176} INFO - Processing /home/airflow/.local/lib/python3.7/site-packages/airflow/example_dags/example_external_task_marker_dag.py took 0.250 seconds
[2024-05-31T04:08:47.132+0000] {processor.py:154} INFO - Started process (PID=499) to work on /home/airflow/.local/lib/python3.7/site-packages/airflow/example_dags/example_external_task_marker_dag.py
[2024-05-31T04:08:47.133+0000] {processor.py:756} INFO - Processing file /home/airflow/.local/lib/python3.7/site-packages/airflow/example_dags/example_external_task_marker_dag.py for tasks to queue
[2024-05-31T04:08:47.134+0000] {logging_mixin.py:120} INFO - [2024-05-31T04:08:47.134+0000] {dagbag.py:537} INFO - Filling up the DagBag from /home/airflow/.local/lib/python3.7/site-packages/airflow/example_dags/example_external_task_marker_dag.py
[2024-05-31T04:08:47.148+0000] {processor.py:766} INFO - DAG(s) dict_keys(['example_external_task_marker_parent', 'example_external_task_marker_child']) retrieved from /home/airflow/.local/lib/python3.7/site-packages/airflow/example_dags/example_external_task_marker_dag.py
[2024-05-31T04:08:47.355+0000] {logging_mixin.py:120} INFO - [2024-05-31T04:08:47.355+0000] {dag.py:2585} INFO - Sync 2 DAGs
[2024-05-31T04:08:47.379+0000] {logging_mixin.py:120} INFO - [2024-05-31T04:08:47.379+0000] {dag.py:3340} INFO - Setting next_dagrun for example_external_task_marker_child to None, run_after=None
[2024-05-31T04:08:47.383+0000] {logging_mixin.py:120} INFO - [2024-05-31T04:08:47.383+0000] {dag.py:3340} INFO - Setting next_dagrun for example_external_task_marker_parent to None, run_after=None
[2024-05-31T04:08:47.399+0000] {processor.py:176} INFO - Processing /home/airflow/.local/lib/python3.7/site-packages/airflow/example_dags/example_external_task_marker_dag.py took 0.270 seconds
[2024-05-31T04:09:17.721+0000] {processor.py:154} INFO - Started process (PID=562) to work on /home/airflow/.local/lib/python3.7/site-packages/airflow/example_dags/example_external_task_marker_dag.py
[2024-05-31T04:09:17.721+0000] {processor.py:756} INFO - Processing file /home/airflow/.local/lib/python3.7/site-packages/airflow/example_dags/example_external_task_marker_dag.py for tasks to queue
[2024-05-31T04:09:17.722+0000] {logging_mixin.py:120} INFO - [2024-05-31T04:09:17.722+0000] {dagbag.py:537} INFO - Filling up the DagBag from /home/airflow/.local/lib/python3.7/site-packages/airflow/example_dags/example_external_task_marker_dag.py
[2024-05-31T04:09:17.734+0000] {processor.py:766} INFO - DAG(s) dict_keys(['example_external_task_marker_child', 'example_external_task_marker_parent']) retrieved from /home/airflow/.local/lib/python3.7/site-packages/airflow/example_dags/example_external_task_marker_dag.py
[2024-05-31T04:09:17.923+0000] {logging_mixin.py:120} INFO - [2024-05-31T04:09:17.923+0000] {dag.py:2585} INFO - Sync 2 DAGs
[2024-05-31T04:09:17.945+0000] {logging_mixin.py:120} INFO - [2024-05-31T04:09:17.944+0000] {dag.py:3340} INFO - Setting next_dagrun for example_external_task_marker_child to None, run_after=None
[2024-05-31T04:09:17.949+0000] {logging_mixin.py:120} INFO - [2024-05-31T04:09:17.948+0000] {dag.py:3340} INFO - Setting next_dagrun for example_external_task_marker_parent to None, run_after=None
[2024-05-31T04:09:17.969+0000] {processor.py:176} INFO - Processing /home/airflow/.local/lib/python3.7/site-packages/airflow/example_dags/example_external_task_marker_dag.py took 0.251 seconds
