[2024-05-31T04:05:05.386+0000] {processor.py:154} INFO - Started process (PID=51) to work on /home/airflow/.local/lib/python3.7/site-packages/airflow/example_dags/example_branch_datetime_operator.py
[2024-05-31T04:05:05.412+0000] {processor.py:756} INFO - Processing file /home/airflow/.local/lib/python3.7/site-packages/airflow/example_dags/example_branch_datetime_operator.py for tasks to queue
[2024-05-31T04:05:05.420+0000] {logging_mixin.py:120} INFO - [2024-05-31T04:05:05.416+0000] {dagbag.py:537} INFO - Filling up the DagBag from /home/airflow/.local/lib/python3.7/site-packages/airflow/example_dags/example_branch_datetime_operator.py
[2024-05-31T04:05:05.646+0000] {processor.py:766} INFO - DAG(s) dict_keys(['example_branch_datetime_operator', 'example_branch_datetime_operator_3', 'example_branch_datetime_operator_2']) retrieved from /home/airflow/.local/lib/python3.7/site-packages/airflow/example_dags/example_branch_datetime_operator.py
[2024-05-31T04:05:06.210+0000] {logging_mixin.py:120} INFO - [2024-05-31T04:05:06.210+0000] {manager.py:507} INFO - Created Permission View: can read on DAG:example_branch_datetime_operator
[2024-05-31T04:05:06.238+0000] {logging_mixin.py:120} INFO - [2024-05-31T04:05:06.238+0000] {manager.py:507} INFO - Created Permission View: can edit on DAG:example_branch_datetime_operator
[2024-05-31T04:05:06.260+0000] {logging_mixin.py:120} INFO - [2024-05-31T04:05:06.259+0000] {manager.py:507} INFO - Created Permission View: can delete on DAG:example_branch_datetime_operator
[2024-05-31T04:05:06.291+0000] {logging_mixin.py:120} INFO - [2024-05-31T04:05:06.290+0000] {manager.py:507} INFO - Created Permission View: can read on DAG:example_branch_datetime_operator_3
[2024-05-31T04:05:06.307+0000] {logging_mixin.py:120} INFO - [2024-05-31T04:05:06.307+0000] {manager.py:507} INFO - Created Permission View: can edit on DAG:example_branch_datetime_operator_3
[2024-05-31T04:05:06.319+0000] {logging_mixin.py:120} INFO - [2024-05-31T04:05:06.319+0000] {manager.py:507} INFO - Created Permission View: can delete on DAG:example_branch_datetime_operator_3
[2024-05-31T04:05:06.344+0000] {logging_mixin.py:120} INFO - [2024-05-31T04:05:06.344+0000] {manager.py:507} INFO - Created Permission View: can read on DAG:example_branch_datetime_operator_2
[2024-05-31T04:05:06.357+0000] {logging_mixin.py:120} INFO - [2024-05-31T04:05:06.357+0000] {manager.py:507} INFO - Created Permission View: can edit on DAG:example_branch_datetime_operator_2
[2024-05-31T04:05:06.375+0000] {logging_mixin.py:120} INFO - [2024-05-31T04:05:06.375+0000] {manager.py:507} INFO - Created Permission View: can delete on DAG:example_branch_datetime_operator_2
[2024-05-31T04:05:06.377+0000] {logging_mixin.py:120} INFO - [2024-05-31T04:05:06.377+0000] {dag.py:2585} INFO - Sync 3 DAGs
[2024-05-31T04:05:06.407+0000] {logging_mixin.py:120} INFO - [2024-05-31T04:05:06.407+0000] {dag.py:2606} INFO - Creating ORM DAG for example_branch_datetime_operator
[2024-05-31T04:05:06.408+0000] {logging_mixin.py:120} INFO - [2024-05-31T04:05:06.408+0000] {dag.py:2606} INFO - Creating ORM DAG for example_branch_datetime_operator_3
[2024-05-31T04:05:06.409+0000] {logging_mixin.py:120} INFO - [2024-05-31T04:05:06.409+0000] {dag.py:2606} INFO - Creating ORM DAG for example_branch_datetime_operator_2
[2024-05-31T04:05:06.431+0000] {logging_mixin.py:120} INFO - [2024-05-31T04:05:06.431+0000] {dag.py:3340} INFO - Setting next_dagrun for example_branch_datetime_operator to 2024-05-30T00:00:00+00:00, run_after=2024-05-31T00:00:00+00:00
[2024-05-31T04:05:06.434+0000] {logging_mixin.py:120} INFO - [2024-05-31T04:05:06.434+0000] {dag.py:3340} INFO - Setting next_dagrun for example_branch_datetime_operator_2 to 2024-05-30T00:00:00+00:00, run_after=2024-05-31T00:00:00+00:00
[2024-05-31T04:05:06.446+0000] {logging_mixin.py:120} INFO - [2024-05-31T04:05:06.446+0000] {dag.py:3340} INFO - Setting next_dagrun for example_branch_datetime_operator_3 to 2024-05-30T00:00:00+00:00, run_after=2024-05-31T00:00:00+00:00
[2024-05-31T04:05:06.533+0000] {processor.py:176} INFO - Processing /home/airflow/.local/lib/python3.7/site-packages/airflow/example_dags/example_branch_datetime_operator.py took 1.205 seconds
[2024-05-31T04:05:36.856+0000] {processor.py:154} INFO - Started process (PID=105) to work on /home/airflow/.local/lib/python3.7/site-packages/airflow/example_dags/example_branch_datetime_operator.py
[2024-05-31T04:05:36.857+0000] {processor.py:756} INFO - Processing file /home/airflow/.local/lib/python3.7/site-packages/airflow/example_dags/example_branch_datetime_operator.py for tasks to queue
[2024-05-31T04:05:36.858+0000] {logging_mixin.py:120} INFO - [2024-05-31T04:05:36.858+0000] {dagbag.py:537} INFO - Filling up the DagBag from /home/airflow/.local/lib/python3.7/site-packages/airflow/example_dags/example_branch_datetime_operator.py
[2024-05-31T04:05:36.876+0000] {processor.py:766} INFO - DAG(s) dict_keys(['example_branch_datetime_operator', 'example_branch_datetime_operator_2', 'example_branch_datetime_operator_3']) retrieved from /home/airflow/.local/lib/python3.7/site-packages/airflow/example_dags/example_branch_datetime_operator.py
[2024-05-31T04:05:36.923+0000] {logging_mixin.py:120} INFO - [2024-05-31T04:05:36.923+0000] {dag.py:2585} INFO - Sync 3 DAGs
[2024-05-31T04:05:36.948+0000] {logging_mixin.py:120} INFO - [2024-05-31T04:05:36.948+0000] {dag.py:3340} INFO - Setting next_dagrun for example_branch_datetime_operator to 2024-05-30T00:00:00+00:00, run_after=2024-05-31T00:00:00+00:00
[2024-05-31T04:05:36.953+0000] {logging_mixin.py:120} INFO - [2024-05-31T04:05:36.953+0000] {dag.py:3340} INFO - Setting next_dagrun for example_branch_datetime_operator_2 to 2024-05-30T00:00:00+00:00, run_after=2024-05-31T00:00:00+00:00
[2024-05-31T04:05:36.956+0000] {logging_mixin.py:120} INFO - [2024-05-31T04:05:36.956+0000] {dag.py:3340} INFO - Setting next_dagrun for example_branch_datetime_operator_3 to 2024-05-30T00:00:00+00:00, run_after=2024-05-31T00:00:00+00:00
[2024-05-31T04:05:36.979+0000] {processor.py:176} INFO - Processing /home/airflow/.local/lib/python3.7/site-packages/airflow/example_dags/example_branch_datetime_operator.py took 0.126 seconds
[2024-05-31T04:06:07.453+0000] {processor.py:154} INFO - Started process (PID=169) to work on /home/airflow/.local/lib/python3.7/site-packages/airflow/example_dags/example_branch_datetime_operator.py
[2024-05-31T04:06:07.453+0000] {processor.py:756} INFO - Processing file /home/airflow/.local/lib/python3.7/site-packages/airflow/example_dags/example_branch_datetime_operator.py for tasks to queue
[2024-05-31T04:06:07.454+0000] {logging_mixin.py:120} INFO - [2024-05-31T04:06:07.454+0000] {dagbag.py:537} INFO - Filling up the DagBag from /home/airflow/.local/lib/python3.7/site-packages/airflow/example_dags/example_branch_datetime_operator.py
[2024-05-31T04:06:07.472+0000] {processor.py:766} INFO - DAG(s) dict_keys(['example_branch_datetime_operator_2', 'example_branch_datetime_operator_3', 'example_branch_datetime_operator']) retrieved from /home/airflow/.local/lib/python3.7/site-packages/airflow/example_dags/example_branch_datetime_operator.py
[2024-05-31T04:06:07.517+0000] {logging_mixin.py:120} INFO - [2024-05-31T04:06:07.517+0000] {dag.py:2585} INFO - Sync 3 DAGs
[2024-05-31T04:06:07.546+0000] {logging_mixin.py:120} INFO - [2024-05-31T04:06:07.545+0000] {dag.py:3340} INFO - Setting next_dagrun for example_branch_datetime_operator to 2024-05-30T00:00:00+00:00, run_after=2024-05-31T00:00:00+00:00
[2024-05-31T04:06:07.550+0000] {logging_mixin.py:120} INFO - [2024-05-31T04:06:07.550+0000] {dag.py:3340} INFO - Setting next_dagrun for example_branch_datetime_operator_2 to 2024-05-30T00:00:00+00:00, run_after=2024-05-31T00:00:00+00:00
[2024-05-31T04:06:07.553+0000] {logging_mixin.py:120} INFO - [2024-05-31T04:06:07.553+0000] {dag.py:3340} INFO - Setting next_dagrun for example_branch_datetime_operator_3 to 2024-05-30T00:00:00+00:00, run_after=2024-05-31T00:00:00+00:00
[2024-05-31T04:06:07.571+0000] {processor.py:176} INFO - Processing /home/airflow/.local/lib/python3.7/site-packages/airflow/example_dags/example_branch_datetime_operator.py took 0.123 seconds
[2024-05-31T04:06:37.981+0000] {processor.py:154} INFO - Started process (PID=232) to work on /home/airflow/.local/lib/python3.7/site-packages/airflow/example_dags/example_branch_datetime_operator.py
[2024-05-31T04:06:37.982+0000] {processor.py:756} INFO - Processing file /home/airflow/.local/lib/python3.7/site-packages/airflow/example_dags/example_branch_datetime_operator.py for tasks to queue
[2024-05-31T04:06:37.983+0000] {logging_mixin.py:120} INFO - [2024-05-31T04:06:37.983+0000] {dagbag.py:537} INFO - Filling up the DagBag from /home/airflow/.local/lib/python3.7/site-packages/airflow/example_dags/example_branch_datetime_operator.py
[2024-05-31T04:06:38.002+0000] {processor.py:766} INFO - DAG(s) dict_keys(['example_branch_datetime_operator', 'example_branch_datetime_operator_3', 'example_branch_datetime_operator_2']) retrieved from /home/airflow/.local/lib/python3.7/site-packages/airflow/example_dags/example_branch_datetime_operator.py
[2024-05-31T04:06:38.053+0000] {logging_mixin.py:120} INFO - [2024-05-31T04:06:38.053+0000] {dag.py:2585} INFO - Sync 3 DAGs
[2024-05-31T04:06:38.080+0000] {logging_mixin.py:120} INFO - [2024-05-31T04:06:38.080+0000] {dag.py:3340} INFO - Setting next_dagrun for example_branch_datetime_operator to 2024-05-30T00:00:00+00:00, run_after=2024-05-31T00:00:00+00:00
[2024-05-31T04:06:38.084+0000] {logging_mixin.py:120} INFO - [2024-05-31T04:06:38.084+0000] {dag.py:3340} INFO - Setting next_dagrun for example_branch_datetime_operator_2 to 2024-05-30T00:00:00+00:00, run_after=2024-05-31T00:00:00+00:00
[2024-05-31T04:06:38.087+0000] {logging_mixin.py:120} INFO - [2024-05-31T04:06:38.087+0000] {dag.py:3340} INFO - Setting next_dagrun for example_branch_datetime_operator_3 to 2024-05-30T00:00:00+00:00, run_after=2024-05-31T00:00:00+00:00
[2024-05-31T04:06:38.105+0000] {processor.py:176} INFO - Processing /home/airflow/.local/lib/python3.7/site-packages/airflow/example_dags/example_branch_datetime_operator.py took 0.126 seconds
[2024-05-31T04:07:08.517+0000] {processor.py:154} INFO - Started process (PID=295) to work on /home/airflow/.local/lib/python3.7/site-packages/airflow/example_dags/example_branch_datetime_operator.py
[2024-05-31T04:07:08.518+0000] {processor.py:756} INFO - Processing file /home/airflow/.local/lib/python3.7/site-packages/airflow/example_dags/example_branch_datetime_operator.py for tasks to queue
[2024-05-31T04:07:08.519+0000] {logging_mixin.py:120} INFO - [2024-05-31T04:07:08.519+0000] {dagbag.py:537} INFO - Filling up the DagBag from /home/airflow/.local/lib/python3.7/site-packages/airflow/example_dags/example_branch_datetime_operator.py
[2024-05-31T04:07:08.540+0000] {processor.py:766} INFO - DAG(s) dict_keys(['example_branch_datetime_operator_2', 'example_branch_datetime_operator', 'example_branch_datetime_operator_3']) retrieved from /home/airflow/.local/lib/python3.7/site-packages/airflow/example_dags/example_branch_datetime_operator.py
[2024-05-31T04:07:08.590+0000] {logging_mixin.py:120} INFO - [2024-05-31T04:07:08.590+0000] {dag.py:2585} INFO - Sync 3 DAGs
[2024-05-31T04:07:08.623+0000] {logging_mixin.py:120} INFO - [2024-05-31T04:07:08.623+0000] {dag.py:3340} INFO - Setting next_dagrun for example_branch_datetime_operator to 2024-05-30T00:00:00+00:00, run_after=2024-05-31T00:00:00+00:00
[2024-05-31T04:07:08.629+0000] {logging_mixin.py:120} INFO - [2024-05-31T04:07:08.628+0000] {dag.py:3340} INFO - Setting next_dagrun for example_branch_datetime_operator_2 to 2024-05-30T00:00:00+00:00, run_after=2024-05-31T00:00:00+00:00
[2024-05-31T04:07:08.632+0000] {logging_mixin.py:120} INFO - [2024-05-31T04:07:08.632+0000] {dag.py:3340} INFO - Setting next_dagrun for example_branch_datetime_operator_3 to 2024-05-30T00:00:00+00:00, run_after=2024-05-31T00:00:00+00:00
[2024-05-31T04:07:08.656+0000] {processor.py:176} INFO - Processing /home/airflow/.local/lib/python3.7/site-packages/airflow/example_dags/example_branch_datetime_operator.py took 0.142 seconds
[2024-05-31T04:07:39.227+0000] {processor.py:154} INFO - Started process (PID=349) to work on /home/airflow/.local/lib/python3.7/site-packages/airflow/example_dags/example_branch_datetime_operator.py
[2024-05-31T04:07:39.227+0000] {processor.py:756} INFO - Processing file /home/airflow/.local/lib/python3.7/site-packages/airflow/example_dags/example_branch_datetime_operator.py for tasks to queue
[2024-05-31T04:07:39.228+0000] {logging_mixin.py:120} INFO - [2024-05-31T04:07:39.228+0000] {dagbag.py:537} INFO - Filling up the DagBag from /home/airflow/.local/lib/python3.7/site-packages/airflow/example_dags/example_branch_datetime_operator.py
[2024-05-31T04:07:39.242+0000] {processor.py:766} INFO - DAG(s) dict_keys(['example_branch_datetime_operator', 'example_branch_datetime_operator_3', 'example_branch_datetime_operator_2']) retrieved from /home/airflow/.local/lib/python3.7/site-packages/airflow/example_dags/example_branch_datetime_operator.py
[2024-05-31T04:07:39.281+0000] {logging_mixin.py:120} INFO - [2024-05-31T04:07:39.280+0000] {dag.py:2585} INFO - Sync 3 DAGs
[2024-05-31T04:07:39.306+0000] {logging_mixin.py:120} INFO - [2024-05-31T04:07:39.306+0000] {dag.py:3340} INFO - Setting next_dagrun for example_branch_datetime_operator to 2024-05-30T00:00:00+00:00, run_after=2024-05-31T00:00:00+00:00
[2024-05-31T04:07:39.311+0000] {logging_mixin.py:120} INFO - [2024-05-31T04:07:39.311+0000] {dag.py:3340} INFO - Setting next_dagrun for example_branch_datetime_operator_2 to 2024-05-30T00:00:00+00:00, run_after=2024-05-31T00:00:00+00:00
[2024-05-31T04:07:39.314+0000] {logging_mixin.py:120} INFO - [2024-05-31T04:07:39.314+0000] {dag.py:3340} INFO - Setting next_dagrun for example_branch_datetime_operator_3 to 2024-05-30T00:00:00+00:00, run_after=2024-05-31T00:00:00+00:00
[2024-05-31T04:07:39.335+0000] {processor.py:176} INFO - Processing /home/airflow/.local/lib/python3.7/site-packages/airflow/example_dags/example_branch_datetime_operator.py took 0.111 seconds
[2024-05-31T04:08:09.830+0000] {processor.py:154} INFO - Started process (PID=412) to work on /home/airflow/.local/lib/python3.7/site-packages/airflow/example_dags/example_branch_datetime_operator.py
[2024-05-31T04:08:09.831+0000] {processor.py:756} INFO - Processing file /home/airflow/.local/lib/python3.7/site-packages/airflow/example_dags/example_branch_datetime_operator.py for tasks to queue
[2024-05-31T04:08:09.832+0000] {logging_mixin.py:120} INFO - [2024-05-31T04:08:09.832+0000] {dagbag.py:537} INFO - Filling up the DagBag from /home/airflow/.local/lib/python3.7/site-packages/airflow/example_dags/example_branch_datetime_operator.py
[2024-05-31T04:08:09.846+0000] {processor.py:766} INFO - DAG(s) dict_keys(['example_branch_datetime_operator', 'example_branch_datetime_operator_3', 'example_branch_datetime_operator_2']) retrieved from /home/airflow/.local/lib/python3.7/site-packages/airflow/example_dags/example_branch_datetime_operator.py
[2024-05-31T04:08:09.889+0000] {logging_mixin.py:120} INFO - [2024-05-31T04:08:09.889+0000] {dag.py:2585} INFO - Sync 3 DAGs
[2024-05-31T04:08:09.920+0000] {logging_mixin.py:120} INFO - [2024-05-31T04:08:09.920+0000] {dag.py:3340} INFO - Setting next_dagrun for example_branch_datetime_operator to 2024-05-30T00:00:00+00:00, run_after=2024-05-31T00:00:00+00:00
[2024-05-31T04:08:09.925+0000] {logging_mixin.py:120} INFO - [2024-05-31T04:08:09.925+0000] {dag.py:3340} INFO - Setting next_dagrun for example_branch_datetime_operator_2 to 2024-05-30T00:00:00+00:00, run_after=2024-05-31T00:00:00+00:00
[2024-05-31T04:08:09.928+0000] {logging_mixin.py:120} INFO - [2024-05-31T04:08:09.928+0000] {dag.py:3340} INFO - Setting next_dagrun for example_branch_datetime_operator_3 to 2024-05-30T00:00:00+00:00, run_after=2024-05-31T00:00:00+00:00
[2024-05-31T04:08:09.944+0000] {processor.py:176} INFO - Processing /home/airflow/.local/lib/python3.7/site-packages/airflow/example_dags/example_branch_datetime_operator.py took 0.116 seconds
[2024-05-31T04:08:40.347+0000] {processor.py:154} INFO - Started process (PID=475) to work on /home/airflow/.local/lib/python3.7/site-packages/airflow/example_dags/example_branch_datetime_operator.py
[2024-05-31T04:08:40.348+0000] {processor.py:756} INFO - Processing file /home/airflow/.local/lib/python3.7/site-packages/airflow/example_dags/example_branch_datetime_operator.py for tasks to queue
[2024-05-31T04:08:40.349+0000] {logging_mixin.py:120} INFO - [2024-05-31T04:08:40.349+0000] {dagbag.py:537} INFO - Filling up the DagBag from /home/airflow/.local/lib/python3.7/site-packages/airflow/example_dags/example_branch_datetime_operator.py
[2024-05-31T04:08:40.365+0000] {processor.py:766} INFO - DAG(s) dict_keys(['example_branch_datetime_operator_2', 'example_branch_datetime_operator_3', 'example_branch_datetime_operator']) retrieved from /home/airflow/.local/lib/python3.7/site-packages/airflow/example_dags/example_branch_datetime_operator.py
[2024-05-31T04:08:40.406+0000] {logging_mixin.py:120} INFO - [2024-05-31T04:08:40.406+0000] {dag.py:2585} INFO - Sync 3 DAGs
[2024-05-31T04:08:40.431+0000] {logging_mixin.py:120} INFO - [2024-05-31T04:08:40.431+0000] {dag.py:3340} INFO - Setting next_dagrun for example_branch_datetime_operator to 2024-05-30T00:00:00+00:00, run_after=2024-05-31T00:00:00+00:00
[2024-05-31T04:08:40.437+0000] {logging_mixin.py:120} INFO - [2024-05-31T04:08:40.436+0000] {dag.py:3340} INFO - Setting next_dagrun for example_branch_datetime_operator_2 to 2024-05-30T00:00:00+00:00, run_after=2024-05-31T00:00:00+00:00
[2024-05-31T04:08:40.439+0000] {logging_mixin.py:120} INFO - [2024-05-31T04:08:40.439+0000] {dag.py:3340} INFO - Setting next_dagrun for example_branch_datetime_operator_3 to 2024-05-30T00:00:00+00:00, run_after=2024-05-31T00:00:00+00:00
[2024-05-31T04:08:40.460+0000] {processor.py:176} INFO - Processing /home/airflow/.local/lib/python3.7/site-packages/airflow/example_dags/example_branch_datetime_operator.py took 0.115 seconds
[2024-05-31T04:09:11.042+0000] {processor.py:154} INFO - Started process (PID=538) to work on /home/airflow/.local/lib/python3.7/site-packages/airflow/example_dags/example_branch_datetime_operator.py
[2024-05-31T04:09:11.043+0000] {processor.py:756} INFO - Processing file /home/airflow/.local/lib/python3.7/site-packages/airflow/example_dags/example_branch_datetime_operator.py for tasks to queue
[2024-05-31T04:09:11.043+0000] {logging_mixin.py:120} INFO - [2024-05-31T04:09:11.043+0000] {dagbag.py:537} INFO - Filling up the DagBag from /home/airflow/.local/lib/python3.7/site-packages/airflow/example_dags/example_branch_datetime_operator.py
[2024-05-31T04:09:11.060+0000] {processor.py:766} INFO - DAG(s) dict_keys(['example_branch_datetime_operator_2', 'example_branch_datetime_operator', 'example_branch_datetime_operator_3']) retrieved from /home/airflow/.local/lib/python3.7/site-packages/airflow/example_dags/example_branch_datetime_operator.py
[2024-05-31T04:09:11.103+0000] {logging_mixin.py:120} INFO - [2024-05-31T04:09:11.103+0000] {dag.py:2585} INFO - Sync 3 DAGs
[2024-05-31T04:09:11.129+0000] {logging_mixin.py:120} INFO - [2024-05-31T04:09:11.129+0000] {dag.py:3340} INFO - Setting next_dagrun for example_branch_datetime_operator to 2024-05-30T00:00:00+00:00, run_after=2024-05-31T00:00:00+00:00
[2024-05-31T04:09:11.134+0000] {logging_mixin.py:120} INFO - [2024-05-31T04:09:11.134+0000] {dag.py:3340} INFO - Setting next_dagrun for example_branch_datetime_operator_2 to 2024-05-30T00:00:00+00:00, run_after=2024-05-31T00:00:00+00:00
[2024-05-31T04:09:11.136+0000] {logging_mixin.py:120} INFO - [2024-05-31T04:09:11.136+0000] {dag.py:3340} INFO - Setting next_dagrun for example_branch_datetime_operator_3 to 2024-05-30T00:00:00+00:00, run_after=2024-05-31T00:00:00+00:00
[2024-05-31T04:09:11.153+0000] {processor.py:176} INFO - Processing /home/airflow/.local/lib/python3.7/site-packages/airflow/example_dags/example_branch_datetime_operator.py took 0.113 seconds
[2024-05-31T04:24:30.006+0000] {processor.py:154} INFO - Started process (PID=2379) to work on /home/airflow/.local/lib/python3.7/site-packages/airflow/example_dags/example_branch_datetime_operator.py
[2024-05-31T04:24:30.007+0000] {processor.py:756} INFO - Processing file /home/airflow/.local/lib/python3.7/site-packages/airflow/example_dags/example_branch_datetime_operator.py for tasks to queue
[2024-05-31T04:24:30.008+0000] {logging_mixin.py:120} INFO - [2024-05-31T04:24:30.008+0000] {dagbag.py:537} INFO - Filling up the DagBag from /home/airflow/.local/lib/python3.7/site-packages/airflow/example_dags/example_branch_datetime_operator.py
[2024-05-31T04:24:30.027+0000] {processor.py:766} INFO - DAG(s) dict_keys(['example_branch_datetime_operator_2', 'example_branch_datetime_operator_3', 'example_branch_datetime_operator']) retrieved from /home/airflow/.local/lib/python3.7/site-packages/airflow/example_dags/example_branch_datetime_operator.py
[2024-05-31T04:24:30.079+0000] {logging_mixin.py:120} INFO - [2024-05-31T04:24:30.079+0000] {dag.py:2585} INFO - Sync 3 DAGs
[2024-05-31T04:24:30.106+0000] {logging_mixin.py:120} INFO - [2024-05-31T04:24:30.106+0000] {dag.py:3340} INFO - Setting next_dagrun for example_branch_datetime_operator to 2024-05-30T00:00:00+00:00, run_after=2024-05-31T00:00:00+00:00
[2024-05-31T04:24:30.111+0000] {logging_mixin.py:120} INFO - [2024-05-31T04:24:30.111+0000] {dag.py:3340} INFO - Setting next_dagrun for example_branch_datetime_operator_2 to 2024-05-30T00:00:00+00:00, run_after=2024-05-31T00:00:00+00:00
[2024-05-31T04:24:30.113+0000] {logging_mixin.py:120} INFO - [2024-05-31T04:24:30.113+0000] {dag.py:3340} INFO - Setting next_dagrun for example_branch_datetime_operator_3 to 2024-05-30T00:00:00+00:00, run_after=2024-05-31T00:00:00+00:00
[2024-05-31T04:24:30.130+0000] {processor.py:176} INFO - Processing /home/airflow/.local/lib/python3.7/site-packages/airflow/example_dags/example_branch_datetime_operator.py took 0.127 seconds
[2024-05-31T04:25:00.495+0000] {processor.py:154} INFO - Started process (PID=2443) to work on /home/airflow/.local/lib/python3.7/site-packages/airflow/example_dags/example_branch_datetime_operator.py
[2024-05-31T04:25:00.496+0000] {processor.py:756} INFO - Processing file /home/airflow/.local/lib/python3.7/site-packages/airflow/example_dags/example_branch_datetime_operator.py for tasks to queue
[2024-05-31T04:25:00.497+0000] {logging_mixin.py:120} INFO - [2024-05-31T04:25:00.496+0000] {dagbag.py:537} INFO - Filling up the DagBag from /home/airflow/.local/lib/python3.7/site-packages/airflow/example_dags/example_branch_datetime_operator.py
[2024-05-31T04:25:00.515+0000] {processor.py:766} INFO - DAG(s) dict_keys(['example_branch_datetime_operator', 'example_branch_datetime_operator_3', 'example_branch_datetime_operator_2']) retrieved from /home/airflow/.local/lib/python3.7/site-packages/airflow/example_dags/example_branch_datetime_operator.py
[2024-05-31T04:25:00.565+0000] {logging_mixin.py:120} INFO - [2024-05-31T04:25:00.564+0000] {dag.py:2585} INFO - Sync 3 DAGs
[2024-05-31T04:25:00.589+0000] {logging_mixin.py:120} INFO - [2024-05-31T04:25:00.589+0000] {dag.py:3340} INFO - Setting next_dagrun for example_branch_datetime_operator to 2024-05-30T00:00:00+00:00, run_after=2024-05-31T00:00:00+00:00
[2024-05-31T04:25:00.595+0000] {logging_mixin.py:120} INFO - [2024-05-31T04:25:00.595+0000] {dag.py:3340} INFO - Setting next_dagrun for example_branch_datetime_operator_2 to 2024-05-30T00:00:00+00:00, run_after=2024-05-31T00:00:00+00:00
[2024-05-31T04:25:00.597+0000] {logging_mixin.py:120} INFO - [2024-05-31T04:25:00.597+0000] {dag.py:3340} INFO - Setting next_dagrun for example_branch_datetime_operator_3 to 2024-05-30T00:00:00+00:00, run_after=2024-05-31T00:00:00+00:00
[2024-05-31T04:25:00.614+0000] {processor.py:176} INFO - Processing /home/airflow/.local/lib/python3.7/site-packages/airflow/example_dags/example_branch_datetime_operator.py took 0.121 seconds
