[2024-05-31T04:05:06.423+0000] {processor.py:154} INFO - Started process (PID=52) to work on /home/airflow/.local/lib/python3.7/site-packages/airflow/example_dags/example_branch_day_of_week_operator.py
[2024-05-31T04:05:06.430+0000] {processor.py:756} INFO - Processing file /home/airflow/.local/lib/python3.7/site-packages/airflow/example_dags/example_branch_day_of_week_operator.py for tasks to queue
[2024-05-31T04:05:06.432+0000] {logging_mixin.py:120} INFO - [2024-05-31T04:05:06.432+0000] {dagbag.py:537} INFO - Filling up the DagBag from /home/airflow/.local/lib/python3.7/site-packages/airflow/example_dags/example_branch_day_of_week_operator.py
[2024-05-31T04:05:06.488+0000] {processor.py:766} INFO - DAG(s) dict_keys(['example_weekday_branch_operator']) retrieved from /home/airflow/.local/lib/python3.7/site-packages/airflow/example_dags/example_branch_day_of_week_operator.py
[2024-05-31T04:05:06.757+0000] {logging_mixin.py:120} INFO - [2024-05-31T04:05:06.757+0000] {manager.py:507} INFO - Created Permission View: can read on DAG:example_weekday_branch_operator
[2024-05-31T04:05:06.775+0000] {logging_mixin.py:120} INFO - [2024-05-31T04:05:06.775+0000] {manager.py:507} INFO - Created Permission View: can edit on DAG:example_weekday_branch_operator
[2024-05-31T04:05:06.788+0000] {logging_mixin.py:120} INFO - [2024-05-31T04:05:06.787+0000] {manager.py:507} INFO - Created Permission View: can delete on DAG:example_weekday_branch_operator
[2024-05-31T04:05:06.790+0000] {logging_mixin.py:120} INFO - [2024-05-31T04:05:06.789+0000] {dag.py:2585} INFO - Sync 1 DAGs
[2024-05-31T04:05:06.826+0000] {logging_mixin.py:120} INFO - [2024-05-31T04:05:06.826+0000] {dag.py:2606} INFO - Creating ORM DAG for example_weekday_branch_operator
[2024-05-31T04:05:06.848+0000] {logging_mixin.py:120} INFO - [2024-05-31T04:05:06.848+0000] {dag.py:3340} INFO - Setting next_dagrun for example_weekday_branch_operator to 2024-05-30T00:00:00+00:00, run_after=2024-05-31T00:00:00+00:00
[2024-05-31T04:05:06.883+0000] {processor.py:176} INFO - Processing /home/airflow/.local/lib/python3.7/site-packages/airflow/example_dags/example_branch_day_of_week_operator.py took 0.464 seconds
[2024-05-31T04:05:36.986+0000] {processor.py:154} INFO - Started process (PID=106) to work on /home/airflow/.local/lib/python3.7/site-packages/airflow/example_dags/example_branch_day_of_week_operator.py
[2024-05-31T04:05:36.986+0000] {processor.py:756} INFO - Processing file /home/airflow/.local/lib/python3.7/site-packages/airflow/example_dags/example_branch_day_of_week_operator.py for tasks to queue
[2024-05-31T04:05:36.987+0000] {logging_mixin.py:120} INFO - [2024-05-31T04:05:36.987+0000] {dagbag.py:537} INFO - Filling up the DagBag from /home/airflow/.local/lib/python3.7/site-packages/airflow/example_dags/example_branch_day_of_week_operator.py
[2024-05-31T04:05:37.001+0000] {processor.py:766} INFO - DAG(s) dict_keys(['example_weekday_branch_operator']) retrieved from /home/airflow/.local/lib/python3.7/site-packages/airflow/example_dags/example_branch_day_of_week_operator.py
[2024-05-31T04:05:37.038+0000] {logging_mixin.py:120} INFO - [2024-05-31T04:05:37.038+0000] {dag.py:2585} INFO - Sync 1 DAGs
[2024-05-31T04:05:37.066+0000] {logging_mixin.py:120} INFO - [2024-05-31T04:05:37.066+0000] {dag.py:3340} INFO - Setting next_dagrun for example_weekday_branch_operator to 2024-05-30T00:00:00+00:00, run_after=2024-05-31T00:00:00+00:00
[2024-05-31T04:05:37.088+0000] {processor.py:176} INFO - Processing /home/airflow/.local/lib/python3.7/site-packages/airflow/example_dags/example_branch_day_of_week_operator.py took 0.105 seconds
[2024-05-31T04:06:07.577+0000] {processor.py:154} INFO - Started process (PID=170) to work on /home/airflow/.local/lib/python3.7/site-packages/airflow/example_dags/example_branch_day_of_week_operator.py
[2024-05-31T04:06:07.578+0000] {processor.py:756} INFO - Processing file /home/airflow/.local/lib/python3.7/site-packages/airflow/example_dags/example_branch_day_of_week_operator.py for tasks to queue
[2024-05-31T04:06:07.579+0000] {logging_mixin.py:120} INFO - [2024-05-31T04:06:07.579+0000] {dagbag.py:537} INFO - Filling up the DagBag from /home/airflow/.local/lib/python3.7/site-packages/airflow/example_dags/example_branch_day_of_week_operator.py
[2024-05-31T04:06:07.591+0000] {processor.py:766} INFO - DAG(s) dict_keys(['example_weekday_branch_operator']) retrieved from /home/airflow/.local/lib/python3.7/site-packages/airflow/example_dags/example_branch_day_of_week_operator.py
[2024-05-31T04:06:07.625+0000] {logging_mixin.py:120} INFO - [2024-05-31T04:06:07.624+0000] {dag.py:2585} INFO - Sync 1 DAGs
[2024-05-31T04:06:07.649+0000] {logging_mixin.py:120} INFO - [2024-05-31T04:06:07.649+0000] {dag.py:3340} INFO - Setting next_dagrun for example_weekday_branch_operator to 2024-05-30T00:00:00+00:00, run_after=2024-05-31T00:00:00+00:00
[2024-05-31T04:06:07.665+0000] {processor.py:176} INFO - Processing /home/airflow/.local/lib/python3.7/site-packages/airflow/example_dags/example_branch_day_of_week_operator.py took 0.092 seconds
[2024-05-31T04:06:38.108+0000] {processor.py:154} INFO - Started process (PID=233) to work on /home/airflow/.local/lib/python3.7/site-packages/airflow/example_dags/example_branch_day_of_week_operator.py
[2024-05-31T04:06:38.109+0000] {processor.py:756} INFO - Processing file /home/airflow/.local/lib/python3.7/site-packages/airflow/example_dags/example_branch_day_of_week_operator.py for tasks to queue
[2024-05-31T04:06:38.109+0000] {logging_mixin.py:120} INFO - [2024-05-31T04:06:38.109+0000] {dagbag.py:537} INFO - Filling up the DagBag from /home/airflow/.local/lib/python3.7/site-packages/airflow/example_dags/example_branch_day_of_week_operator.py
[2024-05-31T04:06:38.122+0000] {processor.py:766} INFO - DAG(s) dict_keys(['example_weekday_branch_operator']) retrieved from /home/airflow/.local/lib/python3.7/site-packages/airflow/example_dags/example_branch_day_of_week_operator.py
[2024-05-31T04:06:38.156+0000] {logging_mixin.py:120} INFO - [2024-05-31T04:06:38.156+0000] {dag.py:2585} INFO - Sync 1 DAGs
[2024-05-31T04:06:38.181+0000] {logging_mixin.py:120} INFO - [2024-05-31T04:06:38.181+0000] {dag.py:3340} INFO - Setting next_dagrun for example_weekday_branch_operator to 2024-05-30T00:00:00+00:00, run_after=2024-05-31T00:00:00+00:00
[2024-05-31T04:06:38.199+0000] {processor.py:176} INFO - Processing /home/airflow/.local/lib/python3.7/site-packages/airflow/example_dags/example_branch_day_of_week_operator.py took 0.094 seconds
[2024-05-31T04:07:08.653+0000] {processor.py:154} INFO - Started process (PID=296) to work on /home/airflow/.local/lib/python3.7/site-packages/airflow/example_dags/example_branch_day_of_week_operator.py
[2024-05-31T04:07:08.654+0000] {processor.py:756} INFO - Processing file /home/airflow/.local/lib/python3.7/site-packages/airflow/example_dags/example_branch_day_of_week_operator.py for tasks to queue
[2024-05-31T04:07:08.655+0000] {logging_mixin.py:120} INFO - [2024-05-31T04:07:08.655+0000] {dagbag.py:537} INFO - Filling up the DagBag from /home/airflow/.local/lib/python3.7/site-packages/airflow/example_dags/example_branch_day_of_week_operator.py
[2024-05-31T04:07:08.673+0000] {processor.py:766} INFO - DAG(s) dict_keys(['example_weekday_branch_operator']) retrieved from /home/airflow/.local/lib/python3.7/site-packages/airflow/example_dags/example_branch_day_of_week_operator.py
[2024-05-31T04:07:08.717+0000] {logging_mixin.py:120} INFO - [2024-05-31T04:07:08.717+0000] {dag.py:2585} INFO - Sync 1 DAGs
[2024-05-31T04:07:08.750+0000] {logging_mixin.py:120} INFO - [2024-05-31T04:07:08.750+0000] {dag.py:3340} INFO - Setting next_dagrun for example_weekday_branch_operator to 2024-05-30T00:00:00+00:00, run_after=2024-05-31T00:00:00+00:00
[2024-05-31T04:07:08.771+0000] {processor.py:176} INFO - Processing /home/airflow/.local/lib/python3.7/site-packages/airflow/example_dags/example_branch_day_of_week_operator.py took 0.121 seconds
[2024-05-31T04:07:39.341+0000] {processor.py:154} INFO - Started process (PID=350) to work on /home/airflow/.local/lib/python3.7/site-packages/airflow/example_dags/example_branch_day_of_week_operator.py
[2024-05-31T04:07:39.342+0000] {processor.py:756} INFO - Processing file /home/airflow/.local/lib/python3.7/site-packages/airflow/example_dags/example_branch_day_of_week_operator.py for tasks to queue
[2024-05-31T04:07:39.343+0000] {logging_mixin.py:120} INFO - [2024-05-31T04:07:39.343+0000] {dagbag.py:537} INFO - Filling up the DagBag from /home/airflow/.local/lib/python3.7/site-packages/airflow/example_dags/example_branch_day_of_week_operator.py
[2024-05-31T04:07:39.359+0000] {processor.py:766} INFO - DAG(s) dict_keys(['example_weekday_branch_operator']) retrieved from /home/airflow/.local/lib/python3.7/site-packages/airflow/example_dags/example_branch_day_of_week_operator.py
[2024-05-31T04:07:39.395+0000] {logging_mixin.py:120} INFO - [2024-05-31T04:07:39.395+0000] {dag.py:2585} INFO - Sync 1 DAGs
[2024-05-31T04:07:39.418+0000] {logging_mixin.py:120} INFO - [2024-05-31T04:07:39.418+0000] {dag.py:3340} INFO - Setting next_dagrun for example_weekday_branch_operator to 2024-05-30T00:00:00+00:00, run_after=2024-05-31T00:00:00+00:00
[2024-05-31T04:07:39.437+0000] {processor.py:176} INFO - Processing /home/airflow/.local/lib/python3.7/site-packages/airflow/example_dags/example_branch_day_of_week_operator.py took 0.099 seconds
[2024-05-31T04:08:09.952+0000] {processor.py:154} INFO - Started process (PID=413) to work on /home/airflow/.local/lib/python3.7/site-packages/airflow/example_dags/example_branch_day_of_week_operator.py
[2024-05-31T04:08:09.953+0000] {processor.py:756} INFO - Processing file /home/airflow/.local/lib/python3.7/site-packages/airflow/example_dags/example_branch_day_of_week_operator.py for tasks to queue
[2024-05-31T04:08:09.953+0000] {logging_mixin.py:120} INFO - [2024-05-31T04:08:09.953+0000] {dagbag.py:537} INFO - Filling up the DagBag from /home/airflow/.local/lib/python3.7/site-packages/airflow/example_dags/example_branch_day_of_week_operator.py
[2024-05-31T04:08:09.967+0000] {processor.py:766} INFO - DAG(s) dict_keys(['example_weekday_branch_operator']) retrieved from /home/airflow/.local/lib/python3.7/site-packages/airflow/example_dags/example_branch_day_of_week_operator.py
[2024-05-31T04:08:10.001+0000] {logging_mixin.py:120} INFO - [2024-05-31T04:08:10.001+0000] {dag.py:2585} INFO - Sync 1 DAGs
[2024-05-31T04:08:10.026+0000] {logging_mixin.py:120} INFO - [2024-05-31T04:08:10.026+0000] {dag.py:3340} INFO - Setting next_dagrun for example_weekday_branch_operator to 2024-05-30T00:00:00+00:00, run_after=2024-05-31T00:00:00+00:00
[2024-05-31T04:08:10.043+0000] {processor.py:176} INFO - Processing /home/airflow/.local/lib/python3.7/site-packages/airflow/example_dags/example_branch_day_of_week_operator.py took 0.094 seconds
[2024-05-31T04:08:40.467+0000] {processor.py:154} INFO - Started process (PID=476) to work on /home/airflow/.local/lib/python3.7/site-packages/airflow/example_dags/example_branch_day_of_week_operator.py
[2024-05-31T04:08:40.468+0000] {processor.py:756} INFO - Processing file /home/airflow/.local/lib/python3.7/site-packages/airflow/example_dags/example_branch_day_of_week_operator.py for tasks to queue
[2024-05-31T04:08:40.468+0000] {logging_mixin.py:120} INFO - [2024-05-31T04:08:40.468+0000] {dagbag.py:537} INFO - Filling up the DagBag from /home/airflow/.local/lib/python3.7/site-packages/airflow/example_dags/example_branch_day_of_week_operator.py
[2024-05-31T04:08:40.481+0000] {processor.py:766} INFO - DAG(s) dict_keys(['example_weekday_branch_operator']) retrieved from /home/airflow/.local/lib/python3.7/site-packages/airflow/example_dags/example_branch_day_of_week_operator.py
[2024-05-31T04:08:40.519+0000] {logging_mixin.py:120} INFO - [2024-05-31T04:08:40.519+0000] {dag.py:2585} INFO - Sync 1 DAGs
[2024-05-31T04:08:40.543+0000] {logging_mixin.py:120} INFO - [2024-05-31T04:08:40.542+0000] {dag.py:3340} INFO - Setting next_dagrun for example_weekday_branch_operator to 2024-05-30T00:00:00+00:00, run_after=2024-05-31T00:00:00+00:00
[2024-05-31T04:08:40.561+0000] {processor.py:176} INFO - Processing /home/airflow/.local/lib/python3.7/site-packages/airflow/example_dags/example_branch_day_of_week_operator.py took 0.096 seconds
[2024-05-31T04:09:11.160+0000] {processor.py:154} INFO - Started process (PID=539) to work on /home/airflow/.local/lib/python3.7/site-packages/airflow/example_dags/example_branch_day_of_week_operator.py
[2024-05-31T04:09:11.161+0000] {processor.py:756} INFO - Processing file /home/airflow/.local/lib/python3.7/site-packages/airflow/example_dags/example_branch_day_of_week_operator.py for tasks to queue
[2024-05-31T04:09:11.162+0000] {logging_mixin.py:120} INFO - [2024-05-31T04:09:11.162+0000] {dagbag.py:537} INFO - Filling up the DagBag from /home/airflow/.local/lib/python3.7/site-packages/airflow/example_dags/example_branch_day_of_week_operator.py
[2024-05-31T04:09:11.175+0000] {processor.py:766} INFO - DAG(s) dict_keys(['example_weekday_branch_operator']) retrieved from /home/airflow/.local/lib/python3.7/site-packages/airflow/example_dags/example_branch_day_of_week_operator.py
[2024-05-31T04:09:11.229+0000] {logging_mixin.py:120} INFO - [2024-05-31T04:09:11.229+0000] {dag.py:2585} INFO - Sync 1 DAGs
[2024-05-31T04:09:11.256+0000] {logging_mixin.py:120} INFO - [2024-05-31T04:09:11.256+0000] {dag.py:3340} INFO - Setting next_dagrun for example_weekday_branch_operator to 2024-05-30T00:00:00+00:00, run_after=2024-05-31T00:00:00+00:00
[2024-05-31T04:09:11.272+0000] {processor.py:176} INFO - Processing /home/airflow/.local/lib/python3.7/site-packages/airflow/example_dags/example_branch_day_of_week_operator.py took 0.115 seconds
