[2024-05-31T04:05:13.559+0000] {processor.py:154} INFO - Started process (PID=84) to work on /home/airflow/.local/lib/python3.7/site-packages/airflow/example_dags/example_time_delta_sensor_async.py
[2024-05-31T04:05:13.560+0000] {processor.py:756} INFO - Processing file /home/airflow/.local/lib/python3.7/site-packages/airflow/example_dags/example_time_delta_sensor_async.py for tasks to queue
[2024-05-31T04:05:13.561+0000] {logging_mixin.py:120} INFO - [2024-05-31T04:05:13.561+0000] {dagbag.py:537} INFO - Filling up the DagBag from /home/airflow/.local/lib/python3.7/site-packages/airflow/example_dags/example_time_delta_sensor_async.py
[2024-05-31T04:05:13.582+0000] {processor.py:766} INFO - DAG(s) dict_keys(['example_time_delta_sensor_async']) retrieved from /home/airflow/.local/lib/python3.7/site-packages/airflow/example_dags/example_time_delta_sensor_async.py
[2024-05-31T04:05:14.281+0000] {logging_mixin.py:120} INFO - [2024-05-31T04:05:14.281+0000] {manager.py:507} INFO - Created Permission View: can read on DAG:example_time_delta_sensor_async
[2024-05-31T04:05:14.335+0000] {logging_mixin.py:120} INFO - [2024-05-31T04:05:14.335+0000] {manager.py:507} INFO - Created Permission View: can edit on DAG:example_time_delta_sensor_async
[2024-05-31T04:05:14.356+0000] {logging_mixin.py:120} INFO - [2024-05-31T04:05:14.354+0000] {manager.py:507} INFO - Created Permission View: can delete on DAG:example_time_delta_sensor_async
[2024-05-31T04:05:14.356+0000] {logging_mixin.py:120} INFO - [2024-05-31T04:05:14.356+0000] {dag.py:2585} INFO - Sync 1 DAGs
[2024-05-31T04:05:14.386+0000] {logging_mixin.py:120} INFO - [2024-05-31T04:05:14.386+0000] {dag.py:2606} INFO - Creating ORM DAG for example_time_delta_sensor_async
[2024-05-31T04:05:14.425+0000] {logging_mixin.py:120} INFO - [2024-05-31T04:05:14.424+0000] {dag.py:3340} INFO - Setting next_dagrun for example_time_delta_sensor_async to None, run_after=None
[2024-05-31T04:05:14.482+0000] {processor.py:176} INFO - Processing /home/airflow/.local/lib/python3.7/site-packages/airflow/example_dags/example_time_delta_sensor_async.py took 0.926 seconds
[2024-05-31T04:05:44.824+0000] {processor.py:154} INFO - Started process (PID=140) to work on /home/airflow/.local/lib/python3.7/site-packages/airflow/example_dags/example_time_delta_sensor_async.py
[2024-05-31T04:05:44.825+0000] {processor.py:756} INFO - Processing file /home/airflow/.local/lib/python3.7/site-packages/airflow/example_dags/example_time_delta_sensor_async.py for tasks to queue
[2024-05-31T04:05:44.826+0000] {logging_mixin.py:120} INFO - [2024-05-31T04:05:44.826+0000] {dagbag.py:537} INFO - Filling up the DagBag from /home/airflow/.local/lib/python3.7/site-packages/airflow/example_dags/example_time_delta_sensor_async.py
[2024-05-31T04:05:44.837+0000] {processor.py:766} INFO - DAG(s) dict_keys(['example_time_delta_sensor_async']) retrieved from /home/airflow/.local/lib/python3.7/site-packages/airflow/example_dags/example_time_delta_sensor_async.py
[2024-05-31T04:05:45.024+0000] {logging_mixin.py:120} INFO - [2024-05-31T04:05:45.023+0000] {dag.py:2585} INFO - Sync 1 DAGs
[2024-05-31T04:05:45.052+0000] {logging_mixin.py:120} INFO - [2024-05-31T04:05:45.052+0000] {dag.py:3340} INFO - Setting next_dagrun for example_time_delta_sensor_async to None, run_after=None
[2024-05-31T04:05:45.070+0000] {processor.py:176} INFO - Processing /home/airflow/.local/lib/python3.7/site-packages/airflow/example_dags/example_time_delta_sensor_async.py took 0.248 seconds
[2024-05-31T04:06:15.324+0000] {processor.py:154} INFO - Started process (PID=204) to work on /home/airflow/.local/lib/python3.7/site-packages/airflow/example_dags/example_time_delta_sensor_async.py
[2024-05-31T04:06:15.325+0000] {processor.py:756} INFO - Processing file /home/airflow/.local/lib/python3.7/site-packages/airflow/example_dags/example_time_delta_sensor_async.py for tasks to queue
[2024-05-31T04:06:15.326+0000] {logging_mixin.py:120} INFO - [2024-05-31T04:06:15.326+0000] {dagbag.py:537} INFO - Filling up the DagBag from /home/airflow/.local/lib/python3.7/site-packages/airflow/example_dags/example_time_delta_sensor_async.py
[2024-05-31T04:06:15.338+0000] {processor.py:766} INFO - DAG(s) dict_keys(['example_time_delta_sensor_async']) retrieved from /home/airflow/.local/lib/python3.7/site-packages/airflow/example_dags/example_time_delta_sensor_async.py
[2024-05-31T04:06:15.534+0000] {logging_mixin.py:120} INFO - [2024-05-31T04:06:15.534+0000] {dag.py:2585} INFO - Sync 1 DAGs
[2024-05-31T04:06:15.559+0000] {logging_mixin.py:120} INFO - [2024-05-31T04:06:15.558+0000] {dag.py:3340} INFO - Setting next_dagrun for example_time_delta_sensor_async to None, run_after=None
[2024-05-31T04:06:15.580+0000] {processor.py:176} INFO - Processing /home/airflow/.local/lib/python3.7/site-packages/airflow/example_dags/example_time_delta_sensor_async.py took 0.259 seconds
[2024-05-31T04:06:45.869+0000] {processor.py:154} INFO - Started process (PID=267) to work on /home/airflow/.local/lib/python3.7/site-packages/airflow/example_dags/example_time_delta_sensor_async.py
[2024-05-31T04:06:45.871+0000] {processor.py:756} INFO - Processing file /home/airflow/.local/lib/python3.7/site-packages/airflow/example_dags/example_time_delta_sensor_async.py for tasks to queue
[2024-05-31T04:06:45.871+0000] {logging_mixin.py:120} INFO - [2024-05-31T04:06:45.871+0000] {dagbag.py:537} INFO - Filling up the DagBag from /home/airflow/.local/lib/python3.7/site-packages/airflow/example_dags/example_time_delta_sensor_async.py
[2024-05-31T04:06:45.885+0000] {processor.py:766} INFO - DAG(s) dict_keys(['example_time_delta_sensor_async']) retrieved from /home/airflow/.local/lib/python3.7/site-packages/airflow/example_dags/example_time_delta_sensor_async.py
[2024-05-31T04:06:46.084+0000] {logging_mixin.py:120} INFO - [2024-05-31T04:06:46.083+0000] {dag.py:2585} INFO - Sync 1 DAGs
[2024-05-31T04:06:46.108+0000] {logging_mixin.py:120} INFO - [2024-05-31T04:06:46.108+0000] {dag.py:3340} INFO - Setting next_dagrun for example_time_delta_sensor_async to None, run_after=None
[2024-05-31T04:06:46.126+0000] {processor.py:176} INFO - Processing /home/airflow/.local/lib/python3.7/site-packages/airflow/example_dags/example_time_delta_sensor_async.py took 0.259 seconds
[2024-05-31T04:07:16.487+0000] {processor.py:154} INFO - Started process (PID=321) to work on /home/airflow/.local/lib/python3.7/site-packages/airflow/example_dags/example_time_delta_sensor_async.py
[2024-05-31T04:07:16.488+0000] {processor.py:756} INFO - Processing file /home/airflow/.local/lib/python3.7/site-packages/airflow/example_dags/example_time_delta_sensor_async.py for tasks to queue
[2024-05-31T04:07:16.489+0000] {logging_mixin.py:120} INFO - [2024-05-31T04:07:16.488+0000] {dagbag.py:537} INFO - Filling up the DagBag from /home/airflow/.local/lib/python3.7/site-packages/airflow/example_dags/example_time_delta_sensor_async.py
[2024-05-31T04:07:16.498+0000] {processor.py:766} INFO - DAG(s) dict_keys(['example_time_delta_sensor_async']) retrieved from /home/airflow/.local/lib/python3.7/site-packages/airflow/example_dags/example_time_delta_sensor_async.py
[2024-05-31T04:07:16.743+0000] {logging_mixin.py:120} INFO - [2024-05-31T04:07:16.742+0000] {dag.py:2585} INFO - Sync 1 DAGs
[2024-05-31T04:07:16.772+0000] {logging_mixin.py:120} INFO - [2024-05-31T04:07:16.772+0000] {dag.py:3340} INFO - Setting next_dagrun for example_time_delta_sensor_async to None, run_after=None
[2024-05-31T04:07:16.797+0000] {processor.py:176} INFO - Processing /home/airflow/.local/lib/python3.7/site-packages/airflow/example_dags/example_time_delta_sensor_async.py took 0.312 seconds
[2024-05-31T04:07:47.178+0000] {processor.py:154} INFO - Started process (PID=384) to work on /home/airflow/.local/lib/python3.7/site-packages/airflow/example_dags/example_time_delta_sensor_async.py
[2024-05-31T04:07:47.179+0000] {processor.py:756} INFO - Processing file /home/airflow/.local/lib/python3.7/site-packages/airflow/example_dags/example_time_delta_sensor_async.py for tasks to queue
[2024-05-31T04:07:47.180+0000] {logging_mixin.py:120} INFO - [2024-05-31T04:07:47.180+0000] {dagbag.py:537} INFO - Filling up the DagBag from /home/airflow/.local/lib/python3.7/site-packages/airflow/example_dags/example_time_delta_sensor_async.py
[2024-05-31T04:07:47.190+0000] {processor.py:766} INFO - DAG(s) dict_keys(['example_time_delta_sensor_async']) retrieved from /home/airflow/.local/lib/python3.7/site-packages/airflow/example_dags/example_time_delta_sensor_async.py
[2024-05-31T04:07:47.382+0000] {logging_mixin.py:120} INFO - [2024-05-31T04:07:47.381+0000] {dag.py:2585} INFO - Sync 1 DAGs
[2024-05-31T04:07:47.407+0000] {logging_mixin.py:120} INFO - [2024-05-31T04:07:47.406+0000] {dag.py:3340} INFO - Setting next_dagrun for example_time_delta_sensor_async to None, run_after=None
[2024-05-31T04:07:47.427+0000] {processor.py:176} INFO - Processing /home/airflow/.local/lib/python3.7/site-packages/airflow/example_dags/example_time_delta_sensor_async.py took 0.252 seconds
[2024-05-31T04:08:17.663+0000] {processor.py:154} INFO - Started process (PID=447) to work on /home/airflow/.local/lib/python3.7/site-packages/airflow/example_dags/example_time_delta_sensor_async.py
[2024-05-31T04:08:17.664+0000] {processor.py:756} INFO - Processing file /home/airflow/.local/lib/python3.7/site-packages/airflow/example_dags/example_time_delta_sensor_async.py for tasks to queue
[2024-05-31T04:08:17.664+0000] {logging_mixin.py:120} INFO - [2024-05-31T04:08:17.664+0000] {dagbag.py:537} INFO - Filling up the DagBag from /home/airflow/.local/lib/python3.7/site-packages/airflow/example_dags/example_time_delta_sensor_async.py
[2024-05-31T04:08:17.674+0000] {processor.py:766} INFO - DAG(s) dict_keys(['example_time_delta_sensor_async']) retrieved from /home/airflow/.local/lib/python3.7/site-packages/airflow/example_dags/example_time_delta_sensor_async.py
[2024-05-31T04:08:17.863+0000] {logging_mixin.py:120} INFO - [2024-05-31T04:08:17.863+0000] {dag.py:2585} INFO - Sync 1 DAGs
[2024-05-31T04:08:17.889+0000] {logging_mixin.py:120} INFO - [2024-05-31T04:08:17.889+0000] {dag.py:3340} INFO - Setting next_dagrun for example_time_delta_sensor_async to None, run_after=None
[2024-05-31T04:08:17.910+0000] {processor.py:176} INFO - Processing /home/airflow/.local/lib/python3.7/site-packages/airflow/example_dags/example_time_delta_sensor_async.py took 0.250 seconds
[2024-05-31T04:08:48.431+0000] {processor.py:154} INFO - Started process (PID=510) to work on /home/airflow/.local/lib/python3.7/site-packages/airflow/example_dags/example_time_delta_sensor_async.py
[2024-05-31T04:08:48.432+0000] {processor.py:756} INFO - Processing file /home/airflow/.local/lib/python3.7/site-packages/airflow/example_dags/example_time_delta_sensor_async.py for tasks to queue
[2024-05-31T04:08:48.433+0000] {logging_mixin.py:120} INFO - [2024-05-31T04:08:48.432+0000] {dagbag.py:537} INFO - Filling up the DagBag from /home/airflow/.local/lib/python3.7/site-packages/airflow/example_dags/example_time_delta_sensor_async.py
[2024-05-31T04:08:48.442+0000] {processor.py:766} INFO - DAG(s) dict_keys(['example_time_delta_sensor_async']) retrieved from /home/airflow/.local/lib/python3.7/site-packages/airflow/example_dags/example_time_delta_sensor_async.py
[2024-05-31T04:08:48.633+0000] {logging_mixin.py:120} INFO - [2024-05-31T04:08:48.633+0000] {dag.py:2585} INFO - Sync 1 DAGs
[2024-05-31T04:08:48.654+0000] {logging_mixin.py:120} INFO - [2024-05-31T04:08:48.654+0000] {dag.py:3340} INFO - Setting next_dagrun for example_time_delta_sensor_async to None, run_after=None
[2024-05-31T04:08:48.672+0000] {processor.py:176} INFO - Processing /home/airflow/.local/lib/python3.7/site-packages/airflow/example_dags/example_time_delta_sensor_async.py took 0.244 seconds
[2024-05-31T04:09:19.004+0000] {processor.py:154} INFO - Started process (PID=564) to work on /home/airflow/.local/lib/python3.7/site-packages/airflow/example_dags/example_time_delta_sensor_async.py
[2024-05-31T04:09:19.005+0000] {processor.py:756} INFO - Processing file /home/airflow/.local/lib/python3.7/site-packages/airflow/example_dags/example_time_delta_sensor_async.py for tasks to queue
[2024-05-31T04:09:19.006+0000] {logging_mixin.py:120} INFO - [2024-05-31T04:09:19.006+0000] {dagbag.py:537} INFO - Filling up the DagBag from /home/airflow/.local/lib/python3.7/site-packages/airflow/example_dags/example_time_delta_sensor_async.py
[2024-05-31T04:09:19.015+0000] {processor.py:766} INFO - DAG(s) dict_keys(['example_time_delta_sensor_async']) retrieved from /home/airflow/.local/lib/python3.7/site-packages/airflow/example_dags/example_time_delta_sensor_async.py
[2024-05-31T04:09:19.206+0000] {logging_mixin.py:120} INFO - [2024-05-31T04:09:19.206+0000] {dag.py:2585} INFO - Sync 1 DAGs
[2024-05-31T04:09:19.228+0000] {logging_mixin.py:120} INFO - [2024-05-31T04:09:19.228+0000] {dag.py:3340} INFO - Setting next_dagrun for example_time_delta_sensor_async to None, run_after=None
[2024-05-31T04:09:19.246+0000] {processor.py:176} INFO - Processing /home/airflow/.local/lib/python3.7/site-packages/airflow/example_dags/example_time_delta_sensor_async.py took 0.245 seconds
