[2024-05-31T04:05:10.980+0000] {processor.py:154} INFO - Started process (PID=68) to work on /home/airflow/.local/lib/python3.7/site-packages/airflow/example_dags/example_complex.py
[2024-05-31T04:05:10.982+0000] {processor.py:756} INFO - Processing file /home/airflow/.local/lib/python3.7/site-packages/airflow/example_dags/example_complex.py for tasks to queue
[2024-05-31T04:05:10.982+0000] {logging_mixin.py:120} INFO - [2024-05-31T04:05:10.982+0000] {dagbag.py:537} INFO - Filling up the DagBag from /home/airflow/.local/lib/python3.7/site-packages/airflow/example_dags/example_complex.py
[2024-05-31T04:05:10.999+0000] {logging_mixin.py:120} INFO - [2024-05-31T04:05:10.999+0000] {taskmixin.py:205} WARNING - Dependency <Task(BashOperator): create_entry_group>, delete_entry_group already registered for DAG: example_complex
[2024-05-31T04:05:11.000+0000] {logging_mixin.py:120} INFO - [2024-05-31T04:05:10.999+0000] {taskmixin.py:205} WARNING - Dependency <Task(BashOperator): delete_entry_group>, create_entry_group already registered for DAG: example_complex
[2024-05-31T04:05:11.000+0000] {logging_mixin.py:120} INFO - [2024-05-31T04:05:11.000+0000] {taskmixin.py:205} WARNING - Dependency <Task(BashOperator): create_entry_gcs>, delete_entry already registered for DAG: example_complex
[2024-05-31T04:05:11.001+0000] {logging_mixin.py:120} INFO - [2024-05-31T04:05:11.001+0000] {taskmixin.py:205} WARNING - Dependency <Task(BashOperator): delete_entry>, create_entry_gcs already registered for DAG: example_complex
[2024-05-31T04:05:11.002+0000] {logging_mixin.py:120} INFO - [2024-05-31T04:05:11.001+0000] {taskmixin.py:205} WARNING - Dependency <Task(BashOperator): create_tag>, delete_tag already registered for DAG: example_complex
[2024-05-31T04:05:11.002+0000] {logging_mixin.py:120} INFO - [2024-05-31T04:05:11.002+0000] {taskmixin.py:205} WARNING - Dependency <Task(BashOperator): delete_tag>, create_tag already registered for DAG: example_complex
[2024-05-31T04:05:11.017+0000] {processor.py:766} INFO - DAG(s) dict_keys(['example_complex']) retrieved from /home/airflow/.local/lib/python3.7/site-packages/airflow/example_dags/example_complex.py
[2024-05-31T04:05:11.258+0000] {logging_mixin.py:120} INFO - [2024-05-31T04:05:11.258+0000] {manager.py:507} INFO - Created Permission View: can read on DAG:example_complex
[2024-05-31T04:05:11.275+0000] {logging_mixin.py:120} INFO - [2024-05-31T04:05:11.275+0000] {manager.py:507} INFO - Created Permission View: can edit on DAG:example_complex
[2024-05-31T04:05:11.289+0000] {logging_mixin.py:120} INFO - [2024-05-31T04:05:11.289+0000] {manager.py:507} INFO - Created Permission View: can delete on DAG:example_complex
[2024-05-31T04:05:11.290+0000] {logging_mixin.py:120} INFO - [2024-05-31T04:05:11.290+0000] {dag.py:2585} INFO - Sync 1 DAGs
[2024-05-31T04:05:11.313+0000] {logging_mixin.py:120} INFO - [2024-05-31T04:05:11.313+0000] {dag.py:2606} INFO - Creating ORM DAG for example_complex
[2024-05-31T04:05:11.340+0000] {logging_mixin.py:120} INFO - [2024-05-31T04:05:11.339+0000] {dag.py:3340} INFO - Setting next_dagrun for example_complex to None, run_after=None
[2024-05-31T04:05:11.399+0000] {processor.py:176} INFO - Processing /home/airflow/.local/lib/python3.7/site-packages/airflow/example_dags/example_complex.py took 0.422 seconds
[2024-05-31T04:05:42.007+0000] {processor.py:154} INFO - Started process (PID=131) to work on /home/airflow/.local/lib/python3.7/site-packages/airflow/example_dags/example_complex.py
[2024-05-31T04:05:42.008+0000] {processor.py:756} INFO - Processing file /home/airflow/.local/lib/python3.7/site-packages/airflow/example_dags/example_complex.py for tasks to queue
[2024-05-31T04:05:42.008+0000] {logging_mixin.py:120} INFO - [2024-05-31T04:05:42.008+0000] {dagbag.py:537} INFO - Filling up the DagBag from /home/airflow/.local/lib/python3.7/site-packages/airflow/example_dags/example_complex.py
[2024-05-31T04:05:42.018+0000] {logging_mixin.py:120} INFO - [2024-05-31T04:05:42.018+0000] {taskmixin.py:205} WARNING - Dependency <Task(BashOperator): create_entry_group>, delete_entry_group already registered for DAG: example_complex
[2024-05-31T04:05:42.019+0000] {logging_mixin.py:120} INFO - [2024-05-31T04:05:42.019+0000] {taskmixin.py:205} WARNING - Dependency <Task(BashOperator): delete_entry_group>, create_entry_group already registered for DAG: example_complex
[2024-05-31T04:05:42.019+0000] {logging_mixin.py:120} INFO - [2024-05-31T04:05:42.019+0000] {taskmixin.py:205} WARNING - Dependency <Task(BashOperator): create_entry_gcs>, delete_entry already registered for DAG: example_complex
[2024-05-31T04:05:42.020+0000] {logging_mixin.py:120} INFO - [2024-05-31T04:05:42.019+0000] {taskmixin.py:205} WARNING - Dependency <Task(BashOperator): delete_entry>, create_entry_gcs already registered for DAG: example_complex
[2024-05-31T04:05:42.020+0000] {logging_mixin.py:120} INFO - [2024-05-31T04:05:42.020+0000] {taskmixin.py:205} WARNING - Dependency <Task(BashOperator): create_tag>, delete_tag already registered for DAG: example_complex
[2024-05-31T04:05:42.020+0000] {logging_mixin.py:120} INFO - [2024-05-31T04:05:42.020+0000] {taskmixin.py:205} WARNING - Dependency <Task(BashOperator): delete_tag>, create_tag already registered for DAG: example_complex
[2024-05-31T04:05:42.028+0000] {processor.py:766} INFO - DAG(s) dict_keys(['example_complex']) retrieved from /home/airflow/.local/lib/python3.7/site-packages/airflow/example_dags/example_complex.py
[2024-05-31T04:05:42.067+0000] {logging_mixin.py:120} INFO - [2024-05-31T04:05:42.067+0000] {dag.py:2585} INFO - Sync 1 DAGs
[2024-05-31T04:05:42.093+0000] {logging_mixin.py:120} INFO - [2024-05-31T04:05:42.093+0000] {dag.py:3340} INFO - Setting next_dagrun for example_complex to None, run_after=None
[2024-05-31T04:05:42.120+0000] {processor.py:176} INFO - Processing /home/airflow/.local/lib/python3.7/site-packages/airflow/example_dags/example_complex.py took 0.115 seconds
[2024-05-31T04:06:12.431+0000] {processor.py:154} INFO - Started process (PID=195) to work on /home/airflow/.local/lib/python3.7/site-packages/airflow/example_dags/example_complex.py
[2024-05-31T04:06:12.432+0000] {processor.py:756} INFO - Processing file /home/airflow/.local/lib/python3.7/site-packages/airflow/example_dags/example_complex.py for tasks to queue
[2024-05-31T04:06:12.432+0000] {logging_mixin.py:120} INFO - [2024-05-31T04:06:12.432+0000] {dagbag.py:537} INFO - Filling up the DagBag from /home/airflow/.local/lib/python3.7/site-packages/airflow/example_dags/example_complex.py
[2024-05-31T04:06:12.442+0000] {logging_mixin.py:120} INFO - [2024-05-31T04:06:12.442+0000] {taskmixin.py:205} WARNING - Dependency <Task(BashOperator): create_entry_group>, delete_entry_group already registered for DAG: example_complex
[2024-05-31T04:06:12.443+0000] {logging_mixin.py:120} INFO - [2024-05-31T04:06:12.443+0000] {taskmixin.py:205} WARNING - Dependency <Task(BashOperator): delete_entry_group>, create_entry_group already registered for DAG: example_complex
[2024-05-31T04:06:12.443+0000] {logging_mixin.py:120} INFO - [2024-05-31T04:06:12.443+0000] {taskmixin.py:205} WARNING - Dependency <Task(BashOperator): create_entry_gcs>, delete_entry already registered for DAG: example_complex
[2024-05-31T04:06:12.443+0000] {logging_mixin.py:120} INFO - [2024-05-31T04:06:12.443+0000] {taskmixin.py:205} WARNING - Dependency <Task(BashOperator): delete_entry>, create_entry_gcs already registered for DAG: example_complex
[2024-05-31T04:06:12.444+0000] {logging_mixin.py:120} INFO - [2024-05-31T04:06:12.444+0000] {taskmixin.py:205} WARNING - Dependency <Task(BashOperator): create_tag>, delete_tag already registered for DAG: example_complex
[2024-05-31T04:06:12.444+0000] {logging_mixin.py:120} INFO - [2024-05-31T04:06:12.444+0000] {taskmixin.py:205} WARNING - Dependency <Task(BashOperator): delete_tag>, create_tag already registered for DAG: example_complex
[2024-05-31T04:06:12.451+0000] {processor.py:766} INFO - DAG(s) dict_keys(['example_complex']) retrieved from /home/airflow/.local/lib/python3.7/site-packages/airflow/example_dags/example_complex.py
[2024-05-31T04:06:12.494+0000] {logging_mixin.py:120} INFO - [2024-05-31T04:06:12.494+0000] {dag.py:2585} INFO - Sync 1 DAGs
[2024-05-31T04:06:12.516+0000] {logging_mixin.py:120} INFO - [2024-05-31T04:06:12.516+0000] {dag.py:3340} INFO - Setting next_dagrun for example_complex to None, run_after=None
[2024-05-31T04:06:12.534+0000] {processor.py:176} INFO - Processing /home/airflow/.local/lib/python3.7/site-packages/airflow/example_dags/example_complex.py took 0.106 seconds
[2024-05-31T04:06:42.999+0000] {processor.py:154} INFO - Started process (PID=249) to work on /home/airflow/.local/lib/python3.7/site-packages/airflow/example_dags/example_complex.py
[2024-05-31T04:06:42.999+0000] {processor.py:756} INFO - Processing file /home/airflow/.local/lib/python3.7/site-packages/airflow/example_dags/example_complex.py for tasks to queue
[2024-05-31T04:06:43.000+0000] {logging_mixin.py:120} INFO - [2024-05-31T04:06:43.000+0000] {dagbag.py:537} INFO - Filling up the DagBag from /home/airflow/.local/lib/python3.7/site-packages/airflow/example_dags/example_complex.py
[2024-05-31T04:06:43.010+0000] {logging_mixin.py:120} INFO - [2024-05-31T04:06:43.010+0000] {taskmixin.py:205} WARNING - Dependency <Task(BashOperator): create_entry_group>, delete_entry_group already registered for DAG: example_complex
[2024-05-31T04:06:43.011+0000] {logging_mixin.py:120} INFO - [2024-05-31T04:06:43.010+0000] {taskmixin.py:205} WARNING - Dependency <Task(BashOperator): delete_entry_group>, create_entry_group already registered for DAG: example_complex
[2024-05-31T04:06:43.011+0000] {logging_mixin.py:120} INFO - [2024-05-31T04:06:43.011+0000] {taskmixin.py:205} WARNING - Dependency <Task(BashOperator): create_entry_gcs>, delete_entry already registered for DAG: example_complex
[2024-05-31T04:06:43.011+0000] {logging_mixin.py:120} INFO - [2024-05-31T04:06:43.011+0000] {taskmixin.py:205} WARNING - Dependency <Task(BashOperator): delete_entry>, create_entry_gcs already registered for DAG: example_complex
[2024-05-31T04:06:43.012+0000] {logging_mixin.py:120} INFO - [2024-05-31T04:06:43.012+0000] {taskmixin.py:205} WARNING - Dependency <Task(BashOperator): create_tag>, delete_tag already registered for DAG: example_complex
[2024-05-31T04:06:43.012+0000] {logging_mixin.py:120} INFO - [2024-05-31T04:06:43.012+0000] {taskmixin.py:205} WARNING - Dependency <Task(BashOperator): delete_tag>, create_tag already registered for DAG: example_complex
[2024-05-31T04:06:43.019+0000] {processor.py:766} INFO - DAG(s) dict_keys(['example_complex']) retrieved from /home/airflow/.local/lib/python3.7/site-packages/airflow/example_dags/example_complex.py
[2024-05-31T04:06:43.060+0000] {logging_mixin.py:120} INFO - [2024-05-31T04:06:43.059+0000] {dag.py:2585} INFO - Sync 1 DAGs
[2024-05-31T04:06:43.080+0000] {logging_mixin.py:120} INFO - [2024-05-31T04:06:43.080+0000] {dag.py:3340} INFO - Setting next_dagrun for example_complex to None, run_after=None
[2024-05-31T04:06:43.097+0000] {processor.py:176} INFO - Processing /home/airflow/.local/lib/python3.7/site-packages/airflow/example_dags/example_complex.py took 0.102 seconds
[2024-05-31T04:07:13.540+0000] {processor.py:154} INFO - Started process (PID=312) to work on /home/airflow/.local/lib/python3.7/site-packages/airflow/example_dags/example_complex.py
[2024-05-31T04:07:13.541+0000] {processor.py:756} INFO - Processing file /home/airflow/.local/lib/python3.7/site-packages/airflow/example_dags/example_complex.py for tasks to queue
[2024-05-31T04:07:13.542+0000] {logging_mixin.py:120} INFO - [2024-05-31T04:07:13.542+0000] {dagbag.py:537} INFO - Filling up the DagBag from /home/airflow/.local/lib/python3.7/site-packages/airflow/example_dags/example_complex.py
[2024-05-31T04:07:13.552+0000] {logging_mixin.py:120} INFO - [2024-05-31T04:07:13.552+0000] {taskmixin.py:205} WARNING - Dependency <Task(BashOperator): create_entry_group>, delete_entry_group already registered for DAG: example_complex
[2024-05-31T04:07:13.553+0000] {logging_mixin.py:120} INFO - [2024-05-31T04:07:13.552+0000] {taskmixin.py:205} WARNING - Dependency <Task(BashOperator): delete_entry_group>, create_entry_group already registered for DAG: example_complex
[2024-05-31T04:07:13.553+0000] {logging_mixin.py:120} INFO - [2024-05-31T04:07:13.553+0000] {taskmixin.py:205} WARNING - Dependency <Task(BashOperator): create_entry_gcs>, delete_entry already registered for DAG: example_complex
[2024-05-31T04:07:13.553+0000] {logging_mixin.py:120} INFO - [2024-05-31T04:07:13.553+0000] {taskmixin.py:205} WARNING - Dependency <Task(BashOperator): delete_entry>, create_entry_gcs already registered for DAG: example_complex
[2024-05-31T04:07:13.554+0000] {logging_mixin.py:120} INFO - [2024-05-31T04:07:13.554+0000] {taskmixin.py:205} WARNING - Dependency <Task(BashOperator): create_tag>, delete_tag already registered for DAG: example_complex
[2024-05-31T04:07:13.554+0000] {logging_mixin.py:120} INFO - [2024-05-31T04:07:13.554+0000] {taskmixin.py:205} WARNING - Dependency <Task(BashOperator): delete_tag>, create_tag already registered for DAG: example_complex
[2024-05-31T04:07:13.560+0000] {processor.py:766} INFO - DAG(s) dict_keys(['example_complex']) retrieved from /home/airflow/.local/lib/python3.7/site-packages/airflow/example_dags/example_complex.py
[2024-05-31T04:07:13.600+0000] {logging_mixin.py:120} INFO - [2024-05-31T04:07:13.600+0000] {dag.py:2585} INFO - Sync 1 DAGs
[2024-05-31T04:07:13.623+0000] {logging_mixin.py:120} INFO - [2024-05-31T04:07:13.623+0000] {dag.py:3340} INFO - Setting next_dagrun for example_complex to None, run_after=None
[2024-05-31T04:07:13.640+0000] {processor.py:176} INFO - Processing /home/airflow/.local/lib/python3.7/site-packages/airflow/example_dags/example_complex.py took 0.102 seconds
[2024-05-31T04:07:44.361+0000] {processor.py:154} INFO - Started process (PID=375) to work on /home/airflow/.local/lib/python3.7/site-packages/airflow/example_dags/example_complex.py
[2024-05-31T04:07:44.362+0000] {processor.py:756} INFO - Processing file /home/airflow/.local/lib/python3.7/site-packages/airflow/example_dags/example_complex.py for tasks to queue
[2024-05-31T04:07:44.363+0000] {logging_mixin.py:120} INFO - [2024-05-31T04:07:44.363+0000] {dagbag.py:537} INFO - Filling up the DagBag from /home/airflow/.local/lib/python3.7/site-packages/airflow/example_dags/example_complex.py
[2024-05-31T04:07:44.373+0000] {logging_mixin.py:120} INFO - [2024-05-31T04:07:44.373+0000] {taskmixin.py:205} WARNING - Dependency <Task(BashOperator): create_entry_group>, delete_entry_group already registered for DAG: example_complex
[2024-05-31T04:07:44.374+0000] {logging_mixin.py:120} INFO - [2024-05-31T04:07:44.373+0000] {taskmixin.py:205} WARNING - Dependency <Task(BashOperator): delete_entry_group>, create_entry_group already registered for DAG: example_complex
[2024-05-31T04:07:44.374+0000] {logging_mixin.py:120} INFO - [2024-05-31T04:07:44.374+0000] {taskmixin.py:205} WARNING - Dependency <Task(BashOperator): create_entry_gcs>, delete_entry already registered for DAG: example_complex
[2024-05-31T04:07:44.374+0000] {logging_mixin.py:120} INFO - [2024-05-31T04:07:44.374+0000] {taskmixin.py:205} WARNING - Dependency <Task(BashOperator): delete_entry>, create_entry_gcs already registered for DAG: example_complex
[2024-05-31T04:07:44.375+0000] {logging_mixin.py:120} INFO - [2024-05-31T04:07:44.375+0000] {taskmixin.py:205} WARNING - Dependency <Task(BashOperator): create_tag>, delete_tag already registered for DAG: example_complex
[2024-05-31T04:07:44.375+0000] {logging_mixin.py:120} INFO - [2024-05-31T04:07:44.375+0000] {taskmixin.py:205} WARNING - Dependency <Task(BashOperator): delete_tag>, create_tag already registered for DAG: example_complex
[2024-05-31T04:07:44.383+0000] {processor.py:766} INFO - DAG(s) dict_keys(['example_complex']) retrieved from /home/airflow/.local/lib/python3.7/site-packages/airflow/example_dags/example_complex.py
[2024-05-31T04:07:44.432+0000] {logging_mixin.py:120} INFO - [2024-05-31T04:07:44.432+0000] {dag.py:2585} INFO - Sync 1 DAGs
[2024-05-31T04:07:44.461+0000] {logging_mixin.py:120} INFO - [2024-05-31T04:07:44.460+0000] {dag.py:3340} INFO - Setting next_dagrun for example_complex to None, run_after=None
[2024-05-31T04:07:44.486+0000] {processor.py:176} INFO - Processing /home/airflow/.local/lib/python3.7/site-packages/airflow/example_dags/example_complex.py took 0.127 seconds
[2024-05-31T04:08:14.786+0000] {processor.py:154} INFO - Started process (PID=438) to work on /home/airflow/.local/lib/python3.7/site-packages/airflow/example_dags/example_complex.py
[2024-05-31T04:08:14.787+0000] {processor.py:756} INFO - Processing file /home/airflow/.local/lib/python3.7/site-packages/airflow/example_dags/example_complex.py for tasks to queue
[2024-05-31T04:08:14.788+0000] {logging_mixin.py:120} INFO - [2024-05-31T04:08:14.788+0000] {dagbag.py:537} INFO - Filling up the DagBag from /home/airflow/.local/lib/python3.7/site-packages/airflow/example_dags/example_complex.py
[2024-05-31T04:08:14.798+0000] {logging_mixin.py:120} INFO - [2024-05-31T04:08:14.798+0000] {taskmixin.py:205} WARNING - Dependency <Task(BashOperator): create_entry_group>, delete_entry_group already registered for DAG: example_complex
[2024-05-31T04:08:14.799+0000] {logging_mixin.py:120} INFO - [2024-05-31T04:08:14.798+0000] {taskmixin.py:205} WARNING - Dependency <Task(BashOperator): delete_entry_group>, create_entry_group already registered for DAG: example_complex
[2024-05-31T04:08:14.799+0000] {logging_mixin.py:120} INFO - [2024-05-31T04:08:14.799+0000] {taskmixin.py:205} WARNING - Dependency <Task(BashOperator): create_entry_gcs>, delete_entry already registered for DAG: example_complex
[2024-05-31T04:08:14.800+0000] {logging_mixin.py:120} INFO - [2024-05-31T04:08:14.799+0000] {taskmixin.py:205} WARNING - Dependency <Task(BashOperator): delete_entry>, create_entry_gcs already registered for DAG: example_complex
[2024-05-31T04:08:14.800+0000] {logging_mixin.py:120} INFO - [2024-05-31T04:08:14.800+0000] {taskmixin.py:205} WARNING - Dependency <Task(BashOperator): create_tag>, delete_tag already registered for DAG: example_complex
[2024-05-31T04:08:14.800+0000] {logging_mixin.py:120} INFO - [2024-05-31T04:08:14.800+0000] {taskmixin.py:205} WARNING - Dependency <Task(BashOperator): delete_tag>, create_tag already registered for DAG: example_complex
[2024-05-31T04:08:14.809+0000] {processor.py:766} INFO - DAG(s) dict_keys(['example_complex']) retrieved from /home/airflow/.local/lib/python3.7/site-packages/airflow/example_dags/example_complex.py
[2024-05-31T04:08:14.857+0000] {logging_mixin.py:120} INFO - [2024-05-31T04:08:14.857+0000] {dag.py:2585} INFO - Sync 1 DAGs
[2024-05-31T04:08:14.886+0000] {logging_mixin.py:120} INFO - [2024-05-31T04:08:14.886+0000] {dag.py:3340} INFO - Setting next_dagrun for example_complex to None, run_after=None
[2024-05-31T04:08:14.906+0000] {processor.py:176} INFO - Processing /home/airflow/.local/lib/python3.7/site-packages/airflow/example_dags/example_complex.py took 0.122 seconds
[2024-05-31T04:08:45.385+0000] {processor.py:154} INFO - Started process (PID=492) to work on /home/airflow/.local/lib/python3.7/site-packages/airflow/example_dags/example_complex.py
[2024-05-31T04:08:45.385+0000] {processor.py:756} INFO - Processing file /home/airflow/.local/lib/python3.7/site-packages/airflow/example_dags/example_complex.py for tasks to queue
[2024-05-31T04:08:45.386+0000] {logging_mixin.py:120} INFO - [2024-05-31T04:08:45.386+0000] {dagbag.py:537} INFO - Filling up the DagBag from /home/airflow/.local/lib/python3.7/site-packages/airflow/example_dags/example_complex.py
[2024-05-31T04:08:45.399+0000] {logging_mixin.py:120} INFO - [2024-05-31T04:08:45.399+0000] {taskmixin.py:205} WARNING - Dependency <Task(BashOperator): create_entry_group>, delete_entry_group already registered for DAG: example_complex
[2024-05-31T04:08:45.400+0000] {logging_mixin.py:120} INFO - [2024-05-31T04:08:45.400+0000] {taskmixin.py:205} WARNING - Dependency <Task(BashOperator): delete_entry_group>, create_entry_group already registered for DAG: example_complex
[2024-05-31T04:08:45.401+0000] {logging_mixin.py:120} INFO - [2024-05-31T04:08:45.400+0000] {taskmixin.py:205} WARNING - Dependency <Task(BashOperator): create_entry_gcs>, delete_entry already registered for DAG: example_complex
[2024-05-31T04:08:45.401+0000] {logging_mixin.py:120} INFO - [2024-05-31T04:08:45.401+0000] {taskmixin.py:205} WARNING - Dependency <Task(BashOperator): delete_entry>, create_entry_gcs already registered for DAG: example_complex
[2024-05-31T04:08:45.402+0000] {logging_mixin.py:120} INFO - [2024-05-31T04:08:45.402+0000] {taskmixin.py:205} WARNING - Dependency <Task(BashOperator): create_tag>, delete_tag already registered for DAG: example_complex
[2024-05-31T04:08:45.402+0000] {logging_mixin.py:120} INFO - [2024-05-31T04:08:45.402+0000] {taskmixin.py:205} WARNING - Dependency <Task(BashOperator): delete_tag>, create_tag already registered for DAG: example_complex
[2024-05-31T04:08:45.408+0000] {processor.py:766} INFO - DAG(s) dict_keys(['example_complex']) retrieved from /home/airflow/.local/lib/python3.7/site-packages/airflow/example_dags/example_complex.py
[2024-05-31T04:08:45.452+0000] {logging_mixin.py:120} INFO - [2024-05-31T04:08:45.451+0000] {dag.py:2585} INFO - Sync 1 DAGs
[2024-05-31T04:08:45.478+0000] {logging_mixin.py:120} INFO - [2024-05-31T04:08:45.477+0000] {dag.py:3340} INFO - Setting next_dagrun for example_complex to None, run_after=None
[2024-05-31T04:08:45.497+0000] {processor.py:176} INFO - Processing /home/airflow/.local/lib/python3.7/site-packages/airflow/example_dags/example_complex.py took 0.116 seconds
[2024-05-31T04:09:16.171+0000] {processor.py:154} INFO - Started process (PID=555) to work on /home/airflow/.local/lib/python3.7/site-packages/airflow/example_dags/example_complex.py
[2024-05-31T04:09:16.172+0000] {processor.py:756} INFO - Processing file /home/airflow/.local/lib/python3.7/site-packages/airflow/example_dags/example_complex.py for tasks to queue
[2024-05-31T04:09:16.173+0000] {logging_mixin.py:120} INFO - [2024-05-31T04:09:16.173+0000] {dagbag.py:537} INFO - Filling up the DagBag from /home/airflow/.local/lib/python3.7/site-packages/airflow/example_dags/example_complex.py
[2024-05-31T04:09:16.184+0000] {logging_mixin.py:120} INFO - [2024-05-31T04:09:16.184+0000] {taskmixin.py:205} WARNING - Dependency <Task(BashOperator): create_entry_group>, delete_entry_group already registered for DAG: example_complex
[2024-05-31T04:09:16.185+0000] {logging_mixin.py:120} INFO - [2024-05-31T04:09:16.185+0000] {taskmixin.py:205} WARNING - Dependency <Task(BashOperator): delete_entry_group>, create_entry_group already registered for DAG: example_complex
[2024-05-31T04:09:16.185+0000] {logging_mixin.py:120} INFO - [2024-05-31T04:09:16.185+0000] {taskmixin.py:205} WARNING - Dependency <Task(BashOperator): create_entry_gcs>, delete_entry already registered for DAG: example_complex
[2024-05-31T04:09:16.186+0000] {logging_mixin.py:120} INFO - [2024-05-31T04:09:16.186+0000] {taskmixin.py:205} WARNING - Dependency <Task(BashOperator): delete_entry>, create_entry_gcs already registered for DAG: example_complex
[2024-05-31T04:09:16.186+0000] {logging_mixin.py:120} INFO - [2024-05-31T04:09:16.186+0000] {taskmixin.py:205} WARNING - Dependency <Task(BashOperator): create_tag>, delete_tag already registered for DAG: example_complex
[2024-05-31T04:09:16.187+0000] {logging_mixin.py:120} INFO - [2024-05-31T04:09:16.186+0000] {taskmixin.py:205} WARNING - Dependency <Task(BashOperator): delete_tag>, create_tag already registered for DAG: example_complex
[2024-05-31T04:09:16.194+0000] {processor.py:766} INFO - DAG(s) dict_keys(['example_complex']) retrieved from /home/airflow/.local/lib/python3.7/site-packages/airflow/example_dags/example_complex.py
[2024-05-31T04:09:16.249+0000] {logging_mixin.py:120} INFO - [2024-05-31T04:09:16.249+0000] {dag.py:2585} INFO - Sync 1 DAGs
[2024-05-31T04:09:16.276+0000] {logging_mixin.py:120} INFO - [2024-05-31T04:09:16.276+0000] {dag.py:3340} INFO - Setting next_dagrun for example_complex to None, run_after=None
[2024-05-31T04:09:16.296+0000] {processor.py:176} INFO - Processing /home/airflow/.local/lib/python3.7/site-packages/airflow/example_dags/example_complex.py took 0.127 seconds
[2024-05-31T04:24:36.984+0000] {processor.py:154} INFO - Started process (PID=2405) to work on /home/airflow/.local/lib/python3.7/site-packages/airflow/example_dags/example_complex.py
[2024-05-31T04:24:36.985+0000] {processor.py:756} INFO - Processing file /home/airflow/.local/lib/python3.7/site-packages/airflow/example_dags/example_complex.py for tasks to queue
[2024-05-31T04:24:36.986+0000] {logging_mixin.py:120} INFO - [2024-05-31T04:24:36.986+0000] {dagbag.py:537} INFO - Filling up the DagBag from /home/airflow/.local/lib/python3.7/site-packages/airflow/example_dags/example_complex.py
[2024-05-31T04:24:36.996+0000] {logging_mixin.py:120} INFO - [2024-05-31T04:24:36.995+0000] {taskmixin.py:205} WARNING - Dependency <Task(BashOperator): create_entry_group>, delete_entry_group already registered for DAG: example_complex
[2024-05-31T04:24:36.996+0000] {logging_mixin.py:120} INFO - [2024-05-31T04:24:36.996+0000] {taskmixin.py:205} WARNING - Dependency <Task(BashOperator): delete_entry_group>, create_entry_group already registered for DAG: example_complex
[2024-05-31T04:24:36.997+0000] {logging_mixin.py:120} INFO - [2024-05-31T04:24:36.996+0000] {taskmixin.py:205} WARNING - Dependency <Task(BashOperator): create_entry_gcs>, delete_entry already registered for DAG: example_complex
[2024-05-31T04:24:36.997+0000] {logging_mixin.py:120} INFO - [2024-05-31T04:24:36.997+0000] {taskmixin.py:205} WARNING - Dependency <Task(BashOperator): delete_entry>, create_entry_gcs already registered for DAG: example_complex
[2024-05-31T04:24:36.997+0000] {logging_mixin.py:120} INFO - [2024-05-31T04:24:36.997+0000] {taskmixin.py:205} WARNING - Dependency <Task(BashOperator): create_tag>, delete_tag already registered for DAG: example_complex
[2024-05-31T04:24:36.998+0000] {logging_mixin.py:120} INFO - [2024-05-31T04:24:36.998+0000] {taskmixin.py:205} WARNING - Dependency <Task(BashOperator): delete_tag>, create_tag already registered for DAG: example_complex
[2024-05-31T04:24:37.004+0000] {processor.py:766} INFO - DAG(s) dict_keys(['example_complex']) retrieved from /home/airflow/.local/lib/python3.7/site-packages/airflow/example_dags/example_complex.py
[2024-05-31T04:24:37.043+0000] {logging_mixin.py:120} INFO - [2024-05-31T04:24:37.043+0000] {dag.py:2585} INFO - Sync 1 DAGs
[2024-05-31T04:24:37.066+0000] {logging_mixin.py:120} INFO - [2024-05-31T04:24:37.065+0000] {dag.py:3340} INFO - Setting next_dagrun for example_complex to None, run_after=None
[2024-05-31T04:24:37.082+0000] {processor.py:176} INFO - Processing /home/airflow/.local/lib/python3.7/site-packages/airflow/example_dags/example_complex.py took 0.100 seconds
[2024-05-31T04:25:07.534+0000] {processor.py:154} INFO - Started process (PID=2469) to work on /home/airflow/.local/lib/python3.7/site-packages/airflow/example_dags/example_complex.py
[2024-05-31T04:25:07.535+0000] {processor.py:756} INFO - Processing file /home/airflow/.local/lib/python3.7/site-packages/airflow/example_dags/example_complex.py for tasks to queue
[2024-05-31T04:25:07.537+0000] {logging_mixin.py:120} INFO - [2024-05-31T04:25:07.536+0000] {dagbag.py:537} INFO - Filling up the DagBag from /home/airflow/.local/lib/python3.7/site-packages/airflow/example_dags/example_complex.py
[2024-05-31T04:25:07.548+0000] {logging_mixin.py:120} INFO - [2024-05-31T04:25:07.548+0000] {taskmixin.py:205} WARNING - Dependency <Task(BashOperator): create_entry_group>, delete_entry_group already registered for DAG: example_complex
[2024-05-31T04:25:07.549+0000] {logging_mixin.py:120} INFO - [2024-05-31T04:25:07.549+0000] {taskmixin.py:205} WARNING - Dependency <Task(BashOperator): delete_entry_group>, create_entry_group already registered for DAG: example_complex
[2024-05-31T04:25:07.549+0000] {logging_mixin.py:120} INFO - [2024-05-31T04:25:07.549+0000] {taskmixin.py:205} WARNING - Dependency <Task(BashOperator): create_entry_gcs>, delete_entry already registered for DAG: example_complex
[2024-05-31T04:25:07.550+0000] {logging_mixin.py:120} INFO - [2024-05-31T04:25:07.550+0000] {taskmixin.py:205} WARNING - Dependency <Task(BashOperator): delete_entry>, create_entry_gcs already registered for DAG: example_complex
[2024-05-31T04:25:07.551+0000] {logging_mixin.py:120} INFO - [2024-05-31T04:25:07.551+0000] {taskmixin.py:205} WARNING - Dependency <Task(BashOperator): create_tag>, delete_tag already registered for DAG: example_complex
[2024-05-31T04:25:07.551+0000] {logging_mixin.py:120} INFO - [2024-05-31T04:25:07.551+0000] {taskmixin.py:205} WARNING - Dependency <Task(BashOperator): delete_tag>, create_tag already registered for DAG: example_complex
[2024-05-31T04:25:07.558+0000] {processor.py:766} INFO - DAG(s) dict_keys(['example_complex']) retrieved from /home/airflow/.local/lib/python3.7/site-packages/airflow/example_dags/example_complex.py
[2024-05-31T04:25:07.598+0000] {logging_mixin.py:120} INFO - [2024-05-31T04:25:07.598+0000] {dag.py:2585} INFO - Sync 1 DAGs
[2024-05-31T04:25:07.619+0000] {logging_mixin.py:120} INFO - [2024-05-31T04:25:07.619+0000] {dag.py:3340} INFO - Setting next_dagrun for example_complex to None, run_after=None
[2024-05-31T04:25:07.638+0000] {processor.py:176} INFO - Processing /home/airflow/.local/lib/python3.7/site-packages/airflow/example_dags/example_complex.py took 0.106 seconds
