[2024-05-31T04:05:12.842+0000] {processor.py:154} INFO - Started process (PID=76) to work on /home/airflow/.local/lib/python3.7/site-packages/airflow/example_dags/example_subdag_operator.py
[2024-05-31T04:05:12.843+0000] {processor.py:756} INFO - Processing file /home/airflow/.local/lib/python3.7/site-packages/airflow/example_dags/example_subdag_operator.py for tasks to queue
[2024-05-31T04:05:12.844+0000] {logging_mixin.py:120} INFO - [2024-05-31T04:05:12.844+0000] {dagbag.py:537} INFO - Filling up the DagBag from /home/airflow/.local/lib/python3.7/site-packages/airflow/example_dags/example_subdag_operator.py
[2024-05-31T04:05:12.883+0000] {processor.py:766} INFO - DAG(s) dict_keys(['example_subdag_operator.section-1', 'example_subdag_operator.section-2', 'example_subdag_operator']) retrieved from /home/airflow/.local/lib/python3.7/site-packages/airflow/example_dags/example_subdag_operator.py
[2024-05-31T04:05:13.447+0000] {logging_mixin.py:120} INFO - [2024-05-31T04:05:13.447+0000] {manager.py:507} INFO - Created Permission View: can read on DAG:example_subdag_operator
[2024-05-31T04:05:13.464+0000] {logging_mixin.py:120} INFO - [2024-05-31T04:05:13.463+0000] {manager.py:507} INFO - Created Permission View: can edit on DAG:example_subdag_operator
[2024-05-31T04:05:13.475+0000] {logging_mixin.py:120} INFO - [2024-05-31T04:05:13.475+0000] {manager.py:507} INFO - Created Permission View: can delete on DAG:example_subdag_operator
[2024-05-31T04:05:13.476+0000] {logging_mixin.py:120} INFO - [2024-05-31T04:05:13.476+0000] {dag.py:2585} INFO - Sync 3 DAGs
[2024-05-31T04:05:13.504+0000] {logging_mixin.py:120} INFO - [2024-05-31T04:05:13.504+0000] {dag.py:2606} INFO - Creating ORM DAG for example_subdag_operator.section-1
[2024-05-31T04:05:13.505+0000] {logging_mixin.py:120} INFO - [2024-05-31T04:05:13.505+0000] {dag.py:2606} INFO - Creating ORM DAG for example_subdag_operator
[2024-05-31T04:05:13.506+0000] {logging_mixin.py:120} INFO - [2024-05-31T04:05:13.506+0000] {dag.py:2606} INFO - Creating ORM DAG for example_subdag_operator.section-2
[2024-05-31T04:05:13.527+0000] {logging_mixin.py:120} INFO - [2024-05-31T04:05:13.526+0000] {dag.py:3340} INFO - Setting next_dagrun for example_subdag_operator to 2022-01-01T00:00:00+00:00, run_after=2022-01-01T00:00:00+00:00
[2024-05-31T04:05:13.527+0000] {logging_mixin.py:120} INFO - [2024-05-31T04:05:13.527+0000] {dag.py:3340} INFO - Setting next_dagrun for example_subdag_operator.section-1 to None, run_after=None
[2024-05-31T04:05:13.528+0000] {logging_mixin.py:120} INFO - [2024-05-31T04:05:13.528+0000] {dag.py:3340} INFO - Setting next_dagrun for example_subdag_operator.section-2 to None, run_after=None
[2024-05-31T04:05:13.545+0000] {logging_mixin.py:120} INFO - [2024-05-31T04:05:13.544+0000] {dag.py:2585} INFO - Sync 2 DAGs
[2024-05-31T04:05:13.555+0000] {logging_mixin.py:120} INFO - [2024-05-31T04:05:13.555+0000] {dag.py:3340} INFO - Setting next_dagrun for example_subdag_operator.section-1 to None, run_after=None
[2024-05-31T04:05:13.561+0000] {logging_mixin.py:120} INFO - [2024-05-31T04:05:13.560+0000] {dag.py:3340} INFO - Setting next_dagrun for example_subdag_operator.section-2 to None, run_after=None
[2024-05-31T04:05:13.582+0000] {processor.py:176} INFO - Processing /home/airflow/.local/lib/python3.7/site-packages/airflow/example_dags/example_subdag_operator.py took 0.743 seconds
[2024-05-31T04:05:43.822+0000] {processor.py:154} INFO - Started process (PID=139) to work on /home/airflow/.local/lib/python3.7/site-packages/airflow/example_dags/example_subdag_operator.py
[2024-05-31T04:05:43.823+0000] {processor.py:756} INFO - Processing file /home/airflow/.local/lib/python3.7/site-packages/airflow/example_dags/example_subdag_operator.py for tasks to queue
[2024-05-31T04:05:43.824+0000] {logging_mixin.py:120} INFO - [2024-05-31T04:05:43.824+0000] {dagbag.py:537} INFO - Filling up the DagBag from /home/airflow/.local/lib/python3.7/site-packages/airflow/example_dags/example_subdag_operator.py
[2024-05-31T04:05:43.853+0000] {processor.py:766} INFO - DAG(s) dict_keys(['example_subdag_operator.section-1', 'example_subdag_operator.section-2', 'example_subdag_operator']) retrieved from /home/airflow/.local/lib/python3.7/site-packages/airflow/example_dags/example_subdag_operator.py
[2024-05-31T04:05:44.023+0000] {logging_mixin.py:120} INFO - [2024-05-31T04:05:44.023+0000] {dag.py:2585} INFO - Sync 3 DAGs
[2024-05-31T04:05:44.046+0000] {logging_mixin.py:120} INFO - [2024-05-31T04:05:44.046+0000] {dag.py:3340} INFO - Setting next_dagrun for example_subdag_operator to 2022-01-01T00:00:00+00:00, run_after=2022-01-01T00:00:00+00:00
[2024-05-31T04:05:44.050+0000] {logging_mixin.py:120} INFO - [2024-05-31T04:05:44.050+0000] {dag.py:3340} INFO - Setting next_dagrun for example_subdag_operator.section-1 to None, run_after=None
[2024-05-31T04:05:44.052+0000] {logging_mixin.py:120} INFO - [2024-05-31T04:05:44.052+0000] {dag.py:3340} INFO - Setting next_dagrun for example_subdag_operator.section-2 to None, run_after=None
[2024-05-31T04:05:44.060+0000] {logging_mixin.py:120} INFO - [2024-05-31T04:05:44.060+0000] {dag.py:2585} INFO - Sync 2 DAGs
[2024-05-31T04:05:44.066+0000] {logging_mixin.py:120} INFO - [2024-05-31T04:05:44.066+0000] {dag.py:3340} INFO - Setting next_dagrun for example_subdag_operator.section-1 to None, run_after=None
[2024-05-31T04:05:44.067+0000] {logging_mixin.py:120} INFO - [2024-05-31T04:05:44.066+0000] {dag.py:3340} INFO - Setting next_dagrun for example_subdag_operator.section-2 to None, run_after=None
[2024-05-31T04:05:44.076+0000] {processor.py:176} INFO - Processing /home/airflow/.local/lib/python3.7/site-packages/airflow/example_dags/example_subdag_operator.py took 0.256 seconds
[2024-05-31T04:06:14.317+0000] {processor.py:154} INFO - Started process (PID=203) to work on /home/airflow/.local/lib/python3.7/site-packages/airflow/example_dags/example_subdag_operator.py
[2024-05-31T04:06:14.318+0000] {processor.py:756} INFO - Processing file /home/airflow/.local/lib/python3.7/site-packages/airflow/example_dags/example_subdag_operator.py for tasks to queue
[2024-05-31T04:06:14.318+0000] {logging_mixin.py:120} INFO - [2024-05-31T04:06:14.318+0000] {dagbag.py:537} INFO - Filling up the DagBag from /home/airflow/.local/lib/python3.7/site-packages/airflow/example_dags/example_subdag_operator.py
[2024-05-31T04:06:14.345+0000] {processor.py:766} INFO - DAG(s) dict_keys(['example_subdag_operator.section-1', 'example_subdag_operator.section-2', 'example_subdag_operator']) retrieved from /home/airflow/.local/lib/python3.7/site-packages/airflow/example_dags/example_subdag_operator.py
[2024-05-31T04:06:14.524+0000] {logging_mixin.py:120} INFO - [2024-05-31T04:06:14.524+0000] {dag.py:2585} INFO - Sync 3 DAGs
[2024-05-31T04:06:14.553+0000] {logging_mixin.py:120} INFO - [2024-05-31T04:06:14.553+0000] {dag.py:3340} INFO - Setting next_dagrun for example_subdag_operator to 2022-01-01T00:00:00+00:00, run_after=2022-01-01T00:00:00+00:00
[2024-05-31T04:06:14.558+0000] {logging_mixin.py:120} INFO - [2024-05-31T04:06:14.557+0000] {dag.py:3340} INFO - Setting next_dagrun for example_subdag_operator.section-1 to None, run_after=None
[2024-05-31T04:06:14.559+0000] {logging_mixin.py:120} INFO - [2024-05-31T04:06:14.559+0000] {dag.py:3340} INFO - Setting next_dagrun for example_subdag_operator.section-2 to None, run_after=None
[2024-05-31T04:06:14.568+0000] {logging_mixin.py:120} INFO - [2024-05-31T04:06:14.568+0000] {dag.py:2585} INFO - Sync 2 DAGs
[2024-05-31T04:06:14.574+0000] {logging_mixin.py:120} INFO - [2024-05-31T04:06:14.574+0000] {dag.py:3340} INFO - Setting next_dagrun for example_subdag_operator.section-1 to None, run_after=None
[2024-05-31T04:06:14.575+0000] {logging_mixin.py:120} INFO - [2024-05-31T04:06:14.574+0000] {dag.py:3340} INFO - Setting next_dagrun for example_subdag_operator.section-2 to None, run_after=None
[2024-05-31T04:06:14.588+0000] {processor.py:176} INFO - Processing /home/airflow/.local/lib/python3.7/site-packages/airflow/example_dags/example_subdag_operator.py took 0.274 seconds
[2024-05-31T04:06:44.864+0000] {processor.py:154} INFO - Started process (PID=266) to work on /home/airflow/.local/lib/python3.7/site-packages/airflow/example_dags/example_subdag_operator.py
[2024-05-31T04:06:44.865+0000] {processor.py:756} INFO - Processing file /home/airflow/.local/lib/python3.7/site-packages/airflow/example_dags/example_subdag_operator.py for tasks to queue
[2024-05-31T04:06:44.866+0000] {logging_mixin.py:120} INFO - [2024-05-31T04:06:44.866+0000] {dagbag.py:537} INFO - Filling up the DagBag from /home/airflow/.local/lib/python3.7/site-packages/airflow/example_dags/example_subdag_operator.py
[2024-05-31T04:06:44.895+0000] {processor.py:766} INFO - DAG(s) dict_keys(['example_subdag_operator.section-1', 'example_subdag_operator.section-2', 'example_subdag_operator']) retrieved from /home/airflow/.local/lib/python3.7/site-packages/airflow/example_dags/example_subdag_operator.py
[2024-05-31T04:06:45.070+0000] {logging_mixin.py:120} INFO - [2024-05-31T04:06:45.070+0000] {dag.py:2585} INFO - Sync 3 DAGs
[2024-05-31T04:06:45.093+0000] {logging_mixin.py:120} INFO - [2024-05-31T04:06:45.093+0000] {dag.py:3340} INFO - Setting next_dagrun for example_subdag_operator to 2022-01-01T00:00:00+00:00, run_after=2022-01-01T00:00:00+00:00
[2024-05-31T04:06:45.096+0000] {logging_mixin.py:120} INFO - [2024-05-31T04:06:45.096+0000] {dag.py:3340} INFO - Setting next_dagrun for example_subdag_operator.section-1 to None, run_after=None
[2024-05-31T04:06:45.098+0000] {logging_mixin.py:120} INFO - [2024-05-31T04:06:45.098+0000] {dag.py:3340} INFO - Setting next_dagrun for example_subdag_operator.section-2 to None, run_after=None
[2024-05-31T04:06:45.104+0000] {logging_mixin.py:120} INFO - [2024-05-31T04:06:45.104+0000] {dag.py:2585} INFO - Sync 2 DAGs
[2024-05-31T04:06:45.110+0000] {logging_mixin.py:120} INFO - [2024-05-31T04:06:45.110+0000] {dag.py:3340} INFO - Setting next_dagrun for example_subdag_operator.section-1 to None, run_after=None
[2024-05-31T04:06:45.111+0000] {logging_mixin.py:120} INFO - [2024-05-31T04:06:45.111+0000] {dag.py:3340} INFO - Setting next_dagrun for example_subdag_operator.section-2 to None, run_after=None
[2024-05-31T04:06:45.130+0000] {processor.py:176} INFO - Processing /home/airflow/.local/lib/python3.7/site-packages/airflow/example_dags/example_subdag_operator.py took 0.269 seconds
[2024-05-31T04:07:15.482+0000] {processor.py:154} INFO - Started process (PID=320) to work on /home/airflow/.local/lib/python3.7/site-packages/airflow/example_dags/example_subdag_operator.py
[2024-05-31T04:07:15.483+0000] {processor.py:756} INFO - Processing file /home/airflow/.local/lib/python3.7/site-packages/airflow/example_dags/example_subdag_operator.py for tasks to queue
[2024-05-31T04:07:15.483+0000] {logging_mixin.py:120} INFO - [2024-05-31T04:07:15.483+0000] {dagbag.py:537} INFO - Filling up the DagBag from /home/airflow/.local/lib/python3.7/site-packages/airflow/example_dags/example_subdag_operator.py
[2024-05-31T04:07:15.512+0000] {processor.py:766} INFO - DAG(s) dict_keys(['example_subdag_operator.section-1', 'example_subdag_operator.section-2', 'example_subdag_operator']) retrieved from /home/airflow/.local/lib/python3.7/site-packages/airflow/example_dags/example_subdag_operator.py
[2024-05-31T04:07:15.687+0000] {logging_mixin.py:120} INFO - [2024-05-31T04:07:15.686+0000] {dag.py:2585} INFO - Sync 3 DAGs
[2024-05-31T04:07:15.708+0000] {logging_mixin.py:120} INFO - [2024-05-31T04:07:15.708+0000] {dag.py:3340} INFO - Setting next_dagrun for example_subdag_operator to 2022-01-01T00:00:00+00:00, run_after=2022-01-01T00:00:00+00:00
[2024-05-31T04:07:15.712+0000] {logging_mixin.py:120} INFO - [2024-05-31T04:07:15.712+0000] {dag.py:3340} INFO - Setting next_dagrun for example_subdag_operator.section-1 to None, run_after=None
[2024-05-31T04:07:15.713+0000] {logging_mixin.py:120} INFO - [2024-05-31T04:07:15.713+0000] {dag.py:3340} INFO - Setting next_dagrun for example_subdag_operator.section-2 to None, run_after=None
[2024-05-31T04:07:15.721+0000] {logging_mixin.py:120} INFO - [2024-05-31T04:07:15.721+0000] {dag.py:2585} INFO - Sync 2 DAGs
[2024-05-31T04:07:15.726+0000] {logging_mixin.py:120} INFO - [2024-05-31T04:07:15.726+0000] {dag.py:3340} INFO - Setting next_dagrun for example_subdag_operator.section-1 to None, run_after=None
[2024-05-31T04:07:15.727+0000] {logging_mixin.py:120} INFO - [2024-05-31T04:07:15.727+0000] {dag.py:3340} INFO - Setting next_dagrun for example_subdag_operator.section-2 to None, run_after=None
[2024-05-31T04:07:15.737+0000] {processor.py:176} INFO - Processing /home/airflow/.local/lib/python3.7/site-packages/airflow/example_dags/example_subdag_operator.py took 0.258 seconds
[2024-05-31T04:07:46.000+0000] {processor.py:154} INFO - Started process (PID=383) to work on /home/airflow/.local/lib/python3.7/site-packages/airflow/example_dags/example_subdag_operator.py
[2024-05-31T04:07:46.001+0000] {processor.py:756} INFO - Processing file /home/airflow/.local/lib/python3.7/site-packages/airflow/example_dags/example_subdag_operator.py for tasks to queue
[2024-05-31T04:07:46.002+0000] {logging_mixin.py:120} INFO - [2024-05-31T04:07:46.002+0000] {dagbag.py:537} INFO - Filling up the DagBag from /home/airflow/.local/lib/python3.7/site-packages/airflow/example_dags/example_subdag_operator.py
[2024-05-31T04:07:46.034+0000] {processor.py:766} INFO - DAG(s) dict_keys(['example_subdag_operator.section-1', 'example_subdag_operator.section-2', 'example_subdag_operator']) retrieved from /home/airflow/.local/lib/python3.7/site-packages/airflow/example_dags/example_subdag_operator.py
[2024-05-31T04:07:46.208+0000] {logging_mixin.py:120} INFO - [2024-05-31T04:07:46.208+0000] {dag.py:2585} INFO - Sync 3 DAGs
[2024-05-31T04:07:46.237+0000] {logging_mixin.py:120} INFO - [2024-05-31T04:07:46.237+0000] {dag.py:3340} INFO - Setting next_dagrun for example_subdag_operator to 2022-01-01T00:00:00+00:00, run_after=2022-01-01T00:00:00+00:00
[2024-05-31T04:07:46.242+0000] {logging_mixin.py:120} INFO - [2024-05-31T04:07:46.242+0000] {dag.py:3340} INFO - Setting next_dagrun for example_subdag_operator.section-1 to None, run_after=None
[2024-05-31T04:07:46.244+0000] {logging_mixin.py:120} INFO - [2024-05-31T04:07:46.244+0000] {dag.py:3340} INFO - Setting next_dagrun for example_subdag_operator.section-2 to None, run_after=None
[2024-05-31T04:07:46.252+0000] {logging_mixin.py:120} INFO - [2024-05-31T04:07:46.252+0000] {dag.py:2585} INFO - Sync 2 DAGs
[2024-05-31T04:07:46.260+0000] {logging_mixin.py:120} INFO - [2024-05-31T04:07:46.259+0000] {dag.py:3340} INFO - Setting next_dagrun for example_subdag_operator.section-1 to None, run_after=None
[2024-05-31T04:07:46.260+0000] {logging_mixin.py:120} INFO - [2024-05-31T04:07:46.260+0000] {dag.py:3340} INFO - Setting next_dagrun for example_subdag_operator.section-2 to None, run_after=None
[2024-05-31T04:07:46.274+0000] {processor.py:176} INFO - Processing /home/airflow/.local/lib/python3.7/site-packages/airflow/example_dags/example_subdag_operator.py took 0.278 seconds
[2024-05-31T04:08:16.384+0000] {processor.py:154} INFO - Started process (PID=446) to work on /home/airflow/.local/lib/python3.7/site-packages/airflow/example_dags/example_subdag_operator.py
[2024-05-31T04:08:16.385+0000] {processor.py:756} INFO - Processing file /home/airflow/.local/lib/python3.7/site-packages/airflow/example_dags/example_subdag_operator.py for tasks to queue
[2024-05-31T04:08:16.386+0000] {logging_mixin.py:120} INFO - [2024-05-31T04:08:16.386+0000] {dagbag.py:537} INFO - Filling up the DagBag from /home/airflow/.local/lib/python3.7/site-packages/airflow/example_dags/example_subdag_operator.py
[2024-05-31T04:08:16.413+0000] {processor.py:766} INFO - DAG(s) dict_keys(['example_subdag_operator.section-1', 'example_subdag_operator.section-2', 'example_subdag_operator']) retrieved from /home/airflow/.local/lib/python3.7/site-packages/airflow/example_dags/example_subdag_operator.py
[2024-05-31T04:08:16.589+0000] {logging_mixin.py:120} INFO - [2024-05-31T04:08:16.589+0000] {dag.py:2585} INFO - Sync 3 DAGs
[2024-05-31T04:08:16.612+0000] {logging_mixin.py:120} INFO - [2024-05-31T04:08:16.612+0000] {dag.py:3340} INFO - Setting next_dagrun for example_subdag_operator to 2022-01-01T00:00:00+00:00, run_after=2022-01-01T00:00:00+00:00
[2024-05-31T04:08:16.615+0000] {logging_mixin.py:120} INFO - [2024-05-31T04:08:16.615+0000] {dag.py:3340} INFO - Setting next_dagrun for example_subdag_operator.section-1 to None, run_after=None
[2024-05-31T04:08:16.616+0000] {logging_mixin.py:120} INFO - [2024-05-31T04:08:16.616+0000] {dag.py:3340} INFO - Setting next_dagrun for example_subdag_operator.section-2 to None, run_after=None
[2024-05-31T04:08:16.623+0000] {logging_mixin.py:120} INFO - [2024-05-31T04:08:16.623+0000] {dag.py:2585} INFO - Sync 2 DAGs
[2024-05-31T04:08:16.629+0000] {logging_mixin.py:120} INFO - [2024-05-31T04:08:16.629+0000] {dag.py:3340} INFO - Setting next_dagrun for example_subdag_operator.section-1 to None, run_after=None
[2024-05-31T04:08:16.630+0000] {logging_mixin.py:120} INFO - [2024-05-31T04:08:16.630+0000] {dag.py:3340} INFO - Setting next_dagrun for example_subdag_operator.section-2 to None, run_after=None
[2024-05-31T04:08:16.643+0000] {processor.py:176} INFO - Processing /home/airflow/.local/lib/python3.7/site-packages/airflow/example_dags/example_subdag_operator.py took 0.262 seconds
[2024-05-31T04:08:47.132+0000] {processor.py:154} INFO - Started process (PID=500) to work on /home/airflow/.local/lib/python3.7/site-packages/airflow/example_dags/example_subdag_operator.py
[2024-05-31T04:08:47.133+0000] {processor.py:756} INFO - Processing file /home/airflow/.local/lib/python3.7/site-packages/airflow/example_dags/example_subdag_operator.py for tasks to queue
[2024-05-31T04:08:47.134+0000] {logging_mixin.py:120} INFO - [2024-05-31T04:08:47.134+0000] {dagbag.py:537} INFO - Filling up the DagBag from /home/airflow/.local/lib/python3.7/site-packages/airflow/example_dags/example_subdag_operator.py
[2024-05-31T04:08:47.168+0000] {processor.py:766} INFO - DAG(s) dict_keys(['example_subdag_operator.section-1', 'example_subdag_operator.section-2', 'example_subdag_operator']) retrieved from /home/airflow/.local/lib/python3.7/site-packages/airflow/example_dags/example_subdag_operator.py
[2024-05-31T04:08:47.356+0000] {logging_mixin.py:120} INFO - [2024-05-31T04:08:47.356+0000] {dag.py:2585} INFO - Sync 3 DAGs
[2024-05-31T04:08:47.381+0000] {logging_mixin.py:120} INFO - [2024-05-31T04:08:47.381+0000] {dag.py:3340} INFO - Setting next_dagrun for example_subdag_operator to 2022-01-01T00:00:00+00:00, run_after=2022-01-01T00:00:00+00:00
[2024-05-31T04:08:47.383+0000] {logging_mixin.py:120} INFO - [2024-05-31T04:08:47.383+0000] {dag.py:3340} INFO - Setting next_dagrun for example_subdag_operator.section-1 to None, run_after=None
[2024-05-31T04:08:47.384+0000] {logging_mixin.py:120} INFO - [2024-05-31T04:08:47.384+0000] {dag.py:3340} INFO - Setting next_dagrun for example_subdag_operator.section-2 to None, run_after=None
[2024-05-31T04:08:47.391+0000] {logging_mixin.py:120} INFO - [2024-05-31T04:08:47.391+0000] {dag.py:2585} INFO - Sync 2 DAGs
[2024-05-31T04:08:47.397+0000] {logging_mixin.py:120} INFO - [2024-05-31T04:08:47.396+0000] {dag.py:3340} INFO - Setting next_dagrun for example_subdag_operator.section-1 to None, run_after=None
[2024-05-31T04:08:47.397+0000] {logging_mixin.py:120} INFO - [2024-05-31T04:08:47.397+0000] {dag.py:3340} INFO - Setting next_dagrun for example_subdag_operator.section-2 to None, run_after=None
[2024-05-31T04:08:47.409+0000] {processor.py:176} INFO - Processing /home/airflow/.local/lib/python3.7/site-packages/airflow/example_dags/example_subdag_operator.py took 0.280 seconds
[2024-05-31T04:09:17.720+0000] {processor.py:154} INFO - Started process (PID=563) to work on /home/airflow/.local/lib/python3.7/site-packages/airflow/example_dags/example_subdag_operator.py
[2024-05-31T04:09:17.721+0000] {processor.py:756} INFO - Processing file /home/airflow/.local/lib/python3.7/site-packages/airflow/example_dags/example_subdag_operator.py for tasks to queue
[2024-05-31T04:09:17.722+0000] {logging_mixin.py:120} INFO - [2024-05-31T04:09:17.722+0000] {dagbag.py:537} INFO - Filling up the DagBag from /home/airflow/.local/lib/python3.7/site-packages/airflow/example_dags/example_subdag_operator.py
[2024-05-31T04:09:17.754+0000] {processor.py:766} INFO - DAG(s) dict_keys(['example_subdag_operator.section-1', 'example_subdag_operator.section-2', 'example_subdag_operator']) retrieved from /home/airflow/.local/lib/python3.7/site-packages/airflow/example_dags/example_subdag_operator.py
[2024-05-31T04:09:17.952+0000] {logging_mixin.py:120} INFO - [2024-05-31T04:09:17.952+0000] {dag.py:2585} INFO - Sync 3 DAGs
[2024-05-31T04:09:17.981+0000] {logging_mixin.py:120} INFO - [2024-05-31T04:09:17.981+0000] {dag.py:3340} INFO - Setting next_dagrun for example_subdag_operator to 2022-01-01T00:00:00+00:00, run_after=2022-01-01T00:00:00+00:00
[2024-05-31T04:09:17.984+0000] {logging_mixin.py:120} INFO - [2024-05-31T04:09:17.984+0000] {dag.py:3340} INFO - Setting next_dagrun for example_subdag_operator.section-1 to None, run_after=None
[2024-05-31T04:09:17.985+0000] {logging_mixin.py:120} INFO - [2024-05-31T04:09:17.985+0000] {dag.py:3340} INFO - Setting next_dagrun for example_subdag_operator.section-2 to None, run_after=None
[2024-05-31T04:09:17.992+0000] {logging_mixin.py:120} INFO - [2024-05-31T04:09:17.992+0000] {dag.py:2585} INFO - Sync 2 DAGs
[2024-05-31T04:09:17.997+0000] {logging_mixin.py:120} INFO - [2024-05-31T04:09:17.997+0000] {dag.py:3340} INFO - Setting next_dagrun for example_subdag_operator.section-1 to None, run_after=None
[2024-05-31T04:09:17.998+0000] {logging_mixin.py:120} INFO - [2024-05-31T04:09:17.998+0000] {dag.py:3340} INFO - Setting next_dagrun for example_subdag_operator.section-2 to None, run_after=None
[2024-05-31T04:09:18.008+0000] {processor.py:176} INFO - Processing /home/airflow/.local/lib/python3.7/site-packages/airflow/example_dags/example_subdag_operator.py took 0.289 seconds
[2024-05-31T04:24:38.491+0000] {processor.py:154} INFO - Started process (PID=2413) to work on /home/airflow/.local/lib/python3.7/site-packages/airflow/example_dags/example_subdag_operator.py
[2024-05-31T04:24:38.492+0000] {processor.py:756} INFO - Processing file /home/airflow/.local/lib/python3.7/site-packages/airflow/example_dags/example_subdag_operator.py for tasks to queue
[2024-05-31T04:24:38.493+0000] {logging_mixin.py:120} INFO - [2024-05-31T04:24:38.493+0000] {dagbag.py:537} INFO - Filling up the DagBag from /home/airflow/.local/lib/python3.7/site-packages/airflow/example_dags/example_subdag_operator.py
[2024-05-31T04:24:38.522+0000] {processor.py:766} INFO - DAG(s) dict_keys(['example_subdag_operator.section-1', 'example_subdag_operator.section-2', 'example_subdag_operator']) retrieved from /home/airflow/.local/lib/python3.7/site-packages/airflow/example_dags/example_subdag_operator.py
[2024-05-31T04:24:38.694+0000] {logging_mixin.py:120} INFO - [2024-05-31T04:24:38.694+0000] {dag.py:2585} INFO - Sync 3 DAGs
[2024-05-31T04:24:38.716+0000] {logging_mixin.py:120} INFO - [2024-05-31T04:24:38.716+0000] {dag.py:3340} INFO - Setting next_dagrun for example_subdag_operator to 2022-01-01T00:00:00+00:00, run_after=2022-01-01T00:00:00+00:00
[2024-05-31T04:24:38.719+0000] {logging_mixin.py:120} INFO - [2024-05-31T04:24:38.719+0000] {dag.py:3340} INFO - Setting next_dagrun for example_subdag_operator.section-1 to None, run_after=None
[2024-05-31T04:24:38.721+0000] {logging_mixin.py:120} INFO - [2024-05-31T04:24:38.720+0000] {dag.py:3340} INFO - Setting next_dagrun for example_subdag_operator.section-2 to None, run_after=None
[2024-05-31T04:24:38.727+0000] {logging_mixin.py:120} INFO - [2024-05-31T04:24:38.727+0000] {dag.py:2585} INFO - Sync 2 DAGs
[2024-05-31T04:24:38.731+0000] {logging_mixin.py:120} INFO - [2024-05-31T04:24:38.731+0000] {dag.py:3340} INFO - Setting next_dagrun for example_subdag_operator.section-1 to None, run_after=None
[2024-05-31T04:24:38.732+0000] {logging_mixin.py:120} INFO - [2024-05-31T04:24:38.732+0000] {dag.py:3340} INFO - Setting next_dagrun for example_subdag_operator.section-2 to None, run_after=None
[2024-05-31T04:24:38.743+0000] {processor.py:176} INFO - Processing /home/airflow/.local/lib/python3.7/site-packages/airflow/example_dags/example_subdag_operator.py took 0.254 seconds
[2024-05-31T04:25:09.078+0000] {processor.py:154} INFO - Started process (PID=2477) to work on /home/airflow/.local/lib/python3.7/site-packages/airflow/example_dags/example_subdag_operator.py
[2024-05-31T04:25:09.079+0000] {processor.py:756} INFO - Processing file /home/airflow/.local/lib/python3.7/site-packages/airflow/example_dags/example_subdag_operator.py for tasks to queue
[2024-05-31T04:25:09.080+0000] {logging_mixin.py:120} INFO - [2024-05-31T04:25:09.080+0000] {dagbag.py:537} INFO - Filling up the DagBag from /home/airflow/.local/lib/python3.7/site-packages/airflow/example_dags/example_subdag_operator.py
[2024-05-31T04:25:09.105+0000] {processor.py:766} INFO - DAG(s) dict_keys(['example_subdag_operator.section-1', 'example_subdag_operator.section-2', 'example_subdag_operator']) retrieved from /home/airflow/.local/lib/python3.7/site-packages/airflow/example_dags/example_subdag_operator.py
[2024-05-31T04:25:09.285+0000] {logging_mixin.py:120} INFO - [2024-05-31T04:25:09.284+0000] {dag.py:2585} INFO - Sync 3 DAGs
[2024-05-31T04:25:09.309+0000] {logging_mixin.py:120} INFO - [2024-05-31T04:25:09.309+0000] {dag.py:3340} INFO - Setting next_dagrun for example_subdag_operator to 2022-01-01T00:00:00+00:00, run_after=2022-01-01T00:00:00+00:00
[2024-05-31T04:25:09.312+0000] {logging_mixin.py:120} INFO - [2024-05-31T04:25:09.312+0000] {dag.py:3340} INFO - Setting next_dagrun for example_subdag_operator.section-1 to None, run_after=None
[2024-05-31T04:25:09.313+0000] {logging_mixin.py:120} INFO - [2024-05-31T04:25:09.313+0000] {dag.py:3340} INFO - Setting next_dagrun for example_subdag_operator.section-2 to None, run_after=None
[2024-05-31T04:25:09.319+0000] {logging_mixin.py:120} INFO - [2024-05-31T04:25:09.319+0000] {dag.py:2585} INFO - Sync 2 DAGs
[2024-05-31T04:25:09.325+0000] {logging_mixin.py:120} INFO - [2024-05-31T04:25:09.325+0000] {dag.py:3340} INFO - Setting next_dagrun for example_subdag_operator.section-1 to None, run_after=None
[2024-05-31T04:25:09.326+0000] {logging_mixin.py:120} INFO - [2024-05-31T04:25:09.326+0000] {dag.py:3340} INFO - Setting next_dagrun for example_subdag_operator.section-2 to None, run_after=None
[2024-05-31T04:25:09.338+0000] {processor.py:176} INFO - Processing /home/airflow/.local/lib/python3.7/site-packages/airflow/example_dags/example_subdag_operator.py took 0.262 seconds
