[2024-05-31T04:05:10.760+0000] {processor.py:154} INFO - Started process (PID=67) to work on /home/airflow/.local/lib/python3.7/site-packages/airflow/example_dags/example_short_circuit_decorator.py
[2024-05-31T04:05:10.761+0000] {processor.py:756} INFO - Processing file /home/airflow/.local/lib/python3.7/site-packages/airflow/example_dags/example_short_circuit_decorator.py for tasks to queue
[2024-05-31T04:05:10.763+0000] {logging_mixin.py:120} INFO - [2024-05-31T04:05:10.763+0000] {dagbag.py:537} INFO - Filling up the DagBag from /home/airflow/.local/lib/python3.7/site-packages/airflow/example_dags/example_short_circuit_decorator.py
[2024-05-31T04:05:10.802+0000] {processor.py:766} INFO - DAG(s) dict_keys(['example_short_circuit_decorator']) retrieved from /home/airflow/.local/lib/python3.7/site-packages/airflow/example_dags/example_short_circuit_decorator.py
[2024-05-31T04:05:11.002+0000] {logging_mixin.py:120} INFO - [2024-05-31T04:05:11.002+0000] {manager.py:507} INFO - Created Permission View: can read on DAG:example_short_circuit_decorator
[2024-05-31T04:05:11.019+0000] {logging_mixin.py:120} INFO - [2024-05-31T04:05:11.019+0000] {manager.py:507} INFO - Created Permission View: can edit on DAG:example_short_circuit_decorator
[2024-05-31T04:05:11.033+0000] {logging_mixin.py:120} INFO - [2024-05-31T04:05:11.033+0000] {manager.py:507} INFO - Created Permission View: can delete on DAG:example_short_circuit_decorator
[2024-05-31T04:05:11.034+0000] {logging_mixin.py:120} INFO - [2024-05-31T04:05:11.034+0000] {dag.py:2585} INFO - Sync 1 DAGs
[2024-05-31T04:05:11.061+0000] {logging_mixin.py:120} INFO - [2024-05-31T04:05:11.060+0000] {dag.py:2606} INFO - Creating ORM DAG for example_short_circuit_decorator
[2024-05-31T04:05:11.089+0000] {logging_mixin.py:120} INFO - [2024-05-31T04:05:11.089+0000] {dag.py:3340} INFO - Setting next_dagrun for example_short_circuit_decorator to 2024-05-30T04:05:11.088965+00:00, run_after=2024-05-31T04:05:11.088965+00:00
[2024-05-31T04:05:11.131+0000] {processor.py:176} INFO - Processing /home/airflow/.local/lib/python3.7/site-packages/airflow/example_dags/example_short_circuit_decorator.py took 0.376 seconds
[2024-05-31T04:05:42.007+0000] {processor.py:154} INFO - Started process (PID=130) to work on /home/airflow/.local/lib/python3.7/site-packages/airflow/example_dags/example_short_circuit_decorator.py
[2024-05-31T04:05:42.008+0000] {processor.py:756} INFO - Processing file /home/airflow/.local/lib/python3.7/site-packages/airflow/example_dags/example_short_circuit_decorator.py for tasks to queue
[2024-05-31T04:05:42.008+0000] {logging_mixin.py:120} INFO - [2024-05-31T04:05:42.008+0000] {dagbag.py:537} INFO - Filling up the DagBag from /home/airflow/.local/lib/python3.7/site-packages/airflow/example_dags/example_short_circuit_decorator.py
[2024-05-31T04:05:42.028+0000] {processor.py:766} INFO - DAG(s) dict_keys(['example_short_circuit_decorator']) retrieved from /home/airflow/.local/lib/python3.7/site-packages/airflow/example_dags/example_short_circuit_decorator.py
[2024-05-31T04:05:42.064+0000] {logging_mixin.py:120} INFO - [2024-05-31T04:05:42.064+0000] {dag.py:2585} INFO - Sync 1 DAGs
[2024-05-31T04:05:42.094+0000] {logging_mixin.py:120} INFO - [2024-05-31T04:05:42.094+0000] {dag.py:3340} INFO - Setting next_dagrun for example_short_circuit_decorator to 2024-05-30T04:05:42.094310+00:00, run_after=2024-05-31T04:05:42.094310+00:00
[2024-05-31T04:05:42.128+0000] {processor.py:176} INFO - Processing /home/airflow/.local/lib/python3.7/site-packages/airflow/example_dags/example_short_circuit_decorator.py took 0.123 seconds
[2024-05-31T04:06:12.431+0000] {processor.py:154} INFO - Started process (PID=194) to work on /home/airflow/.local/lib/python3.7/site-packages/airflow/example_dags/example_short_circuit_decorator.py
[2024-05-31T04:06:12.432+0000] {processor.py:756} INFO - Processing file /home/airflow/.local/lib/python3.7/site-packages/airflow/example_dags/example_short_circuit_decorator.py for tasks to queue
[2024-05-31T04:06:12.433+0000] {logging_mixin.py:120} INFO - [2024-05-31T04:06:12.433+0000] {dagbag.py:537} INFO - Filling up the DagBag from /home/airflow/.local/lib/python3.7/site-packages/airflow/example_dags/example_short_circuit_decorator.py
[2024-05-31T04:06:12.457+0000] {processor.py:766} INFO - DAG(s) dict_keys(['example_short_circuit_decorator']) retrieved from /home/airflow/.local/lib/python3.7/site-packages/airflow/example_dags/example_short_circuit_decorator.py
[2024-05-31T04:06:12.494+0000] {logging_mixin.py:120} INFO - [2024-05-31T04:06:12.493+0000] {dag.py:2585} INFO - Sync 1 DAGs
[2024-05-31T04:06:12.515+0000] {logging_mixin.py:120} INFO - [2024-05-31T04:06:12.515+0000] {dag.py:3340} INFO - Setting next_dagrun for example_short_circuit_decorator to 2024-05-30T04:06:12.515457+00:00, run_after=2024-05-31T04:06:12.515457+00:00
[2024-05-31T04:06:12.534+0000] {processor.py:176} INFO - Processing /home/airflow/.local/lib/python3.7/site-packages/airflow/example_dags/example_short_circuit_decorator.py took 0.106 seconds
[2024-05-31T04:06:42.998+0000] {processor.py:154} INFO - Started process (PID=248) to work on /home/airflow/.local/lib/python3.7/site-packages/airflow/example_dags/example_short_circuit_decorator.py
[2024-05-31T04:06:42.999+0000] {processor.py:756} INFO - Processing file /home/airflow/.local/lib/python3.7/site-packages/airflow/example_dags/example_short_circuit_decorator.py for tasks to queue
[2024-05-31T04:06:43.000+0000] {logging_mixin.py:120} INFO - [2024-05-31T04:06:43.000+0000] {dagbag.py:537} INFO - Filling up the DagBag from /home/airflow/.local/lib/python3.7/site-packages/airflow/example_dags/example_short_circuit_decorator.py
[2024-05-31T04:06:43.019+0000] {processor.py:766} INFO - DAG(s) dict_keys(['example_short_circuit_decorator']) retrieved from /home/airflow/.local/lib/python3.7/site-packages/airflow/example_dags/example_short_circuit_decorator.py
[2024-05-31T04:06:43.055+0000] {logging_mixin.py:120} INFO - [2024-05-31T04:06:43.054+0000] {dag.py:2585} INFO - Sync 1 DAGs
[2024-05-31T04:06:43.079+0000] {logging_mixin.py:120} INFO - [2024-05-31T04:06:43.079+0000] {dag.py:3340} INFO - Setting next_dagrun for example_short_circuit_decorator to 2024-05-30T04:06:43.079280+00:00, run_after=2024-05-31T04:06:43.079280+00:00
[2024-05-31T04:06:43.097+0000] {processor.py:176} INFO - Processing /home/airflow/.local/lib/python3.7/site-packages/airflow/example_dags/example_short_circuit_decorator.py took 0.101 seconds
[2024-05-31T04:07:13.540+0000] {processor.py:154} INFO - Started process (PID=311) to work on /home/airflow/.local/lib/python3.7/site-packages/airflow/example_dags/example_short_circuit_decorator.py
[2024-05-31T04:07:13.541+0000] {processor.py:756} INFO - Processing file /home/airflow/.local/lib/python3.7/site-packages/airflow/example_dags/example_short_circuit_decorator.py for tasks to queue
[2024-05-31T04:07:13.542+0000] {logging_mixin.py:120} INFO - [2024-05-31T04:07:13.542+0000] {dagbag.py:537} INFO - Filling up the DagBag from /home/airflow/.local/lib/python3.7/site-packages/airflow/example_dags/example_short_circuit_decorator.py
[2024-05-31T04:07:13.562+0000] {processor.py:766} INFO - DAG(s) dict_keys(['example_short_circuit_decorator']) retrieved from /home/airflow/.local/lib/python3.7/site-packages/airflow/example_dags/example_short_circuit_decorator.py
[2024-05-31T04:07:13.595+0000] {logging_mixin.py:120} INFO - [2024-05-31T04:07:13.595+0000] {dag.py:2585} INFO - Sync 1 DAGs
[2024-05-31T04:07:13.617+0000] {logging_mixin.py:120} INFO - [2024-05-31T04:07:13.616+0000] {dag.py:3340} INFO - Setting next_dagrun for example_short_circuit_decorator to 2024-05-30T04:07:13.616741+00:00, run_after=2024-05-31T04:07:13.616741+00:00
[2024-05-31T04:07:13.635+0000] {processor.py:176} INFO - Processing /home/airflow/.local/lib/python3.7/site-packages/airflow/example_dags/example_short_circuit_decorator.py took 0.097 seconds
[2024-05-31T04:07:44.361+0000] {processor.py:154} INFO - Started process (PID=374) to work on /home/airflow/.local/lib/python3.7/site-packages/airflow/example_dags/example_short_circuit_decorator.py
[2024-05-31T04:07:44.362+0000] {processor.py:756} INFO - Processing file /home/airflow/.local/lib/python3.7/site-packages/airflow/example_dags/example_short_circuit_decorator.py for tasks to queue
[2024-05-31T04:07:44.363+0000] {logging_mixin.py:120} INFO - [2024-05-31T04:07:44.363+0000] {dagbag.py:537} INFO - Filling up the DagBag from /home/airflow/.local/lib/python3.7/site-packages/airflow/example_dags/example_short_circuit_decorator.py
[2024-05-31T04:07:44.383+0000] {processor.py:766} INFO - DAG(s) dict_keys(['example_short_circuit_decorator']) retrieved from /home/airflow/.local/lib/python3.7/site-packages/airflow/example_dags/example_short_circuit_decorator.py
[2024-05-31T04:07:44.424+0000] {logging_mixin.py:120} INFO - [2024-05-31T04:07:44.424+0000] {dag.py:2585} INFO - Sync 1 DAGs
[2024-05-31T04:07:44.457+0000] {logging_mixin.py:120} INFO - [2024-05-31T04:07:44.457+0000] {dag.py:3340} INFO - Setting next_dagrun for example_short_circuit_decorator to 2024-05-30T04:07:44.457146+00:00, run_after=2024-05-31T04:07:44.457146+00:00
[2024-05-31T04:07:44.484+0000] {processor.py:176} INFO - Processing /home/airflow/.local/lib/python3.7/site-packages/airflow/example_dags/example_short_circuit_decorator.py took 0.125 seconds
[2024-05-31T04:08:14.787+0000] {processor.py:154} INFO - Started process (PID=437) to work on /home/airflow/.local/lib/python3.7/site-packages/airflow/example_dags/example_short_circuit_decorator.py
[2024-05-31T04:08:14.788+0000] {processor.py:756} INFO - Processing file /home/airflow/.local/lib/python3.7/site-packages/airflow/example_dags/example_short_circuit_decorator.py for tasks to queue
[2024-05-31T04:08:14.789+0000] {logging_mixin.py:120} INFO - [2024-05-31T04:08:14.789+0000] {dagbag.py:537} INFO - Filling up the DagBag from /home/airflow/.local/lib/python3.7/site-packages/airflow/example_dags/example_short_circuit_decorator.py
[2024-05-31T04:08:14.811+0000] {processor.py:766} INFO - DAG(s) dict_keys(['example_short_circuit_decorator']) retrieved from /home/airflow/.local/lib/python3.7/site-packages/airflow/example_dags/example_short_circuit_decorator.py
[2024-05-31T04:08:14.853+0000] {logging_mixin.py:120} INFO - [2024-05-31T04:08:14.853+0000] {dag.py:2585} INFO - Sync 1 DAGs
[2024-05-31T04:08:14.885+0000] {logging_mixin.py:120} INFO - [2024-05-31T04:08:14.885+0000] {dag.py:3340} INFO - Setting next_dagrun for example_short_circuit_decorator to 2024-05-30T04:08:14.885439+00:00, run_after=2024-05-31T04:08:14.885439+00:00
[2024-05-31T04:08:14.906+0000] {processor.py:176} INFO - Processing /home/airflow/.local/lib/python3.7/site-packages/airflow/example_dags/example_short_circuit_decorator.py took 0.123 seconds
[2024-05-31T04:08:45.384+0000] {processor.py:154} INFO - Started process (PID=491) to work on /home/airflow/.local/lib/python3.7/site-packages/airflow/example_dags/example_short_circuit_decorator.py
[2024-05-31T04:08:45.385+0000] {processor.py:756} INFO - Processing file /home/airflow/.local/lib/python3.7/site-packages/airflow/example_dags/example_short_circuit_decorator.py for tasks to queue
[2024-05-31T04:08:45.385+0000] {logging_mixin.py:120} INFO - [2024-05-31T04:08:45.385+0000] {dagbag.py:537} INFO - Filling up the DagBag from /home/airflow/.local/lib/python3.7/site-packages/airflow/example_dags/example_short_circuit_decorator.py
[2024-05-31T04:08:45.408+0000] {processor.py:766} INFO - DAG(s) dict_keys(['example_short_circuit_decorator']) retrieved from /home/airflow/.local/lib/python3.7/site-packages/airflow/example_dags/example_short_circuit_decorator.py
[2024-05-31T04:08:45.445+0000] {logging_mixin.py:120} INFO - [2024-05-31T04:08:45.445+0000] {dag.py:2585} INFO - Sync 1 DAGs
[2024-05-31T04:08:45.472+0000] {logging_mixin.py:120} INFO - [2024-05-31T04:08:45.472+0000] {dag.py:3340} INFO - Setting next_dagrun for example_short_circuit_decorator to 2024-05-30T04:08:45.471747+00:00, run_after=2024-05-31T04:08:45.471747+00:00
[2024-05-31T04:08:45.494+0000] {processor.py:176} INFO - Processing /home/airflow/.local/lib/python3.7/site-packages/airflow/example_dags/example_short_circuit_decorator.py took 0.112 seconds
[2024-05-31T04:09:16.171+0000] {processor.py:154} INFO - Started process (PID=554) to work on /home/airflow/.local/lib/python3.7/site-packages/airflow/example_dags/example_short_circuit_decorator.py
[2024-05-31T04:09:16.172+0000] {processor.py:756} INFO - Processing file /home/airflow/.local/lib/python3.7/site-packages/airflow/example_dags/example_short_circuit_decorator.py for tasks to queue
[2024-05-31T04:09:16.172+0000] {logging_mixin.py:120} INFO - [2024-05-31T04:09:16.172+0000] {dagbag.py:537} INFO - Filling up the DagBag from /home/airflow/.local/lib/python3.7/site-packages/airflow/example_dags/example_short_circuit_decorator.py
[2024-05-31T04:09:16.191+0000] {processor.py:766} INFO - DAG(s) dict_keys(['example_short_circuit_decorator']) retrieved from /home/airflow/.local/lib/python3.7/site-packages/airflow/example_dags/example_short_circuit_decorator.py
[2024-05-31T04:09:16.238+0000] {logging_mixin.py:120} INFO - [2024-05-31T04:09:16.237+0000] {dag.py:2585} INFO - Sync 1 DAGs
[2024-05-31T04:09:16.263+0000] {logging_mixin.py:120} INFO - [2024-05-31T04:09:16.263+0000] {dag.py:3340} INFO - Setting next_dagrun for example_short_circuit_decorator to 2024-05-30T04:09:16.263088+00:00, run_after=2024-05-31T04:09:16.263088+00:00
[2024-05-31T04:09:16.282+0000] {processor.py:176} INFO - Processing /home/airflow/.local/lib/python3.7/site-packages/airflow/example_dags/example_short_circuit_decorator.py took 0.113 seconds
