[2024-05-31T04:05:15.363+0000] {processor.py:154} INFO - Started process (PID=92) to work on /home/airflow/.local/lib/python3.7/site-packages/airflow/example_dags/example_task_group.py
[2024-05-31T04:05:15.374+0000] {processor.py:756} INFO - Processing file /home/airflow/.local/lib/python3.7/site-packages/airflow/example_dags/example_task_group.py for tasks to queue
[2024-05-31T04:05:15.376+0000] {logging_mixin.py:120} INFO - [2024-05-31T04:05:15.375+0000] {dagbag.py:537} INFO - Filling up the DagBag from /home/airflow/.local/lib/python3.7/site-packages/airflow/example_dags/example_task_group.py
[2024-05-31T04:05:15.418+0000] {processor.py:766} INFO - DAG(s) dict_keys(['example_task_group']) retrieved from /home/airflow/.local/lib/python3.7/site-packages/airflow/example_dags/example_task_group.py
[2024-05-31T04:05:15.733+0000] {logging_mixin.py:120} INFO - [2024-05-31T04:05:15.733+0000] {manager.py:507} INFO - Created Permission View: can read on DAG:example_task_group
[2024-05-31T04:05:15.763+0000] {logging_mixin.py:120} INFO - [2024-05-31T04:05:15.763+0000] {manager.py:507} INFO - Created Permission View: can edit on DAG:example_task_group
[2024-05-31T04:05:15.800+0000] {logging_mixin.py:120} INFO - [2024-05-31T04:05:15.800+0000] {manager.py:507} INFO - Created Permission View: can delete on DAG:example_task_group
[2024-05-31T04:05:15.807+0000] {logging_mixin.py:120} INFO - [2024-05-31T04:05:15.806+0000] {dag.py:2585} INFO - Sync 1 DAGs
[2024-05-31T04:05:15.840+0000] {logging_mixin.py:120} INFO - [2024-05-31T04:05:15.840+0000] {dag.py:2606} INFO - Creating ORM DAG for example_task_group
[2024-05-31T04:05:15.893+0000] {logging_mixin.py:120} INFO - [2024-05-31T04:05:15.893+0000] {dag.py:3340} INFO - Setting next_dagrun for example_task_group to 2024-05-30T04:05:15.887943+00:00, run_after=2024-05-31T04:05:15.887943+00:00
[2024-05-31T04:05:15.951+0000] {processor.py:176} INFO - Processing /home/airflow/.local/lib/python3.7/site-packages/airflow/example_dags/example_task_group.py took 0.591 seconds
[2024-05-31T04:05:46.260+0000] {processor.py:154} INFO - Started process (PID=146) to work on /home/airflow/.local/lib/python3.7/site-packages/airflow/example_dags/example_task_group.py
[2024-05-31T04:05:46.261+0000] {processor.py:756} INFO - Processing file /home/airflow/.local/lib/python3.7/site-packages/airflow/example_dags/example_task_group.py for tasks to queue
[2024-05-31T04:05:46.262+0000] {logging_mixin.py:120} INFO - [2024-05-31T04:05:46.262+0000] {dagbag.py:537} INFO - Filling up the DagBag from /home/airflow/.local/lib/python3.7/site-packages/airflow/example_dags/example_task_group.py
[2024-05-31T04:05:46.277+0000] {processor.py:766} INFO - DAG(s) dict_keys(['example_task_group']) retrieved from /home/airflow/.local/lib/python3.7/site-packages/airflow/example_dags/example_task_group.py
[2024-05-31T04:05:46.311+0000] {logging_mixin.py:120} INFO - [2024-05-31T04:05:46.311+0000] {dag.py:2585} INFO - Sync 1 DAGs
[2024-05-31T04:05:46.335+0000] {logging_mixin.py:120} INFO - [2024-05-31T04:05:46.335+0000] {dag.py:3340} INFO - Setting next_dagrun for example_task_group to 2024-05-30T04:05:46.335085+00:00, run_after=2024-05-31T04:05:46.335085+00:00
[2024-05-31T04:05:46.352+0000] {processor.py:176} INFO - Processing /home/airflow/.local/lib/python3.7/site-packages/airflow/example_dags/example_task_group.py took 0.093 seconds
[2024-05-31T04:06:16.777+0000] {processor.py:154} INFO - Started process (PID=210) to work on /home/airflow/.local/lib/python3.7/site-packages/airflow/example_dags/example_task_group.py
[2024-05-31T04:06:16.778+0000] {processor.py:756} INFO - Processing file /home/airflow/.local/lib/python3.7/site-packages/airflow/example_dags/example_task_group.py for tasks to queue
[2024-05-31T04:06:16.779+0000] {logging_mixin.py:120} INFO - [2024-05-31T04:06:16.779+0000] {dagbag.py:537} INFO - Filling up the DagBag from /home/airflow/.local/lib/python3.7/site-packages/airflow/example_dags/example_task_group.py
[2024-05-31T04:06:16.793+0000] {processor.py:766} INFO - DAG(s) dict_keys(['example_task_group']) retrieved from /home/airflow/.local/lib/python3.7/site-packages/airflow/example_dags/example_task_group.py
[2024-05-31T04:06:16.831+0000] {logging_mixin.py:120} INFO - [2024-05-31T04:06:16.831+0000] {dag.py:2585} INFO - Sync 1 DAGs
[2024-05-31T04:06:16.854+0000] {logging_mixin.py:120} INFO - [2024-05-31T04:06:16.854+0000] {dag.py:3340} INFO - Setting next_dagrun for example_task_group to 2024-05-30T04:06:16.854380+00:00, run_after=2024-05-31T04:06:16.854380+00:00
[2024-05-31T04:06:16.872+0000] {processor.py:176} INFO - Processing /home/airflow/.local/lib/python3.7/site-packages/airflow/example_dags/example_task_group.py took 0.098 seconds
[2024-05-31T04:06:47.308+0000] {processor.py:154} INFO - Started process (PID=273) to work on /home/airflow/.local/lib/python3.7/site-packages/airflow/example_dags/example_task_group.py
[2024-05-31T04:06:47.309+0000] {processor.py:756} INFO - Processing file /home/airflow/.local/lib/python3.7/site-packages/airflow/example_dags/example_task_group.py for tasks to queue
[2024-05-31T04:06:47.310+0000] {logging_mixin.py:120} INFO - [2024-05-31T04:06:47.309+0000] {dagbag.py:537} INFO - Filling up the DagBag from /home/airflow/.local/lib/python3.7/site-packages/airflow/example_dags/example_task_group.py
[2024-05-31T04:06:47.325+0000] {processor.py:766} INFO - DAG(s) dict_keys(['example_task_group']) retrieved from /home/airflow/.local/lib/python3.7/site-packages/airflow/example_dags/example_task_group.py
[2024-05-31T04:06:47.363+0000] {logging_mixin.py:120} INFO - [2024-05-31T04:06:47.363+0000] {dag.py:2585} INFO - Sync 1 DAGs
[2024-05-31T04:06:47.389+0000] {logging_mixin.py:120} INFO - [2024-05-31T04:06:47.389+0000] {dag.py:3340} INFO - Setting next_dagrun for example_task_group to 2024-05-30T04:06:47.389494+00:00, run_after=2024-05-31T04:06:47.389494+00:00
[2024-05-31T04:06:47.410+0000] {processor.py:176} INFO - Processing /home/airflow/.local/lib/python3.7/site-packages/airflow/example_dags/example_task_group.py took 0.105 seconds
[2024-05-31T04:07:18.012+0000] {processor.py:154} INFO - Started process (PID=327) to work on /home/airflow/.local/lib/python3.7/site-packages/airflow/example_dags/example_task_group.py
[2024-05-31T04:07:18.013+0000] {processor.py:756} INFO - Processing file /home/airflow/.local/lib/python3.7/site-packages/airflow/example_dags/example_task_group.py for tasks to queue
[2024-05-31T04:07:18.015+0000] {logging_mixin.py:120} INFO - [2024-05-31T04:07:18.014+0000] {dagbag.py:537} INFO - Filling up the DagBag from /home/airflow/.local/lib/python3.7/site-packages/airflow/example_dags/example_task_group.py
[2024-05-31T04:07:18.030+0000] {processor.py:766} INFO - DAG(s) dict_keys(['example_task_group']) retrieved from /home/airflow/.local/lib/python3.7/site-packages/airflow/example_dags/example_task_group.py
[2024-05-31T04:07:18.080+0000] {logging_mixin.py:120} INFO - [2024-05-31T04:07:18.080+0000] {dag.py:2585} INFO - Sync 1 DAGs
[2024-05-31T04:07:18.107+0000] {logging_mixin.py:120} INFO - [2024-05-31T04:07:18.106+0000] {dag.py:3340} INFO - Setting next_dagrun for example_task_group to 2024-05-30T04:07:18.106711+00:00, run_after=2024-05-31T04:07:18.106711+00:00
[2024-05-31T04:07:18.131+0000] {processor.py:176} INFO - Processing /home/airflow/.local/lib/python3.7/site-packages/airflow/example_dags/example_task_group.py took 0.121 seconds
[2024-05-31T04:07:48.613+0000] {processor.py:154} INFO - Started process (PID=390) to work on /home/airflow/.local/lib/python3.7/site-packages/airflow/example_dags/example_task_group.py
[2024-05-31T04:07:48.614+0000] {processor.py:756} INFO - Processing file /home/airflow/.local/lib/python3.7/site-packages/airflow/example_dags/example_task_group.py for tasks to queue
[2024-05-31T04:07:48.615+0000] {logging_mixin.py:120} INFO - [2024-05-31T04:07:48.615+0000] {dagbag.py:537} INFO - Filling up the DagBag from /home/airflow/.local/lib/python3.7/site-packages/airflow/example_dags/example_task_group.py
[2024-05-31T04:07:48.636+0000] {processor.py:766} INFO - DAG(s) dict_keys(['example_task_group']) retrieved from /home/airflow/.local/lib/python3.7/site-packages/airflow/example_dags/example_task_group.py
[2024-05-31T04:07:48.684+0000] {logging_mixin.py:120} INFO - [2024-05-31T04:07:48.683+0000] {dag.py:2585} INFO - Sync 1 DAGs
[2024-05-31T04:07:48.717+0000] {logging_mixin.py:120} INFO - [2024-05-31T04:07:48.717+0000] {dag.py:3340} INFO - Setting next_dagrun for example_task_group to 2024-05-30T04:07:48.716909+00:00, run_after=2024-05-31T04:07:48.716909+00:00
[2024-05-31T04:07:48.740+0000] {processor.py:176} INFO - Processing /home/airflow/.local/lib/python3.7/site-packages/airflow/example_dags/example_task_group.py took 0.130 seconds
[2024-05-31T04:08:19.115+0000] {processor.py:154} INFO - Started process (PID=453) to work on /home/airflow/.local/lib/python3.7/site-packages/airflow/example_dags/example_task_group.py
[2024-05-31T04:08:19.116+0000] {processor.py:756} INFO - Processing file /home/airflow/.local/lib/python3.7/site-packages/airflow/example_dags/example_task_group.py for tasks to queue
[2024-05-31T04:08:19.118+0000] {logging_mixin.py:120} INFO - [2024-05-31T04:08:19.118+0000] {dagbag.py:537} INFO - Filling up the DagBag from /home/airflow/.local/lib/python3.7/site-packages/airflow/example_dags/example_task_group.py
[2024-05-31T04:08:19.141+0000] {processor.py:766} INFO - DAG(s) dict_keys(['example_task_group']) retrieved from /home/airflow/.local/lib/python3.7/site-packages/airflow/example_dags/example_task_group.py
[2024-05-31T04:08:19.187+0000] {logging_mixin.py:120} INFO - [2024-05-31T04:08:19.187+0000] {dag.py:2585} INFO - Sync 1 DAGs
[2024-05-31T04:08:19.220+0000] {logging_mixin.py:120} INFO - [2024-05-31T04:08:19.220+0000] {dag.py:3340} INFO - Setting next_dagrun for example_task_group to 2024-05-30T04:08:19.219800+00:00, run_after=2024-05-31T04:08:19.219800+00:00
[2024-05-31T04:08:19.243+0000] {processor.py:176} INFO - Processing /home/airflow/.local/lib/python3.7/site-packages/airflow/example_dags/example_task_group.py took 0.131 seconds
[2024-05-31T04:08:49.837+0000] {processor.py:154} INFO - Started process (PID=516) to work on /home/airflow/.local/lib/python3.7/site-packages/airflow/example_dags/example_task_group.py
[2024-05-31T04:08:49.838+0000] {processor.py:756} INFO - Processing file /home/airflow/.local/lib/python3.7/site-packages/airflow/example_dags/example_task_group.py for tasks to queue
[2024-05-31T04:08:49.839+0000] {logging_mixin.py:120} INFO - [2024-05-31T04:08:49.839+0000] {dagbag.py:537} INFO - Filling up the DagBag from /home/airflow/.local/lib/python3.7/site-packages/airflow/example_dags/example_task_group.py
[2024-05-31T04:08:49.853+0000] {processor.py:766} INFO - DAG(s) dict_keys(['example_task_group']) retrieved from /home/airflow/.local/lib/python3.7/site-packages/airflow/example_dags/example_task_group.py
[2024-05-31T04:08:49.889+0000] {logging_mixin.py:120} INFO - [2024-05-31T04:08:49.888+0000] {dag.py:2585} INFO - Sync 1 DAGs
[2024-05-31T04:08:49.917+0000] {logging_mixin.py:120} INFO - [2024-05-31T04:08:49.917+0000] {dag.py:3340} INFO - Setting next_dagrun for example_task_group to 2024-05-30T04:08:49.917122+00:00, run_after=2024-05-31T04:08:49.917122+00:00
[2024-05-31T04:08:49.936+0000] {processor.py:176} INFO - Processing /home/airflow/.local/lib/python3.7/site-packages/airflow/example_dags/example_task_group.py took 0.102 seconds
[2024-05-31T04:09:20.426+0000] {processor.py:154} INFO - Started process (PID=570) to work on /home/airflow/.local/lib/python3.7/site-packages/airflow/example_dags/example_task_group.py
[2024-05-31T04:09:20.427+0000] {processor.py:756} INFO - Processing file /home/airflow/.local/lib/python3.7/site-packages/airflow/example_dags/example_task_group.py for tasks to queue
[2024-05-31T04:09:20.428+0000] {logging_mixin.py:120} INFO - [2024-05-31T04:09:20.428+0000] {dagbag.py:537} INFO - Filling up the DagBag from /home/airflow/.local/lib/python3.7/site-packages/airflow/example_dags/example_task_group.py
[2024-05-31T04:09:20.448+0000] {processor.py:766} INFO - DAG(s) dict_keys(['example_task_group']) retrieved from /home/airflow/.local/lib/python3.7/site-packages/airflow/example_dags/example_task_group.py
[2024-05-31T04:09:20.496+0000] {logging_mixin.py:120} INFO - [2024-05-31T04:09:20.496+0000] {dag.py:2585} INFO - Sync 1 DAGs
[2024-05-31T04:09:20.522+0000] {logging_mixin.py:120} INFO - [2024-05-31T04:09:20.522+0000] {dag.py:3340} INFO - Setting next_dagrun for example_task_group to 2024-05-30T04:09:20.522217+00:00, run_after=2024-05-31T04:09:20.522217+00:00
[2024-05-31T04:09:20.541+0000] {processor.py:176} INFO - Processing /home/airflow/.local/lib/python3.7/site-packages/airflow/example_dags/example_task_group.py took 0.118 seconds
[2024-05-31T04:24:41.285+0000] {processor.py:154} INFO - Started process (PID=2422) to work on /home/airflow/.local/lib/python3.7/site-packages/airflow/example_dags/example_task_group.py
[2024-05-31T04:24:41.286+0000] {processor.py:756} INFO - Processing file /home/airflow/.local/lib/python3.7/site-packages/airflow/example_dags/example_task_group.py for tasks to queue
[2024-05-31T04:24:41.286+0000] {logging_mixin.py:120} INFO - [2024-05-31T04:24:41.286+0000] {dagbag.py:537} INFO - Filling up the DagBag from /home/airflow/.local/lib/python3.7/site-packages/airflow/example_dags/example_task_group.py
[2024-05-31T04:24:41.298+0000] {processor.py:766} INFO - DAG(s) dict_keys(['example_task_group']) retrieved from /home/airflow/.local/lib/python3.7/site-packages/airflow/example_dags/example_task_group.py
[2024-05-31T04:24:41.331+0000] {logging_mixin.py:120} INFO - [2024-05-31T04:24:41.331+0000] {dag.py:2585} INFO - Sync 1 DAGs
[2024-05-31T04:24:41.353+0000] {logging_mixin.py:120} INFO - [2024-05-31T04:24:41.353+0000] {dag.py:3340} INFO - Setting next_dagrun for example_task_group to 2024-05-30T04:24:41.353555+00:00, run_after=2024-05-31T04:24:41.353555+00:00
[2024-05-31T04:24:41.369+0000] {processor.py:176} INFO - Processing /home/airflow/.local/lib/python3.7/site-packages/airflow/example_dags/example_task_group.py took 0.086 seconds
[2024-05-31T04:25:11.856+0000] {processor.py:154} INFO - Started process (PID=2486) to work on /home/airflow/.local/lib/python3.7/site-packages/airflow/example_dags/example_task_group.py
[2024-05-31T04:25:11.857+0000] {processor.py:756} INFO - Processing file /home/airflow/.local/lib/python3.7/site-packages/airflow/example_dags/example_task_group.py for tasks to queue
[2024-05-31T04:25:11.858+0000] {logging_mixin.py:120} INFO - [2024-05-31T04:25:11.858+0000] {dagbag.py:537} INFO - Filling up the DagBag from /home/airflow/.local/lib/python3.7/site-packages/airflow/example_dags/example_task_group.py
[2024-05-31T04:25:11.870+0000] {processor.py:766} INFO - DAG(s) dict_keys(['example_task_group']) retrieved from /home/airflow/.local/lib/python3.7/site-packages/airflow/example_dags/example_task_group.py
[2024-05-31T04:25:11.910+0000] {logging_mixin.py:120} INFO - [2024-05-31T04:25:11.910+0000] {dag.py:2585} INFO - Sync 1 DAGs
[2024-05-31T04:25:11.934+0000] {logging_mixin.py:120} INFO - [2024-05-31T04:25:11.934+0000] {dag.py:3340} INFO - Setting next_dagrun for example_task_group to 2024-05-30T04:25:11.934442+00:00, run_after=2024-05-31T04:25:11.934442+00:00
[2024-05-31T04:25:11.954+0000] {processor.py:176} INFO - Processing /home/airflow/.local/lib/python3.7/site-packages/airflow/example_dags/example_task_group.py took 0.100 seconds
