[2024-05-31T04:05:10.359+0000] {processor.py:154} INFO - Started process (PID=65) to work on /home/airflow/.local/lib/python3.7/site-packages/airflow/example_dags/example_python_operator.py
[2024-05-31T04:05:10.361+0000] {processor.py:756} INFO - Processing file /home/airflow/.local/lib/python3.7/site-packages/airflow/example_dags/example_python_operator.py for tasks to queue
[2024-05-31T04:05:10.362+0000] {logging_mixin.py:120} INFO - [2024-05-31T04:05:10.362+0000] {dagbag.py:537} INFO - Filling up the DagBag from /home/airflow/.local/lib/python3.7/site-packages/airflow/example_dags/example_python_operator.py
[2024-05-31T04:05:10.395+0000] {logging_mixin.py:120} INFO - [2024-05-31T04:05:10.394+0000] {taskmixin.py:205} WARNING - Dependency <Task(_PythonDecoratedOperator): print_the_context>, log_sql_query already registered for DAG: example_python_operator
[2024-05-31T04:05:10.396+0000] {logging_mixin.py:120} INFO - [2024-05-31T04:05:10.395+0000] {taskmixin.py:205} WARNING - Dependency <Task(_PythonDecoratedOperator): log_sql_query>, print_the_context already registered for DAG: example_python_operator
[2024-05-31T04:05:10.397+0000] {logging_mixin.py:120} INFO - [2024-05-31T04:05:10.397+0000] {taskmixin.py:205} WARNING - Dependency <Task(_PythonDecoratedOperator): print_the_context>, log_sql_query already registered for DAG: example_python_operator
[2024-05-31T04:05:10.398+0000] {logging_mixin.py:120} INFO - [2024-05-31T04:05:10.397+0000] {taskmixin.py:205} WARNING - Dependency <Task(_PythonDecoratedOperator): log_sql_query>, print_the_context already registered for DAG: example_python_operator
[2024-05-31T04:05:10.399+0000] {logging_mixin.py:120} INFO - [2024-05-31T04:05:10.399+0000] {taskmixin.py:205} WARNING - Dependency <Task(_PythonDecoratedOperator): print_the_context>, log_sql_query already registered for DAG: example_python_operator
[2024-05-31T04:05:10.399+0000] {logging_mixin.py:120} INFO - [2024-05-31T04:05:10.399+0000] {taskmixin.py:205} WARNING - Dependency <Task(_PythonDecoratedOperator): log_sql_query>, print_the_context already registered for DAG: example_python_operator
[2024-05-31T04:05:10.401+0000] {logging_mixin.py:120} INFO - [2024-05-31T04:05:10.401+0000] {taskmixin.py:205} WARNING - Dependency <Task(_PythonDecoratedOperator): print_the_context>, log_sql_query already registered for DAG: example_python_operator
[2024-05-31T04:05:10.402+0000] {logging_mixin.py:120} INFO - [2024-05-31T04:05:10.401+0000] {taskmixin.py:205} WARNING - Dependency <Task(_PythonDecoratedOperator): log_sql_query>, print_the_context already registered for DAG: example_python_operator
[2024-05-31T04:05:10.418+0000] {processor.py:766} INFO - DAG(s) dict_keys(['example_python_operator']) retrieved from /home/airflow/.local/lib/python3.7/site-packages/airflow/example_dags/example_python_operator.py
[2024-05-31T04:05:10.622+0000] {logging_mixin.py:120} INFO - [2024-05-31T04:05:10.622+0000] {manager.py:507} INFO - Created Permission View: can read on DAG:example_python_operator
[2024-05-31T04:05:10.638+0000] {logging_mixin.py:120} INFO - [2024-05-31T04:05:10.638+0000] {manager.py:507} INFO - Created Permission View: can edit on DAG:example_python_operator
[2024-05-31T04:05:10.650+0000] {logging_mixin.py:120} INFO - [2024-05-31T04:05:10.649+0000] {manager.py:507} INFO - Created Permission View: can delete on DAG:example_python_operator
[2024-05-31T04:05:10.650+0000] {logging_mixin.py:120} INFO - [2024-05-31T04:05:10.650+0000] {dag.py:2585} INFO - Sync 1 DAGs
[2024-05-31T04:05:10.676+0000] {logging_mixin.py:120} INFO - [2024-05-31T04:05:10.676+0000] {dag.py:2606} INFO - Creating ORM DAG for example_python_operator
[2024-05-31T04:05:10.694+0000] {logging_mixin.py:120} INFO - [2024-05-31T04:05:10.693+0000] {dag.py:3340} INFO - Setting next_dagrun for example_python_operator to None, run_after=None
[2024-05-31T04:05:10.723+0000] {processor.py:176} INFO - Processing /home/airflow/.local/lib/python3.7/site-packages/airflow/example_dags/example_python_operator.py took 0.368 seconds
[2024-05-31T04:05:40.867+0000] {processor.py:154} INFO - Started process (PID=128) to work on /home/airflow/.local/lib/python3.7/site-packages/airflow/example_dags/example_python_operator.py
[2024-05-31T04:05:40.869+0000] {processor.py:756} INFO - Processing file /home/airflow/.local/lib/python3.7/site-packages/airflow/example_dags/example_python_operator.py for tasks to queue
[2024-05-31T04:05:40.869+0000] {logging_mixin.py:120} INFO - [2024-05-31T04:05:40.869+0000] {dagbag.py:537} INFO - Filling up the DagBag from /home/airflow/.local/lib/python3.7/site-packages/airflow/example_dags/example_python_operator.py
[2024-05-31T04:05:40.888+0000] {logging_mixin.py:120} INFO - [2024-05-31T04:05:40.888+0000] {taskmixin.py:205} WARNING - Dependency <Task(_PythonDecoratedOperator): print_the_context>, log_sql_query already registered for DAG: example_python_operator
[2024-05-31T04:05:40.889+0000] {logging_mixin.py:120} INFO - [2024-05-31T04:05:40.889+0000] {taskmixin.py:205} WARNING - Dependency <Task(_PythonDecoratedOperator): log_sql_query>, print_the_context already registered for DAG: example_python_operator
[2024-05-31T04:05:40.890+0000] {logging_mixin.py:120} INFO - [2024-05-31T04:05:40.890+0000] {taskmixin.py:205} WARNING - Dependency <Task(_PythonDecoratedOperator): print_the_context>, log_sql_query already registered for DAG: example_python_operator
[2024-05-31T04:05:40.890+0000] {logging_mixin.py:120} INFO - [2024-05-31T04:05:40.890+0000] {taskmixin.py:205} WARNING - Dependency <Task(_PythonDecoratedOperator): log_sql_query>, print_the_context already registered for DAG: example_python_operator
[2024-05-31T04:05:40.891+0000] {logging_mixin.py:120} INFO - [2024-05-31T04:05:40.891+0000] {taskmixin.py:205} WARNING - Dependency <Task(_PythonDecoratedOperator): print_the_context>, log_sql_query already registered for DAG: example_python_operator
[2024-05-31T04:05:40.892+0000] {logging_mixin.py:120} INFO - [2024-05-31T04:05:40.892+0000] {taskmixin.py:205} WARNING - Dependency <Task(_PythonDecoratedOperator): log_sql_query>, print_the_context already registered for DAG: example_python_operator
[2024-05-31T04:05:40.892+0000] {logging_mixin.py:120} INFO - [2024-05-31T04:05:40.892+0000] {taskmixin.py:205} WARNING - Dependency <Task(_PythonDecoratedOperator): print_the_context>, log_sql_query already registered for DAG: example_python_operator
[2024-05-31T04:05:40.893+0000] {logging_mixin.py:120} INFO - [2024-05-31T04:05:40.893+0000] {taskmixin.py:205} WARNING - Dependency <Task(_PythonDecoratedOperator): log_sql_query>, print_the_context already registered for DAG: example_python_operator
[2024-05-31T04:05:40.901+0000] {processor.py:766} INFO - DAG(s) dict_keys(['example_python_operator']) retrieved from /home/airflow/.local/lib/python3.7/site-packages/airflow/example_dags/example_python_operator.py
[2024-05-31T04:05:40.935+0000] {logging_mixin.py:120} INFO - [2024-05-31T04:05:40.935+0000] {dag.py:2585} INFO - Sync 1 DAGs
[2024-05-31T04:05:40.959+0000] {logging_mixin.py:120} INFO - [2024-05-31T04:05:40.959+0000] {dag.py:3340} INFO - Setting next_dagrun for example_python_operator to None, run_after=None
[2024-05-31T04:05:40.977+0000] {processor.py:176} INFO - Processing /home/airflow/.local/lib/python3.7/site-packages/airflow/example_dags/example_python_operator.py took 0.113 seconds
[2024-05-31T04:06:11.276+0000] {processor.py:154} INFO - Started process (PID=190) to work on /home/airflow/.local/lib/python3.7/site-packages/airflow/example_dags/example_python_operator.py
[2024-05-31T04:06:11.277+0000] {processor.py:756} INFO - Processing file /home/airflow/.local/lib/python3.7/site-packages/airflow/example_dags/example_python_operator.py for tasks to queue
[2024-05-31T04:06:11.278+0000] {logging_mixin.py:120} INFO - [2024-05-31T04:06:11.278+0000] {dagbag.py:537} INFO - Filling up the DagBag from /home/airflow/.local/lib/python3.7/site-packages/airflow/example_dags/example_python_operator.py
[2024-05-31T04:06:11.290+0000] {logging_mixin.py:120} INFO - [2024-05-31T04:06:11.290+0000] {taskmixin.py:205} WARNING - Dependency <Task(_PythonDecoratedOperator): print_the_context>, log_sql_query already registered for DAG: example_python_operator
[2024-05-31T04:06:11.291+0000] {logging_mixin.py:120} INFO - [2024-05-31T04:06:11.291+0000] {taskmixin.py:205} WARNING - Dependency <Task(_PythonDecoratedOperator): log_sql_query>, print_the_context already registered for DAG: example_python_operator
[2024-05-31T04:06:11.292+0000] {logging_mixin.py:120} INFO - [2024-05-31T04:06:11.292+0000] {taskmixin.py:205} WARNING - Dependency <Task(_PythonDecoratedOperator): print_the_context>, log_sql_query already registered for DAG: example_python_operator
[2024-05-31T04:06:11.292+0000] {logging_mixin.py:120} INFO - [2024-05-31T04:06:11.292+0000] {taskmixin.py:205} WARNING - Dependency <Task(_PythonDecoratedOperator): log_sql_query>, print_the_context already registered for DAG: example_python_operator
[2024-05-31T04:06:11.293+0000] {logging_mixin.py:120} INFO - [2024-05-31T04:06:11.293+0000] {taskmixin.py:205} WARNING - Dependency <Task(_PythonDecoratedOperator): print_the_context>, log_sql_query already registered for DAG: example_python_operator
[2024-05-31T04:06:11.293+0000] {logging_mixin.py:120} INFO - [2024-05-31T04:06:11.293+0000] {taskmixin.py:205} WARNING - Dependency <Task(_PythonDecoratedOperator): log_sql_query>, print_the_context already registered for DAG: example_python_operator
[2024-05-31T04:06:11.294+0000] {logging_mixin.py:120} INFO - [2024-05-31T04:06:11.294+0000] {taskmixin.py:205} WARNING - Dependency <Task(_PythonDecoratedOperator): print_the_context>, log_sql_query already registered for DAG: example_python_operator
[2024-05-31T04:06:11.294+0000] {logging_mixin.py:120} INFO - [2024-05-31T04:06:11.294+0000] {taskmixin.py:205} WARNING - Dependency <Task(_PythonDecoratedOperator): log_sql_query>, print_the_context already registered for DAG: example_python_operator
[2024-05-31T04:06:11.302+0000] {processor.py:766} INFO - DAG(s) dict_keys(['example_python_operator']) retrieved from /home/airflow/.local/lib/python3.7/site-packages/airflow/example_dags/example_python_operator.py
[2024-05-31T04:06:11.338+0000] {logging_mixin.py:120} INFO - [2024-05-31T04:06:11.338+0000] {dag.py:2585} INFO - Sync 1 DAGs
[2024-05-31T04:06:11.364+0000] {logging_mixin.py:120} INFO - [2024-05-31T04:06:11.364+0000] {dag.py:3340} INFO - Setting next_dagrun for example_python_operator to None, run_after=None
[2024-05-31T04:06:11.391+0000] {processor.py:176} INFO - Processing /home/airflow/.local/lib/python3.7/site-packages/airflow/example_dags/example_python_operator.py took 0.117 seconds
[2024-05-31T04:06:41.832+0000] {processor.py:154} INFO - Started process (PID=246) to work on /home/airflow/.local/lib/python3.7/site-packages/airflow/example_dags/example_python_operator.py
[2024-05-31T04:06:41.833+0000] {processor.py:756} INFO - Processing file /home/airflow/.local/lib/python3.7/site-packages/airflow/example_dags/example_python_operator.py for tasks to queue
[2024-05-31T04:06:41.833+0000] {logging_mixin.py:120} INFO - [2024-05-31T04:06:41.833+0000] {dagbag.py:537} INFO - Filling up the DagBag from /home/airflow/.local/lib/python3.7/site-packages/airflow/example_dags/example_python_operator.py
[2024-05-31T04:06:41.847+0000] {logging_mixin.py:120} INFO - [2024-05-31T04:06:41.847+0000] {taskmixin.py:205} WARNING - Dependency <Task(_PythonDecoratedOperator): print_the_context>, log_sql_query already registered for DAG: example_python_operator
[2024-05-31T04:06:41.848+0000] {logging_mixin.py:120} INFO - [2024-05-31T04:06:41.848+0000] {taskmixin.py:205} WARNING - Dependency <Task(_PythonDecoratedOperator): log_sql_query>, print_the_context already registered for DAG: example_python_operator
[2024-05-31T04:06:41.849+0000] {logging_mixin.py:120} INFO - [2024-05-31T04:06:41.849+0000] {taskmixin.py:205} WARNING - Dependency <Task(_PythonDecoratedOperator): print_the_context>, log_sql_query already registered for DAG: example_python_operator
[2024-05-31T04:06:41.849+0000] {logging_mixin.py:120} INFO - [2024-05-31T04:06:41.849+0000] {taskmixin.py:205} WARNING - Dependency <Task(_PythonDecoratedOperator): log_sql_query>, print_the_context already registered for DAG: example_python_operator
[2024-05-31T04:06:41.850+0000] {logging_mixin.py:120} INFO - [2024-05-31T04:06:41.850+0000] {taskmixin.py:205} WARNING - Dependency <Task(_PythonDecoratedOperator): print_the_context>, log_sql_query already registered for DAG: example_python_operator
[2024-05-31T04:06:41.851+0000] {logging_mixin.py:120} INFO - [2024-05-31T04:06:41.851+0000] {taskmixin.py:205} WARNING - Dependency <Task(_PythonDecoratedOperator): log_sql_query>, print_the_context already registered for DAG: example_python_operator
[2024-05-31T04:06:41.853+0000] {logging_mixin.py:120} INFO - [2024-05-31T04:06:41.853+0000] {taskmixin.py:205} WARNING - Dependency <Task(_PythonDecoratedOperator): print_the_context>, log_sql_query already registered for DAG: example_python_operator
[2024-05-31T04:06:41.853+0000] {logging_mixin.py:120} INFO - [2024-05-31T04:06:41.853+0000] {taskmixin.py:205} WARNING - Dependency <Task(_PythonDecoratedOperator): log_sql_query>, print_the_context already registered for DAG: example_python_operator
[2024-05-31T04:06:41.860+0000] {processor.py:766} INFO - DAG(s) dict_keys(['example_python_operator']) retrieved from /home/airflow/.local/lib/python3.7/site-packages/airflow/example_dags/example_python_operator.py
[2024-05-31T04:06:41.903+0000] {logging_mixin.py:120} INFO - [2024-05-31T04:06:41.903+0000] {dag.py:2585} INFO - Sync 1 DAGs
[2024-05-31T04:06:41.925+0000] {logging_mixin.py:120} INFO - [2024-05-31T04:06:41.925+0000] {dag.py:3340} INFO - Setting next_dagrun for example_python_operator to None, run_after=None
[2024-05-31T04:06:41.963+0000] {processor.py:176} INFO - Processing /home/airflow/.local/lib/python3.7/site-packages/airflow/example_dags/example_python_operator.py took 0.134 seconds
[2024-05-31T04:07:12.391+0000] {processor.py:154} INFO - Started process (PID=309) to work on /home/airflow/.local/lib/python3.7/site-packages/airflow/example_dags/example_python_operator.py
[2024-05-31T04:07:12.392+0000] {processor.py:756} INFO - Processing file /home/airflow/.local/lib/python3.7/site-packages/airflow/example_dags/example_python_operator.py for tasks to queue
[2024-05-31T04:07:12.393+0000] {logging_mixin.py:120} INFO - [2024-05-31T04:07:12.393+0000] {dagbag.py:537} INFO - Filling up the DagBag from /home/airflow/.local/lib/python3.7/site-packages/airflow/example_dags/example_python_operator.py
[2024-05-31T04:07:12.407+0000] {logging_mixin.py:120} INFO - [2024-05-31T04:07:12.406+0000] {taskmixin.py:205} WARNING - Dependency <Task(_PythonDecoratedOperator): print_the_context>, log_sql_query already registered for DAG: example_python_operator
[2024-05-31T04:07:12.407+0000] {logging_mixin.py:120} INFO - [2024-05-31T04:07:12.407+0000] {taskmixin.py:205} WARNING - Dependency <Task(_PythonDecoratedOperator): log_sql_query>, print_the_context already registered for DAG: example_python_operator
[2024-05-31T04:07:12.408+0000] {logging_mixin.py:120} INFO - [2024-05-31T04:07:12.408+0000] {taskmixin.py:205} WARNING - Dependency <Task(_PythonDecoratedOperator): print_the_context>, log_sql_query already registered for DAG: example_python_operator
[2024-05-31T04:07:12.408+0000] {logging_mixin.py:120} INFO - [2024-05-31T04:07:12.408+0000] {taskmixin.py:205} WARNING - Dependency <Task(_PythonDecoratedOperator): log_sql_query>, print_the_context already registered for DAG: example_python_operator
[2024-05-31T04:07:12.409+0000] {logging_mixin.py:120} INFO - [2024-05-31T04:07:12.409+0000] {taskmixin.py:205} WARNING - Dependency <Task(_PythonDecoratedOperator): print_the_context>, log_sql_query already registered for DAG: example_python_operator
[2024-05-31T04:07:12.410+0000] {logging_mixin.py:120} INFO - [2024-05-31T04:07:12.410+0000] {taskmixin.py:205} WARNING - Dependency <Task(_PythonDecoratedOperator): log_sql_query>, print_the_context already registered for DAG: example_python_operator
[2024-05-31T04:07:12.411+0000] {logging_mixin.py:120} INFO - [2024-05-31T04:07:12.411+0000] {taskmixin.py:205} WARNING - Dependency <Task(_PythonDecoratedOperator): print_the_context>, log_sql_query already registered for DAG: example_python_operator
[2024-05-31T04:07:12.411+0000] {logging_mixin.py:120} INFO - [2024-05-31T04:07:12.411+0000] {taskmixin.py:205} WARNING - Dependency <Task(_PythonDecoratedOperator): log_sql_query>, print_the_context already registered for DAG: example_python_operator
[2024-05-31T04:07:12.419+0000] {processor.py:766} INFO - DAG(s) dict_keys(['example_python_operator']) retrieved from /home/airflow/.local/lib/python3.7/site-packages/airflow/example_dags/example_python_operator.py
[2024-05-31T04:07:12.463+0000] {logging_mixin.py:120} INFO - [2024-05-31T04:07:12.462+0000] {dag.py:2585} INFO - Sync 1 DAGs
[2024-05-31T04:07:12.488+0000] {logging_mixin.py:120} INFO - [2024-05-31T04:07:12.488+0000] {dag.py:3340} INFO - Setting next_dagrun for example_python_operator to None, run_after=None
[2024-05-31T04:07:12.511+0000] {processor.py:176} INFO - Processing /home/airflow/.local/lib/python3.7/site-packages/airflow/example_dags/example_python_operator.py took 0.122 seconds
[2024-05-31T04:07:43.202+0000] {processor.py:154} INFO - Started process (PID=372) to work on /home/airflow/.local/lib/python3.7/site-packages/airflow/example_dags/example_python_operator.py
[2024-05-31T04:07:43.203+0000] {processor.py:756} INFO - Processing file /home/airflow/.local/lib/python3.7/site-packages/airflow/example_dags/example_python_operator.py for tasks to queue
[2024-05-31T04:07:43.204+0000] {logging_mixin.py:120} INFO - [2024-05-31T04:07:43.204+0000] {dagbag.py:537} INFO - Filling up the DagBag from /home/airflow/.local/lib/python3.7/site-packages/airflow/example_dags/example_python_operator.py
[2024-05-31T04:07:43.224+0000] {logging_mixin.py:120} INFO - [2024-05-31T04:07:43.223+0000] {taskmixin.py:205} WARNING - Dependency <Task(_PythonDecoratedOperator): print_the_context>, log_sql_query already registered for DAG: example_python_operator
[2024-05-31T04:07:43.224+0000] {logging_mixin.py:120} INFO - [2024-05-31T04:07:43.224+0000] {taskmixin.py:205} WARNING - Dependency <Task(_PythonDecoratedOperator): log_sql_query>, print_the_context already registered for DAG: example_python_operator
[2024-05-31T04:07:43.230+0000] {logging_mixin.py:120} INFO - [2024-05-31T04:07:43.228+0000] {taskmixin.py:205} WARNING - Dependency <Task(_PythonDecoratedOperator): print_the_context>, log_sql_query already registered for DAG: example_python_operator
[2024-05-31T04:07:43.231+0000] {logging_mixin.py:120} INFO - [2024-05-31T04:07:43.231+0000] {taskmixin.py:205} WARNING - Dependency <Task(_PythonDecoratedOperator): log_sql_query>, print_the_context already registered for DAG: example_python_operator
[2024-05-31T04:07:43.233+0000] {logging_mixin.py:120} INFO - [2024-05-31T04:07:43.232+0000] {taskmixin.py:205} WARNING - Dependency <Task(_PythonDecoratedOperator): print_the_context>, log_sql_query already registered for DAG: example_python_operator
[2024-05-31T04:07:43.233+0000] {logging_mixin.py:120} INFO - [2024-05-31T04:07:43.233+0000] {taskmixin.py:205} WARNING - Dependency <Task(_PythonDecoratedOperator): log_sql_query>, print_the_context already registered for DAG: example_python_operator
[2024-05-31T04:07:43.235+0000] {logging_mixin.py:120} INFO - [2024-05-31T04:07:43.235+0000] {taskmixin.py:205} WARNING - Dependency <Task(_PythonDecoratedOperator): print_the_context>, log_sql_query already registered for DAG: example_python_operator
[2024-05-31T04:07:43.235+0000] {logging_mixin.py:120} INFO - [2024-05-31T04:07:43.235+0000] {taskmixin.py:205} WARNING - Dependency <Task(_PythonDecoratedOperator): log_sql_query>, print_the_context already registered for DAG: example_python_operator
[2024-05-31T04:07:43.242+0000] {processor.py:766} INFO - DAG(s) dict_keys(['example_python_operator']) retrieved from /home/airflow/.local/lib/python3.7/site-packages/airflow/example_dags/example_python_operator.py
[2024-05-31T04:07:43.283+0000] {logging_mixin.py:120} INFO - [2024-05-31T04:07:43.282+0000] {dag.py:2585} INFO - Sync 1 DAGs
[2024-05-31T04:07:43.309+0000] {logging_mixin.py:120} INFO - [2024-05-31T04:07:43.309+0000] {dag.py:3340} INFO - Setting next_dagrun for example_python_operator to None, run_after=None
[2024-05-31T04:07:43.330+0000] {processor.py:176} INFO - Processing /home/airflow/.local/lib/python3.7/site-packages/airflow/example_dags/example_python_operator.py took 0.131 seconds
[2024-05-31T04:08:13.616+0000] {processor.py:154} INFO - Started process (PID=426) to work on /home/airflow/.local/lib/python3.7/site-packages/airflow/example_dags/example_python_operator.py
[2024-05-31T04:08:13.617+0000] {processor.py:756} INFO - Processing file /home/airflow/.local/lib/python3.7/site-packages/airflow/example_dags/example_python_operator.py for tasks to queue
[2024-05-31T04:08:13.618+0000] {logging_mixin.py:120} INFO - [2024-05-31T04:08:13.618+0000] {dagbag.py:537} INFO - Filling up the DagBag from /home/airflow/.local/lib/python3.7/site-packages/airflow/example_dags/example_python_operator.py
[2024-05-31T04:08:13.636+0000] {logging_mixin.py:120} INFO - [2024-05-31T04:08:13.635+0000] {taskmixin.py:205} WARNING - Dependency <Task(_PythonDecoratedOperator): print_the_context>, log_sql_query already registered for DAG: example_python_operator
[2024-05-31T04:08:13.636+0000] {logging_mixin.py:120} INFO - [2024-05-31T04:08:13.636+0000] {taskmixin.py:205} WARNING - Dependency <Task(_PythonDecoratedOperator): log_sql_query>, print_the_context already registered for DAG: example_python_operator
[2024-05-31T04:08:13.637+0000] {logging_mixin.py:120} INFO - [2024-05-31T04:08:13.637+0000] {taskmixin.py:205} WARNING - Dependency <Task(_PythonDecoratedOperator): print_the_context>, log_sql_query already registered for DAG: example_python_operator
[2024-05-31T04:08:13.638+0000] {logging_mixin.py:120} INFO - [2024-05-31T04:08:13.638+0000] {taskmixin.py:205} WARNING - Dependency <Task(_PythonDecoratedOperator): log_sql_query>, print_the_context already registered for DAG: example_python_operator
[2024-05-31T04:08:13.639+0000] {logging_mixin.py:120} INFO - [2024-05-31T04:08:13.639+0000] {taskmixin.py:205} WARNING - Dependency <Task(_PythonDecoratedOperator): print_the_context>, log_sql_query already registered for DAG: example_python_operator
[2024-05-31T04:08:13.639+0000] {logging_mixin.py:120} INFO - [2024-05-31T04:08:13.639+0000] {taskmixin.py:205} WARNING - Dependency <Task(_PythonDecoratedOperator): log_sql_query>, print_the_context already registered for DAG: example_python_operator
[2024-05-31T04:08:13.640+0000] {logging_mixin.py:120} INFO - [2024-05-31T04:08:13.640+0000] {taskmixin.py:205} WARNING - Dependency <Task(_PythonDecoratedOperator): print_the_context>, log_sql_query already registered for DAG: example_python_operator
[2024-05-31T04:08:13.641+0000] {logging_mixin.py:120} INFO - [2024-05-31T04:08:13.641+0000] {taskmixin.py:205} WARNING - Dependency <Task(_PythonDecoratedOperator): log_sql_query>, print_the_context already registered for DAG: example_python_operator
[2024-05-31T04:08:13.648+0000] {processor.py:766} INFO - DAG(s) dict_keys(['example_python_operator']) retrieved from /home/airflow/.local/lib/python3.7/site-packages/airflow/example_dags/example_python_operator.py
[2024-05-31T04:08:13.695+0000] {logging_mixin.py:120} INFO - [2024-05-31T04:08:13.695+0000] {dag.py:2585} INFO - Sync 1 DAGs
[2024-05-31T04:08:13.726+0000] {logging_mixin.py:120} INFO - [2024-05-31T04:08:13.726+0000] {dag.py:3340} INFO - Setting next_dagrun for example_python_operator to None, run_after=None
[2024-05-31T04:08:13.749+0000] {processor.py:176} INFO - Processing /home/airflow/.local/lib/python3.7/site-packages/airflow/example_dags/example_python_operator.py took 0.135 seconds
[2024-05-31T04:08:44.208+0000] {processor.py:154} INFO - Started process (PID=489) to work on /home/airflow/.local/lib/python3.7/site-packages/airflow/example_dags/example_python_operator.py
[2024-05-31T04:08:44.209+0000] {processor.py:756} INFO - Processing file /home/airflow/.local/lib/python3.7/site-packages/airflow/example_dags/example_python_operator.py for tasks to queue
[2024-05-31T04:08:44.210+0000] {logging_mixin.py:120} INFO - [2024-05-31T04:08:44.209+0000] {dagbag.py:537} INFO - Filling up the DagBag from /home/airflow/.local/lib/python3.7/site-packages/airflow/example_dags/example_python_operator.py
[2024-05-31T04:08:44.222+0000] {logging_mixin.py:120} INFO - [2024-05-31T04:08:44.222+0000] {taskmixin.py:205} WARNING - Dependency <Task(_PythonDecoratedOperator): print_the_context>, log_sql_query already registered for DAG: example_python_operator
[2024-05-31T04:08:44.223+0000] {logging_mixin.py:120} INFO - [2024-05-31T04:08:44.222+0000] {taskmixin.py:205} WARNING - Dependency <Task(_PythonDecoratedOperator): log_sql_query>, print_the_context already registered for DAG: example_python_operator
[2024-05-31T04:08:44.224+0000] {logging_mixin.py:120} INFO - [2024-05-31T04:08:44.223+0000] {taskmixin.py:205} WARNING - Dependency <Task(_PythonDecoratedOperator): print_the_context>, log_sql_query already registered for DAG: example_python_operator
[2024-05-31T04:08:44.224+0000] {logging_mixin.py:120} INFO - [2024-05-31T04:08:44.224+0000] {taskmixin.py:205} WARNING - Dependency <Task(_PythonDecoratedOperator): log_sql_query>, print_the_context already registered for DAG: example_python_operator
[2024-05-31T04:08:44.225+0000] {logging_mixin.py:120} INFO - [2024-05-31T04:08:44.225+0000] {taskmixin.py:205} WARNING - Dependency <Task(_PythonDecoratedOperator): print_the_context>, log_sql_query already registered for DAG: example_python_operator
[2024-05-31T04:08:44.225+0000] {logging_mixin.py:120} INFO - [2024-05-31T04:08:44.225+0000] {taskmixin.py:205} WARNING - Dependency <Task(_PythonDecoratedOperator): log_sql_query>, print_the_context already registered for DAG: example_python_operator
[2024-05-31T04:08:44.226+0000] {logging_mixin.py:120} INFO - [2024-05-31T04:08:44.226+0000] {taskmixin.py:205} WARNING - Dependency <Task(_PythonDecoratedOperator): print_the_context>, log_sql_query already registered for DAG: example_python_operator
[2024-05-31T04:08:44.226+0000] {logging_mixin.py:120} INFO - [2024-05-31T04:08:44.226+0000] {taskmixin.py:205} WARNING - Dependency <Task(_PythonDecoratedOperator): log_sql_query>, print_the_context already registered for DAG: example_python_operator
[2024-05-31T04:08:44.233+0000] {processor.py:766} INFO - DAG(s) dict_keys(['example_python_operator']) retrieved from /home/airflow/.local/lib/python3.7/site-packages/airflow/example_dags/example_python_operator.py
[2024-05-31T04:08:44.287+0000] {logging_mixin.py:120} INFO - [2024-05-31T04:08:44.287+0000] {dag.py:2585} INFO - Sync 1 DAGs
[2024-05-31T04:08:44.320+0000] {logging_mixin.py:120} INFO - [2024-05-31T04:08:44.320+0000] {dag.py:3340} INFO - Setting next_dagrun for example_python_operator to None, run_after=None
[2024-05-31T04:08:44.345+0000] {processor.py:176} INFO - Processing /home/airflow/.local/lib/python3.7/site-packages/airflow/example_dags/example_python_operator.py took 0.140 seconds
[2024-05-31T04:09:15.022+0000] {processor.py:154} INFO - Started process (PID=552) to work on /home/airflow/.local/lib/python3.7/site-packages/airflow/example_dags/example_python_operator.py
[2024-05-31T04:09:15.023+0000] {processor.py:756} INFO - Processing file /home/airflow/.local/lib/python3.7/site-packages/airflow/example_dags/example_python_operator.py for tasks to queue
[2024-05-31T04:09:15.023+0000] {logging_mixin.py:120} INFO - [2024-05-31T04:09:15.023+0000] {dagbag.py:537} INFO - Filling up the DagBag from /home/airflow/.local/lib/python3.7/site-packages/airflow/example_dags/example_python_operator.py
[2024-05-31T04:09:15.037+0000] {logging_mixin.py:120} INFO - [2024-05-31T04:09:15.036+0000] {taskmixin.py:205} WARNING - Dependency <Task(_PythonDecoratedOperator): print_the_context>, log_sql_query already registered for DAG: example_python_operator
[2024-05-31T04:09:15.037+0000] {logging_mixin.py:120} INFO - [2024-05-31T04:09:15.037+0000] {taskmixin.py:205} WARNING - Dependency <Task(_PythonDecoratedOperator): log_sql_query>, print_the_context already registered for DAG: example_python_operator
[2024-05-31T04:09:15.038+0000] {logging_mixin.py:120} INFO - [2024-05-31T04:09:15.038+0000] {taskmixin.py:205} WARNING - Dependency <Task(_PythonDecoratedOperator): print_the_context>, log_sql_query already registered for DAG: example_python_operator
[2024-05-31T04:09:15.038+0000] {logging_mixin.py:120} INFO - [2024-05-31T04:09:15.038+0000] {taskmixin.py:205} WARNING - Dependency <Task(_PythonDecoratedOperator): log_sql_query>, print_the_context already registered for DAG: example_python_operator
[2024-05-31T04:09:15.039+0000] {logging_mixin.py:120} INFO - [2024-05-31T04:09:15.039+0000] {taskmixin.py:205} WARNING - Dependency <Task(_PythonDecoratedOperator): print_the_context>, log_sql_query already registered for DAG: example_python_operator
[2024-05-31T04:09:15.040+0000] {logging_mixin.py:120} INFO - [2024-05-31T04:09:15.040+0000] {taskmixin.py:205} WARNING - Dependency <Task(_PythonDecoratedOperator): log_sql_query>, print_the_context already registered for DAG: example_python_operator
[2024-05-31T04:09:15.040+0000] {logging_mixin.py:120} INFO - [2024-05-31T04:09:15.040+0000] {taskmixin.py:205} WARNING - Dependency <Task(_PythonDecoratedOperator): print_the_context>, log_sql_query already registered for DAG: example_python_operator
[2024-05-31T04:09:15.041+0000] {logging_mixin.py:120} INFO - [2024-05-31T04:09:15.041+0000] {taskmixin.py:205} WARNING - Dependency <Task(_PythonDecoratedOperator): log_sql_query>, print_the_context already registered for DAG: example_python_operator
[2024-05-31T04:09:15.048+0000] {processor.py:766} INFO - DAG(s) dict_keys(['example_python_operator']) retrieved from /home/airflow/.local/lib/python3.7/site-packages/airflow/example_dags/example_python_operator.py
[2024-05-31T04:09:15.092+0000] {logging_mixin.py:120} INFO - [2024-05-31T04:09:15.091+0000] {dag.py:2585} INFO - Sync 1 DAGs
[2024-05-31T04:09:15.116+0000] {logging_mixin.py:120} INFO - [2024-05-31T04:09:15.116+0000] {dag.py:3340} INFO - Setting next_dagrun for example_python_operator to None, run_after=None
[2024-05-31T04:09:15.136+0000] {processor.py:176} INFO - Processing /home/airflow/.local/lib/python3.7/site-packages/airflow/example_dags/example_python_operator.py took 0.116 seconds
[2024-05-31T04:24:34.838+0000] {processor.py:154} INFO - Started process (PID=2402) to work on /home/airflow/.local/lib/python3.7/site-packages/airflow/example_dags/example_python_operator.py
[2024-05-31T04:24:34.839+0000] {processor.py:756} INFO - Processing file /home/airflow/.local/lib/python3.7/site-packages/airflow/example_dags/example_python_operator.py for tasks to queue
[2024-05-31T04:24:34.840+0000] {logging_mixin.py:120} INFO - [2024-05-31T04:24:34.840+0000] {dagbag.py:537} INFO - Filling up the DagBag from /home/airflow/.local/lib/python3.7/site-packages/airflow/example_dags/example_python_operator.py
[2024-05-31T04:24:34.852+0000] {logging_mixin.py:120} INFO - [2024-05-31T04:24:34.852+0000] {taskmixin.py:205} WARNING - Dependency <Task(_PythonDecoratedOperator): print_the_context>, log_sql_query already registered for DAG: example_python_operator
[2024-05-31T04:24:34.853+0000] {logging_mixin.py:120} INFO - [2024-05-31T04:24:34.853+0000] {taskmixin.py:205} WARNING - Dependency <Task(_PythonDecoratedOperator): log_sql_query>, print_the_context already registered for DAG: example_python_operator
[2024-05-31T04:24:34.854+0000] {logging_mixin.py:120} INFO - [2024-05-31T04:24:34.854+0000] {taskmixin.py:205} WARNING - Dependency <Task(_PythonDecoratedOperator): print_the_context>, log_sql_query already registered for DAG: example_python_operator
[2024-05-31T04:24:34.854+0000] {logging_mixin.py:120} INFO - [2024-05-31T04:24:34.854+0000] {taskmixin.py:205} WARNING - Dependency <Task(_PythonDecoratedOperator): log_sql_query>, print_the_context already registered for DAG: example_python_operator
[2024-05-31T04:24:34.855+0000] {logging_mixin.py:120} INFO - [2024-05-31T04:24:34.855+0000] {taskmixin.py:205} WARNING - Dependency <Task(_PythonDecoratedOperator): print_the_context>, log_sql_query already registered for DAG: example_python_operator
[2024-05-31T04:24:34.855+0000] {logging_mixin.py:120} INFO - [2024-05-31T04:24:34.855+0000] {taskmixin.py:205} WARNING - Dependency <Task(_PythonDecoratedOperator): log_sql_query>, print_the_context already registered for DAG: example_python_operator
[2024-05-31T04:24:34.856+0000] {logging_mixin.py:120} INFO - [2024-05-31T04:24:34.856+0000] {taskmixin.py:205} WARNING - Dependency <Task(_PythonDecoratedOperator): print_the_context>, log_sql_query already registered for DAG: example_python_operator
[2024-05-31T04:24:34.856+0000] {logging_mixin.py:120} INFO - [2024-05-31T04:24:34.856+0000] {taskmixin.py:205} WARNING - Dependency <Task(_PythonDecoratedOperator): log_sql_query>, print_the_context already registered for DAG: example_python_operator
[2024-05-31T04:24:34.863+0000] {processor.py:766} INFO - DAG(s) dict_keys(['example_python_operator']) retrieved from /home/airflow/.local/lib/python3.7/site-packages/airflow/example_dags/example_python_operator.py
[2024-05-31T04:24:34.904+0000] {logging_mixin.py:120} INFO - [2024-05-31T04:24:34.904+0000] {dag.py:2585} INFO - Sync 1 DAGs
[2024-05-31T04:24:34.927+0000] {logging_mixin.py:120} INFO - [2024-05-31T04:24:34.927+0000] {dag.py:3340} INFO - Setting next_dagrun for example_python_operator to None, run_after=None
[2024-05-31T04:24:34.945+0000] {processor.py:176} INFO - Processing /home/airflow/.local/lib/python3.7/site-packages/airflow/example_dags/example_python_operator.py took 0.110 seconds
[2024-05-31T04:25:05.365+0000] {processor.py:154} INFO - Started process (PID=2466) to work on /home/airflow/.local/lib/python3.7/site-packages/airflow/example_dags/example_python_operator.py
[2024-05-31T04:25:05.366+0000] {processor.py:756} INFO - Processing file /home/airflow/.local/lib/python3.7/site-packages/airflow/example_dags/example_python_operator.py for tasks to queue
[2024-05-31T04:25:05.367+0000] {logging_mixin.py:120} INFO - [2024-05-31T04:25:05.367+0000] {dagbag.py:537} INFO - Filling up the DagBag from /home/airflow/.local/lib/python3.7/site-packages/airflow/example_dags/example_python_operator.py
[2024-05-31T04:25:05.387+0000] {logging_mixin.py:120} INFO - [2024-05-31T04:25:05.387+0000] {taskmixin.py:205} WARNING - Dependency <Task(_PythonDecoratedOperator): print_the_context>, log_sql_query already registered for DAG: example_python_operator
[2024-05-31T04:25:05.388+0000] {logging_mixin.py:120} INFO - [2024-05-31T04:25:05.387+0000] {taskmixin.py:205} WARNING - Dependency <Task(_PythonDecoratedOperator): log_sql_query>, print_the_context already registered for DAG: example_python_operator
[2024-05-31T04:25:05.389+0000] {logging_mixin.py:120} INFO - [2024-05-31T04:25:05.389+0000] {taskmixin.py:205} WARNING - Dependency <Task(_PythonDecoratedOperator): print_the_context>, log_sql_query already registered for DAG: example_python_operator
[2024-05-31T04:25:05.389+0000] {logging_mixin.py:120} INFO - [2024-05-31T04:25:05.389+0000] {taskmixin.py:205} WARNING - Dependency <Task(_PythonDecoratedOperator): log_sql_query>, print_the_context already registered for DAG: example_python_operator
[2024-05-31T04:25:05.390+0000] {logging_mixin.py:120} INFO - [2024-05-31T04:25:05.390+0000] {taskmixin.py:205} WARNING - Dependency <Task(_PythonDecoratedOperator): print_the_context>, log_sql_query already registered for DAG: example_python_operator
[2024-05-31T04:25:05.390+0000] {logging_mixin.py:120} INFO - [2024-05-31T04:25:05.390+0000] {taskmixin.py:205} WARNING - Dependency <Task(_PythonDecoratedOperator): log_sql_query>, print_the_context already registered for DAG: example_python_operator
[2024-05-31T04:25:05.391+0000] {logging_mixin.py:120} INFO - [2024-05-31T04:25:05.391+0000] {taskmixin.py:205} WARNING - Dependency <Task(_PythonDecoratedOperator): print_the_context>, log_sql_query already registered for DAG: example_python_operator
[2024-05-31T04:25:05.391+0000] {logging_mixin.py:120} INFO - [2024-05-31T04:25:05.391+0000] {taskmixin.py:205} WARNING - Dependency <Task(_PythonDecoratedOperator): log_sql_query>, print_the_context already registered for DAG: example_python_operator
[2024-05-31T04:25:05.397+0000] {processor.py:766} INFO - DAG(s) dict_keys(['example_python_operator']) retrieved from /home/airflow/.local/lib/python3.7/site-packages/airflow/example_dags/example_python_operator.py
[2024-05-31T04:25:05.442+0000] {logging_mixin.py:120} INFO - [2024-05-31T04:25:05.442+0000] {dag.py:2585} INFO - Sync 1 DAGs
[2024-05-31T04:25:05.468+0000] {logging_mixin.py:120} INFO - [2024-05-31T04:25:05.468+0000] {dag.py:3340} INFO - Setting next_dagrun for example_python_operator to None, run_after=None
[2024-05-31T04:25:05.491+0000] {processor.py:176} INFO - Processing /home/airflow/.local/lib/python3.7/site-packages/airflow/example_dags/example_python_operator.py took 0.129 seconds
