[2024-05-31T04:05:07.606+0000] {processor.py:154} INFO - Started process (PID=56) to work on /home/airflow/.local/lib/python3.7/site-packages/airflow/example_dags/example_kubernetes_executor.py
[2024-05-31T04:05:07.608+0000] {processor.py:756} INFO - Processing file /home/airflow/.local/lib/python3.7/site-packages/airflow/example_dags/example_kubernetes_executor.py for tasks to queue
[2024-05-31T04:05:07.611+0000] {logging_mixin.py:120} INFO - [2024-05-31T04:05:07.610+0000] {dagbag.py:537} INFO - Filling up the DagBag from /home/airflow/.local/lib/python3.7/site-packages/airflow/example_dags/example_kubernetes_executor.py
[2024-05-31T04:05:07.670+0000] {processor.py:766} INFO - DAG(s) dict_keys(['example_kubernetes_executor']) retrieved from /home/airflow/.local/lib/python3.7/site-packages/airflow/example_dags/example_kubernetes_executor.py
[2024-05-31T04:05:07.950+0000] {logging_mixin.py:120} INFO - [2024-05-31T04:05:07.950+0000] {manager.py:507} INFO - Created Permission View: can read on DAG:example_kubernetes_executor
[2024-05-31T04:05:07.966+0000] {logging_mixin.py:120} INFO - [2024-05-31T04:05:07.965+0000] {manager.py:507} INFO - Created Permission View: can edit on DAG:example_kubernetes_executor
[2024-05-31T04:05:07.979+0000] {logging_mixin.py:120} INFO - [2024-05-31T04:05:07.978+0000] {manager.py:507} INFO - Created Permission View: can delete on DAG:example_kubernetes_executor
[2024-05-31T04:05:07.980+0000] {logging_mixin.py:120} INFO - [2024-05-31T04:05:07.979+0000] {dag.py:2585} INFO - Sync 1 DAGs
[2024-05-31T04:05:08.009+0000] {logging_mixin.py:120} INFO - [2024-05-31T04:05:08.009+0000] {dag.py:2606} INFO - Creating ORM DAG for example_kubernetes_executor
[2024-05-31T04:05:08.033+0000] {logging_mixin.py:120} INFO - [2024-05-31T04:05:08.033+0000] {dag.py:3340} INFO - Setting next_dagrun for example_kubernetes_executor to None, run_after=None
[2024-05-31T04:05:08.080+0000] {processor.py:176} INFO - Processing /home/airflow/.local/lib/python3.7/site-packages/airflow/example_dags/example_kubernetes_executor.py took 0.477 seconds
[2024-05-31T04:05:38.309+0000] {processor.py:154} INFO - Started process (PID=119) to work on /home/airflow/.local/lib/python3.7/site-packages/airflow/example_dags/example_kubernetes_executor.py
[2024-05-31T04:05:38.310+0000] {processor.py:756} INFO - Processing file /home/airflow/.local/lib/python3.7/site-packages/airflow/example_dags/example_kubernetes_executor.py for tasks to queue
[2024-05-31T04:05:38.311+0000] {logging_mixin.py:120} INFO - [2024-05-31T04:05:38.311+0000] {dagbag.py:537} INFO - Filling up the DagBag from /home/airflow/.local/lib/python3.7/site-packages/airflow/example_dags/example_kubernetes_executor.py
[2024-05-31T04:05:38.340+0000] {processor.py:766} INFO - DAG(s) dict_keys(['example_kubernetes_executor']) retrieved from /home/airflow/.local/lib/python3.7/site-packages/airflow/example_dags/example_kubernetes_executor.py
[2024-05-31T04:05:38.381+0000] {logging_mixin.py:120} INFO - [2024-05-31T04:05:38.381+0000] {dag.py:2585} INFO - Sync 1 DAGs
[2024-05-31T04:05:38.405+0000] {logging_mixin.py:120} INFO - [2024-05-31T04:05:38.405+0000] {dag.py:3340} INFO - Setting next_dagrun for example_kubernetes_executor to None, run_after=None
[2024-05-31T04:05:38.424+0000] {processor.py:176} INFO - Processing /home/airflow/.local/lib/python3.7/site-packages/airflow/example_dags/example_kubernetes_executor.py took 0.118 seconds
[2024-05-31T04:06:08.830+0000] {processor.py:154} INFO - Started process (PID=174) to work on /home/airflow/.local/lib/python3.7/site-packages/airflow/example_dags/example_kubernetes_executor.py
[2024-05-31T04:06:08.831+0000] {processor.py:756} INFO - Processing file /home/airflow/.local/lib/python3.7/site-packages/airflow/example_dags/example_kubernetes_executor.py for tasks to queue
[2024-05-31T04:06:08.832+0000] {logging_mixin.py:120} INFO - [2024-05-31T04:06:08.831+0000] {dagbag.py:537} INFO - Filling up the DagBag from /home/airflow/.local/lib/python3.7/site-packages/airflow/example_dags/example_kubernetes_executor.py
[2024-05-31T04:06:08.855+0000] {processor.py:766} INFO - DAG(s) dict_keys(['example_kubernetes_executor']) retrieved from /home/airflow/.local/lib/python3.7/site-packages/airflow/example_dags/example_kubernetes_executor.py
[2024-05-31T04:06:08.897+0000] {logging_mixin.py:120} INFO - [2024-05-31T04:06:08.897+0000] {dag.py:2585} INFO - Sync 1 DAGs
[2024-05-31T04:06:08.925+0000] {logging_mixin.py:120} INFO - [2024-05-31T04:06:08.925+0000] {dag.py:3340} INFO - Setting next_dagrun for example_kubernetes_executor to None, run_after=None
[2024-05-31T04:06:08.948+0000] {processor.py:176} INFO - Processing /home/airflow/.local/lib/python3.7/site-packages/airflow/example_dags/example_kubernetes_executor.py took 0.120 seconds
[2024-05-31T04:06:39.255+0000] {processor.py:154} INFO - Started process (PID=237) to work on /home/airflow/.local/lib/python3.7/site-packages/airflow/example_dags/example_kubernetes_executor.py
[2024-05-31T04:06:39.256+0000] {processor.py:756} INFO - Processing file /home/airflow/.local/lib/python3.7/site-packages/airflow/example_dags/example_kubernetes_executor.py for tasks to queue
[2024-05-31T04:06:39.257+0000] {logging_mixin.py:120} INFO - [2024-05-31T04:06:39.257+0000] {dagbag.py:537} INFO - Filling up the DagBag from /home/airflow/.local/lib/python3.7/site-packages/airflow/example_dags/example_kubernetes_executor.py
[2024-05-31T04:06:39.281+0000] {processor.py:766} INFO - DAG(s) dict_keys(['example_kubernetes_executor']) retrieved from /home/airflow/.local/lib/python3.7/site-packages/airflow/example_dags/example_kubernetes_executor.py
[2024-05-31T04:06:39.324+0000] {logging_mixin.py:120} INFO - [2024-05-31T04:06:39.324+0000] {dag.py:2585} INFO - Sync 1 DAGs
[2024-05-31T04:06:39.353+0000] {logging_mixin.py:120} INFO - [2024-05-31T04:06:39.352+0000] {dag.py:3340} INFO - Setting next_dagrun for example_kubernetes_executor to None, run_after=None
[2024-05-31T04:06:39.373+0000] {processor.py:176} INFO - Processing /home/airflow/.local/lib/python3.7/site-packages/airflow/example_dags/example_kubernetes_executor.py took 0.121 seconds
[2024-05-31T04:07:09.817+0000] {processor.py:154} INFO - Started process (PID=300) to work on /home/airflow/.local/lib/python3.7/site-packages/airflow/example_dags/example_kubernetes_executor.py
[2024-05-31T04:07:09.818+0000] {processor.py:756} INFO - Processing file /home/airflow/.local/lib/python3.7/site-packages/airflow/example_dags/example_kubernetes_executor.py for tasks to queue
[2024-05-31T04:07:09.818+0000] {logging_mixin.py:120} INFO - [2024-05-31T04:07:09.818+0000] {dagbag.py:537} INFO - Filling up the DagBag from /home/airflow/.local/lib/python3.7/site-packages/airflow/example_dags/example_kubernetes_executor.py
[2024-05-31T04:07:09.840+0000] {processor.py:766} INFO - DAG(s) dict_keys(['example_kubernetes_executor']) retrieved from /home/airflow/.local/lib/python3.7/site-packages/airflow/example_dags/example_kubernetes_executor.py
[2024-05-31T04:07:09.879+0000] {logging_mixin.py:120} INFO - [2024-05-31T04:07:09.878+0000] {dag.py:2585} INFO - Sync 1 DAGs
[2024-05-31T04:07:09.908+0000] {logging_mixin.py:120} INFO - [2024-05-31T04:07:09.908+0000] {dag.py:3340} INFO - Setting next_dagrun for example_kubernetes_executor to None, run_after=None
[2024-05-31T04:07:09.928+0000] {processor.py:176} INFO - Processing /home/airflow/.local/lib/python3.7/site-packages/airflow/example_dags/example_kubernetes_executor.py took 0.114 seconds
[2024-05-31T04:07:40.532+0000] {processor.py:154} INFO - Started process (PID=354) to work on /home/airflow/.local/lib/python3.7/site-packages/airflow/example_dags/example_kubernetes_executor.py
[2024-05-31T04:07:40.533+0000] {processor.py:756} INFO - Processing file /home/airflow/.local/lib/python3.7/site-packages/airflow/example_dags/example_kubernetes_executor.py for tasks to queue
[2024-05-31T04:07:40.534+0000] {logging_mixin.py:120} INFO - [2024-05-31T04:07:40.534+0000] {dagbag.py:537} INFO - Filling up the DagBag from /home/airflow/.local/lib/python3.7/site-packages/airflow/example_dags/example_kubernetes_executor.py
[2024-05-31T04:07:40.567+0000] {processor.py:766} INFO - DAG(s) dict_keys(['example_kubernetes_executor']) retrieved from /home/airflow/.local/lib/python3.7/site-packages/airflow/example_dags/example_kubernetes_executor.py
[2024-05-31T04:07:40.614+0000] {logging_mixin.py:120} INFO - [2024-05-31T04:07:40.613+0000] {dag.py:2585} INFO - Sync 1 DAGs
[2024-05-31T04:07:40.641+0000] {logging_mixin.py:120} INFO - [2024-05-31T04:07:40.641+0000] {dag.py:3340} INFO - Setting next_dagrun for example_kubernetes_executor to None, run_after=None
[2024-05-31T04:07:40.665+0000] {processor.py:176} INFO - Processing /home/airflow/.local/lib/python3.7/site-packages/airflow/example_dags/example_kubernetes_executor.py took 0.136 seconds
[2024-05-31T04:08:11.097+0000] {processor.py:154} INFO - Started process (PID=417) to work on /home/airflow/.local/lib/python3.7/site-packages/airflow/example_dags/example_kubernetes_executor.py
[2024-05-31T04:08:11.098+0000] {processor.py:756} INFO - Processing file /home/airflow/.local/lib/python3.7/site-packages/airflow/example_dags/example_kubernetes_executor.py for tasks to queue
[2024-05-31T04:08:11.098+0000] {logging_mixin.py:120} INFO - [2024-05-31T04:08:11.098+0000] {dagbag.py:537} INFO - Filling up the DagBag from /home/airflow/.local/lib/python3.7/site-packages/airflow/example_dags/example_kubernetes_executor.py
[2024-05-31T04:08:11.120+0000] {processor.py:766} INFO - DAG(s) dict_keys(['example_kubernetes_executor']) retrieved from /home/airflow/.local/lib/python3.7/site-packages/airflow/example_dags/example_kubernetes_executor.py
[2024-05-31T04:08:11.162+0000] {logging_mixin.py:120} INFO - [2024-05-31T04:08:11.162+0000] {dag.py:2585} INFO - Sync 1 DAGs
[2024-05-31T04:08:11.185+0000] {logging_mixin.py:120} INFO - [2024-05-31T04:08:11.185+0000] {dag.py:3340} INFO - Setting next_dagrun for example_kubernetes_executor to None, run_after=None
[2024-05-31T04:08:11.202+0000] {processor.py:176} INFO - Processing /home/airflow/.local/lib/python3.7/site-packages/airflow/example_dags/example_kubernetes_executor.py took 0.107 seconds
[2024-05-31T04:08:41.627+0000] {processor.py:154} INFO - Started process (PID=480) to work on /home/airflow/.local/lib/python3.7/site-packages/airflow/example_dags/example_kubernetes_executor.py
[2024-05-31T04:08:41.628+0000] {processor.py:756} INFO - Processing file /home/airflow/.local/lib/python3.7/site-packages/airflow/example_dags/example_kubernetes_executor.py for tasks to queue
[2024-05-31T04:08:41.629+0000] {logging_mixin.py:120} INFO - [2024-05-31T04:08:41.629+0000] {dagbag.py:537} INFO - Filling up the DagBag from /home/airflow/.local/lib/python3.7/site-packages/airflow/example_dags/example_kubernetes_executor.py
[2024-05-31T04:08:41.654+0000] {processor.py:766} INFO - DAG(s) dict_keys(['example_kubernetes_executor']) retrieved from /home/airflow/.local/lib/python3.7/site-packages/airflow/example_dags/example_kubernetes_executor.py
[2024-05-31T04:08:41.696+0000] {logging_mixin.py:120} INFO - [2024-05-31T04:08:41.695+0000] {dag.py:2585} INFO - Sync 1 DAGs
[2024-05-31T04:08:41.723+0000] {logging_mixin.py:120} INFO - [2024-05-31T04:08:41.723+0000] {dag.py:3340} INFO - Setting next_dagrun for example_kubernetes_executor to None, run_after=None
[2024-05-31T04:08:41.751+0000] {processor.py:176} INFO - Processing /home/airflow/.local/lib/python3.7/site-packages/airflow/example_dags/example_kubernetes_executor.py took 0.128 seconds
[2024-05-31T04:09:12.462+0000] {processor.py:154} INFO - Started process (PID=543) to work on /home/airflow/.local/lib/python3.7/site-packages/airflow/example_dags/example_kubernetes_executor.py
[2024-05-31T04:09:12.463+0000] {processor.py:756} INFO - Processing file /home/airflow/.local/lib/python3.7/site-packages/airflow/example_dags/example_kubernetes_executor.py for tasks to queue
[2024-05-31T04:09:12.464+0000] {logging_mixin.py:120} INFO - [2024-05-31T04:09:12.464+0000] {dagbag.py:537} INFO - Filling up the DagBag from /home/airflow/.local/lib/python3.7/site-packages/airflow/example_dags/example_kubernetes_executor.py
[2024-05-31T04:09:12.487+0000] {processor.py:766} INFO - DAG(s) dict_keys(['example_kubernetes_executor']) retrieved from /home/airflow/.local/lib/python3.7/site-packages/airflow/example_dags/example_kubernetes_executor.py
[2024-05-31T04:09:12.525+0000] {logging_mixin.py:120} INFO - [2024-05-31T04:09:12.525+0000] {dag.py:2585} INFO - Sync 1 DAGs
[2024-05-31T04:09:12.547+0000] {logging_mixin.py:120} INFO - [2024-05-31T04:09:12.547+0000] {dag.py:3340} INFO - Setting next_dagrun for example_kubernetes_executor to None, run_after=None
[2024-05-31T04:09:12.567+0000] {processor.py:176} INFO - Processing /home/airflow/.local/lib/python3.7/site-packages/airflow/example_dags/example_kubernetes_executor.py took 0.107 seconds
