[2024-05-31T04:05:14.928+0000] {processor.py:154} INFO - Started process (PID=90) to work on /home/airflow/.local/lib/python3.7/site-packages/airflow/example_dags/example_branch_python_dop_operator_3.py
[2024-05-31T04:05:14.930+0000] {processor.py:756} INFO - Processing file /home/airflow/.local/lib/python3.7/site-packages/airflow/example_dags/example_branch_python_dop_operator_3.py for tasks to queue
[2024-05-31T04:05:14.931+0000] {logging_mixin.py:120} INFO - [2024-05-31T04:05:14.931+0000] {dagbag.py:537} INFO - Filling up the DagBag from /home/airflow/.local/lib/python3.7/site-packages/airflow/example_dags/example_branch_python_dop_operator_3.py
[2024-05-31T04:05:14.983+0000] {processor.py:766} INFO - DAG(s) dict_keys(['example_branch_dop_operator_v3']) retrieved from /home/airflow/.local/lib/python3.7/site-packages/airflow/example_dags/example_branch_python_dop_operator_3.py
[2024-05-31T04:05:15.196+0000] {logging_mixin.py:120} INFO - [2024-05-31T04:05:15.196+0000] {manager.py:507} INFO - Created Permission View: can read on DAG:example_branch_dop_operator_v3
[2024-05-31T04:05:15.212+0000] {logging_mixin.py:120} INFO - [2024-05-31T04:05:15.212+0000] {manager.py:507} INFO - Created Permission View: can edit on DAG:example_branch_dop_operator_v3
[2024-05-31T04:05:15.230+0000] {logging_mixin.py:120} INFO - [2024-05-31T04:05:15.229+0000] {manager.py:507} INFO - Created Permission View: can delete on DAG:example_branch_dop_operator_v3
[2024-05-31T04:05:15.231+0000] {logging_mixin.py:120} INFO - [2024-05-31T04:05:15.231+0000] {dag.py:2585} INFO - Sync 1 DAGs
[2024-05-31T04:05:15.259+0000] {logging_mixin.py:120} INFO - [2024-05-31T04:05:15.259+0000] {dag.py:2606} INFO - Creating ORM DAG for example_branch_dop_operator_v3
[2024-05-31T04:05:15.285+0000] {logging_mixin.py:120} INFO - [2024-05-31T04:05:15.285+0000] {dag.py:3340} INFO - Setting next_dagrun for example_branch_dop_operator_v3 to 2024-05-31T04:04:00+00:00, run_after=2024-05-31T04:05:00+00:00
[2024-05-31T04:05:15.321+0000] {processor.py:176} INFO - Processing /home/airflow/.local/lib/python3.7/site-packages/airflow/example_dags/example_branch_python_dop_operator_3.py took 0.396 seconds
[2024-05-31T04:05:46.141+0000] {processor.py:154} INFO - Started process (PID=144) to work on /home/airflow/.local/lib/python3.7/site-packages/airflow/example_dags/example_branch_python_dop_operator_3.py
[2024-05-31T04:05:46.142+0000] {processor.py:756} INFO - Processing file /home/airflow/.local/lib/python3.7/site-packages/airflow/example_dags/example_branch_python_dop_operator_3.py for tasks to queue
[2024-05-31T04:05:46.143+0000] {logging_mixin.py:120} INFO - [2024-05-31T04:05:46.143+0000] {dagbag.py:537} INFO - Filling up the DagBag from /home/airflow/.local/lib/python3.7/site-packages/airflow/example_dags/example_branch_python_dop_operator_3.py
[2024-05-31T04:05:46.166+0000] {processor.py:766} INFO - DAG(s) dict_keys(['example_branch_dop_operator_v3']) retrieved from /home/airflow/.local/lib/python3.7/site-packages/airflow/example_dags/example_branch_python_dop_operator_3.py
[2024-05-31T04:05:46.203+0000] {logging_mixin.py:120} INFO - [2024-05-31T04:05:46.203+0000] {dag.py:2585} INFO - Sync 1 DAGs
[2024-05-31T04:05:46.231+0000] {logging_mixin.py:120} INFO - [2024-05-31T04:05:46.231+0000] {dag.py:3340} INFO - Setting next_dagrun for example_branch_dop_operator_v3 to 2024-05-31T04:04:00+00:00, run_after=2024-05-31T04:05:00+00:00
[2024-05-31T04:05:46.248+0000] {processor.py:176} INFO - Processing /home/airflow/.local/lib/python3.7/site-packages/airflow/example_dags/example_branch_python_dop_operator_3.py took 0.109 seconds
[2024-05-31T04:06:16.647+0000] {processor.py:154} INFO - Started process (PID=208) to work on /home/airflow/.local/lib/python3.7/site-packages/airflow/example_dags/example_branch_python_dop_operator_3.py
[2024-05-31T04:06:16.648+0000] {processor.py:756} INFO - Processing file /home/airflow/.local/lib/python3.7/site-packages/airflow/example_dags/example_branch_python_dop_operator_3.py for tasks to queue
[2024-05-31T04:06:16.648+0000] {logging_mixin.py:120} INFO - [2024-05-31T04:06:16.648+0000] {dagbag.py:537} INFO - Filling up the DagBag from /home/airflow/.local/lib/python3.7/site-packages/airflow/example_dags/example_branch_python_dop_operator_3.py
[2024-05-31T04:06:16.669+0000] {processor.py:766} INFO - DAG(s) dict_keys(['example_branch_dop_operator_v3']) retrieved from /home/airflow/.local/lib/python3.7/site-packages/airflow/example_dags/example_branch_python_dop_operator_3.py
[2024-05-31T04:06:16.709+0000] {logging_mixin.py:120} INFO - [2024-05-31T04:06:16.709+0000] {dag.py:2585} INFO - Sync 1 DAGs
[2024-05-31T04:06:16.739+0000] {logging_mixin.py:120} INFO - [2024-05-31T04:06:16.739+0000] {dag.py:3340} INFO - Setting next_dagrun for example_branch_dop_operator_v3 to 2024-05-31T04:05:00+00:00, run_after=2024-05-31T04:06:00+00:00
[2024-05-31T04:06:16.762+0000] {processor.py:176} INFO - Processing /home/airflow/.local/lib/python3.7/site-packages/airflow/example_dags/example_branch_python_dop_operator_3.py took 0.117 seconds
[2024-05-31T04:06:47.183+0000] {processor.py:154} INFO - Started process (PID=271) to work on /home/airflow/.local/lib/python3.7/site-packages/airflow/example_dags/example_branch_python_dop_operator_3.py
[2024-05-31T04:06:47.186+0000] {processor.py:756} INFO - Processing file /home/airflow/.local/lib/python3.7/site-packages/airflow/example_dags/example_branch_python_dop_operator_3.py for tasks to queue
[2024-05-31T04:06:47.187+0000] {logging_mixin.py:120} INFO - [2024-05-31T04:06:47.186+0000] {dagbag.py:537} INFO - Filling up the DagBag from /home/airflow/.local/lib/python3.7/site-packages/airflow/example_dags/example_branch_python_dop_operator_3.py
[2024-05-31T04:06:47.210+0000] {processor.py:766} INFO - DAG(s) dict_keys(['example_branch_dop_operator_v3']) retrieved from /home/airflow/.local/lib/python3.7/site-packages/airflow/example_dags/example_branch_python_dop_operator_3.py
[2024-05-31T04:06:47.248+0000] {logging_mixin.py:120} INFO - [2024-05-31T04:06:47.248+0000] {dag.py:2585} INFO - Sync 1 DAGs
[2024-05-31T04:06:47.280+0000] {logging_mixin.py:120} INFO - [2024-05-31T04:06:47.280+0000] {dag.py:3340} INFO - Setting next_dagrun for example_branch_dop_operator_v3 to 2024-05-31T04:05:00+00:00, run_after=2024-05-31T04:06:00+00:00
[2024-05-31T04:06:47.300+0000] {processor.py:176} INFO - Processing /home/airflow/.local/lib/python3.7/site-packages/airflow/example_dags/example_branch_python_dop_operator_3.py took 0.119 seconds
[2024-05-31T04:07:17.844+0000] {processor.py:154} INFO - Started process (PID=325) to work on /home/airflow/.local/lib/python3.7/site-packages/airflow/example_dags/example_branch_python_dop_operator_3.py
[2024-05-31T04:07:17.845+0000] {processor.py:756} INFO - Processing file /home/airflow/.local/lib/python3.7/site-packages/airflow/example_dags/example_branch_python_dop_operator_3.py for tasks to queue
[2024-05-31T04:07:17.846+0000] {logging_mixin.py:120} INFO - [2024-05-31T04:07:17.846+0000] {dagbag.py:537} INFO - Filling up the DagBag from /home/airflow/.local/lib/python3.7/site-packages/airflow/example_dags/example_branch_python_dop_operator_3.py
[2024-05-31T04:07:17.887+0000] {processor.py:766} INFO - DAG(s) dict_keys(['example_branch_dop_operator_v3']) retrieved from /home/airflow/.local/lib/python3.7/site-packages/airflow/example_dags/example_branch_python_dop_operator_3.py
[2024-05-31T04:07:17.946+0000] {logging_mixin.py:120} INFO - [2024-05-31T04:07:17.946+0000] {dag.py:2585} INFO - Sync 1 DAGs
[2024-05-31T04:07:17.980+0000] {logging_mixin.py:120} INFO - [2024-05-31T04:07:17.980+0000] {dag.py:3340} INFO - Setting next_dagrun for example_branch_dop_operator_v3 to 2024-05-31T04:06:00+00:00, run_after=2024-05-31T04:07:00+00:00
[2024-05-31T04:07:18.004+0000] {processor.py:176} INFO - Processing /home/airflow/.local/lib/python3.7/site-packages/airflow/example_dags/example_branch_python_dop_operator_3.py took 0.164 seconds
[2024-05-31T04:07:48.484+0000] {processor.py:154} INFO - Started process (PID=388) to work on /home/airflow/.local/lib/python3.7/site-packages/airflow/example_dags/example_branch_python_dop_operator_3.py
[2024-05-31T04:07:48.485+0000] {processor.py:756} INFO - Processing file /home/airflow/.local/lib/python3.7/site-packages/airflow/example_dags/example_branch_python_dop_operator_3.py for tasks to queue
[2024-05-31T04:07:48.486+0000] {logging_mixin.py:120} INFO - [2024-05-31T04:07:48.486+0000] {dagbag.py:537} INFO - Filling up the DagBag from /home/airflow/.local/lib/python3.7/site-packages/airflow/example_dags/example_branch_python_dop_operator_3.py
[2024-05-31T04:07:48.508+0000] {processor.py:766} INFO - DAG(s) dict_keys(['example_branch_dop_operator_v3']) retrieved from /home/airflow/.local/lib/python3.7/site-packages/airflow/example_dags/example_branch_python_dop_operator_3.py
[2024-05-31T04:07:48.546+0000] {logging_mixin.py:120} INFO - [2024-05-31T04:07:48.545+0000] {dag.py:2585} INFO - Sync 1 DAGs
[2024-05-31T04:07:48.578+0000] {logging_mixin.py:120} INFO - [2024-05-31T04:07:48.578+0000] {dag.py:3340} INFO - Setting next_dagrun for example_branch_dop_operator_v3 to 2024-05-31T04:06:00+00:00, run_after=2024-05-31T04:07:00+00:00
[2024-05-31T04:07:48.601+0000] {processor.py:176} INFO - Processing /home/airflow/.local/lib/python3.7/site-packages/airflow/example_dags/example_branch_python_dop_operator_3.py took 0.119 seconds
[2024-05-31T04:08:18.997+0000] {processor.py:154} INFO - Started process (PID=451) to work on /home/airflow/.local/lib/python3.7/site-packages/airflow/example_dags/example_branch_python_dop_operator_3.py
[2024-05-31T04:08:18.998+0000] {processor.py:756} INFO - Processing file /home/airflow/.local/lib/python3.7/site-packages/airflow/example_dags/example_branch_python_dop_operator_3.py for tasks to queue
[2024-05-31T04:08:18.999+0000] {logging_mixin.py:120} INFO - [2024-05-31T04:08:18.999+0000] {dagbag.py:537} INFO - Filling up the DagBag from /home/airflow/.local/lib/python3.7/site-packages/airflow/example_dags/example_branch_python_dop_operator_3.py
[2024-05-31T04:08:19.021+0000] {processor.py:766} INFO - DAG(s) dict_keys(['example_branch_dop_operator_v3']) retrieved from /home/airflow/.local/lib/python3.7/site-packages/airflow/example_dags/example_branch_python_dop_operator_3.py
[2024-05-31T04:08:19.063+0000] {logging_mixin.py:120} INFO - [2024-05-31T04:08:19.062+0000] {dag.py:2585} INFO - Sync 1 DAGs
[2024-05-31T04:08:19.091+0000] {logging_mixin.py:120} INFO - [2024-05-31T04:08:19.091+0000] {dag.py:3340} INFO - Setting next_dagrun for example_branch_dop_operator_v3 to 2024-05-31T04:07:00+00:00, run_after=2024-05-31T04:08:00+00:00
[2024-05-31T04:08:19.115+0000] {processor.py:176} INFO - Processing /home/airflow/.local/lib/python3.7/site-packages/airflow/example_dags/example_branch_python_dop_operator_3.py took 0.121 seconds
[2024-05-31T04:08:49.727+0000] {processor.py:154} INFO - Started process (PID=514) to work on /home/airflow/.local/lib/python3.7/site-packages/airflow/example_dags/example_branch_python_dop_operator_3.py
[2024-05-31T04:08:49.728+0000] {processor.py:756} INFO - Processing file /home/airflow/.local/lib/python3.7/site-packages/airflow/example_dags/example_branch_python_dop_operator_3.py for tasks to queue
[2024-05-31T04:08:49.728+0000] {logging_mixin.py:120} INFO - [2024-05-31T04:08:49.728+0000] {dagbag.py:537} INFO - Filling up the DagBag from /home/airflow/.local/lib/python3.7/site-packages/airflow/example_dags/example_branch_python_dop_operator_3.py
[2024-05-31T04:08:49.747+0000] {processor.py:766} INFO - DAG(s) dict_keys(['example_branch_dop_operator_v3']) retrieved from /home/airflow/.local/lib/python3.7/site-packages/airflow/example_dags/example_branch_python_dop_operator_3.py
[2024-05-31T04:08:49.782+0000] {logging_mixin.py:120} INFO - [2024-05-31T04:08:49.782+0000] {dag.py:2585} INFO - Sync 1 DAGs
[2024-05-31T04:08:49.808+0000] {logging_mixin.py:120} INFO - [2024-05-31T04:08:49.808+0000] {dag.py:3340} INFO - Setting next_dagrun for example_branch_dop_operator_v3 to 2024-05-31T04:07:00+00:00, run_after=2024-05-31T04:08:00+00:00
[2024-05-31T04:08:49.826+0000] {processor.py:176} INFO - Processing /home/airflow/.local/lib/python3.7/site-packages/airflow/example_dags/example_branch_python_dop_operator_3.py took 0.101 seconds
[2024-05-31T04:09:20.299+0000] {processor.py:154} INFO - Started process (PID=568) to work on /home/airflow/.local/lib/python3.7/site-packages/airflow/example_dags/example_branch_python_dop_operator_3.py
[2024-05-31T04:09:20.300+0000] {processor.py:756} INFO - Processing file /home/airflow/.local/lib/python3.7/site-packages/airflow/example_dags/example_branch_python_dop_operator_3.py for tasks to queue
[2024-05-31T04:09:20.301+0000] {logging_mixin.py:120} INFO - [2024-05-31T04:09:20.301+0000] {dagbag.py:537} INFO - Filling up the DagBag from /home/airflow/.local/lib/python3.7/site-packages/airflow/example_dags/example_branch_python_dop_operator_3.py
[2024-05-31T04:09:20.326+0000] {processor.py:766} INFO - DAG(s) dict_keys(['example_branch_dop_operator_v3']) retrieved from /home/airflow/.local/lib/python3.7/site-packages/airflow/example_dags/example_branch_python_dop_operator_3.py
[2024-05-31T04:09:20.362+0000] {logging_mixin.py:120} INFO - [2024-05-31T04:09:20.362+0000] {dag.py:2585} INFO - Sync 1 DAGs
[2024-05-31T04:09:20.395+0000] {logging_mixin.py:120} INFO - [2024-05-31T04:09:20.395+0000] {dag.py:3340} INFO - Setting next_dagrun for example_branch_dop_operator_v3 to 2024-05-31T04:08:00+00:00, run_after=2024-05-31T04:09:00+00:00
[2024-05-31T04:09:20.417+0000] {processor.py:176} INFO - Processing /home/airflow/.local/lib/python3.7/site-packages/airflow/example_dags/example_branch_python_dop_operator_3.py took 0.120 seconds
[2024-05-31T04:24:40.106+0000] {processor.py:154} INFO - Started process (PID=2418) to work on /home/airflow/.local/lib/python3.7/site-packages/airflow/example_dags/example_branch_python_dop_operator_3.py
[2024-05-31T04:24:40.107+0000] {processor.py:756} INFO - Processing file /home/airflow/.local/lib/python3.7/site-packages/airflow/example_dags/example_branch_python_dop_operator_3.py for tasks to queue
[2024-05-31T04:24:40.107+0000] {logging_mixin.py:120} INFO - [2024-05-31T04:24:40.107+0000] {dagbag.py:537} INFO - Filling up the DagBag from /home/airflow/.local/lib/python3.7/site-packages/airflow/example_dags/example_branch_python_dop_operator_3.py
[2024-05-31T04:24:40.131+0000] {processor.py:766} INFO - DAG(s) dict_keys(['example_branch_dop_operator_v3']) retrieved from /home/airflow/.local/lib/python3.7/site-packages/airflow/example_dags/example_branch_python_dop_operator_3.py
[2024-05-31T04:24:40.172+0000] {logging_mixin.py:120} INFO - [2024-05-31T04:24:40.172+0000] {dag.py:2585} INFO - Sync 1 DAGs
[2024-05-31T04:24:40.204+0000] {logging_mixin.py:120} INFO - [2024-05-31T04:24:40.203+0000] {dag.py:3340} INFO - Setting next_dagrun for example_branch_dop_operator_v3 to 2024-05-31T04:23:00+00:00, run_after=2024-05-31T04:24:00+00:00
[2024-05-31T04:24:40.224+0000] {processor.py:176} INFO - Processing /home/airflow/.local/lib/python3.7/site-packages/airflow/example_dags/example_branch_python_dop_operator_3.py took 0.121 seconds
[2024-05-31T04:25:10.688+0000] {processor.py:154} INFO - Started process (PID=2482) to work on /home/airflow/.local/lib/python3.7/site-packages/airflow/example_dags/example_branch_python_dop_operator_3.py
[2024-05-31T04:25:10.689+0000] {processor.py:756} INFO - Processing file /home/airflow/.local/lib/python3.7/site-packages/airflow/example_dags/example_branch_python_dop_operator_3.py for tasks to queue
[2024-05-31T04:25:10.690+0000] {logging_mixin.py:120} INFO - [2024-05-31T04:25:10.690+0000] {dagbag.py:537} INFO - Filling up the DagBag from /home/airflow/.local/lib/python3.7/site-packages/airflow/example_dags/example_branch_python_dop_operator_3.py
[2024-05-31T04:25:10.711+0000] {processor.py:766} INFO - DAG(s) dict_keys(['example_branch_dop_operator_v3']) retrieved from /home/airflow/.local/lib/python3.7/site-packages/airflow/example_dags/example_branch_python_dop_operator_3.py
[2024-05-31T04:25:10.745+0000] {logging_mixin.py:120} INFO - [2024-05-31T04:25:10.745+0000] {dag.py:2585} INFO - Sync 1 DAGs
[2024-05-31T04:25:10.771+0000] {logging_mixin.py:120} INFO - [2024-05-31T04:25:10.771+0000] {dag.py:3340} INFO - Setting next_dagrun for example_branch_dop_operator_v3 to 2024-05-31T04:24:00+00:00, run_after=2024-05-31T04:25:00+00:00
[2024-05-31T04:25:10.791+0000] {processor.py:176} INFO - Processing /home/airflow/.local/lib/python3.7/site-packages/airflow/example_dags/example_branch_python_dop_operator_3.py took 0.106 seconds
