[2024-05-31T04:05:11.877+0000] {processor.py:154} INFO - Started process (PID=71) to work on /home/airflow/.local/lib/python3.7/site-packages/airflow/example_dags/example_local_kubernetes_executor.py
[2024-05-31T04:05:11.878+0000] {processor.py:756} INFO - Processing file /home/airflow/.local/lib/python3.7/site-packages/airflow/example_dags/example_local_kubernetes_executor.py for tasks to queue
[2024-05-31T04:05:11.879+0000] {logging_mixin.py:120} INFO - [2024-05-31T04:05:11.879+0000] {dagbag.py:537} INFO - Filling up the DagBag from /home/airflow/.local/lib/python3.7/site-packages/airflow/example_dags/example_local_kubernetes_executor.py
[2024-05-31T04:05:11.915+0000] {processor.py:766} INFO - DAG(s) dict_keys(['example_local_kubernetes_executor']) retrieved from /home/airflow/.local/lib/python3.7/site-packages/airflow/example_dags/example_local_kubernetes_executor.py
[2024-05-31T04:05:12.142+0000] {logging_mixin.py:120} INFO - [2024-05-31T04:05:12.142+0000] {manager.py:507} INFO - Created Permission View: can read on DAG:example_local_kubernetes_executor
[2024-05-31T04:05:12.159+0000] {logging_mixin.py:120} INFO - [2024-05-31T04:05:12.159+0000] {manager.py:507} INFO - Created Permission View: can edit on DAG:example_local_kubernetes_executor
[2024-05-31T04:05:12.173+0000] {logging_mixin.py:120} INFO - [2024-05-31T04:05:12.172+0000] {manager.py:507} INFO - Created Permission View: can delete on DAG:example_local_kubernetes_executor
[2024-05-31T04:05:12.173+0000] {logging_mixin.py:120} INFO - [2024-05-31T04:05:12.173+0000] {dag.py:2585} INFO - Sync 1 DAGs
[2024-05-31T04:05:12.196+0000] {logging_mixin.py:120} INFO - [2024-05-31T04:05:12.196+0000] {dag.py:2606} INFO - Creating ORM DAG for example_local_kubernetes_executor
[2024-05-31T04:05:12.215+0000] {logging_mixin.py:120} INFO - [2024-05-31T04:05:12.214+0000] {dag.py:3340} INFO - Setting next_dagrun for example_local_kubernetes_executor to None, run_after=None
[2024-05-31T04:05:12.249+0000] {processor.py:176} INFO - Processing /home/airflow/.local/lib/python3.7/site-packages/airflow/example_dags/example_local_kubernetes_executor.py took 0.376 seconds
[2024-05-31T04:05:42.288+0000] {processor.py:154} INFO - Started process (PID=134) to work on /home/airflow/.local/lib/python3.7/site-packages/airflow/example_dags/example_local_kubernetes_executor.py
[2024-05-31T04:05:42.289+0000] {processor.py:756} INFO - Processing file /home/airflow/.local/lib/python3.7/site-packages/airflow/example_dags/example_local_kubernetes_executor.py for tasks to queue
[2024-05-31T04:05:42.289+0000] {logging_mixin.py:120} INFO - [2024-05-31T04:05:42.289+0000] {dagbag.py:537} INFO - Filling up the DagBag from /home/airflow/.local/lib/python3.7/site-packages/airflow/example_dags/example_local_kubernetes_executor.py
[2024-05-31T04:05:42.309+0000] {processor.py:766} INFO - DAG(s) dict_keys(['example_local_kubernetes_executor']) retrieved from /home/airflow/.local/lib/python3.7/site-packages/airflow/example_dags/example_local_kubernetes_executor.py
[2024-05-31T04:05:42.341+0000] {logging_mixin.py:120} INFO - [2024-05-31T04:05:42.341+0000] {dag.py:2585} INFO - Sync 1 DAGs
[2024-05-31T04:05:42.363+0000] {logging_mixin.py:120} INFO - [2024-05-31T04:05:42.363+0000] {dag.py:3340} INFO - Setting next_dagrun for example_local_kubernetes_executor to None, run_after=None
[2024-05-31T04:05:42.378+0000] {processor.py:176} INFO - Processing /home/airflow/.local/lib/python3.7/site-packages/airflow/example_dags/example_local_kubernetes_executor.py took 0.092 seconds
[2024-05-31T04:06:12.710+0000] {processor.py:154} INFO - Started process (PID=198) to work on /home/airflow/.local/lib/python3.7/site-packages/airflow/example_dags/example_local_kubernetes_executor.py
[2024-05-31T04:06:12.711+0000] {processor.py:756} INFO - Processing file /home/airflow/.local/lib/python3.7/site-packages/airflow/example_dags/example_local_kubernetes_executor.py for tasks to queue
[2024-05-31T04:06:12.712+0000] {logging_mixin.py:120} INFO - [2024-05-31T04:06:12.712+0000] {dagbag.py:537} INFO - Filling up the DagBag from /home/airflow/.local/lib/python3.7/site-packages/airflow/example_dags/example_local_kubernetes_executor.py
[2024-05-31T04:06:12.729+0000] {processor.py:766} INFO - DAG(s) dict_keys(['example_local_kubernetes_executor']) retrieved from /home/airflow/.local/lib/python3.7/site-packages/airflow/example_dags/example_local_kubernetes_executor.py
[2024-05-31T04:06:12.761+0000] {logging_mixin.py:120} INFO - [2024-05-31T04:06:12.761+0000] {dag.py:2585} INFO - Sync 1 DAGs
[2024-05-31T04:06:12.784+0000] {logging_mixin.py:120} INFO - [2024-05-31T04:06:12.784+0000] {dag.py:3340} INFO - Setting next_dagrun for example_local_kubernetes_executor to None, run_after=None
[2024-05-31T04:06:12.802+0000] {processor.py:176} INFO - Processing /home/airflow/.local/lib/python3.7/site-packages/airflow/example_dags/example_local_kubernetes_executor.py took 0.094 seconds
[2024-05-31T04:06:43.267+0000] {processor.py:154} INFO - Started process (PID=252) to work on /home/airflow/.local/lib/python3.7/site-packages/airflow/example_dags/example_local_kubernetes_executor.py
[2024-05-31T04:06:43.267+0000] {processor.py:756} INFO - Processing file /home/airflow/.local/lib/python3.7/site-packages/airflow/example_dags/example_local_kubernetes_executor.py for tasks to queue
[2024-05-31T04:06:43.268+0000] {logging_mixin.py:120} INFO - [2024-05-31T04:06:43.268+0000] {dagbag.py:537} INFO - Filling up the DagBag from /home/airflow/.local/lib/python3.7/site-packages/airflow/example_dags/example_local_kubernetes_executor.py
[2024-05-31T04:06:43.286+0000] {processor.py:766} INFO - DAG(s) dict_keys(['example_local_kubernetes_executor']) retrieved from /home/airflow/.local/lib/python3.7/site-packages/airflow/example_dags/example_local_kubernetes_executor.py
[2024-05-31T04:06:43.323+0000] {logging_mixin.py:120} INFO - [2024-05-31T04:06:43.322+0000] {dag.py:2585} INFO - Sync 1 DAGs
[2024-05-31T04:06:43.347+0000] {logging_mixin.py:120} INFO - [2024-05-31T04:06:43.347+0000] {dag.py:3340} INFO - Setting next_dagrun for example_local_kubernetes_executor to None, run_after=None
[2024-05-31T04:06:43.369+0000] {processor.py:176} INFO - Processing /home/airflow/.local/lib/python3.7/site-packages/airflow/example_dags/example_local_kubernetes_executor.py took 0.104 seconds
[2024-05-31T04:07:13.808+0000] {processor.py:154} INFO - Started process (PID=315) to work on /home/airflow/.local/lib/python3.7/site-packages/airflow/example_dags/example_local_kubernetes_executor.py
[2024-05-31T04:07:13.809+0000] {processor.py:756} INFO - Processing file /home/airflow/.local/lib/python3.7/site-packages/airflow/example_dags/example_local_kubernetes_executor.py for tasks to queue
[2024-05-31T04:07:13.809+0000] {logging_mixin.py:120} INFO - [2024-05-31T04:07:13.809+0000] {dagbag.py:537} INFO - Filling up the DagBag from /home/airflow/.local/lib/python3.7/site-packages/airflow/example_dags/example_local_kubernetes_executor.py
[2024-05-31T04:07:13.827+0000] {processor.py:766} INFO - DAG(s) dict_keys(['example_local_kubernetes_executor']) retrieved from /home/airflow/.local/lib/python3.7/site-packages/airflow/example_dags/example_local_kubernetes_executor.py
[2024-05-31T04:07:13.862+0000] {logging_mixin.py:120} INFO - [2024-05-31T04:07:13.862+0000] {dag.py:2585} INFO - Sync 1 DAGs
[2024-05-31T04:07:13.883+0000] {logging_mixin.py:120} INFO - [2024-05-31T04:07:13.883+0000] {dag.py:3340} INFO - Setting next_dagrun for example_local_kubernetes_executor to None, run_after=None
[2024-05-31T04:07:13.903+0000] {processor.py:176} INFO - Processing /home/airflow/.local/lib/python3.7/site-packages/airflow/example_dags/example_local_kubernetes_executor.py took 0.098 seconds
[2024-05-31T04:07:44.723+0000] {processor.py:154} INFO - Started process (PID=378) to work on /home/airflow/.local/lib/python3.7/site-packages/airflow/example_dags/example_local_kubernetes_executor.py
[2024-05-31T04:07:44.724+0000] {processor.py:756} INFO - Processing file /home/airflow/.local/lib/python3.7/site-packages/airflow/example_dags/example_local_kubernetes_executor.py for tasks to queue
[2024-05-31T04:07:44.725+0000] {logging_mixin.py:120} INFO - [2024-05-31T04:07:44.725+0000] {dagbag.py:537} INFO - Filling up the DagBag from /home/airflow/.local/lib/python3.7/site-packages/airflow/example_dags/example_local_kubernetes_executor.py
[2024-05-31T04:07:44.747+0000] {processor.py:766} INFO - DAG(s) dict_keys(['example_local_kubernetes_executor']) retrieved from /home/airflow/.local/lib/python3.7/site-packages/airflow/example_dags/example_local_kubernetes_executor.py
[2024-05-31T04:07:44.787+0000] {logging_mixin.py:120} INFO - [2024-05-31T04:07:44.787+0000] {dag.py:2585} INFO - Sync 1 DAGs
[2024-05-31T04:07:44.811+0000] {logging_mixin.py:120} INFO - [2024-05-31T04:07:44.811+0000] {dag.py:3340} INFO - Setting next_dagrun for example_local_kubernetes_executor to None, run_after=None
[2024-05-31T04:07:44.831+0000] {processor.py:176} INFO - Processing /home/airflow/.local/lib/python3.7/site-packages/airflow/example_dags/example_local_kubernetes_executor.py took 0.110 seconds
[2024-05-31T04:08:15.119+0000] {processor.py:154} INFO - Started process (PID=441) to work on /home/airflow/.local/lib/python3.7/site-packages/airflow/example_dags/example_local_kubernetes_executor.py
[2024-05-31T04:08:15.120+0000] {processor.py:756} INFO - Processing file /home/airflow/.local/lib/python3.7/site-packages/airflow/example_dags/example_local_kubernetes_executor.py for tasks to queue
[2024-05-31T04:08:15.121+0000] {logging_mixin.py:120} INFO - [2024-05-31T04:08:15.121+0000] {dagbag.py:537} INFO - Filling up the DagBag from /home/airflow/.local/lib/python3.7/site-packages/airflow/example_dags/example_local_kubernetes_executor.py
[2024-05-31T04:08:15.143+0000] {processor.py:766} INFO - DAG(s) dict_keys(['example_local_kubernetes_executor']) retrieved from /home/airflow/.local/lib/python3.7/site-packages/airflow/example_dags/example_local_kubernetes_executor.py
[2024-05-31T04:08:15.178+0000] {logging_mixin.py:120} INFO - [2024-05-31T04:08:15.177+0000] {dag.py:2585} INFO - Sync 1 DAGs
[2024-05-31T04:08:15.199+0000] {logging_mixin.py:120} INFO - [2024-05-31T04:08:15.199+0000] {dag.py:3340} INFO - Setting next_dagrun for example_local_kubernetes_executor to None, run_after=None
[2024-05-31T04:08:15.216+0000] {processor.py:176} INFO - Processing /home/airflow/.local/lib/python3.7/site-packages/airflow/example_dags/example_local_kubernetes_executor.py took 0.100 seconds
[2024-05-31T04:08:45.702+0000] {processor.py:154} INFO - Started process (PID=495) to work on /home/airflow/.local/lib/python3.7/site-packages/airflow/example_dags/example_local_kubernetes_executor.py
[2024-05-31T04:08:45.703+0000] {processor.py:756} INFO - Processing file /home/airflow/.local/lib/python3.7/site-packages/airflow/example_dags/example_local_kubernetes_executor.py for tasks to queue
[2024-05-31T04:08:45.704+0000] {logging_mixin.py:120} INFO - [2024-05-31T04:08:45.704+0000] {dagbag.py:537} INFO - Filling up the DagBag from /home/airflow/.local/lib/python3.7/site-packages/airflow/example_dags/example_local_kubernetes_executor.py
[2024-05-31T04:08:45.732+0000] {processor.py:766} INFO - DAG(s) dict_keys(['example_local_kubernetes_executor']) retrieved from /home/airflow/.local/lib/python3.7/site-packages/airflow/example_dags/example_local_kubernetes_executor.py
[2024-05-31T04:08:45.777+0000] {logging_mixin.py:120} INFO - [2024-05-31T04:08:45.777+0000] {dag.py:2585} INFO - Sync 1 DAGs
[2024-05-31T04:08:45.805+0000] {logging_mixin.py:120} INFO - [2024-05-31T04:08:45.805+0000] {dag.py:3340} INFO - Setting next_dagrun for example_local_kubernetes_executor to None, run_after=None
[2024-05-31T04:08:45.825+0000] {processor.py:176} INFO - Processing /home/airflow/.local/lib/python3.7/site-packages/airflow/example_dags/example_local_kubernetes_executor.py took 0.126 seconds
[2024-05-31T04:09:16.451+0000] {processor.py:154} INFO - Started process (PID=558) to work on /home/airflow/.local/lib/python3.7/site-packages/airflow/example_dags/example_local_kubernetes_executor.py
[2024-05-31T04:09:16.452+0000] {processor.py:756} INFO - Processing file /home/airflow/.local/lib/python3.7/site-packages/airflow/example_dags/example_local_kubernetes_executor.py for tasks to queue
[2024-05-31T04:09:16.453+0000] {logging_mixin.py:120} INFO - [2024-05-31T04:09:16.453+0000] {dagbag.py:537} INFO - Filling up the DagBag from /home/airflow/.local/lib/python3.7/site-packages/airflow/example_dags/example_local_kubernetes_executor.py
[2024-05-31T04:09:16.471+0000] {processor.py:766} INFO - DAG(s) dict_keys(['example_local_kubernetes_executor']) retrieved from /home/airflow/.local/lib/python3.7/site-packages/airflow/example_dags/example_local_kubernetes_executor.py
[2024-05-31T04:09:16.510+0000] {logging_mixin.py:120} INFO - [2024-05-31T04:09:16.510+0000] {dag.py:2585} INFO - Sync 1 DAGs
[2024-05-31T04:09:16.534+0000] {logging_mixin.py:120} INFO - [2024-05-31T04:09:16.534+0000] {dag.py:3340} INFO - Setting next_dagrun for example_local_kubernetes_executor to None, run_after=None
[2024-05-31T04:09:16.553+0000] {processor.py:176} INFO - Processing /home/airflow/.local/lib/python3.7/site-packages/airflow/example_dags/example_local_kubernetes_executor.py took 0.104 seconds
