[2024-05-31T04:05:07.915+0000] {processor.py:154} INFO - Started process (PID=57) to work on /home/airflow/.local/lib/python3.7/site-packages/airflow/example_dags/example_latest_only.py
[2024-05-31T04:05:07.916+0000] {processor.py:756} INFO - Processing file /home/airflow/.local/lib/python3.7/site-packages/airflow/example_dags/example_latest_only.py for tasks to queue
[2024-05-31T04:05:07.917+0000] {logging_mixin.py:120} INFO - [2024-05-31T04:05:07.917+0000] {dagbag.py:537} INFO - Filling up the DagBag from /home/airflow/.local/lib/python3.7/site-packages/airflow/example_dags/example_latest_only.py
[2024-05-31T04:05:07.935+0000] {processor.py:766} INFO - DAG(s) dict_keys(['latest_only']) retrieved from /home/airflow/.local/lib/python3.7/site-packages/airflow/example_dags/example_latest_only.py
[2024-05-31T04:05:08.220+0000] {logging_mixin.py:120} INFO - [2024-05-31T04:05:08.219+0000] {manager.py:507} INFO - Created Permission View: can read on DAG:latest_only
[2024-05-31T04:05:08.243+0000] {logging_mixin.py:120} INFO - [2024-05-31T04:05:08.243+0000] {manager.py:507} INFO - Created Permission View: can edit on DAG:latest_only
[2024-05-31T04:05:08.258+0000] {logging_mixin.py:120} INFO - [2024-05-31T04:05:08.257+0000] {manager.py:507} INFO - Created Permission View: can delete on DAG:latest_only
[2024-05-31T04:05:08.263+0000] {logging_mixin.py:120} INFO - [2024-05-31T04:05:08.262+0000] {dag.py:2585} INFO - Sync 1 DAGs
[2024-05-31T04:05:08.296+0000] {logging_mixin.py:120} INFO - [2024-05-31T04:05:08.296+0000] {dag.py:2606} INFO - Creating ORM DAG for latest_only
[2024-05-31T04:05:08.318+0000] {logging_mixin.py:120} INFO - [2024-05-31T04:05:08.318+0000] {dag.py:3340} INFO - Setting next_dagrun for latest_only to 2024-05-31T00:05:08.318233+00:00, run_after=2024-05-31T04:05:08.318233+00:00
[2024-05-31T04:05:08.366+0000] {processor.py:176} INFO - Processing /home/airflow/.local/lib/python3.7/site-packages/airflow/example_dags/example_latest_only.py took 0.455 seconds
[2024-05-31T04:05:38.456+0000] {processor.py:154} INFO - Started process (PID=120) to work on /home/airflow/.local/lib/python3.7/site-packages/airflow/example_dags/example_latest_only.py
[2024-05-31T04:05:38.457+0000] {processor.py:756} INFO - Processing file /home/airflow/.local/lib/python3.7/site-packages/airflow/example_dags/example_latest_only.py for tasks to queue
[2024-05-31T04:05:38.458+0000] {logging_mixin.py:120} INFO - [2024-05-31T04:05:38.457+0000] {dagbag.py:537} INFO - Filling up the DagBag from /home/airflow/.local/lib/python3.7/site-packages/airflow/example_dags/example_latest_only.py
[2024-05-31T04:05:38.473+0000] {processor.py:766} INFO - DAG(s) dict_keys(['latest_only']) retrieved from /home/airflow/.local/lib/python3.7/site-packages/airflow/example_dags/example_latest_only.py
[2024-05-31T04:05:38.508+0000] {logging_mixin.py:120} INFO - [2024-05-31T04:05:38.508+0000] {dag.py:2585} INFO - Sync 1 DAGs
[2024-05-31T04:05:38.532+0000] {logging_mixin.py:120} INFO - [2024-05-31T04:05:38.532+0000] {dag.py:3340} INFO - Setting next_dagrun for latest_only to 2024-05-31T00:05:38.531822+00:00, run_after=2024-05-31T04:05:38.531822+00:00
[2024-05-31T04:05:38.549+0000] {processor.py:176} INFO - Processing /home/airflow/.local/lib/python3.7/site-packages/airflow/example_dags/example_latest_only.py took 0.097 seconds
[2024-05-31T04:06:08.830+0000] {processor.py:154} INFO - Started process (PID=175) to work on /home/airflow/.local/lib/python3.7/site-packages/airflow/example_dags/example_latest_only.py
[2024-05-31T04:06:08.831+0000] {processor.py:756} INFO - Processing file /home/airflow/.local/lib/python3.7/site-packages/airflow/example_dags/example_latest_only.py for tasks to queue
[2024-05-31T04:06:08.832+0000] {logging_mixin.py:120} INFO - [2024-05-31T04:06:08.832+0000] {dagbag.py:537} INFO - Filling up the DagBag from /home/airflow/.local/lib/python3.7/site-packages/airflow/example_dags/example_latest_only.py
[2024-05-31T04:06:08.842+0000] {processor.py:766} INFO - DAG(s) dict_keys(['latest_only']) retrieved from /home/airflow/.local/lib/python3.7/site-packages/airflow/example_dags/example_latest_only.py
[2024-05-31T04:06:08.875+0000] {logging_mixin.py:120} INFO - [2024-05-31T04:06:08.875+0000] {dag.py:2585} INFO - Sync 1 DAGs
[2024-05-31T04:06:08.902+0000] {logging_mixin.py:120} INFO - [2024-05-31T04:06:08.902+0000] {dag.py:3340} INFO - Setting next_dagrun for latest_only to 2024-05-31T00:06:08.901898+00:00, run_after=2024-05-31T04:06:08.901898+00:00
[2024-05-31T04:06:08.924+0000] {processor.py:176} INFO - Processing /home/airflow/.local/lib/python3.7/site-packages/airflow/example_dags/example_latest_only.py took 0.096 seconds
[2024-05-31T04:06:39.380+0000] {processor.py:154} INFO - Started process (PID=238) to work on /home/airflow/.local/lib/python3.7/site-packages/airflow/example_dags/example_latest_only.py
[2024-05-31T04:06:39.382+0000] {processor.py:756} INFO - Processing file /home/airflow/.local/lib/python3.7/site-packages/airflow/example_dags/example_latest_only.py for tasks to queue
[2024-05-31T04:06:39.382+0000] {logging_mixin.py:120} INFO - [2024-05-31T04:06:39.382+0000] {dagbag.py:537} INFO - Filling up the DagBag from /home/airflow/.local/lib/python3.7/site-packages/airflow/example_dags/example_latest_only.py
[2024-05-31T04:06:39.393+0000] {processor.py:766} INFO - DAG(s) dict_keys(['latest_only']) retrieved from /home/airflow/.local/lib/python3.7/site-packages/airflow/example_dags/example_latest_only.py
[2024-05-31T04:06:39.426+0000] {logging_mixin.py:120} INFO - [2024-05-31T04:06:39.426+0000] {dag.py:2585} INFO - Sync 1 DAGs
[2024-05-31T04:06:39.447+0000] {logging_mixin.py:120} INFO - [2024-05-31T04:06:39.447+0000] {dag.py:3340} INFO - Setting next_dagrun for latest_only to 2024-05-31T00:06:39.446886+00:00, run_after=2024-05-31T04:06:39.446886+00:00
[2024-05-31T04:06:39.462+0000] {processor.py:176} INFO - Processing /home/airflow/.local/lib/python3.7/site-packages/airflow/example_dags/example_latest_only.py took 0.084 seconds
[2024-05-31T04:07:09.953+0000] {processor.py:154} INFO - Started process (PID=301) to work on /home/airflow/.local/lib/python3.7/site-packages/airflow/example_dags/example_latest_only.py
[2024-05-31T04:07:09.954+0000] {processor.py:756} INFO - Processing file /home/airflow/.local/lib/python3.7/site-packages/airflow/example_dags/example_latest_only.py for tasks to queue
[2024-05-31T04:07:09.955+0000] {logging_mixin.py:120} INFO - [2024-05-31T04:07:09.955+0000] {dagbag.py:537} INFO - Filling up the DagBag from /home/airflow/.local/lib/python3.7/site-packages/airflow/example_dags/example_latest_only.py
[2024-05-31T04:07:09.966+0000] {processor.py:766} INFO - DAG(s) dict_keys(['latest_only']) retrieved from /home/airflow/.local/lib/python3.7/site-packages/airflow/example_dags/example_latest_only.py
[2024-05-31T04:07:10.005+0000] {logging_mixin.py:120} INFO - [2024-05-31T04:07:10.004+0000] {dag.py:2585} INFO - Sync 1 DAGs
[2024-05-31T04:07:10.036+0000] {logging_mixin.py:120} INFO - [2024-05-31T04:07:10.035+0000] {dag.py:3340} INFO - Setting next_dagrun for latest_only to 2024-05-31T00:07:10.035584+00:00, run_after=2024-05-31T04:07:10.035584+00:00
[2024-05-31T04:07:10.055+0000] {processor.py:176} INFO - Processing /home/airflow/.local/lib/python3.7/site-packages/airflow/example_dags/example_latest_only.py took 0.104 seconds
[2024-05-31T04:07:40.669+0000] {processor.py:154} INFO - Started process (PID=362) to work on /home/airflow/.local/lib/python3.7/site-packages/airflow/example_dags/example_latest_only.py
[2024-05-31T04:07:40.670+0000] {processor.py:756} INFO - Processing file /home/airflow/.local/lib/python3.7/site-packages/airflow/example_dags/example_latest_only.py for tasks to queue
[2024-05-31T04:07:40.671+0000] {logging_mixin.py:120} INFO - [2024-05-31T04:07:40.671+0000] {dagbag.py:537} INFO - Filling up the DagBag from /home/airflow/.local/lib/python3.7/site-packages/airflow/example_dags/example_latest_only.py
[2024-05-31T04:07:40.683+0000] {processor.py:766} INFO - DAG(s) dict_keys(['latest_only']) retrieved from /home/airflow/.local/lib/python3.7/site-packages/airflow/example_dags/example_latest_only.py
[2024-05-31T04:07:40.722+0000] {logging_mixin.py:120} INFO - [2024-05-31T04:07:40.722+0000] {dag.py:2585} INFO - Sync 1 DAGs
[2024-05-31T04:07:40.751+0000] {logging_mixin.py:120} INFO - [2024-05-31T04:07:40.751+0000] {dag.py:3340} INFO - Setting next_dagrun for latest_only to 2024-05-31T00:07:40.751252+00:00, run_after=2024-05-31T04:07:40.751252+00:00
[2024-05-31T04:07:40.776+0000] {processor.py:176} INFO - Processing /home/airflow/.local/lib/python3.7/site-packages/airflow/example_dags/example_latest_only.py took 0.110 seconds
[2024-05-31T04:08:11.197+0000] {processor.py:154} INFO - Started process (PID=418) to work on /home/airflow/.local/lib/python3.7/site-packages/airflow/example_dags/example_latest_only.py
[2024-05-31T04:08:11.198+0000] {processor.py:756} INFO - Processing file /home/airflow/.local/lib/python3.7/site-packages/airflow/example_dags/example_latest_only.py for tasks to queue
[2024-05-31T04:08:11.199+0000] {logging_mixin.py:120} INFO - [2024-05-31T04:08:11.199+0000] {dagbag.py:537} INFO - Filling up the DagBag from /home/airflow/.local/lib/python3.7/site-packages/airflow/example_dags/example_latest_only.py
[2024-05-31T04:08:11.210+0000] {processor.py:766} INFO - DAG(s) dict_keys(['latest_only']) retrieved from /home/airflow/.local/lib/python3.7/site-packages/airflow/example_dags/example_latest_only.py
[2024-05-31T04:08:11.243+0000] {logging_mixin.py:120} INFO - [2024-05-31T04:08:11.243+0000] {dag.py:2585} INFO - Sync 1 DAGs
[2024-05-31T04:08:11.268+0000] {logging_mixin.py:120} INFO - [2024-05-31T04:08:11.268+0000] {dag.py:3340} INFO - Setting next_dagrun for latest_only to 2024-05-31T00:08:11.267993+00:00, run_after=2024-05-31T04:08:11.267993+00:00
[2024-05-31T04:08:11.285+0000] {processor.py:176} INFO - Processing /home/airflow/.local/lib/python3.7/site-packages/airflow/example_dags/example_latest_only.py took 0.090 seconds
[2024-05-31T04:08:41.755+0000] {processor.py:154} INFO - Started process (PID=481) to work on /home/airflow/.local/lib/python3.7/site-packages/airflow/example_dags/example_latest_only.py
[2024-05-31T04:08:41.756+0000] {processor.py:756} INFO - Processing file /home/airflow/.local/lib/python3.7/site-packages/airflow/example_dags/example_latest_only.py for tasks to queue
[2024-05-31T04:08:41.757+0000] {logging_mixin.py:120} INFO - [2024-05-31T04:08:41.756+0000] {dagbag.py:537} INFO - Filling up the DagBag from /home/airflow/.local/lib/python3.7/site-packages/airflow/example_dags/example_latest_only.py
[2024-05-31T04:08:41.769+0000] {processor.py:766} INFO - DAG(s) dict_keys(['latest_only']) retrieved from /home/airflow/.local/lib/python3.7/site-packages/airflow/example_dags/example_latest_only.py
[2024-05-31T04:08:41.806+0000] {logging_mixin.py:120} INFO - [2024-05-31T04:08:41.806+0000] {dag.py:2585} INFO - Sync 1 DAGs
[2024-05-31T04:08:41.833+0000] {logging_mixin.py:120} INFO - [2024-05-31T04:08:41.832+0000] {dag.py:3340} INFO - Setting next_dagrun for latest_only to 2024-05-31T00:08:41.832758+00:00, run_after=2024-05-31T04:08:41.832758+00:00
[2024-05-31T04:08:41.862+0000] {processor.py:176} INFO - Processing /home/airflow/.local/lib/python3.7/site-packages/airflow/example_dags/example_latest_only.py took 0.110 seconds
[2024-05-31T04:09:12.463+0000] {processor.py:154} INFO - Started process (PID=544) to work on /home/airflow/.local/lib/python3.7/site-packages/airflow/example_dags/example_latest_only.py
[2024-05-31T04:09:12.463+0000] {processor.py:756} INFO - Processing file /home/airflow/.local/lib/python3.7/site-packages/airflow/example_dags/example_latest_only.py for tasks to queue
[2024-05-31T04:09:12.464+0000] {logging_mixin.py:120} INFO - [2024-05-31T04:09:12.464+0000] {dagbag.py:537} INFO - Filling up the DagBag from /home/airflow/.local/lib/python3.7/site-packages/airflow/example_dags/example_latest_only.py
[2024-05-31T04:09:12.474+0000] {processor.py:766} INFO - DAG(s) dict_keys(['latest_only']) retrieved from /home/airflow/.local/lib/python3.7/site-packages/airflow/example_dags/example_latest_only.py
[2024-05-31T04:09:12.509+0000] {logging_mixin.py:120} INFO - [2024-05-31T04:09:12.509+0000] {dag.py:2585} INFO - Sync 1 DAGs
[2024-05-31T04:09:12.534+0000] {logging_mixin.py:120} INFO - [2024-05-31T04:09:12.534+0000] {dag.py:3340} INFO - Setting next_dagrun for latest_only to 2024-05-31T00:09:12.534167+00:00, run_after=2024-05-31T04:09:12.534167+00:00
[2024-05-31T04:09:12.551+0000] {processor.py:176} INFO - Processing /home/airflow/.local/lib/python3.7/site-packages/airflow/example_dags/example_latest_only.py took 0.091 seconds
[2024-05-31T04:24:31.546+0000] {processor.py:154} INFO - Started process (PID=2394) to work on /home/airflow/.local/lib/python3.7/site-packages/airflow/example_dags/example_latest_only.py
[2024-05-31T04:24:31.546+0000] {processor.py:756} INFO - Processing file /home/airflow/.local/lib/python3.7/site-packages/airflow/example_dags/example_latest_only.py for tasks to queue
[2024-05-31T04:24:31.547+0000] {logging_mixin.py:120} INFO - [2024-05-31T04:24:31.547+0000] {dagbag.py:537} INFO - Filling up the DagBag from /home/airflow/.local/lib/python3.7/site-packages/airflow/example_dags/example_latest_only.py
[2024-05-31T04:24:31.561+0000] {processor.py:766} INFO - DAG(s) dict_keys(['latest_only']) retrieved from /home/airflow/.local/lib/python3.7/site-packages/airflow/example_dags/example_latest_only.py
[2024-05-31T04:24:31.599+0000] {logging_mixin.py:120} INFO - [2024-05-31T04:24:31.599+0000] {dag.py:2585} INFO - Sync 1 DAGs
[2024-05-31T04:24:31.627+0000] {logging_mixin.py:120} INFO - [2024-05-31T04:24:31.627+0000] {dag.py:3340} INFO - Setting next_dagrun for latest_only to 2024-05-31T00:24:31.627194+00:00, run_after=2024-05-31T04:24:31.627194+00:00
[2024-05-31T04:24:31.647+0000] {processor.py:176} INFO - Processing /home/airflow/.local/lib/python3.7/site-packages/airflow/example_dags/example_latest_only.py took 0.104 seconds
[2024-05-31T04:25:01.916+0000] {processor.py:154} INFO - Started process (PID=2449) to work on /home/airflow/.local/lib/python3.7/site-packages/airflow/example_dags/example_latest_only.py
[2024-05-31T04:25:01.917+0000] {processor.py:756} INFO - Processing file /home/airflow/.local/lib/python3.7/site-packages/airflow/example_dags/example_latest_only.py for tasks to queue
[2024-05-31T04:25:01.918+0000] {logging_mixin.py:120} INFO - [2024-05-31T04:25:01.918+0000] {dagbag.py:537} INFO - Filling up the DagBag from /home/airflow/.local/lib/python3.7/site-packages/airflow/example_dags/example_latest_only.py
[2024-05-31T04:25:01.932+0000] {processor.py:766} INFO - DAG(s) dict_keys(['latest_only']) retrieved from /home/airflow/.local/lib/python3.7/site-packages/airflow/example_dags/example_latest_only.py
[2024-05-31T04:25:01.969+0000] {logging_mixin.py:120} INFO - [2024-05-31T04:25:01.969+0000] {dag.py:2585} INFO - Sync 1 DAGs
[2024-05-31T04:25:01.991+0000] {logging_mixin.py:120} INFO - [2024-05-31T04:25:01.991+0000] {dag.py:3340} INFO - Setting next_dagrun for latest_only to 2024-05-31T00:25:01.991538+00:00, run_after=2024-05-31T04:25:01.991538+00:00
[2024-05-31T04:25:02.009+0000] {processor.py:176} INFO - Processing /home/airflow/.local/lib/python3.7/site-packages/airflow/example_dags/example_latest_only.py took 0.097 seconds
