[2024-05-31T04:05:05.355+0000] {processor.py:154} INFO - Started process (PID=50) to work on /home/airflow/.local/lib/python3.7/site-packages/airflow/example_dags/example_short_circuit_operator.py
[2024-05-31T04:05:05.364+0000] {processor.py:756} INFO - Processing file /home/airflow/.local/lib/python3.7/site-packages/airflow/example_dags/example_short_circuit_operator.py for tasks to queue
[2024-05-31T04:05:05.368+0000] {logging_mixin.py:120} INFO - [2024-05-31T04:05:05.368+0000] {dagbag.py:537} INFO - Filling up the DagBag from /home/airflow/.local/lib/python3.7/site-packages/airflow/example_dags/example_short_circuit_operator.py
[2024-05-31T04:05:05.637+0000] {processor.py:766} INFO - DAG(s) dict_keys(['example_short_circuit_operator']) retrieved from /home/airflow/.local/lib/python3.7/site-packages/airflow/example_dags/example_short_circuit_operator.py
[2024-05-31T04:05:06.248+0000] {logging_mixin.py:120} INFO - [2024-05-31T04:05:06.248+0000] {manager.py:507} INFO - Created Permission View: can read on DAG:example_short_circuit_operator
[2024-05-31T04:05:06.265+0000] {logging_mixin.py:120} INFO - [2024-05-31T04:05:06.264+0000] {manager.py:507} INFO - Created Permission View: can edit on DAG:example_short_circuit_operator
[2024-05-31T04:05:06.286+0000] {logging_mixin.py:120} INFO - [2024-05-31T04:05:06.286+0000] {manager.py:507} INFO - Created Permission View: can delete on DAG:example_short_circuit_operator
[2024-05-31T04:05:06.287+0000] {logging_mixin.py:120} INFO - [2024-05-31T04:05:06.287+0000] {dag.py:2585} INFO - Sync 1 DAGs
[2024-05-31T04:05:06.310+0000] {logging_mixin.py:120} INFO - [2024-05-31T04:05:06.310+0000] {dag.py:2606} INFO - Creating ORM DAG for example_short_circuit_operator
[2024-05-31T04:05:06.328+0000] {logging_mixin.py:120} INFO - [2024-05-31T04:05:06.327+0000] {dag.py:3340} INFO - Setting next_dagrun for example_short_circuit_operator to 2024-05-30T04:05:06.327589+00:00, run_after=2024-05-31T04:05:06.327589+00:00
[2024-05-31T04:05:06.384+0000] {processor.py:176} INFO - Processing /home/airflow/.local/lib/python3.7/site-packages/airflow/example_dags/example_short_circuit_operator.py took 1.086 seconds
[2024-05-31T04:05:36.855+0000] {processor.py:154} INFO - Started process (PID=104) to work on /home/airflow/.local/lib/python3.7/site-packages/airflow/example_dags/example_short_circuit_operator.py
[2024-05-31T04:05:36.856+0000] {processor.py:756} INFO - Processing file /home/airflow/.local/lib/python3.7/site-packages/airflow/example_dags/example_short_circuit_operator.py for tasks to queue
[2024-05-31T04:05:36.857+0000] {logging_mixin.py:120} INFO - [2024-05-31T04:05:36.857+0000] {dagbag.py:537} INFO - Filling up the DagBag from /home/airflow/.local/lib/python3.7/site-packages/airflow/example_dags/example_short_circuit_operator.py
[2024-05-31T04:05:36.873+0000] {processor.py:766} INFO - DAG(s) dict_keys(['example_short_circuit_operator']) retrieved from /home/airflow/.local/lib/python3.7/site-packages/airflow/example_dags/example_short_circuit_operator.py
[2024-05-31T04:05:36.916+0000] {logging_mixin.py:120} INFO - [2024-05-31T04:05:36.916+0000] {dag.py:2585} INFO - Sync 1 DAGs
[2024-05-31T04:05:36.941+0000] {logging_mixin.py:120} INFO - [2024-05-31T04:05:36.941+0000] {dag.py:3340} INFO - Setting next_dagrun for example_short_circuit_operator to 2024-05-30T04:05:36.941477+00:00, run_after=2024-05-31T04:05:36.941477+00:00
[2024-05-31T04:05:36.964+0000] {processor.py:176} INFO - Processing /home/airflow/.local/lib/python3.7/site-packages/airflow/example_dags/example_short_circuit_operator.py took 0.112 seconds
[2024-05-31T04:06:07.452+0000] {processor.py:154} INFO - Started process (PID=168) to work on /home/airflow/.local/lib/python3.7/site-packages/airflow/example_dags/example_short_circuit_operator.py
[2024-05-31T04:06:07.453+0000] {processor.py:756} INFO - Processing file /home/airflow/.local/lib/python3.7/site-packages/airflow/example_dags/example_short_circuit_operator.py for tasks to queue
[2024-05-31T04:06:07.454+0000] {logging_mixin.py:120} INFO - [2024-05-31T04:06:07.454+0000] {dagbag.py:537} INFO - Filling up the DagBag from /home/airflow/.local/lib/python3.7/site-packages/airflow/example_dags/example_short_circuit_operator.py
[2024-05-31T04:06:07.470+0000] {processor.py:766} INFO - DAG(s) dict_keys(['example_short_circuit_operator']) retrieved from /home/airflow/.local/lib/python3.7/site-packages/airflow/example_dags/example_short_circuit_operator.py
[2024-05-31T04:06:07.511+0000] {logging_mixin.py:120} INFO - [2024-05-31T04:06:07.511+0000] {dag.py:2585} INFO - Sync 1 DAGs
[2024-05-31T04:06:07.535+0000] {logging_mixin.py:120} INFO - [2024-05-31T04:06:07.535+0000] {dag.py:3340} INFO - Setting next_dagrun for example_short_circuit_operator to 2024-05-30T04:06:07.534972+00:00, run_after=2024-05-31T04:06:07.534972+00:00
[2024-05-31T04:06:07.553+0000] {processor.py:176} INFO - Processing /home/airflow/.local/lib/python3.7/site-packages/airflow/example_dags/example_short_circuit_operator.py took 0.106 seconds
[2024-05-31T04:06:37.981+0000] {processor.py:154} INFO - Started process (PID=231) to work on /home/airflow/.local/lib/python3.7/site-packages/airflow/example_dags/example_short_circuit_operator.py
[2024-05-31T04:06:37.982+0000] {processor.py:756} INFO - Processing file /home/airflow/.local/lib/python3.7/site-packages/airflow/example_dags/example_short_circuit_operator.py for tasks to queue
[2024-05-31T04:06:37.983+0000] {logging_mixin.py:120} INFO - [2024-05-31T04:06:37.983+0000] {dagbag.py:537} INFO - Filling up the DagBag from /home/airflow/.local/lib/python3.7/site-packages/airflow/example_dags/example_short_circuit_operator.py
[2024-05-31T04:06:37.998+0000] {processor.py:766} INFO - DAG(s) dict_keys(['example_short_circuit_operator']) retrieved from /home/airflow/.local/lib/python3.7/site-packages/airflow/example_dags/example_short_circuit_operator.py
[2024-05-31T04:06:38.039+0000] {logging_mixin.py:120} INFO - [2024-05-31T04:06:38.039+0000] {dag.py:2585} INFO - Sync 1 DAGs
[2024-05-31T04:06:38.066+0000] {logging_mixin.py:120} INFO - [2024-05-31T04:06:38.066+0000] {dag.py:3340} INFO - Setting next_dagrun for example_short_circuit_operator to 2024-05-30T04:06:38.066537+00:00, run_after=2024-05-31T04:06:38.066537+00:00
[2024-05-31T04:06:38.085+0000] {processor.py:176} INFO - Processing /home/airflow/.local/lib/python3.7/site-packages/airflow/example_dags/example_short_circuit_operator.py took 0.107 seconds
[2024-05-31T04:07:08.517+0000] {processor.py:154} INFO - Started process (PID=294) to work on /home/airflow/.local/lib/python3.7/site-packages/airflow/example_dags/example_short_circuit_operator.py
[2024-05-31T04:07:08.518+0000] {processor.py:756} INFO - Processing file /home/airflow/.local/lib/python3.7/site-packages/airflow/example_dags/example_short_circuit_operator.py for tasks to queue
[2024-05-31T04:07:08.519+0000] {logging_mixin.py:120} INFO - [2024-05-31T04:07:08.519+0000] {dagbag.py:537} INFO - Filling up the DagBag from /home/airflow/.local/lib/python3.7/site-packages/airflow/example_dags/example_short_circuit_operator.py
[2024-05-31T04:07:08.540+0000] {processor.py:766} INFO - DAG(s) dict_keys(['example_short_circuit_operator']) retrieved from /home/airflow/.local/lib/python3.7/site-packages/airflow/example_dags/example_short_circuit_operator.py
[2024-05-31T04:07:08.578+0000] {logging_mixin.py:120} INFO - [2024-05-31T04:07:08.578+0000] {dag.py:2585} INFO - Sync 1 DAGs
[2024-05-31T04:07:08.606+0000] {logging_mixin.py:120} INFO - [2024-05-31T04:07:08.605+0000] {dag.py:3340} INFO - Setting next_dagrun for example_short_circuit_operator to 2024-05-30T04:07:08.605583+00:00, run_after=2024-05-31T04:07:08.605583+00:00
[2024-05-31T04:07:08.628+0000] {processor.py:176} INFO - Processing /home/airflow/.local/lib/python3.7/site-packages/airflow/example_dags/example_short_circuit_operator.py took 0.115 seconds
[2024-05-31T04:07:39.227+0000] {processor.py:154} INFO - Started process (PID=348) to work on /home/airflow/.local/lib/python3.7/site-packages/airflow/example_dags/example_short_circuit_operator.py
[2024-05-31T04:07:39.227+0000] {processor.py:756} INFO - Processing file /home/airflow/.local/lib/python3.7/site-packages/airflow/example_dags/example_short_circuit_operator.py for tasks to queue
[2024-05-31T04:07:39.228+0000] {logging_mixin.py:120} INFO - [2024-05-31T04:07:39.228+0000] {dagbag.py:537} INFO - Filling up the DagBag from /home/airflow/.local/lib/python3.7/site-packages/airflow/example_dags/example_short_circuit_operator.py
[2024-05-31T04:07:39.241+0000] {processor.py:766} INFO - DAG(s) dict_keys(['example_short_circuit_operator']) retrieved from /home/airflow/.local/lib/python3.7/site-packages/airflow/example_dags/example_short_circuit_operator.py
[2024-05-31T04:07:39.276+0000] {logging_mixin.py:120} INFO - [2024-05-31T04:07:39.276+0000] {dag.py:2585} INFO - Sync 1 DAGs
[2024-05-31T04:07:39.298+0000] {logging_mixin.py:120} INFO - [2024-05-31T04:07:39.297+0000] {dag.py:3340} INFO - Setting next_dagrun for example_short_circuit_operator to 2024-05-30T04:07:39.297610+00:00, run_after=2024-05-31T04:07:39.297610+00:00
[2024-05-31T04:07:39.316+0000] {processor.py:176} INFO - Processing /home/airflow/.local/lib/python3.7/site-packages/airflow/example_dags/example_short_circuit_operator.py took 0.092 seconds
[2024-05-31T04:08:09.830+0000] {processor.py:154} INFO - Started process (PID=411) to work on /home/airflow/.local/lib/python3.7/site-packages/airflow/example_dags/example_short_circuit_operator.py
[2024-05-31T04:08:09.831+0000] {processor.py:756} INFO - Processing file /home/airflow/.local/lib/python3.7/site-packages/airflow/example_dags/example_short_circuit_operator.py for tasks to queue
[2024-05-31T04:08:09.832+0000] {logging_mixin.py:120} INFO - [2024-05-31T04:08:09.832+0000] {dagbag.py:537} INFO - Filling up the DagBag from /home/airflow/.local/lib/python3.7/site-packages/airflow/example_dags/example_short_circuit_operator.py
[2024-05-31T04:08:09.845+0000] {processor.py:766} INFO - DAG(s) dict_keys(['example_short_circuit_operator']) retrieved from /home/airflow/.local/lib/python3.7/site-packages/airflow/example_dags/example_short_circuit_operator.py
[2024-05-31T04:08:09.883+0000] {logging_mixin.py:120} INFO - [2024-05-31T04:08:09.883+0000] {dag.py:2585} INFO - Sync 1 DAGs
[2024-05-31T04:08:09.908+0000] {logging_mixin.py:120} INFO - [2024-05-31T04:08:09.908+0000] {dag.py:3340} INFO - Setting next_dagrun for example_short_circuit_operator to 2024-05-30T04:08:09.908425+00:00, run_after=2024-05-31T04:08:09.908425+00:00
[2024-05-31T04:08:09.931+0000] {processor.py:176} INFO - Processing /home/airflow/.local/lib/python3.7/site-packages/airflow/example_dags/example_short_circuit_operator.py took 0.102 seconds
[2024-05-31T04:08:40.347+0000] {processor.py:154} INFO - Started process (PID=474) to work on /home/airflow/.local/lib/python3.7/site-packages/airflow/example_dags/example_short_circuit_operator.py
[2024-05-31T04:08:40.348+0000] {processor.py:756} INFO - Processing file /home/airflow/.local/lib/python3.7/site-packages/airflow/example_dags/example_short_circuit_operator.py for tasks to queue
[2024-05-31T04:08:40.349+0000] {logging_mixin.py:120} INFO - [2024-05-31T04:08:40.349+0000] {dagbag.py:537} INFO - Filling up the DagBag from /home/airflow/.local/lib/python3.7/site-packages/airflow/example_dags/example_short_circuit_operator.py
[2024-05-31T04:08:40.362+0000] {processor.py:766} INFO - DAG(s) dict_keys(['example_short_circuit_operator']) retrieved from /home/airflow/.local/lib/python3.7/site-packages/airflow/example_dags/example_short_circuit_operator.py
[2024-05-31T04:08:40.401+0000] {logging_mixin.py:120} INFO - [2024-05-31T04:08:40.401+0000] {dag.py:2585} INFO - Sync 1 DAGs
[2024-05-31T04:08:40.424+0000] {logging_mixin.py:120} INFO - [2024-05-31T04:08:40.423+0000] {dag.py:3340} INFO - Setting next_dagrun for example_short_circuit_operator to 2024-05-30T04:08:40.423718+00:00, run_after=2024-05-31T04:08:40.423718+00:00
[2024-05-31T04:08:40.444+0000] {processor.py:176} INFO - Processing /home/airflow/.local/lib/python3.7/site-packages/airflow/example_dags/example_short_circuit_operator.py took 0.099 seconds
[2024-05-31T04:09:11.042+0000] {processor.py:154} INFO - Started process (PID=537) to work on /home/airflow/.local/lib/python3.7/site-packages/airflow/example_dags/example_short_circuit_operator.py
[2024-05-31T04:09:11.043+0000] {processor.py:756} INFO - Processing file /home/airflow/.local/lib/python3.7/site-packages/airflow/example_dags/example_short_circuit_operator.py for tasks to queue
[2024-05-31T04:09:11.043+0000] {logging_mixin.py:120} INFO - [2024-05-31T04:09:11.043+0000] {dagbag.py:537} INFO - Filling up the DagBag from /home/airflow/.local/lib/python3.7/site-packages/airflow/example_dags/example_short_circuit_operator.py
[2024-05-31T04:09:11.059+0000] {processor.py:766} INFO - DAG(s) dict_keys(['example_short_circuit_operator']) retrieved from /home/airflow/.local/lib/python3.7/site-packages/airflow/example_dags/example_short_circuit_operator.py
[2024-05-31T04:09:11.097+0000] {logging_mixin.py:120} INFO - [2024-05-31T04:09:11.097+0000] {dag.py:2585} INFO - Sync 1 DAGs
[2024-05-31T04:09:11.120+0000] {logging_mixin.py:120} INFO - [2024-05-31T04:09:11.120+0000] {dag.py:3340} INFO - Setting next_dagrun for example_short_circuit_operator to 2024-05-30T04:09:11.120585+00:00, run_after=2024-05-31T04:09:11.120585+00:00
[2024-05-31T04:09:11.138+0000] {processor.py:176} INFO - Processing /home/airflow/.local/lib/python3.7/site-packages/airflow/example_dags/example_short_circuit_operator.py took 0.098 seconds
[2024-05-31T04:24:30.006+0000] {processor.py:154} INFO - Started process (PID=2378) to work on /home/airflow/.local/lib/python3.7/site-packages/airflow/example_dags/example_short_circuit_operator.py
[2024-05-31T04:24:30.007+0000] {processor.py:756} INFO - Processing file /home/airflow/.local/lib/python3.7/site-packages/airflow/example_dags/example_short_circuit_operator.py for tasks to queue
[2024-05-31T04:24:30.008+0000] {logging_mixin.py:120} INFO - [2024-05-31T04:24:30.008+0000] {dagbag.py:537} INFO - Filling up the DagBag from /home/airflow/.local/lib/python3.7/site-packages/airflow/example_dags/example_short_circuit_operator.py
[2024-05-31T04:24:30.024+0000] {processor.py:766} INFO - DAG(s) dict_keys(['example_short_circuit_operator']) retrieved from /home/airflow/.local/lib/python3.7/site-packages/airflow/example_dags/example_short_circuit_operator.py
[2024-05-31T04:24:30.071+0000] {logging_mixin.py:120} INFO - [2024-05-31T04:24:30.070+0000] {dag.py:2585} INFO - Sync 1 DAGs
[2024-05-31T04:24:30.096+0000] {logging_mixin.py:120} INFO - [2024-05-31T04:24:30.096+0000] {dag.py:3340} INFO - Setting next_dagrun for example_short_circuit_operator to 2024-05-30T04:24:30.096103+00:00, run_after=2024-05-31T04:24:30.096103+00:00
[2024-05-31T04:24:30.115+0000] {processor.py:176} INFO - Processing /home/airflow/.local/lib/python3.7/site-packages/airflow/example_dags/example_short_circuit_operator.py took 0.111 seconds
[2024-05-31T04:25:00.495+0000] {processor.py:154} INFO - Started process (PID=2442) to work on /home/airflow/.local/lib/python3.7/site-packages/airflow/example_dags/example_short_circuit_operator.py
[2024-05-31T04:25:00.496+0000] {processor.py:756} INFO - Processing file /home/airflow/.local/lib/python3.7/site-packages/airflow/example_dags/example_short_circuit_operator.py for tasks to queue
[2024-05-31T04:25:00.497+0000] {logging_mixin.py:120} INFO - [2024-05-31T04:25:00.497+0000] {dagbag.py:537} INFO - Filling up the DagBag from /home/airflow/.local/lib/python3.7/site-packages/airflow/example_dags/example_short_circuit_operator.py
[2024-05-31T04:25:00.513+0000] {processor.py:766} INFO - DAG(s) dict_keys(['example_short_circuit_operator']) retrieved from /home/airflow/.local/lib/python3.7/site-packages/airflow/example_dags/example_short_circuit_operator.py
[2024-05-31T04:25:00.550+0000] {logging_mixin.py:120} INFO - [2024-05-31T04:25:00.550+0000] {dag.py:2585} INFO - Sync 1 DAGs
[2024-05-31T04:25:00.574+0000] {logging_mixin.py:120} INFO - [2024-05-31T04:25:00.574+0000] {dag.py:3340} INFO - Setting next_dagrun for example_short_circuit_operator to 2024-05-30T04:25:00.573999+00:00, run_after=2024-05-31T04:25:00.573999+00:00
[2024-05-31T04:25:00.593+0000] {processor.py:176} INFO - Processing /home/airflow/.local/lib/python3.7/site-packages/airflow/example_dags/example_short_circuit_operator.py took 0.100 seconds
