[2024-05-31T04:05:06.919+0000] {processor.py:154} INFO - Started process (PID=54) to work on /home/airflow/.local/lib/python3.7/site-packages/airflow/example_dags/example_latest_only_with_trigger.py
[2024-05-31T04:05:06.921+0000] {processor.py:756} INFO - Processing file /home/airflow/.local/lib/python3.7/site-packages/airflow/example_dags/example_latest_only_with_trigger.py for tasks to queue
[2024-05-31T04:05:06.922+0000] {logging_mixin.py:120} INFO - [2024-05-31T04:05:06.922+0000] {dagbag.py:537} INFO - Filling up the DagBag from /home/airflow/.local/lib/python3.7/site-packages/airflow/example_dags/example_latest_only_with_trigger.py
[2024-05-31T04:05:06.944+0000] {processor.py:766} INFO - DAG(s) dict_keys(['latest_only_with_trigger']) retrieved from /home/airflow/.local/lib/python3.7/site-packages/airflow/example_dags/example_latest_only_with_trigger.py
[2024-05-31T04:05:07.386+0000] {logging_mixin.py:120} INFO - [2024-05-31T04:05:07.385+0000] {manager.py:507} INFO - Created Permission View: can read on DAG:latest_only_with_trigger
[2024-05-31T04:05:07.421+0000] {logging_mixin.py:120} INFO - [2024-05-31T04:05:07.421+0000] {manager.py:507} INFO - Created Permission View: can edit on DAG:latest_only_with_trigger
[2024-05-31T04:05:07.446+0000] {logging_mixin.py:120} INFO - [2024-05-31T04:05:07.446+0000] {manager.py:507} INFO - Created Permission View: can delete on DAG:latest_only_with_trigger
[2024-05-31T04:05:07.449+0000] {logging_mixin.py:120} INFO - [2024-05-31T04:05:07.448+0000] {dag.py:2585} INFO - Sync 1 DAGs
[2024-05-31T04:05:07.490+0000] {logging_mixin.py:120} INFO - [2024-05-31T04:05:07.489+0000] {dag.py:2606} INFO - Creating ORM DAG for latest_only_with_trigger
[2024-05-31T04:05:07.524+0000] {logging_mixin.py:120} INFO - [2024-05-31T04:05:07.523+0000] {dag.py:3340} INFO - Setting next_dagrun for latest_only_with_trigger to 2024-05-31T00:05:07.523662+00:00, run_after=2024-05-31T04:05:07.523662+00:00
[2024-05-31T04:05:07.567+0000] {processor.py:176} INFO - Processing /home/airflow/.local/lib/python3.7/site-packages/airflow/example_dags/example_latest_only_with_trigger.py took 0.651 seconds
[2024-05-31T04:05:38.018+0000] {processor.py:154} INFO - Started process (PID=117) to work on /home/airflow/.local/lib/python3.7/site-packages/airflow/example_dags/example_latest_only_with_trigger.py
[2024-05-31T04:05:38.019+0000] {processor.py:756} INFO - Processing file /home/airflow/.local/lib/python3.7/site-packages/airflow/example_dags/example_latest_only_with_trigger.py for tasks to queue
[2024-05-31T04:05:38.020+0000] {logging_mixin.py:120} INFO - [2024-05-31T04:05:38.020+0000] {dagbag.py:537} INFO - Filling up the DagBag from /home/airflow/.local/lib/python3.7/site-packages/airflow/example_dags/example_latest_only_with_trigger.py
[2024-05-31T04:05:38.039+0000] {processor.py:766} INFO - DAG(s) dict_keys(['latest_only_with_trigger']) retrieved from /home/airflow/.local/lib/python3.7/site-packages/airflow/example_dags/example_latest_only_with_trigger.py
[2024-05-31T04:05:38.083+0000] {logging_mixin.py:120} INFO - [2024-05-31T04:05:38.083+0000] {dag.py:2585} INFO - Sync 1 DAGs
[2024-05-31T04:05:38.110+0000] {logging_mixin.py:120} INFO - [2024-05-31T04:05:38.110+0000] {dag.py:3340} INFO - Setting next_dagrun for latest_only_with_trigger to 2024-05-31T00:05:38.110100+00:00, run_after=2024-05-31T04:05:38.110100+00:00
[2024-05-31T04:05:38.129+0000] {processor.py:176} INFO - Processing /home/airflow/.local/lib/python3.7/site-packages/airflow/example_dags/example_latest_only_with_trigger.py took 0.114 seconds
[2024-05-31T04:06:08.602+0000] {processor.py:154} INFO - Started process (PID=172) to work on /home/airflow/.local/lib/python3.7/site-packages/airflow/example_dags/example_latest_only_with_trigger.py
[2024-05-31T04:06:08.603+0000] {processor.py:756} INFO - Processing file /home/airflow/.local/lib/python3.7/site-packages/airflow/example_dags/example_latest_only_with_trigger.py for tasks to queue
[2024-05-31T04:06:08.604+0000] {logging_mixin.py:120} INFO - [2024-05-31T04:06:08.604+0000] {dagbag.py:537} INFO - Filling up the DagBag from /home/airflow/.local/lib/python3.7/site-packages/airflow/example_dags/example_latest_only_with_trigger.py
[2024-05-31T04:06:08.615+0000] {processor.py:766} INFO - DAG(s) dict_keys(['latest_only_with_trigger']) retrieved from /home/airflow/.local/lib/python3.7/site-packages/airflow/example_dags/example_latest_only_with_trigger.py
[2024-05-31T04:06:08.648+0000] {logging_mixin.py:120} INFO - [2024-05-31T04:06:08.648+0000] {dag.py:2585} INFO - Sync 1 DAGs
[2024-05-31T04:06:08.673+0000] {logging_mixin.py:120} INFO - [2024-05-31T04:06:08.673+0000] {dag.py:3340} INFO - Setting next_dagrun for latest_only_with_trigger to 2024-05-31T00:06:08.673499+00:00, run_after=2024-05-31T04:06:08.673499+00:00
[2024-05-31T04:06:08.694+0000] {processor.py:176} INFO - Processing /home/airflow/.local/lib/python3.7/site-packages/airflow/example_dags/example_latest_only_with_trigger.py took 0.093 seconds
[2024-05-31T04:06:39.135+0000] {processor.py:154} INFO - Started process (PID=235) to work on /home/airflow/.local/lib/python3.7/site-packages/airflow/example_dags/example_latest_only_with_trigger.py
[2024-05-31T04:06:39.136+0000] {processor.py:756} INFO - Processing file /home/airflow/.local/lib/python3.7/site-packages/airflow/example_dags/example_latest_only_with_trigger.py for tasks to queue
[2024-05-31T04:06:39.137+0000] {logging_mixin.py:120} INFO - [2024-05-31T04:06:39.137+0000] {dagbag.py:537} INFO - Filling up the DagBag from /home/airflow/.local/lib/python3.7/site-packages/airflow/example_dags/example_latest_only_with_trigger.py
[2024-05-31T04:06:39.148+0000] {processor.py:766} INFO - DAG(s) dict_keys(['latest_only_with_trigger']) retrieved from /home/airflow/.local/lib/python3.7/site-packages/airflow/example_dags/example_latest_only_with_trigger.py
[2024-05-31T04:06:39.181+0000] {logging_mixin.py:120} INFO - [2024-05-31T04:06:39.181+0000] {dag.py:2585} INFO - Sync 1 DAGs
[2024-05-31T04:06:39.202+0000] {logging_mixin.py:120} INFO - [2024-05-31T04:06:39.202+0000] {dag.py:3340} INFO - Setting next_dagrun for latest_only_with_trigger to 2024-05-31T00:06:39.202494+00:00, run_after=2024-05-31T04:06:39.202494+00:00
[2024-05-31T04:06:39.222+0000] {processor.py:176} INFO - Processing /home/airflow/.local/lib/python3.7/site-packages/airflow/example_dags/example_latest_only_with_trigger.py took 0.089 seconds
[2024-05-31T04:07:09.691+0000] {processor.py:154} INFO - Started process (PID=298) to work on /home/airflow/.local/lib/python3.7/site-packages/airflow/example_dags/example_latest_only_with_trigger.py
[2024-05-31T04:07:09.692+0000] {processor.py:756} INFO - Processing file /home/airflow/.local/lib/python3.7/site-packages/airflow/example_dags/example_latest_only_with_trigger.py for tasks to queue
[2024-05-31T04:07:09.692+0000] {logging_mixin.py:120} INFO - [2024-05-31T04:07:09.692+0000] {dagbag.py:537} INFO - Filling up the DagBag from /home/airflow/.local/lib/python3.7/site-packages/airflow/example_dags/example_latest_only_with_trigger.py
[2024-05-31T04:07:09.704+0000] {processor.py:766} INFO - DAG(s) dict_keys(['latest_only_with_trigger']) retrieved from /home/airflow/.local/lib/python3.7/site-packages/airflow/example_dags/example_latest_only_with_trigger.py
[2024-05-31T04:07:09.739+0000] {logging_mixin.py:120} INFO - [2024-05-31T04:07:09.739+0000] {dag.py:2585} INFO - Sync 1 DAGs
[2024-05-31T04:07:09.761+0000] {logging_mixin.py:120} INFO - [2024-05-31T04:07:09.761+0000] {dag.py:3340} INFO - Setting next_dagrun for latest_only_with_trigger to 2024-05-31T00:07:09.761465+00:00, run_after=2024-05-31T04:07:09.761465+00:00
[2024-05-31T04:07:09.780+0000] {processor.py:176} INFO - Processing /home/airflow/.local/lib/python3.7/site-packages/airflow/example_dags/example_latest_only_with_trigger.py took 0.092 seconds
[2024-05-31T04:07:40.371+0000] {processor.py:154} INFO - Started process (PID=352) to work on /home/airflow/.local/lib/python3.7/site-packages/airflow/example_dags/example_latest_only_with_trigger.py
[2024-05-31T04:07:40.372+0000] {processor.py:756} INFO - Processing file /home/airflow/.local/lib/python3.7/site-packages/airflow/example_dags/example_latest_only_with_trigger.py for tasks to queue
[2024-05-31T04:07:40.372+0000] {logging_mixin.py:120} INFO - [2024-05-31T04:07:40.372+0000] {dagbag.py:537} INFO - Filling up the DagBag from /home/airflow/.local/lib/python3.7/site-packages/airflow/example_dags/example_latest_only_with_trigger.py
[2024-05-31T04:07:40.388+0000] {processor.py:766} INFO - DAG(s) dict_keys(['latest_only_with_trigger']) retrieved from /home/airflow/.local/lib/python3.7/site-packages/airflow/example_dags/example_latest_only_with_trigger.py
[2024-05-31T04:07:40.433+0000] {logging_mixin.py:120} INFO - [2024-05-31T04:07:40.433+0000] {dag.py:2585} INFO - Sync 1 DAGs
[2024-05-31T04:07:40.464+0000] {logging_mixin.py:120} INFO - [2024-05-31T04:07:40.463+0000] {dag.py:3340} INFO - Setting next_dagrun for latest_only_with_trigger to 2024-05-31T00:07:40.463655+00:00, run_after=2024-05-31T04:07:40.463655+00:00
[2024-05-31T04:07:40.487+0000] {processor.py:176} INFO - Processing /home/airflow/.local/lib/python3.7/site-packages/airflow/example_dags/example_latest_only_with_trigger.py took 0.119 seconds
[2024-05-31T04:08:10.976+0000] {processor.py:154} INFO - Started process (PID=415) to work on /home/airflow/.local/lib/python3.7/site-packages/airflow/example_dags/example_latest_only_with_trigger.py
[2024-05-31T04:08:10.977+0000] {processor.py:756} INFO - Processing file /home/airflow/.local/lib/python3.7/site-packages/airflow/example_dags/example_latest_only_with_trigger.py for tasks to queue
[2024-05-31T04:08:10.978+0000] {logging_mixin.py:120} INFO - [2024-05-31T04:08:10.977+0000] {dagbag.py:537} INFO - Filling up the DagBag from /home/airflow/.local/lib/python3.7/site-packages/airflow/example_dags/example_latest_only_with_trigger.py
[2024-05-31T04:08:10.989+0000] {processor.py:766} INFO - DAG(s) dict_keys(['latest_only_with_trigger']) retrieved from /home/airflow/.local/lib/python3.7/site-packages/airflow/example_dags/example_latest_only_with_trigger.py
[2024-05-31T04:08:11.022+0000] {logging_mixin.py:120} INFO - [2024-05-31T04:08:11.022+0000] {dag.py:2585} INFO - Sync 1 DAGs
[2024-05-31T04:08:11.046+0000] {logging_mixin.py:120} INFO - [2024-05-31T04:08:11.046+0000] {dag.py:3340} INFO - Setting next_dagrun for latest_only_with_trigger to 2024-05-31T00:08:11.045976+00:00, run_after=2024-05-31T04:08:11.045976+00:00
[2024-05-31T04:08:11.063+0000] {processor.py:176} INFO - Processing /home/airflow/.local/lib/python3.7/site-packages/airflow/example_dags/example_latest_only_with_trigger.py took 0.090 seconds
[2024-05-31T04:08:41.494+0000] {processor.py:154} INFO - Started process (PID=478) to work on /home/airflow/.local/lib/python3.7/site-packages/airflow/example_dags/example_latest_only_with_trigger.py
[2024-05-31T04:08:41.495+0000] {processor.py:756} INFO - Processing file /home/airflow/.local/lib/python3.7/site-packages/airflow/example_dags/example_latest_only_with_trigger.py for tasks to queue
[2024-05-31T04:08:41.496+0000] {logging_mixin.py:120} INFO - [2024-05-31T04:08:41.496+0000] {dagbag.py:537} INFO - Filling up the DagBag from /home/airflow/.local/lib/python3.7/site-packages/airflow/example_dags/example_latest_only_with_trigger.py
[2024-05-31T04:08:41.507+0000] {processor.py:766} INFO - DAG(s) dict_keys(['latest_only_with_trigger']) retrieved from /home/airflow/.local/lib/python3.7/site-packages/airflow/example_dags/example_latest_only_with_trigger.py
[2024-05-31T04:08:41.543+0000] {logging_mixin.py:120} INFO - [2024-05-31T04:08:41.543+0000] {dag.py:2585} INFO - Sync 1 DAGs
[2024-05-31T04:08:41.566+0000] {logging_mixin.py:120} INFO - [2024-05-31T04:08:41.565+0000] {dag.py:3340} INFO - Setting next_dagrun for latest_only_with_trigger to 2024-05-31T00:08:41.565742+00:00, run_after=2024-05-31T04:08:41.565742+00:00
[2024-05-31T04:08:41.584+0000] {processor.py:176} INFO - Processing /home/airflow/.local/lib/python3.7/site-packages/airflow/example_dags/example_latest_only_with_trigger.py took 0.092 seconds
[2024-05-31T04:09:12.187+0000] {processor.py:154} INFO - Started process (PID=541) to work on /home/airflow/.local/lib/python3.7/site-packages/airflow/example_dags/example_latest_only_with_trigger.py
[2024-05-31T04:09:12.188+0000] {processor.py:756} INFO - Processing file /home/airflow/.local/lib/python3.7/site-packages/airflow/example_dags/example_latest_only_with_trigger.py for tasks to queue
[2024-05-31T04:09:12.189+0000] {logging_mixin.py:120} INFO - [2024-05-31T04:09:12.189+0000] {dagbag.py:537} INFO - Filling up the DagBag from /home/airflow/.local/lib/python3.7/site-packages/airflow/example_dags/example_latest_only_with_trigger.py
[2024-05-31T04:09:12.213+0000] {processor.py:766} INFO - DAG(s) dict_keys(['latest_only_with_trigger']) retrieved from /home/airflow/.local/lib/python3.7/site-packages/airflow/example_dags/example_latest_only_with_trigger.py
[2024-05-31T04:09:12.251+0000] {logging_mixin.py:120} INFO - [2024-05-31T04:09:12.251+0000] {dag.py:2585} INFO - Sync 1 DAGs
[2024-05-31T04:09:12.275+0000] {logging_mixin.py:120} INFO - [2024-05-31T04:09:12.275+0000] {dag.py:3340} INFO - Setting next_dagrun for latest_only_with_trigger to 2024-05-31T00:09:12.274935+00:00, run_after=2024-05-31T04:09:12.274935+00:00
[2024-05-31T04:09:12.294+0000] {processor.py:176} INFO - Processing /home/airflow/.local/lib/python3.7/site-packages/airflow/example_dags/example_latest_only_with_trigger.py took 0.111 seconds
[2024-05-31T04:24:31.279+0000] {processor.py:154} INFO - Started process (PID=2391) to work on /home/airflow/.local/lib/python3.7/site-packages/airflow/example_dags/example_latest_only_with_trigger.py
[2024-05-31T04:24:31.280+0000] {processor.py:756} INFO - Processing file /home/airflow/.local/lib/python3.7/site-packages/airflow/example_dags/example_latest_only_with_trigger.py for tasks to queue
[2024-05-31T04:24:31.281+0000] {logging_mixin.py:120} INFO - [2024-05-31T04:24:31.281+0000] {dagbag.py:537} INFO - Filling up the DagBag from /home/airflow/.local/lib/python3.7/site-packages/airflow/example_dags/example_latest_only_with_trigger.py
[2024-05-31T04:24:31.297+0000] {processor.py:766} INFO - DAG(s) dict_keys(['latest_only_with_trigger']) retrieved from /home/airflow/.local/lib/python3.7/site-packages/airflow/example_dags/example_latest_only_with_trigger.py
[2024-05-31T04:24:31.331+0000] {logging_mixin.py:120} INFO - [2024-05-31T04:24:31.331+0000] {dag.py:2585} INFO - Sync 1 DAGs
[2024-05-31T04:24:31.353+0000] {logging_mixin.py:120} INFO - [2024-05-31T04:24:31.353+0000] {dag.py:3340} INFO - Setting next_dagrun for latest_only_with_trigger to 2024-05-31T00:24:31.353316+00:00, run_after=2024-05-31T04:24:31.353316+00:00
[2024-05-31T04:24:31.375+0000] {processor.py:176} INFO - Processing /home/airflow/.local/lib/python3.7/site-packages/airflow/example_dags/example_latest_only_with_trigger.py took 0.098 seconds
[2024-05-31T04:25:01.746+0000] {processor.py:154} INFO - Started process (PID=2446) to work on /home/airflow/.local/lib/python3.7/site-packages/airflow/example_dags/example_latest_only_with_trigger.py
[2024-05-31T04:25:01.747+0000] {processor.py:756} INFO - Processing file /home/airflow/.local/lib/python3.7/site-packages/airflow/example_dags/example_latest_only_with_trigger.py for tasks to queue
[2024-05-31T04:25:01.748+0000] {logging_mixin.py:120} INFO - [2024-05-31T04:25:01.748+0000] {dagbag.py:537} INFO - Filling up the DagBag from /home/airflow/.local/lib/python3.7/site-packages/airflow/example_dags/example_latest_only_with_trigger.py
[2024-05-31T04:25:01.764+0000] {processor.py:766} INFO - DAG(s) dict_keys(['latest_only_with_trigger']) retrieved from /home/airflow/.local/lib/python3.7/site-packages/airflow/example_dags/example_latest_only_with_trigger.py
[2024-05-31T04:25:01.807+0000] {logging_mixin.py:120} INFO - [2024-05-31T04:25:01.806+0000] {dag.py:2585} INFO - Sync 1 DAGs
[2024-05-31T04:25:01.836+0000] {logging_mixin.py:120} INFO - [2024-05-31T04:25:01.836+0000] {dag.py:3340} INFO - Setting next_dagrun for latest_only_with_trigger to 2024-05-31T00:25:01.836313+00:00, run_after=2024-05-31T04:25:01.836313+00:00
[2024-05-31T04:25:01.860+0000] {processor.py:176} INFO - Processing /home/airflow/.local/lib/python3.7/site-packages/airflow/example_dags/example_latest_only_with_trigger.py took 0.117 seconds
