[2024-05-31T04:05:10.612+0000] {processor.py:154} INFO - Started process (PID=66) to work on /home/airflow/.local/lib/python3.7/site-packages/airflow/example_dags/tutorial_dag.py
[2024-05-31T04:05:10.613+0000] {processor.py:756} INFO - Processing file /home/airflow/.local/lib/python3.7/site-packages/airflow/example_dags/tutorial_dag.py for tasks to queue
[2024-05-31T04:05:10.615+0000] {logging_mixin.py:120} INFO - [2024-05-31T04:05:10.614+0000] {dagbag.py:537} INFO - Filling up the DagBag from /home/airflow/.local/lib/python3.7/site-packages/airflow/example_dags/tutorial_dag.py
[2024-05-31T04:05:10.634+0000] {processor.py:766} INFO - DAG(s) dict_keys(['tutorial_dag']) retrieved from /home/airflow/.local/lib/python3.7/site-packages/airflow/example_dags/tutorial_dag.py
[2024-05-31T04:05:10.832+0000] {logging_mixin.py:120} INFO - [2024-05-31T04:05:10.832+0000] {manager.py:507} INFO - Created Permission View: can read on DAG:tutorial_dag
[2024-05-31T04:05:10.850+0000] {logging_mixin.py:120} INFO - [2024-05-31T04:05:10.850+0000] {manager.py:507} INFO - Created Permission View: can edit on DAG:tutorial_dag
[2024-05-31T04:05:10.863+0000] {logging_mixin.py:120} INFO - [2024-05-31T04:05:10.863+0000] {manager.py:507} INFO - Created Permission View: can delete on DAG:tutorial_dag
[2024-05-31T04:05:10.864+0000] {logging_mixin.py:120} INFO - [2024-05-31T04:05:10.864+0000] {dag.py:2585} INFO - Sync 1 DAGs
[2024-05-31T04:05:10.890+0000] {logging_mixin.py:120} INFO - [2024-05-31T04:05:10.890+0000] {dag.py:2606} INFO - Creating ORM DAG for tutorial_dag
[2024-05-31T04:05:10.910+0000] {logging_mixin.py:120} INFO - [2024-05-31T04:05:10.910+0000] {dag.py:3340} INFO - Setting next_dagrun for tutorial_dag to None, run_after=None
[2024-05-31T04:05:10.945+0000] {processor.py:176} INFO - Processing /home/airflow/.local/lib/python3.7/site-packages/airflow/example_dags/tutorial_dag.py took 0.337 seconds
[2024-05-31T04:05:40.973+0000] {processor.py:154} INFO - Started process (PID=129) to work on /home/airflow/.local/lib/python3.7/site-packages/airflow/example_dags/tutorial_dag.py
[2024-05-31T04:05:40.974+0000] {processor.py:756} INFO - Processing file /home/airflow/.local/lib/python3.7/site-packages/airflow/example_dags/tutorial_dag.py for tasks to queue
[2024-05-31T04:05:40.975+0000] {logging_mixin.py:120} INFO - [2024-05-31T04:05:40.975+0000] {dagbag.py:537} INFO - Filling up the DagBag from /home/airflow/.local/lib/python3.7/site-packages/airflow/example_dags/tutorial_dag.py
[2024-05-31T04:05:40.987+0000] {processor.py:766} INFO - DAG(s) dict_keys(['tutorial_dag']) retrieved from /home/airflow/.local/lib/python3.7/site-packages/airflow/example_dags/tutorial_dag.py
[2024-05-31T04:05:41.020+0000] {logging_mixin.py:120} INFO - [2024-05-31T04:05:41.020+0000] {dag.py:2585} INFO - Sync 1 DAGs
[2024-05-31T04:05:41.042+0000] {logging_mixin.py:120} INFO - [2024-05-31T04:05:41.042+0000] {dag.py:3340} INFO - Setting next_dagrun for tutorial_dag to None, run_after=None
[2024-05-31T04:05:41.059+0000] {processor.py:176} INFO - Processing /home/airflow/.local/lib/python3.7/site-packages/airflow/example_dags/tutorial_dag.py took 0.088 seconds
[2024-05-31T04:06:11.401+0000] {processor.py:154} INFO - Started process (PID=191) to work on /home/airflow/.local/lib/python3.7/site-packages/airflow/example_dags/tutorial_dag.py
[2024-05-31T04:06:11.402+0000] {processor.py:756} INFO - Processing file /home/airflow/.local/lib/python3.7/site-packages/airflow/example_dags/tutorial_dag.py for tasks to queue
[2024-05-31T04:06:11.403+0000] {logging_mixin.py:120} INFO - [2024-05-31T04:06:11.403+0000] {dagbag.py:537} INFO - Filling up the DagBag from /home/airflow/.local/lib/python3.7/site-packages/airflow/example_dags/tutorial_dag.py
[2024-05-31T04:06:11.419+0000] {processor.py:766} INFO - DAG(s) dict_keys(['tutorial_dag']) retrieved from /home/airflow/.local/lib/python3.7/site-packages/airflow/example_dags/tutorial_dag.py
[2024-05-31T04:06:11.461+0000] {logging_mixin.py:120} INFO - [2024-05-31T04:06:11.461+0000] {dag.py:2585} INFO - Sync 1 DAGs
[2024-05-31T04:06:11.487+0000] {logging_mixin.py:120} INFO - [2024-05-31T04:06:11.487+0000] {dag.py:3340} INFO - Setting next_dagrun for tutorial_dag to None, run_after=None
[2024-05-31T04:06:11.509+0000] {processor.py:176} INFO - Processing /home/airflow/.local/lib/python3.7/site-packages/airflow/example_dags/tutorial_dag.py took 0.111 seconds
[2024-05-31T04:06:41.946+0000] {processor.py:154} INFO - Started process (PID=247) to work on /home/airflow/.local/lib/python3.7/site-packages/airflow/example_dags/tutorial_dag.py
[2024-05-31T04:06:41.948+0000] {processor.py:756} INFO - Processing file /home/airflow/.local/lib/python3.7/site-packages/airflow/example_dags/tutorial_dag.py for tasks to queue
[2024-05-31T04:06:41.949+0000] {logging_mixin.py:120} INFO - [2024-05-31T04:06:41.949+0000] {dagbag.py:537} INFO - Filling up the DagBag from /home/airflow/.local/lib/python3.7/site-packages/airflow/example_dags/tutorial_dag.py
[2024-05-31T04:06:41.962+0000] {processor.py:766} INFO - DAG(s) dict_keys(['tutorial_dag']) retrieved from /home/airflow/.local/lib/python3.7/site-packages/airflow/example_dags/tutorial_dag.py
[2024-05-31T04:06:42.003+0000] {logging_mixin.py:120} INFO - [2024-05-31T04:06:42.002+0000] {dag.py:2585} INFO - Sync 1 DAGs
[2024-05-31T04:06:42.036+0000] {logging_mixin.py:120} INFO - [2024-05-31T04:06:42.035+0000] {dag.py:3340} INFO - Setting next_dagrun for tutorial_dag to None, run_after=None
[2024-05-31T04:06:42.083+0000] {processor.py:176} INFO - Processing /home/airflow/.local/lib/python3.7/site-packages/airflow/example_dags/tutorial_dag.py took 0.140 seconds
[2024-05-31T04:07:12.495+0000] {processor.py:154} INFO - Started process (PID=310) to work on /home/airflow/.local/lib/python3.7/site-packages/airflow/example_dags/tutorial_dag.py
[2024-05-31T04:07:12.497+0000] {processor.py:756} INFO - Processing file /home/airflow/.local/lib/python3.7/site-packages/airflow/example_dags/tutorial_dag.py for tasks to queue
[2024-05-31T04:07:12.497+0000] {logging_mixin.py:120} INFO - [2024-05-31T04:07:12.497+0000] {dagbag.py:537} INFO - Filling up the DagBag from /home/airflow/.local/lib/python3.7/site-packages/airflow/example_dags/tutorial_dag.py
[2024-05-31T04:07:12.511+0000] {processor.py:766} INFO - DAG(s) dict_keys(['tutorial_dag']) retrieved from /home/airflow/.local/lib/python3.7/site-packages/airflow/example_dags/tutorial_dag.py
[2024-05-31T04:07:12.550+0000] {logging_mixin.py:120} INFO - [2024-05-31T04:07:12.549+0000] {dag.py:2585} INFO - Sync 1 DAGs
[2024-05-31T04:07:12.573+0000] {logging_mixin.py:120} INFO - [2024-05-31T04:07:12.573+0000] {dag.py:3340} INFO - Setting next_dagrun for tutorial_dag to None, run_after=None
[2024-05-31T04:07:12.592+0000] {processor.py:176} INFO - Processing /home/airflow/.local/lib/python3.7/site-packages/airflow/example_dags/tutorial_dag.py took 0.100 seconds
[2024-05-31T04:07:43.312+0000] {processor.py:154} INFO - Started process (PID=373) to work on /home/airflow/.local/lib/python3.7/site-packages/airflow/example_dags/tutorial_dag.py
[2024-05-31T04:07:43.313+0000] {processor.py:756} INFO - Processing file /home/airflow/.local/lib/python3.7/site-packages/airflow/example_dags/tutorial_dag.py for tasks to queue
[2024-05-31T04:07:43.314+0000] {logging_mixin.py:120} INFO - [2024-05-31T04:07:43.314+0000] {dagbag.py:537} INFO - Filling up the DagBag from /home/airflow/.local/lib/python3.7/site-packages/airflow/example_dags/tutorial_dag.py
[2024-05-31T04:07:43.326+0000] {processor.py:766} INFO - DAG(s) dict_keys(['tutorial_dag']) retrieved from /home/airflow/.local/lib/python3.7/site-packages/airflow/example_dags/tutorial_dag.py
[2024-05-31T04:07:43.362+0000] {logging_mixin.py:120} INFO - [2024-05-31T04:07:43.362+0000] {dag.py:2585} INFO - Sync 1 DAGs
[2024-05-31T04:07:43.384+0000] {logging_mixin.py:120} INFO - [2024-05-31T04:07:43.384+0000] {dag.py:3340} INFO - Setting next_dagrun for tutorial_dag to None, run_after=None
[2024-05-31T04:07:43.403+0000] {processor.py:176} INFO - Processing /home/airflow/.local/lib/python3.7/site-packages/airflow/example_dags/tutorial_dag.py took 0.094 seconds
[2024-05-31T04:08:13.734+0000] {processor.py:154} INFO - Started process (PID=427) to work on /home/airflow/.local/lib/python3.7/site-packages/airflow/example_dags/tutorial_dag.py
[2024-05-31T04:08:13.735+0000] {processor.py:756} INFO - Processing file /home/airflow/.local/lib/python3.7/site-packages/airflow/example_dags/tutorial_dag.py for tasks to queue
[2024-05-31T04:08:13.736+0000] {logging_mixin.py:120} INFO - [2024-05-31T04:08:13.736+0000] {dagbag.py:537} INFO - Filling up the DagBag from /home/airflow/.local/lib/python3.7/site-packages/airflow/example_dags/tutorial_dag.py
[2024-05-31T04:08:13.752+0000] {processor.py:766} INFO - DAG(s) dict_keys(['tutorial_dag']) retrieved from /home/airflow/.local/lib/python3.7/site-packages/airflow/example_dags/tutorial_dag.py
[2024-05-31T04:08:13.796+0000] {logging_mixin.py:120} INFO - [2024-05-31T04:08:13.796+0000] {dag.py:2585} INFO - Sync 1 DAGs
[2024-05-31T04:08:13.822+0000] {logging_mixin.py:120} INFO - [2024-05-31T04:08:13.822+0000] {dag.py:3340} INFO - Setting next_dagrun for tutorial_dag to None, run_after=None
[2024-05-31T04:08:13.840+0000] {processor.py:176} INFO - Processing /home/airflow/.local/lib/python3.7/site-packages/airflow/example_dags/tutorial_dag.py took 0.108 seconds
[2024-05-31T04:08:44.329+0000] {processor.py:154} INFO - Started process (PID=490) to work on /home/airflow/.local/lib/python3.7/site-packages/airflow/example_dags/tutorial_dag.py
[2024-05-31T04:08:44.329+0000] {processor.py:756} INFO - Processing file /home/airflow/.local/lib/python3.7/site-packages/airflow/example_dags/tutorial_dag.py for tasks to queue
[2024-05-31T04:08:44.330+0000] {logging_mixin.py:120} INFO - [2024-05-31T04:08:44.330+0000] {dagbag.py:537} INFO - Filling up the DagBag from /home/airflow/.local/lib/python3.7/site-packages/airflow/example_dags/tutorial_dag.py
[2024-05-31T04:08:44.342+0000] {processor.py:766} INFO - DAG(s) dict_keys(['tutorial_dag']) retrieved from /home/airflow/.local/lib/python3.7/site-packages/airflow/example_dags/tutorial_dag.py
[2024-05-31T04:08:44.384+0000] {logging_mixin.py:120} INFO - [2024-05-31T04:08:44.384+0000] {dag.py:2585} INFO - Sync 1 DAGs
[2024-05-31T04:08:44.409+0000] {logging_mixin.py:120} INFO - [2024-05-31T04:08:44.408+0000] {dag.py:3340} INFO - Setting next_dagrun for tutorial_dag to None, run_after=None
[2024-05-31T04:08:44.431+0000] {processor.py:176} INFO - Processing /home/airflow/.local/lib/python3.7/site-packages/airflow/example_dags/tutorial_dag.py took 0.105 seconds
[2024-05-31T04:09:15.118+0000] {processor.py:154} INFO - Started process (PID=553) to work on /home/airflow/.local/lib/python3.7/site-packages/airflow/example_dags/tutorial_dag.py
[2024-05-31T04:09:15.119+0000] {processor.py:756} INFO - Processing file /home/airflow/.local/lib/python3.7/site-packages/airflow/example_dags/tutorial_dag.py for tasks to queue
[2024-05-31T04:09:15.120+0000] {logging_mixin.py:120} INFO - [2024-05-31T04:09:15.120+0000] {dagbag.py:537} INFO - Filling up the DagBag from /home/airflow/.local/lib/python3.7/site-packages/airflow/example_dags/tutorial_dag.py
[2024-05-31T04:09:15.131+0000] {processor.py:766} INFO - DAG(s) dict_keys(['tutorial_dag']) retrieved from /home/airflow/.local/lib/python3.7/site-packages/airflow/example_dags/tutorial_dag.py
[2024-05-31T04:09:15.165+0000] {logging_mixin.py:120} INFO - [2024-05-31T04:09:15.164+0000] {dag.py:2585} INFO - Sync 1 DAGs
[2024-05-31T04:09:15.186+0000] {logging_mixin.py:120} INFO - [2024-05-31T04:09:15.185+0000] {dag.py:3340} INFO - Setting next_dagrun for tutorial_dag to None, run_after=None
[2024-05-31T04:09:15.203+0000] {processor.py:176} INFO - Processing /home/airflow/.local/lib/python3.7/site-packages/airflow/example_dags/tutorial_dag.py took 0.087 seconds
